/home/dongrui/anaconda3/envs/dr/lib/python3.9/site-packages/torch_geometric/data/dataset.py:214: UserWarning: The `pre_transform` argument differs from the one used in the pre-processed version of this dataset. If you want to make use of another pre-processing technique, make sure to delete 'dataset/TUDataset/IMDB-BINARY/processed' first
  warnings.warn(
/home/dongrui/anaconda3/envs/dr/lib/python3.9/site-packages/torch_geometric/data/in_memory_dataset.py:284: UserWarning: It is not recommended to directly access the internal storage format `data` of an 'InMemoryDataset'. If you are absolutely certain what you are doing, access the internal storage via `InMemoryDataset._data` instead to suppress this warning. Alternatively, you can access stacked individual attributes of every graph via `dataset.{attr_name}`.
  warnings.warn(msg)
Namespace(device='cuda:3', dataset='IMDB-BINARY', in_size=136, num_classes=2, fusion_type='early', gcn_channels=3, gcn_hidden=64, gcn_layers=4, gcn_dropout=0.1, trans_num_layers=4, input_node_dim=136, hidden_node_dim=32, input_edge_dim=0, hidden_edge_dim=32, ouput_dim=None, n_heads=4, max_in_degree=5, max_out_degree=5, max_path_distance=5, hidden_dim=64, num_layers=4, num_features=136, num_heads=8, dropout=0.1, pos_encoding='gcn', att_dropout=0.1, d_k=64, d_v=64, pos_embed_type='s', alpha=0.5, num_fusion_layers=4, eta=0.4, lam1=0.2, lam2=0.2, theta1=0.1, theta2=0.4, theta3=0.4, loss_log=2, folds=10, lr=0.0001, weight_decay=0.0005, batch_size=128, epoches=1000, output_dim=2)
/home/dongrui/anaconda3/envs/dr/lib/python3.9/site-packages/torch_geometric/data/in_memory_dataset.py:284: UserWarning: It is not recommended to directly access the internal storage format `data` of an 'InMemoryDataset'. The given 'InMemoryDataset' only references a subset of examples of the full dataset, but 'data' will contain information of the full dataset. The data of the dataset is already cached, so any modifications to `data` will not be reflected when accessing its elements. Clearing the cache now by removing all elements in `dataset._data_list`. If you are absolutely certain what you are doing, access the internal storage via `InMemoryDataset._data` instead to suppress this warning. Alternatively, you can access stacked individual attributes of every graph via `dataset.{attr_name}`.
  warnings.warn(msg)
Fold: 0
Epoch: 000 train_loss: 0.006463 val_loss: 0.692424 val_acc: 0.570000 test_loss: 0.699801 test_acc: 0.640000
Epoch: 010 train_loss: 0.005397 val_loss: 0.652570 val_acc: 0.780000 test_loss: 0.644281 test_acc: 0.740000
Epoch: 020 train_loss: 0.005201 val_loss: 0.623318 val_acc: 0.760000 test_loss: 0.618014 test_acc: 0.760000
Epoch: 030 train_loss: 0.005164 val_loss: 0.675405 val_acc: 0.720000 test_loss: 0.672977 test_acc: 0.760000
Epoch: 040 train_loss: 0.004974 val_loss: 0.643705 val_acc: 0.740000 test_loss: 0.633281 test_acc: 0.720000
Epoch: 050 train_loss: 0.004923 val_loss: 0.648739 val_acc: 0.720000 test_loss: 0.651048 test_acc: 0.710000
Epoch: 060 train_loss: 0.004887 val_loss: 0.641991 val_acc: 0.740000 test_loss: 0.637776 test_acc: 0.750000
Epoch: 070 train_loss: 0.004736 val_loss: 0.630737 val_acc: 0.730000 test_loss: 0.630173 test_acc: 0.730000
Epoch: 080 train_loss: 0.004768 val_loss: 0.652974 val_acc: 0.740000 test_loss: 0.652813 test_acc: 0.680000
Epoch: 090 train_loss: 0.004633 val_loss: 0.638564 val_acc: 0.740000 test_loss: 0.649358 test_acc: 0.710000
Epoch: 100 train_loss: 0.004716 val_loss: 0.634251 val_acc: 0.750000 test_loss: 0.630593 test_acc: 0.710000
Epoch: 110 train_loss: 0.004590 val_loss: 0.657873 val_acc: 0.700000 test_loss: 0.649982 test_acc: 0.720000
Epoch: 120 train_loss: 0.004543 val_loss: 0.674812 val_acc: 0.730000 test_loss: 0.665084 test_acc: 0.700000
Epoch: 130 train_loss: 0.004548 val_loss: 0.622280 val_acc: 0.750000 test_loss: 0.634841 test_acc: 0.720000
Epoch: 140 train_loss: 0.004525 val_loss: 0.635384 val_acc: 0.760000 test_loss: 0.647851 test_acc: 0.720000
Epoch: 150 train_loss: 0.004475 val_loss: 0.681999 val_acc: 0.720000 test_loss: 0.663126 test_acc: 0.710000
Epoch: 160 train_loss: 0.004467 val_loss: 0.645139 val_acc: 0.760000 test_loss: 0.663550 test_acc: 0.740000
Epoch: 170 train_loss: 0.004499 val_loss: 0.620968 val_acc: 0.730000 test_loss: 0.658219 test_acc: 0.720000
Epoch: 180 train_loss: 0.004438 val_loss: 0.646985 val_acc: 0.750000 test_loss: 0.667551 test_acc: 0.730000
Epoch: 190 train_loss: 0.004499 val_loss: 0.683838 val_acc: 0.730000 test_loss: 0.699899 test_acc: 0.730000
Epoch: 200 train_loss: 0.004413 val_loss: 0.664263 val_acc: 0.750000 test_loss: 0.660836 test_acc: 0.720000
Epoch: 210 train_loss: 0.004427 val_loss: 0.645427 val_acc: 0.750000 test_loss: 0.669925 test_acc: 0.720000
Epoch: 220 train_loss: 0.004463 val_loss: 0.612240 val_acc: 0.790000 test_loss: 0.658022 test_acc: 0.730000
Epoch: 230 train_loss: 0.004431 val_loss: 0.660165 val_acc: 0.730000 test_loss: 0.679953 test_acc: 0.710000
Epoch: 240 train_loss: 0.004368 val_loss: 0.665482 val_acc: 0.720000 test_loss: 0.688100 test_acc: 0.700000
Epoch: 250 train_loss: 0.004427 val_loss: 0.639867 val_acc: 0.740000 test_loss: 0.651527 test_acc: 0.730000
Epoch: 260 train_loss: 0.004383 val_loss: 0.637583 val_acc: 0.760000 test_loss: 0.671348 test_acc: 0.720000
Epoch: 270 train_loss: 0.004381 val_loss: 0.663450 val_acc: 0.720000 test_loss: 0.682264 test_acc: 0.700000
Epoch: 280 train_loss: 0.004374 val_loss: 0.636589 val_acc: 0.740000 test_loss: 0.646924 test_acc: 0.720000
Epoch: 290 train_loss: 0.004376 val_loss: 0.626477 val_acc: 0.750000 test_loss: 0.680320 test_acc: 0.690000
Epoch: 300 train_loss: 0.004408 val_loss: 0.654171 val_acc: 0.750000 test_loss: 0.678185 test_acc: 0.710000
Epoch: 310 train_loss: 0.004384 val_loss: 0.635290 val_acc: 0.740000 test_loss: 0.672287 test_acc: 0.700000
Epoch: 320 train_loss: 0.004423 val_loss: 0.624285 val_acc: 0.770000 test_loss: 0.670268 test_acc: 0.700000
Epoch: 330 train_loss: 0.004389 val_loss: 0.654840 val_acc: 0.750000 test_loss: 0.676610 test_acc: 0.710000
Epoch: 340 train_loss: 0.004375 val_loss: 0.656850 val_acc: 0.740000 test_loss: 0.675500 test_acc: 0.700000
Epoch: 350 train_loss: 0.004418 val_loss: 0.643680 val_acc: 0.730000 test_loss: 0.662448 test_acc: 0.700000
Epoch: 360 train_loss: 0.004377 val_loss: 0.640946 val_acc: 0.730000 test_loss: 0.676390 test_acc: 0.690000
Epoch: 370 train_loss: 0.004417 val_loss: 0.605503 val_acc: 0.790000 test_loss: 0.663196 test_acc: 0.720000
Epoch: 380 train_loss: 0.004808 val_loss: 0.612633 val_acc: 0.790000 test_loss: 0.701384 test_acc: 0.710000
Epoch: 390 train_loss: 0.004494 val_loss: 0.652658 val_acc: 0.750000 test_loss: 0.691741 test_acc: 0.690000
Epoch: 400 train_loss: 0.004437 val_loss: 0.651667 val_acc: 0.740000 test_loss: 0.670686 test_acc: 0.730000
Epoch: 410 train_loss: 0.004391 val_loss: 0.653720 val_acc: 0.750000 test_loss: 0.690149 test_acc: 0.720000
Epoch: 420 train_loss: 0.004395 val_loss: 0.631128 val_acc: 0.760000 test_loss: 0.670116 test_acc: 0.710000
Epoch: 430 train_loss: 0.004530 val_loss: 0.632513 val_acc: 0.740000 test_loss: 0.650295 test_acc: 0.710000
Epoch: 440 train_loss: 0.004495 val_loss: 0.612814 val_acc: 0.770000 test_loss: 0.651093 test_acc: 0.720000
Epoch: 450 train_loss: 0.004486 val_loss: 0.667491 val_acc: 0.730000 test_loss: 0.688959 test_acc: 0.730000
Epoch: 460 train_loss: 0.004390 val_loss: 0.644428 val_acc: 0.770000 test_loss: 0.700181 test_acc: 0.710000
Epoch: 470 train_loss: 0.004360 val_loss: 0.647647 val_acc: 0.770000 test_loss: 0.679966 test_acc: 0.700000
Epoch: 480 train_loss: 0.004376 val_loss: 0.624073 val_acc: 0.770000 test_loss: 0.673265 test_acc: 0.690000
Epoch: 490 train_loss: 0.004380 val_loss: 0.630712 val_acc: 0.780000 test_loss: 0.674117 test_acc: 0.720000
Epoch: 500 train_loss: 0.004339 val_loss: 0.639832 val_acc: 0.760000 test_loss: 0.673929 test_acc: 0.710000
Epoch: 510 train_loss: 0.004366 val_loss: 0.634467 val_acc: 0.760000 test_loss: 0.668616 test_acc: 0.710000
Epoch: 520 train_loss: 0.004364 val_loss: 0.636214 val_acc: 0.790000 test_loss: 0.673928 test_acc: 0.710000
Epoch: 530 train_loss: 0.004364 val_loss: 0.630103 val_acc: 0.790000 test_loss: 0.670323 test_acc: 0.740000
Epoch: 540 train_loss: 0.004350 val_loss: 0.630782 val_acc: 0.750000 test_loss: 0.668607 test_acc: 0.690000
Epoch: 550 train_loss: 0.004354 val_loss: 0.644741 val_acc: 0.770000 test_loss: 0.680439 test_acc: 0.700000
Epoch: 560 train_loss: 0.004365 val_loss: 0.628379 val_acc: 0.780000 test_loss: 0.674125 test_acc: 0.710000
Epoch: 570 train_loss: 0.004385 val_loss: 0.644852 val_acc: 0.740000 test_loss: 0.691856 test_acc: 0.710000
Epoch: 580 train_loss: 0.004397 val_loss: 0.628609 val_acc: 0.780000 test_loss: 0.660792 test_acc: 0.730000
Epoch: 590 train_loss: 0.004371 val_loss: 0.628429 val_acc: 0.770000 test_loss: 0.659755 test_acc: 0.730000
Epoch: 600 train_loss: 0.004419 val_loss: 0.611977 val_acc: 0.800000 test_loss: 0.662047 test_acc: 0.710000
Epoch: 610 train_loss: 0.004548 val_loss: 0.637202 val_acc: 0.770000 test_loss: 0.681448 test_acc: 0.720000
Epoch: 620 train_loss: 0.004399 val_loss: 0.626169 val_acc: 0.730000 test_loss: 0.669799 test_acc: 0.710000
Epoch: 630 train_loss: 0.004356 val_loss: 0.627308 val_acc: 0.760000 test_loss: 0.675878 test_acc: 0.710000
Epoch: 640 train_loss: 0.004339 val_loss: 0.640649 val_acc: 0.770000 test_loss: 0.671857 test_acc: 0.720000
Epoch: 650 train_loss: 0.004374 val_loss: 0.645938 val_acc: 0.740000 test_loss: 0.671349 test_acc: 0.700000
Epoch: 660 train_loss: 0.004436 val_loss: 0.645470 val_acc: 0.730000 test_loss: 0.655023 test_acc: 0.700000
Epoch: 670 train_loss: 0.004373 val_loss: 0.628234 val_acc: 0.760000 test_loss: 0.653954 test_acc: 0.700000
Epoch: 680 train_loss: 0.004394 val_loss: 0.625783 val_acc: 0.770000 test_loss: 0.654410 test_acc: 0.740000
Epoch: 690 train_loss: 0.004373 val_loss: 0.637765 val_acc: 0.770000 test_loss: 0.659040 test_acc: 0.720000
Epoch: 700 train_loss: 0.004381 val_loss: 0.636224 val_acc: 0.770000 test_loss: 0.646786 test_acc: 0.750000
Epoch: 710 train_loss: 0.004393 val_loss: 0.628078 val_acc: 0.770000 test_loss: 0.667092 test_acc: 0.710000
Epoch: 720 train_loss: 0.004358 val_loss: 0.635842 val_acc: 0.770000 test_loss: 0.673126 test_acc: 0.740000
Epoch: 730 train_loss: 0.004388 val_loss: 0.641561 val_acc: 0.760000 test_loss: 0.670896 test_acc: 0.720000
Epoch: 740 train_loss: 0.004380 val_loss: 0.626882 val_acc: 0.770000 test_loss: 0.655401 test_acc: 0.730000
Epoch: 750 train_loss: 0.004384 val_loss: 0.638149 val_acc: 0.770000 test_loss: 0.658356 test_acc: 0.730000
Epoch: 760 train_loss: 0.004381 val_loss: 0.629977 val_acc: 0.780000 test_loss: 0.654310 test_acc: 0.740000
Epoch: 770 train_loss: 0.004385 val_loss: 0.630151 val_acc: 0.770000 test_loss: 0.663999 test_acc: 0.720000
Epoch: 780 train_loss: 0.004660 val_loss: 0.600500 val_acc: 0.780000 test_loss: 0.645291 test_acc: 0.730000
Epoch: 790 train_loss: 0.004550 val_loss: 0.627585 val_acc: 0.780000 test_loss: 0.636035 test_acc: 0.740000
Epoch: 800 train_loss: 0.004379 val_loss: 0.630752 val_acc: 0.760000 test_loss: 0.696452 test_acc: 0.700000
Epoch: 810 train_loss: 0.004382 val_loss: 0.632611 val_acc: 0.790000 test_loss: 0.663360 test_acc: 0.730000
Epoch: 820 train_loss: 0.004412 val_loss: 0.624672 val_acc: 0.760000 test_loss: 0.664011 test_acc: 0.710000
Epoch: 830 train_loss: 0.004362 val_loss: 0.617378 val_acc: 0.760000 test_loss: 0.667279 test_acc: 0.700000
Epoch: 840 train_loss: 0.004410 val_loss: 0.631656 val_acc: 0.750000 test_loss: 0.667411 test_acc: 0.710000
Epoch: 850 train_loss: 0.004363 val_loss: 0.632230 val_acc: 0.750000 test_loss: 0.646110 test_acc: 0.730000
Epoch: 860 train_loss: 0.004427 val_loss: 0.623414 val_acc: 0.770000 test_loss: 0.655594 test_acc: 0.720000
Epoch: 870 train_loss: 0.004342 val_loss: 0.627730 val_acc: 0.770000 test_loss: 0.661382 test_acc: 0.710000
Epoch: 880 train_loss: 0.004420 val_loss: 0.618372 val_acc: 0.770000 test_loss: 0.652113 test_acc: 0.710000
Epoch: 890 train_loss: 0.004383 val_loss: 0.630923 val_acc: 0.790000 test_loss: 0.667077 test_acc: 0.710000
Epoch: 900 train_loss: 0.004340 val_loss: 0.625302 val_acc: 0.760000 test_loss: 0.661845 test_acc: 0.700000
Epoch: 910 train_loss: 0.004377 val_loss: 0.618053 val_acc: 0.790000 test_loss: 0.664397 test_acc: 0.710000
Epoch: 920 train_loss: 0.004407 val_loss: 0.627901 val_acc: 0.780000 test_loss: 0.660648 test_acc: 0.720000
Epoch: 930 train_loss: 0.004390 val_loss: 0.617043 val_acc: 0.780000 test_loss: 0.653735 test_acc: 0.710000
Epoch: 940 train_loss: 0.004350 val_loss: 0.628711 val_acc: 0.750000 test_loss: 0.656723 test_acc: 0.710000
Epoch: 950 train_loss: 0.004366 val_loss: 0.628295 val_acc: 0.760000 test_loss: 0.654665 test_acc: 0.710000
Epoch: 960 train_loss: 0.004366 val_loss: 0.634906 val_acc: 0.770000 test_loss: 0.641930 test_acc: 0.720000
Epoch: 970 train_loss: 0.004525 val_loss: 0.654237 val_acc: 0.720000 test_loss: 0.672114 test_acc: 0.710000
Epoch: 980 train_loss: 0.004859 val_loss: 0.618742 val_acc: 0.790000 test_loss: 0.656144 test_acc: 0.740000
Epoch: 990 train_loss: 0.004411 val_loss: 0.632630 val_acc: 0.760000 test_loss: 0.683638 test_acc: 0.720000
Fold: 1
Epoch: 000 train_loss: 0.006247 val_loss: 0.679557 val_acc: 0.690000 test_loss: 0.686351 test_acc: 0.640000
Epoch: 010 train_loss: 0.005336 val_loss: 0.617412 val_acc: 0.740000 test_loss: 0.605991 test_acc: 0.740000
Epoch: 020 train_loss: 0.005238 val_loss: 0.619368 val_acc: 0.760000 test_loss: 0.637735 test_acc: 0.730000
Epoch: 030 train_loss: 0.005211 val_loss: 0.600783 val_acc: 0.740000 test_loss: 0.595047 test_acc: 0.760000
Epoch: 040 train_loss: 0.005126 val_loss: 0.605462 val_acc: 0.720000 test_loss: 0.602465 test_acc: 0.740000
Epoch: 050 train_loss: 0.005002 val_loss: 0.605212 val_acc: 0.740000 test_loss: 0.609948 test_acc: 0.720000
Epoch: 060 train_loss: 0.004899 val_loss: 0.641355 val_acc: 0.740000 test_loss: 0.626063 test_acc: 0.720000
Epoch: 070 train_loss: 0.004803 val_loss: 0.646045 val_acc: 0.740000 test_loss: 0.622183 test_acc: 0.710000
Epoch: 080 train_loss: 0.004725 val_loss: 0.668736 val_acc: 0.730000 test_loss: 0.619950 test_acc: 0.740000
Epoch: 090 train_loss: 0.004674 val_loss: 0.678009 val_acc: 0.720000 test_loss: 0.622586 test_acc: 0.740000
Epoch: 100 train_loss: 0.004658 val_loss: 0.687599 val_acc: 0.720000 test_loss: 0.654680 test_acc: 0.710000
Epoch: 110 train_loss: 0.004745 val_loss: 0.640630 val_acc: 0.720000 test_loss: 0.634110 test_acc: 0.730000
Epoch: 120 train_loss: 0.004721 val_loss: 0.687887 val_acc: 0.700000 test_loss: 0.638384 test_acc: 0.710000
Epoch: 130 train_loss: 0.004583 val_loss: 0.676808 val_acc: 0.720000 test_loss: 0.655222 test_acc: 0.730000
Epoch: 140 train_loss: 0.004555 val_loss: 0.681063 val_acc: 0.720000 test_loss: 0.634100 test_acc: 0.720000
Epoch: 150 train_loss: 0.004581 val_loss: 0.677883 val_acc: 0.720000 test_loss: 0.657704 test_acc: 0.710000
Epoch: 160 train_loss: 0.004522 val_loss: 0.678212 val_acc: 0.770000 test_loss: 0.640527 test_acc: 0.770000
Epoch: 170 train_loss: 0.004478 val_loss: 0.678599 val_acc: 0.730000 test_loss: 0.669285 test_acc: 0.720000
Epoch: 180 train_loss: 0.004526 val_loss: 0.684320 val_acc: 0.740000 test_loss: 0.668864 test_acc: 0.720000
Epoch: 190 train_loss: 0.004539 val_loss: 0.678603 val_acc: 0.750000 test_loss: 0.673015 test_acc: 0.700000
Epoch: 200 train_loss: 0.004648 val_loss: 0.660638 val_acc: 0.730000 test_loss: 0.640681 test_acc: 0.730000
Epoch: 210 train_loss: 0.004441 val_loss: 0.703721 val_acc: 0.710000 test_loss: 0.681593 test_acc: 0.720000
Epoch: 220 train_loss: 0.004469 val_loss: 0.704838 val_acc: 0.710000 test_loss: 0.655506 test_acc: 0.730000
Epoch: 230 train_loss: 0.004400 val_loss: 0.705046 val_acc: 0.690000 test_loss: 0.667599 test_acc: 0.710000
Epoch: 240 train_loss: 0.004368 val_loss: 0.690843 val_acc: 0.710000 test_loss: 0.674280 test_acc: 0.740000
Epoch: 250 train_loss: 0.004406 val_loss: 0.703363 val_acc: 0.700000 test_loss: 0.680237 test_acc: 0.720000
Epoch: 260 train_loss: 0.004436 val_loss: 0.678964 val_acc: 0.720000 test_loss: 0.664850 test_acc: 0.690000
Epoch: 270 train_loss: 0.004383 val_loss: 0.698574 val_acc: 0.700000 test_loss: 0.698039 test_acc: 0.700000
Epoch: 280 train_loss: 0.004389 val_loss: 0.682599 val_acc: 0.730000 test_loss: 0.674792 test_acc: 0.720000
Epoch: 290 train_loss: 0.004404 val_loss: 0.690757 val_acc: 0.720000 test_loss: 0.673267 test_acc: 0.680000
Epoch: 300 train_loss: 0.004494 val_loss: 0.667758 val_acc: 0.750000 test_loss: 0.644126 test_acc: 0.760000
Epoch: 310 train_loss: 0.004402 val_loss: 0.686882 val_acc: 0.720000 test_loss: 0.687851 test_acc: 0.730000
Epoch: 320 train_loss: 0.004472 val_loss: 0.670101 val_acc: 0.720000 test_loss: 0.716562 test_acc: 0.730000
Epoch: 330 train_loss: 0.004390 val_loss: 0.700172 val_acc: 0.710000 test_loss: 0.676723 test_acc: 0.710000
Epoch: 340 train_loss: 0.004405 val_loss: 0.696532 val_acc: 0.720000 test_loss: 0.668116 test_acc: 0.710000
Epoch: 350 train_loss: 0.004372 val_loss: 0.702644 val_acc: 0.700000 test_loss: 0.683000 test_acc: 0.710000
Epoch: 360 train_loss: 0.004427 val_loss: 0.692687 val_acc: 0.720000 test_loss: 0.682820 test_acc: 0.730000
Epoch: 370 train_loss: 0.004434 val_loss: 0.690939 val_acc: 0.710000 test_loss: 0.638826 test_acc: 0.750000
Epoch: 380 train_loss: 0.004687 val_loss: 0.643580 val_acc: 0.730000 test_loss: 0.606676 test_acc: 0.750000
Epoch: 390 train_loss: 0.004448 val_loss: 0.687696 val_acc: 0.710000 test_loss: 0.664429 test_acc: 0.750000
Epoch: 400 train_loss: 0.004356 val_loss: 0.682679 val_acc: 0.730000 test_loss: 0.665354 test_acc: 0.720000
Epoch: 410 train_loss: 0.004373 val_loss: 0.681471 val_acc: 0.730000 test_loss: 0.670029 test_acc: 0.740000
Epoch: 420 train_loss: 0.004364 val_loss: 0.700316 val_acc: 0.710000 test_loss: 0.663799 test_acc: 0.730000
Epoch: 430 train_loss: 0.004369 val_loss: 0.686914 val_acc: 0.740000 test_loss: 0.664815 test_acc: 0.740000
Epoch: 440 train_loss: 0.004443 val_loss: 0.695932 val_acc: 0.700000 test_loss: 0.674139 test_acc: 0.740000
Epoch: 450 train_loss: 0.004372 val_loss: 0.689237 val_acc: 0.730000 test_loss: 0.666593 test_acc: 0.730000
Epoch: 460 train_loss: 0.004358 val_loss: 0.694246 val_acc: 0.720000 test_loss: 0.679487 test_acc: 0.750000
Epoch: 470 train_loss: 0.004354 val_loss: 0.689088 val_acc: 0.730000 test_loss: 0.670838 test_acc: 0.760000
Epoch: 480 train_loss: 0.004371 val_loss: 0.683403 val_acc: 0.740000 test_loss: 0.675261 test_acc: 0.730000
Epoch: 490 train_loss: 0.004351 val_loss: 0.685297 val_acc: 0.710000 test_loss: 0.665645 test_acc: 0.770000
Epoch: 500 train_loss: 0.004422 val_loss: 0.692780 val_acc: 0.740000 test_loss: 0.685668 test_acc: 0.710000
Epoch: 510 train_loss: 0.004384 val_loss: 0.685938 val_acc: 0.710000 test_loss: 0.667751 test_acc: 0.750000
Epoch: 520 train_loss: 0.004361 val_loss: 0.691946 val_acc: 0.710000 test_loss: 0.672502 test_acc: 0.750000
Epoch: 530 train_loss: 0.004332 val_loss: 0.692815 val_acc: 0.700000 test_loss: 0.674599 test_acc: 0.740000
Epoch: 540 train_loss: 0.004608 val_loss: 0.660928 val_acc: 0.720000 test_loss: 0.634182 test_acc: 0.710000
Epoch: 550 train_loss: 0.004600 val_loss: 0.645484 val_acc: 0.710000 test_loss: 0.624214 test_acc: 0.770000
Epoch: 560 train_loss: 0.004474 val_loss: 0.693038 val_acc: 0.720000 test_loss: 0.678536 test_acc: 0.720000
Epoch: 570 train_loss: 0.004475 val_loss: 0.659767 val_acc: 0.720000 test_loss: 0.642495 test_acc: 0.710000
Epoch: 580 train_loss: 0.004365 val_loss: 0.685582 val_acc: 0.710000 test_loss: 0.663845 test_acc: 0.730000
Epoch: 590 train_loss: 0.004399 val_loss: 0.679643 val_acc: 0.710000 test_loss: 0.670954 test_acc: 0.740000
Epoch: 600 train_loss: 0.004340 val_loss: 0.682610 val_acc: 0.720000 test_loss: 0.676881 test_acc: 0.740000
Epoch: 610 train_loss: 0.004340 val_loss: 0.682182 val_acc: 0.720000 test_loss: 0.676938 test_acc: 0.750000
Epoch: 620 train_loss: 0.004378 val_loss: 0.678536 val_acc: 0.710000 test_loss: 0.674867 test_acc: 0.730000
Epoch: 630 train_loss: 0.004339 val_loss: 0.677008 val_acc: 0.710000 test_loss: 0.679507 test_acc: 0.750000
Epoch: 640 train_loss: 0.004363 val_loss: 0.680264 val_acc: 0.720000 test_loss: 0.683053 test_acc: 0.750000
Epoch: 650 train_loss: 0.004346 val_loss: 0.683466 val_acc: 0.700000 test_loss: 0.679618 test_acc: 0.750000
Epoch: 660 train_loss: 0.004358 val_loss: 0.683002 val_acc: 0.710000 test_loss: 0.682850 test_acc: 0.750000
Epoch: 670 train_loss: 0.004370 val_loss: 0.683564 val_acc: 0.720000 test_loss: 0.676653 test_acc: 0.720000
Epoch: 680 train_loss: 0.004409 val_loss: 0.681316 val_acc: 0.710000 test_loss: 0.675946 test_acc: 0.720000
Epoch: 690 train_loss: 0.004341 val_loss: 0.680321 val_acc: 0.720000 test_loss: 0.678678 test_acc: 0.730000
Epoch: 700 train_loss: 0.004345 val_loss: 0.686610 val_acc: 0.730000 test_loss: 0.687580 test_acc: 0.730000
Epoch: 710 train_loss: 0.004549 val_loss: 0.672904 val_acc: 0.720000 test_loss: 0.633104 test_acc: 0.740000
Epoch: 720 train_loss: 0.004417 val_loss: 0.675061 val_acc: 0.730000 test_loss: 0.631248 test_acc: 0.760000
Epoch: 730 train_loss: 0.004496 val_loss: 0.672946 val_acc: 0.740000 test_loss: 0.633722 test_acc: 0.750000
Epoch: 740 train_loss: 0.004692 val_loss: 0.656707 val_acc: 0.730000 test_loss: 0.628617 test_acc: 0.740000
Epoch: 750 train_loss: 0.004469 val_loss: 0.682964 val_acc: 0.690000 test_loss: 0.649346 test_acc: 0.740000
Epoch: 760 train_loss: 0.004377 val_loss: 0.682892 val_acc: 0.730000 test_loss: 0.665178 test_acc: 0.730000
Epoch: 770 train_loss: 0.004392 val_loss: 0.687214 val_acc: 0.710000 test_loss: 0.650749 test_acc: 0.720000
Epoch: 780 train_loss: 0.004371 val_loss: 0.687450 val_acc: 0.730000 test_loss: 0.668852 test_acc: 0.750000
Epoch: 790 train_loss: 0.004420 val_loss: 0.686726 val_acc: 0.720000 test_loss: 0.673138 test_acc: 0.750000
Epoch: 800 train_loss: 0.004338 val_loss: 0.699405 val_acc: 0.700000 test_loss: 0.676156 test_acc: 0.710000
Epoch: 810 train_loss: 0.004385 val_loss: 0.694423 val_acc: 0.690000 test_loss: 0.671497 test_acc: 0.710000
Epoch: 820 train_loss: 0.004367 val_loss: 0.702856 val_acc: 0.700000 test_loss: 0.671016 test_acc: 0.710000
Epoch: 830 train_loss: 0.004375 val_loss: 0.692470 val_acc: 0.690000 test_loss: 0.677858 test_acc: 0.720000
Epoch: 840 train_loss: 0.004368 val_loss: 0.697709 val_acc: 0.700000 test_loss: 0.667947 test_acc: 0.720000
Epoch: 850 train_loss: 0.004320 val_loss: 0.699518 val_acc: 0.700000 test_loss: 0.685325 test_acc: 0.720000
Epoch: 860 train_loss: 0.004323 val_loss: 0.701147 val_acc: 0.700000 test_loss: 0.676880 test_acc: 0.710000
Epoch: 870 train_loss: 0.004322 val_loss: 0.703038 val_acc: 0.730000 test_loss: 0.670831 test_acc: 0.700000
Epoch: 880 train_loss: 0.004363 val_loss: 0.706113 val_acc: 0.680000 test_loss: 0.680818 test_acc: 0.720000
Epoch: 890 train_loss: 0.004362 val_loss: 0.707710 val_acc: 0.710000 test_loss: 0.686793 test_acc: 0.720000
Epoch: 900 train_loss: 0.004376 val_loss: 0.695245 val_acc: 0.700000 test_loss: 0.674646 test_acc: 0.730000
Epoch: 910 train_loss: 0.004403 val_loss: 0.699045 val_acc: 0.700000 test_loss: 0.684090 test_acc: 0.720000
Epoch: 920 train_loss: 0.004397 val_loss: 0.703703 val_acc: 0.710000 test_loss: 0.678561 test_acc: 0.720000
Epoch: 930 train_loss: 0.004404 val_loss: 0.679311 val_acc: 0.710000 test_loss: 0.634919 test_acc: 0.750000
Epoch: 940 train_loss: 0.004384 val_loss: 0.703070 val_acc: 0.720000 test_loss: 0.663838 test_acc: 0.730000
Epoch: 950 train_loss: 0.004400 val_loss: 0.700191 val_acc: 0.700000 test_loss: 0.663374 test_acc: 0.720000
Epoch: 960 train_loss: 0.004380 val_loss: 0.697146 val_acc: 0.700000 test_loss: 0.663352 test_acc: 0.710000
Epoch: 970 train_loss: 0.004371 val_loss: 0.693757 val_acc: 0.710000 test_loss: 0.657310 test_acc: 0.740000
Epoch: 980 train_loss: 0.004371 val_loss: 0.703038 val_acc: 0.710000 test_loss: 0.662315 test_acc: 0.710000
Epoch: 990 train_loss: 0.004350 val_loss: 0.685357 val_acc: 0.710000 test_loss: 0.661186 test_acc: 0.720000
Fold: 2
Epoch: 000 train_loss: 0.007308 val_loss: 0.713213 val_acc: 0.570000 test_loss: 0.704783 test_acc: 0.540000
Epoch: 010 train_loss: 0.005423 val_loss: 0.628390 val_acc: 0.740000 test_loss: 0.652189 test_acc: 0.660000
Epoch: 020 train_loss: 0.005237 val_loss: 0.634768 val_acc: 0.750000 test_loss: 0.664783 test_acc: 0.620000
Epoch: 030 train_loss: 0.005041 val_loss: 0.648400 val_acc: 0.660000 test_loss: 0.641562 test_acc: 0.710000
Epoch: 040 train_loss: 0.004958 val_loss: 0.617394 val_acc: 0.720000 test_loss: 0.644715 test_acc: 0.660000
Epoch: 050 train_loss: 0.004825 val_loss: 0.639487 val_acc: 0.730000 test_loss: 0.639951 test_acc: 0.690000
Epoch: 060 train_loss: 0.004798 val_loss: 0.625956 val_acc: 0.720000 test_loss: 0.639463 test_acc: 0.720000
Epoch: 070 train_loss: 0.004702 val_loss: 0.638646 val_acc: 0.700000 test_loss: 0.638595 test_acc: 0.700000
Epoch: 080 train_loss: 0.004704 val_loss: 0.660496 val_acc: 0.710000 test_loss: 0.635584 test_acc: 0.720000
Epoch: 090 train_loss: 0.004622 val_loss: 0.649852 val_acc: 0.700000 test_loss: 0.661026 test_acc: 0.700000
Epoch: 100 train_loss: 0.004610 val_loss: 0.651140 val_acc: 0.710000 test_loss: 0.663885 test_acc: 0.710000
Epoch: 110 train_loss: 0.004584 val_loss: 0.652817 val_acc: 0.710000 test_loss: 0.677143 test_acc: 0.700000
Epoch: 120 train_loss: 0.004676 val_loss: 0.694581 val_acc: 0.690000 test_loss: 0.683771 test_acc: 0.650000
Epoch: 130 train_loss: 0.004571 val_loss: 0.684238 val_acc: 0.680000 test_loss: 0.669295 test_acc: 0.700000
Epoch: 140 train_loss: 0.004627 val_loss: 0.674731 val_acc: 0.700000 test_loss: 0.681285 test_acc: 0.660000
Epoch: 150 train_loss: 0.004508 val_loss: 0.675739 val_acc: 0.720000 test_loss: 0.707290 test_acc: 0.650000
Epoch: 160 train_loss: 0.004495 val_loss: 0.673755 val_acc: 0.730000 test_loss: 0.696532 test_acc: 0.620000
Epoch: 170 train_loss: 0.004515 val_loss: 0.685161 val_acc: 0.740000 test_loss: 0.696427 test_acc: 0.680000
Epoch: 180 train_loss: 0.004469 val_loss: 0.695900 val_acc: 0.700000 test_loss: 0.702122 test_acc: 0.670000
Epoch: 190 train_loss: 0.004404 val_loss: 0.689128 val_acc: 0.720000 test_loss: 0.724662 test_acc: 0.640000
Epoch: 200 train_loss: 0.004466 val_loss: 0.731497 val_acc: 0.690000 test_loss: 0.728032 test_acc: 0.670000
Epoch: 210 train_loss: 0.004410 val_loss: 0.717884 val_acc: 0.700000 test_loss: 0.725280 test_acc: 0.630000
Epoch: 220 train_loss: 0.004372 val_loss: 0.706171 val_acc: 0.710000 test_loss: 0.724330 test_acc: 0.650000
Epoch: 230 train_loss: 0.004456 val_loss: 0.680606 val_acc: 0.720000 test_loss: 0.700110 test_acc: 0.670000
Epoch: 240 train_loss: 0.004405 val_loss: 0.689505 val_acc: 0.740000 test_loss: 0.712101 test_acc: 0.650000
Epoch: 250 train_loss: 0.004373 val_loss: 0.725352 val_acc: 0.700000 test_loss: 0.737334 test_acc: 0.640000
Epoch: 260 train_loss: 0.004417 val_loss: 0.688793 val_acc: 0.750000 test_loss: 0.736242 test_acc: 0.650000
Epoch: 270 train_loss: 0.004569 val_loss: 0.709809 val_acc: 0.680000 test_loss: 0.728648 test_acc: 0.640000
Epoch: 280 train_loss: 0.004413 val_loss: 0.709799 val_acc: 0.700000 test_loss: 0.726681 test_acc: 0.610000
Epoch: 290 train_loss: 0.004379 val_loss: 0.702612 val_acc: 0.720000 test_loss: 0.743544 test_acc: 0.620000
Epoch: 300 train_loss: 0.004409 val_loss: 0.708726 val_acc: 0.690000 test_loss: 0.729802 test_acc: 0.650000
Epoch: 310 train_loss: 0.004398 val_loss: 0.717439 val_acc: 0.670000 test_loss: 0.723393 test_acc: 0.680000
Epoch: 320 train_loss: 0.004369 val_loss: 0.709485 val_acc: 0.710000 test_loss: 0.732968 test_acc: 0.650000
Epoch: 330 train_loss: 0.004434 val_loss: 0.761190 val_acc: 0.690000 test_loss: 0.765298 test_acc: 0.630000
Epoch: 340 train_loss: 0.004517 val_loss: 0.719137 val_acc: 0.700000 test_loss: 0.735601 test_acc: 0.610000
Epoch: 350 train_loss: 0.004362 val_loss: 0.702010 val_acc: 0.720000 test_loss: 0.731419 test_acc: 0.640000
Epoch: 360 train_loss: 0.004373 val_loss: 0.712533 val_acc: 0.710000 test_loss: 0.745630 test_acc: 0.660000
Epoch: 370 train_loss: 0.004390 val_loss: 0.717332 val_acc: 0.700000 test_loss: 0.726913 test_acc: 0.660000
Epoch: 380 train_loss: 0.004372 val_loss: 0.707092 val_acc: 0.720000 test_loss: 0.742838 test_acc: 0.620000
Epoch: 390 train_loss: 0.004362 val_loss: 0.692850 val_acc: 0.700000 test_loss: 0.721230 test_acc: 0.640000
Epoch: 400 train_loss: 0.004410 val_loss: 0.711195 val_acc: 0.710000 test_loss: 0.722678 test_acc: 0.650000
Epoch: 410 train_loss: 0.004450 val_loss: 0.700512 val_acc: 0.710000 test_loss: 0.752208 test_acc: 0.650000
Epoch: 420 train_loss: 0.004388 val_loss: 0.734158 val_acc: 0.690000 test_loss: 0.752210 test_acc: 0.630000
Epoch: 430 train_loss: 0.004327 val_loss: 0.712489 val_acc: 0.700000 test_loss: 0.735219 test_acc: 0.650000
Epoch: 440 train_loss: 0.004365 val_loss: 0.708917 val_acc: 0.720000 test_loss: 0.747492 test_acc: 0.620000
Epoch: 450 train_loss: 0.004388 val_loss: 0.749450 val_acc: 0.710000 test_loss: 0.778457 test_acc: 0.600000
Epoch: 460 train_loss: 0.004439 val_loss: 0.720357 val_acc: 0.720000 test_loss: 0.742324 test_acc: 0.630000
Epoch: 470 train_loss: 0.004376 val_loss: 0.702218 val_acc: 0.690000 test_loss: 0.728258 test_acc: 0.650000
Epoch: 480 train_loss: 0.004366 val_loss: 0.712028 val_acc: 0.710000 test_loss: 0.741530 test_acc: 0.650000
Epoch: 490 train_loss: 0.004360 val_loss: 0.706800 val_acc: 0.740000 test_loss: 0.729464 test_acc: 0.670000
Epoch: 500 train_loss: 0.004366 val_loss: 0.752599 val_acc: 0.690000 test_loss: 0.738901 test_acc: 0.650000
Epoch: 510 train_loss: 0.004352 val_loss: 0.718883 val_acc: 0.730000 test_loss: 0.726565 test_acc: 0.620000
Epoch: 520 train_loss: 0.004369 val_loss: 0.731277 val_acc: 0.720000 test_loss: 0.732126 test_acc: 0.650000
Epoch: 530 train_loss: 0.004397 val_loss: 0.720056 val_acc: 0.720000 test_loss: 0.722432 test_acc: 0.660000
Epoch: 540 train_loss: 0.004355 val_loss: 0.715820 val_acc: 0.710000 test_loss: 0.734159 test_acc: 0.660000
Epoch: 550 train_loss: 0.004317 val_loss: 0.720544 val_acc: 0.700000 test_loss: 0.737489 test_acc: 0.620000
Epoch: 560 train_loss: 0.004412 val_loss: 0.725118 val_acc: 0.680000 test_loss: 0.737929 test_acc: 0.630000
Epoch: 570 train_loss: 0.004368 val_loss: 0.724906 val_acc: 0.700000 test_loss: 0.733120 test_acc: 0.650000
Epoch: 580 train_loss: 0.004345 val_loss: 0.715257 val_acc: 0.710000 test_loss: 0.730721 test_acc: 0.670000
Epoch: 590 train_loss: 0.004332 val_loss: 0.744779 val_acc: 0.720000 test_loss: 0.729172 test_acc: 0.670000
Epoch: 600 train_loss: 0.004393 val_loss: 0.724858 val_acc: 0.710000 test_loss: 0.735099 test_acc: 0.640000
Epoch: 610 train_loss: 0.004377 val_loss: 0.707571 val_acc: 0.730000 test_loss: 0.732358 test_acc: 0.670000
Epoch: 620 train_loss: 0.004468 val_loss: 0.714853 val_acc: 0.700000 test_loss: 0.742622 test_acc: 0.640000
Epoch: 630 train_loss: 0.004352 val_loss: 0.748573 val_acc: 0.710000 test_loss: 0.745117 test_acc: 0.630000
Epoch: 640 train_loss: 0.004380 val_loss: 0.724775 val_acc: 0.720000 test_loss: 0.723517 test_acc: 0.620000
Epoch: 650 train_loss: 0.004313 val_loss: 0.745668 val_acc: 0.710000 test_loss: 0.746762 test_acc: 0.620000
Epoch: 660 train_loss: 0.004328 val_loss: 0.741418 val_acc: 0.700000 test_loss: 0.728064 test_acc: 0.660000
Epoch: 670 train_loss: 0.004414 val_loss: 0.730510 val_acc: 0.710000 test_loss: 0.743397 test_acc: 0.620000
Epoch: 680 train_loss: 0.004332 val_loss: 0.724452 val_acc: 0.710000 test_loss: 0.743243 test_acc: 0.620000
Epoch: 690 train_loss: 0.004338 val_loss: 0.701687 val_acc: 0.720000 test_loss: 0.739023 test_acc: 0.650000
Epoch: 700 train_loss: 0.004368 val_loss: 0.736190 val_acc: 0.690000 test_loss: 0.729424 test_acc: 0.660000
Epoch: 710 train_loss: 0.004341 val_loss: 0.727169 val_acc: 0.700000 test_loss: 0.740465 test_acc: 0.640000
Epoch: 720 train_loss: 0.004370 val_loss: 0.741304 val_acc: 0.710000 test_loss: 0.765700 test_acc: 0.640000
Epoch: 730 train_loss: 0.004615 val_loss: 0.748138 val_acc: 0.680000 test_loss: 0.711679 test_acc: 0.620000
Epoch: 740 train_loss: 0.004644 val_loss: 0.695316 val_acc: 0.730000 test_loss: 0.646794 test_acc: 0.680000
Epoch: 750 train_loss: 0.004473 val_loss: 0.730297 val_acc: 0.630000 test_loss: 0.665062 test_acc: 0.720000
Epoch: 760 train_loss: 0.004380 val_loss: 0.751494 val_acc: 0.690000 test_loss: 0.710544 test_acc: 0.630000
Epoch: 770 train_loss: 0.004362 val_loss: 0.682648 val_acc: 0.730000 test_loss: 0.734981 test_acc: 0.680000
Epoch: 780 train_loss: 0.004436 val_loss: 0.690761 val_acc: 0.740000 test_loss: 0.734780 test_acc: 0.660000
Epoch: 790 train_loss: 0.004389 val_loss: 0.704243 val_acc: 0.710000 test_loss: 0.722540 test_acc: 0.630000
Epoch: 800 train_loss: 0.004312 val_loss: 0.720374 val_acc: 0.730000 test_loss: 0.728171 test_acc: 0.670000
Epoch: 810 train_loss: 0.004364 val_loss: 0.717659 val_acc: 0.700000 test_loss: 0.720727 test_acc: 0.650000
Epoch: 820 train_loss: 0.004387 val_loss: 0.718161 val_acc: 0.730000 test_loss: 0.730786 test_acc: 0.650000
Epoch: 830 train_loss: 0.004321 val_loss: 0.719943 val_acc: 0.690000 test_loss: 0.734724 test_acc: 0.640000
Epoch: 840 train_loss: 0.004334 val_loss: 0.734665 val_acc: 0.720000 test_loss: 0.734438 test_acc: 0.640000
Epoch: 850 train_loss: 0.004343 val_loss: 0.716160 val_acc: 0.700000 test_loss: 0.729949 test_acc: 0.640000
Epoch: 860 train_loss: 0.004364 val_loss: 0.708361 val_acc: 0.700000 test_loss: 0.739859 test_acc: 0.650000
Epoch: 870 train_loss: 0.004372 val_loss: 0.717146 val_acc: 0.710000 test_loss: 0.726875 test_acc: 0.660000
Epoch: 880 train_loss: 0.004364 val_loss: 0.708589 val_acc: 0.700000 test_loss: 0.723208 test_acc: 0.630000
Epoch: 890 train_loss: 0.004339 val_loss: 0.712604 val_acc: 0.700000 test_loss: 0.735482 test_acc: 0.620000
Epoch: 900 train_loss: 0.004335 val_loss: 0.717747 val_acc: 0.690000 test_loss: 0.721351 test_acc: 0.650000
Epoch: 910 train_loss: 0.004369 val_loss: 0.721478 val_acc: 0.740000 test_loss: 0.729633 test_acc: 0.600000
Epoch: 920 train_loss: 0.004333 val_loss: 0.731386 val_acc: 0.680000 test_loss: 0.729065 test_acc: 0.630000
Epoch: 930 train_loss: 0.004353 val_loss: 0.701862 val_acc: 0.710000 test_loss: 0.716747 test_acc: 0.630000
Epoch: 940 train_loss: 0.004335 val_loss: 0.725644 val_acc: 0.710000 test_loss: 0.723265 test_acc: 0.650000
Epoch: 950 train_loss: 0.004361 val_loss: 0.747013 val_acc: 0.640000 test_loss: 0.751818 test_acc: 0.650000
Epoch: 960 train_loss: 0.004977 val_loss: 0.660813 val_acc: 0.680000 test_loss: 0.632323 test_acc: 0.710000
Epoch: 970 train_loss: 0.004467 val_loss: 0.701584 val_acc: 0.730000 test_loss: 0.718523 test_acc: 0.620000
Epoch: 980 train_loss: 0.004419 val_loss: 0.726930 val_acc: 0.740000 test_loss: 0.715392 test_acc: 0.600000
Epoch: 990 train_loss: 0.004344 val_loss: 0.716306 val_acc: 0.710000 test_loss: 0.726092 test_acc: 0.620000
Fold: 3
Epoch: 000 train_loss: 0.006510 val_loss: 0.699331 val_acc: 0.470000 test_loss: 0.697030 test_acc: 0.520000
Epoch: 010 train_loss: 0.005379 val_loss: 0.641100 val_acc: 0.700000 test_loss: 0.618353 test_acc: 0.730000
Epoch: 020 train_loss: 0.005224 val_loss: 0.637069 val_acc: 0.660000 test_loss: 0.610788 test_acc: 0.770000
Epoch: 030 train_loss: 0.005172 val_loss: 0.640739 val_acc: 0.660000 test_loss: 0.613057 test_acc: 0.750000
Epoch: 040 train_loss: 0.005004 val_loss: 0.639052 val_acc: 0.710000 test_loss: 0.608771 test_acc: 0.750000
Epoch: 050 train_loss: 0.005063 val_loss: 0.645366 val_acc: 0.680000 test_loss: 0.599451 test_acc: 0.760000
Epoch: 060 train_loss: 0.004980 val_loss: 0.637546 val_acc: 0.720000 test_loss: 0.609055 test_acc: 0.760000
Epoch: 070 train_loss: 0.004887 val_loss: 0.684879 val_acc: 0.620000 test_loss: 0.623858 test_acc: 0.760000
Epoch: 080 train_loss: 0.004842 val_loss: 0.667295 val_acc: 0.640000 test_loss: 0.637238 test_acc: 0.710000
Epoch: 090 train_loss: 0.004741 val_loss: 0.660722 val_acc: 0.670000 test_loss: 0.629339 test_acc: 0.740000
Epoch: 100 train_loss: 0.004823 val_loss: 0.658279 val_acc: 0.670000 test_loss: 0.643010 test_acc: 0.730000
Epoch: 110 train_loss: 0.004713 val_loss: 0.710921 val_acc: 0.650000 test_loss: 0.664441 test_acc: 0.750000
Epoch: 120 train_loss: 0.004598 val_loss: 0.693978 val_acc: 0.630000 test_loss: 0.666842 test_acc: 0.730000
Epoch: 130 train_loss: 0.004641 val_loss: 0.667993 val_acc: 0.690000 test_loss: 0.629113 test_acc: 0.790000
Epoch: 140 train_loss: 0.004507 val_loss: 0.659820 val_acc: 0.700000 test_loss: 0.650959 test_acc: 0.700000
Epoch: 150 train_loss: 0.004511 val_loss: 0.713873 val_acc: 0.620000 test_loss: 0.663076 test_acc: 0.740000
Epoch: 160 train_loss: 0.004582 val_loss: 0.653597 val_acc: 0.690000 test_loss: 0.647202 test_acc: 0.760000
Epoch: 170 train_loss: 0.004491 val_loss: 0.752561 val_acc: 0.640000 test_loss: 0.681131 test_acc: 0.720000
Epoch: 180 train_loss: 0.004478 val_loss: 0.742809 val_acc: 0.640000 test_loss: 0.684398 test_acc: 0.700000
Epoch: 190 train_loss: 0.004517 val_loss: 0.719941 val_acc: 0.620000 test_loss: 0.668849 test_acc: 0.750000
Epoch: 200 train_loss: 0.004410 val_loss: 0.759496 val_acc: 0.630000 test_loss: 0.686615 test_acc: 0.750000
Epoch: 210 train_loss: 0.004408 val_loss: 0.739930 val_acc: 0.650000 test_loss: 0.684493 test_acc: 0.710000
Epoch: 220 train_loss: 0.004458 val_loss: 0.747183 val_acc: 0.620000 test_loss: 0.669649 test_acc: 0.770000
Epoch: 230 train_loss: 0.004378 val_loss: 0.742972 val_acc: 0.670000 test_loss: 0.672759 test_acc: 0.750000
Epoch: 240 train_loss: 0.004443 val_loss: 0.754572 val_acc: 0.650000 test_loss: 0.673252 test_acc: 0.710000
Epoch: 250 train_loss: 0.004373 val_loss: 0.771912 val_acc: 0.610000 test_loss: 0.704927 test_acc: 0.730000
Epoch: 260 train_loss: 0.004735 val_loss: 0.674281 val_acc: 0.660000 test_loss: 0.657906 test_acc: 0.740000
Epoch: 270 train_loss: 0.004470 val_loss: 0.726508 val_acc: 0.620000 test_loss: 0.650198 test_acc: 0.720000
Epoch: 280 train_loss: 0.004412 val_loss: 0.741148 val_acc: 0.640000 test_loss: 0.658842 test_acc: 0.750000
Epoch: 290 train_loss: 0.004387 val_loss: 0.742640 val_acc: 0.650000 test_loss: 0.656681 test_acc: 0.760000
Epoch: 300 train_loss: 0.004425 val_loss: 0.786070 val_acc: 0.630000 test_loss: 0.652970 test_acc: 0.760000
Epoch: 310 train_loss: 0.004395 val_loss: 0.780745 val_acc: 0.630000 test_loss: 0.675848 test_acc: 0.740000
Epoch: 320 train_loss: 0.004421 val_loss: 0.713262 val_acc: 0.650000 test_loss: 0.638522 test_acc: 0.770000
Epoch: 330 train_loss: 0.004361 val_loss: 0.769402 val_acc: 0.630000 test_loss: 0.672465 test_acc: 0.730000
Epoch: 340 train_loss: 0.004397 val_loss: 0.760687 val_acc: 0.620000 test_loss: 0.664099 test_acc: 0.770000
Epoch: 350 train_loss: 0.004437 val_loss: 0.817782 val_acc: 0.620000 test_loss: 0.727002 test_acc: 0.680000
Epoch: 360 train_loss: 0.004382 val_loss: 0.746099 val_acc: 0.620000 test_loss: 0.665799 test_acc: 0.750000
Epoch: 370 train_loss: 0.004331 val_loss: 0.741912 val_acc: 0.640000 test_loss: 0.682065 test_acc: 0.730000
Epoch: 380 train_loss: 0.004340 val_loss: 0.745308 val_acc: 0.650000 test_loss: 0.669192 test_acc: 0.770000
Epoch: 390 train_loss: 0.004315 val_loss: 0.739119 val_acc: 0.640000 test_loss: 0.660838 test_acc: 0.760000
Epoch: 400 train_loss: 0.004328 val_loss: 0.736585 val_acc: 0.640000 test_loss: 0.661927 test_acc: 0.780000
Epoch: 410 train_loss: 0.004317 val_loss: 0.758606 val_acc: 0.630000 test_loss: 0.661697 test_acc: 0.780000
Epoch: 420 train_loss: 0.004359 val_loss: 0.770704 val_acc: 0.620000 test_loss: 0.665169 test_acc: 0.760000
Epoch: 430 train_loss: 0.004492 val_loss: 0.687067 val_acc: 0.720000 test_loss: 0.667833 test_acc: 0.730000
Epoch: 440 train_loss: 0.004425 val_loss: 0.732496 val_acc: 0.620000 test_loss: 0.669975 test_acc: 0.750000
Epoch: 450 train_loss: 0.004396 val_loss: 0.763104 val_acc: 0.620000 test_loss: 0.684781 test_acc: 0.760000
Epoch: 460 train_loss: 0.004316 val_loss: 0.755168 val_acc: 0.630000 test_loss: 0.684335 test_acc: 0.760000
Epoch: 470 train_loss: 0.004345 val_loss: 0.772019 val_acc: 0.610000 test_loss: 0.676637 test_acc: 0.760000
Epoch: 480 train_loss: 0.004330 val_loss: 0.765485 val_acc: 0.620000 test_loss: 0.673421 test_acc: 0.760000
Epoch: 490 train_loss: 0.004356 val_loss: 0.761634 val_acc: 0.610000 test_loss: 0.682237 test_acc: 0.760000
Epoch: 500 train_loss: 0.004336 val_loss: 0.745817 val_acc: 0.630000 test_loss: 0.661705 test_acc: 0.770000
Epoch: 510 train_loss: 0.004323 val_loss: 0.748943 val_acc: 0.620000 test_loss: 0.679682 test_acc: 0.750000
Epoch: 520 train_loss: 0.004382 val_loss: 0.751972 val_acc: 0.610000 test_loss: 0.683363 test_acc: 0.780000
Epoch: 530 train_loss: 0.004339 val_loss: 0.750534 val_acc: 0.630000 test_loss: 0.671340 test_acc: 0.770000
Epoch: 540 train_loss: 0.004351 val_loss: 0.778093 val_acc: 0.620000 test_loss: 0.673786 test_acc: 0.780000
Epoch: 550 train_loss: 0.004381 val_loss: 0.766270 val_acc: 0.640000 test_loss: 0.677369 test_acc: 0.770000
Epoch: 560 train_loss: 0.004427 val_loss: 0.721431 val_acc: 0.650000 test_loss: 0.668360 test_acc: 0.750000
Epoch: 570 train_loss: 0.004381 val_loss: 0.702748 val_acc: 0.680000 test_loss: 0.664570 test_acc: 0.770000
Epoch: 580 train_loss: 0.004480 val_loss: 0.747683 val_acc: 0.640000 test_loss: 0.653515 test_acc: 0.740000
Epoch: 590 train_loss: 0.004550 val_loss: 0.747435 val_acc: 0.620000 test_loss: 0.705400 test_acc: 0.730000
Epoch: 600 train_loss: 0.004409 val_loss: 0.756070 val_acc: 0.620000 test_loss: 0.704138 test_acc: 0.730000
Epoch: 610 train_loss: 0.004349 val_loss: 0.756984 val_acc: 0.600000 test_loss: 0.690141 test_acc: 0.740000
Epoch: 620 train_loss: 0.004340 val_loss: 0.756771 val_acc: 0.590000 test_loss: 0.692150 test_acc: 0.760000
Epoch: 630 train_loss: 0.004348 val_loss: 0.764454 val_acc: 0.600000 test_loss: 0.698562 test_acc: 0.720000
Epoch: 640 train_loss: 0.004428 val_loss: 0.755785 val_acc: 0.630000 test_loss: 0.684255 test_acc: 0.750000
Epoch: 650 train_loss: 0.004340 val_loss: 0.765072 val_acc: 0.610000 test_loss: 0.689111 test_acc: 0.750000
Epoch: 660 train_loss: 0.004334 val_loss: 0.777739 val_acc: 0.630000 test_loss: 0.691414 test_acc: 0.760000
Epoch: 670 train_loss: 0.004348 val_loss: 0.752982 val_acc: 0.630000 test_loss: 0.672426 test_acc: 0.780000
Epoch: 680 train_loss: 0.004345 val_loss: 0.776452 val_acc: 0.610000 test_loss: 0.693165 test_acc: 0.750000
Epoch: 690 train_loss: 0.004337 val_loss: 0.775601 val_acc: 0.630000 test_loss: 0.696196 test_acc: 0.750000
Epoch: 700 train_loss: 0.004352 val_loss: 0.775975 val_acc: 0.610000 test_loss: 0.680308 test_acc: 0.760000
Epoch: 710 train_loss: 0.004301 val_loss: 0.769959 val_acc: 0.640000 test_loss: 0.682015 test_acc: 0.760000
Epoch: 720 train_loss: 0.004373 val_loss: 0.768064 val_acc: 0.600000 test_loss: 0.689711 test_acc: 0.760000
Epoch: 730 train_loss: 0.004305 val_loss: 0.773592 val_acc: 0.610000 test_loss: 0.688551 test_acc: 0.760000
Epoch: 740 train_loss: 0.004336 val_loss: 0.777183 val_acc: 0.600000 test_loss: 0.698077 test_acc: 0.760000
Epoch: 750 train_loss: 0.004331 val_loss: 0.778741 val_acc: 0.610000 test_loss: 0.699297 test_acc: 0.770000
Epoch: 760 train_loss: 0.004319 val_loss: 0.759484 val_acc: 0.610000 test_loss: 0.673272 test_acc: 0.790000
Epoch: 770 train_loss: 0.004305 val_loss: 0.751906 val_acc: 0.620000 test_loss: 0.664141 test_acc: 0.770000
Epoch: 780 train_loss: 0.004335 val_loss: 0.748246 val_acc: 0.600000 test_loss: 0.658163 test_acc: 0.790000
Epoch: 790 train_loss: 0.004436 val_loss: 0.727439 val_acc: 0.670000 test_loss: 0.679988 test_acc: 0.750000
Epoch: 800 train_loss: 0.004350 val_loss: 0.740114 val_acc: 0.640000 test_loss: 0.660939 test_acc: 0.770000
Epoch: 810 train_loss: 0.004347 val_loss: 0.756539 val_acc: 0.620000 test_loss: 0.672387 test_acc: 0.770000
Epoch: 820 train_loss: 0.004327 val_loss: 0.777346 val_acc: 0.630000 test_loss: 0.680651 test_acc: 0.750000
Epoch: 830 train_loss: 0.004323 val_loss: 0.772184 val_acc: 0.620000 test_loss: 0.662051 test_acc: 0.760000
Epoch: 840 train_loss: 0.004323 val_loss: 0.772436 val_acc: 0.620000 test_loss: 0.668086 test_acc: 0.780000
Epoch: 850 train_loss: 0.004343 val_loss: 0.756665 val_acc: 0.610000 test_loss: 0.664895 test_acc: 0.750000
Epoch: 860 train_loss: 0.004333 val_loss: 0.761434 val_acc: 0.630000 test_loss: 0.665180 test_acc: 0.770000
Epoch: 870 train_loss: 0.004400 val_loss: 0.748962 val_acc: 0.630000 test_loss: 0.653686 test_acc: 0.770000
Epoch: 880 train_loss: 0.004274 val_loss: 0.762680 val_acc: 0.620000 test_loss: 0.667649 test_acc: 0.780000
Epoch: 890 train_loss: 0.004285 val_loss: 0.757607 val_acc: 0.630000 test_loss: 0.665679 test_acc: 0.760000
Epoch: 900 train_loss: 0.004333 val_loss: 0.749167 val_acc: 0.610000 test_loss: 0.662885 test_acc: 0.770000
Epoch: 910 train_loss: 0.004348 val_loss: 0.767364 val_acc: 0.620000 test_loss: 0.664045 test_acc: 0.760000
Epoch: 920 train_loss: 0.004320 val_loss: 0.745211 val_acc: 0.610000 test_loss: 0.661532 test_acc: 0.770000
Epoch: 930 train_loss: 0.004318 val_loss: 0.771476 val_acc: 0.610000 test_loss: 0.682941 test_acc: 0.760000
Epoch: 940 train_loss: 0.004384 val_loss: 0.739530 val_acc: 0.630000 test_loss: 0.650157 test_acc: 0.780000
Epoch: 950 train_loss: 0.004352 val_loss: 0.756790 val_acc: 0.620000 test_loss: 0.663341 test_acc: 0.760000
Epoch: 960 train_loss: 0.004389 val_loss: 0.737235 val_acc: 0.640000 test_loss: 0.664181 test_acc: 0.760000
Epoch: 970 train_loss: 0.004320 val_loss: 0.754181 val_acc: 0.630000 test_loss: 0.664579 test_acc: 0.780000
Epoch: 980 train_loss: 0.004327 val_loss: 0.745222 val_acc: 0.620000 test_loss: 0.656469 test_acc: 0.780000
Epoch: 990 train_loss: 0.004354 val_loss: 0.744082 val_acc: 0.630000 test_loss: 0.665571 test_acc: 0.760000
Fold: 4
Epoch: 000 train_loss: 0.006333 val_loss: 0.693415 val_acc: 0.590000 test_loss: 0.696319 test_acc: 0.530000
Epoch: 010 train_loss: 0.005437 val_loss: 0.615245 val_acc: 0.770000 test_loss: 0.624702 test_acc: 0.770000
Epoch: 020 train_loss: 0.005264 val_loss: 0.618315 val_acc: 0.720000 test_loss: 0.596496 test_acc: 0.760000
Epoch: 030 train_loss: 0.005042 val_loss: 0.628068 val_acc: 0.710000 test_loss: 0.609957 test_acc: 0.770000
Epoch: 040 train_loss: 0.005039 val_loss: 0.616348 val_acc: 0.780000 test_loss: 0.639840 test_acc: 0.740000
Epoch: 050 train_loss: 0.004847 val_loss: 0.643631 val_acc: 0.690000 test_loss: 0.632739 test_acc: 0.750000
Epoch: 060 train_loss: 0.004916 val_loss: 0.656906 val_acc: 0.720000 test_loss: 0.637426 test_acc: 0.740000
Epoch: 070 train_loss: 0.004785 val_loss: 0.660334 val_acc: 0.710000 test_loss: 0.649432 test_acc: 0.750000
Epoch: 080 train_loss: 0.004800 val_loss: 0.671404 val_acc: 0.700000 test_loss: 0.650155 test_acc: 0.730000
