/home/dongrui/anaconda3/envs/dr/lib/python3.9/site-packages/torch_geometric/data/dataset.py:214: UserWarning: The `pre_transform` argument differs from the one used in the pre-processed version of this dataset. If you want to make use of another pre-processing technique, make sure to delete 'dataset/TUDataset/IMDB-BINARY/processed' first
  warnings.warn(
/home/dongrui/anaconda3/envs/dr/lib/python3.9/site-packages/torch_geometric/data/in_memory_dataset.py:284: UserWarning: It is not recommended to directly access the internal storage format `data` of an 'InMemoryDataset'. If you are absolutely certain what you are doing, access the internal storage via `InMemoryDataset._data` instead to suppress this warning. Alternatively, you can access stacked individual attributes of every graph via `dataset.{attr_name}`.
  warnings.warn(msg)
Namespace(device='cuda:3', dataset='IMDB-BINARY', in_size=136, num_classes=2, fusion_type='early', gcn_channels=3, gcn_hidden=64, gcn_layers=4, gcn_dropout=0.1, trans_num_layers=4, input_node_dim=136, hidden_node_dim=32, input_edge_dim=0, hidden_edge_dim=32, ouput_dim=None, n_heads=4, max_in_degree=5, max_out_degree=5, max_path_distance=5, hidden_dim=64, num_layers=4, num_features=136, num_heads=8, dropout=0.1, pos_encoding='gcn', att_dropout=0.1, d_k=64, d_v=64, pos_embed_type='s', alpha=0.5, num_fusion_layers=4, eta=0.4, lam1=0.2, lam2=0.2, theta1=0.1, theta2=0.4, theta3=0.4, loss_log=2, folds=10, lr=0.0001, weight_decay=0.0005, batch_size=128, epoches=1000, output_dim=2)
/home/dongrui/anaconda3/envs/dr/lib/python3.9/site-packages/torch_geometric/data/in_memory_dataset.py:284: UserWarning: It is not recommended to directly access the internal storage format `data` of an 'InMemoryDataset'. The given 'InMemoryDataset' only references a subset of examples of the full dataset, but 'data' will contain information of the full dataset. The data of the dataset is already cached, so any modifications to `data` will not be reflected when accessing its elements. Clearing the cache now by removing all elements in `dataset._data_list`. If you are absolutely certain what you are doing, access the internal storage via `InMemoryDataset._data` instead to suppress this warning. Alternatively, you can access stacked individual attributes of every graph via `dataset.{attr_name}`.
  warnings.warn(msg)
Fold: 0
Epoch: 000 train_loss: 0.006355 val_loss: 0.693434 val_acc: 0.560000 test_loss: 0.694230 test_acc: 0.600000
Epoch: 010 train_loss: 0.005372 val_loss: 0.627710 val_acc: 0.750000 test_loss: 0.631390 test_acc: 0.730000
Epoch: 020 train_loss: 0.005326 val_loss: 0.612838 val_acc: 0.750000 test_loss: 0.627956 test_acc: 0.780000
Epoch: 030 train_loss: 0.005114 val_loss: 0.660544 val_acc: 0.740000 test_loss: 0.658655 test_acc: 0.700000
Epoch: 040 train_loss: 0.004928 val_loss: 0.665426 val_acc: 0.730000 test_loss: 0.675484 test_acc: 0.740000
Epoch: 050 train_loss: 0.004994 val_loss: 0.654044 val_acc: 0.740000 test_loss: 0.691994 test_acc: 0.700000
Epoch: 060 train_loss: 0.004963 val_loss: 0.659207 val_acc: 0.690000 test_loss: 0.664992 test_acc: 0.720000
Epoch: 070 train_loss: 0.004785 val_loss: 0.683340 val_acc: 0.680000 test_loss: 0.706709 test_acc: 0.700000
Epoch: 080 train_loss: 0.004744 val_loss: 0.689007 val_acc: 0.670000 test_loss: 0.674722 test_acc: 0.710000
Epoch: 090 train_loss: 0.004768 val_loss: 0.638405 val_acc: 0.750000 test_loss: 0.661552 test_acc: 0.710000
Epoch: 100 train_loss: 0.004757 val_loss: 0.632277 val_acc: 0.790000 test_loss: 0.678602 test_acc: 0.720000
Epoch: 110 train_loss: 0.004779 val_loss: 0.693049 val_acc: 0.680000 test_loss: 0.678051 test_acc: 0.720000
Epoch: 120 train_loss: 0.004608 val_loss: 0.673230 val_acc: 0.770000 test_loss: 0.709436 test_acc: 0.720000
Epoch: 130 train_loss: 0.004509 val_loss: 0.713584 val_acc: 0.710000 test_loss: 0.687133 test_acc: 0.750000
Epoch: 140 train_loss: 0.004616 val_loss: 0.673565 val_acc: 0.710000 test_loss: 0.672397 test_acc: 0.710000
Epoch: 150 train_loss: 0.004504 val_loss: 0.687736 val_acc: 0.730000 test_loss: 0.726546 test_acc: 0.720000
Epoch: 160 train_loss: 0.004545 val_loss: 0.681786 val_acc: 0.730000 test_loss: 0.701312 test_acc: 0.730000
Epoch: 170 train_loss: 0.004551 val_loss: 0.683497 val_acc: 0.750000 test_loss: 0.700369 test_acc: 0.730000
Epoch: 180 train_loss: 0.004531 val_loss: 0.699948 val_acc: 0.710000 test_loss: 0.686279 test_acc: 0.750000
Epoch: 190 train_loss: 0.004571 val_loss: 0.664543 val_acc: 0.710000 test_loss: 0.680448 test_acc: 0.700000
Epoch: 200 train_loss: 0.004437 val_loss: 0.706023 val_acc: 0.730000 test_loss: 0.733051 test_acc: 0.700000
Epoch: 210 train_loss: 0.004431 val_loss: 0.698646 val_acc: 0.700000 test_loss: 0.737746 test_acc: 0.700000
Epoch: 220 train_loss: 0.004424 val_loss: 0.665879 val_acc: 0.760000 test_loss: 0.735722 test_acc: 0.700000
Epoch: 230 train_loss: 0.004436 val_loss: 0.685658 val_acc: 0.720000 test_loss: 0.723800 test_acc: 0.710000
Epoch: 240 train_loss: 0.004374 val_loss: 0.698872 val_acc: 0.710000 test_loss: 0.733182 test_acc: 0.700000
Epoch: 250 train_loss: 0.004385 val_loss: 0.674017 val_acc: 0.710000 test_loss: 0.716254 test_acc: 0.710000
Epoch: 260 train_loss: 0.004379 val_loss: 0.669127 val_acc: 0.730000 test_loss: 0.714057 test_acc: 0.710000
Epoch: 270 train_loss: 0.004403 val_loss: 0.698560 val_acc: 0.740000 test_loss: 0.724974 test_acc: 0.710000
Epoch: 280 train_loss: 0.004492 val_loss: 0.653124 val_acc: 0.710000 test_loss: 0.699661 test_acc: 0.710000
Epoch: 290 train_loss: 0.004443 val_loss: 0.666582 val_acc: 0.740000 test_loss: 0.693353 test_acc: 0.710000
Epoch: 300 train_loss: 0.004438 val_loss: 0.645603 val_acc: 0.770000 test_loss: 0.701927 test_acc: 0.710000
Epoch: 310 train_loss: 0.004385 val_loss: 0.677054 val_acc: 0.740000 test_loss: 0.706050 test_acc: 0.720000
Epoch: 320 train_loss: 0.004404 val_loss: 0.686391 val_acc: 0.730000 test_loss: 0.713709 test_acc: 0.710000
Epoch: 330 train_loss: 0.004397 val_loss: 0.676304 val_acc: 0.740000 test_loss: 0.707939 test_acc: 0.730000
Epoch: 340 train_loss: 0.004368 val_loss: 0.682611 val_acc: 0.750000 test_loss: 0.722975 test_acc: 0.710000
Epoch: 350 train_loss: 0.004409 val_loss: 0.671287 val_acc: 0.750000 test_loss: 0.713847 test_acc: 0.710000
Epoch: 360 train_loss: 0.004378 val_loss: 0.677695 val_acc: 0.740000 test_loss: 0.720690 test_acc: 0.700000
Epoch: 370 train_loss: 0.004392 val_loss: 0.701723 val_acc: 0.730000 test_loss: 0.741567 test_acc: 0.710000
Epoch: 380 train_loss: 0.004636 val_loss: 0.684405 val_acc: 0.720000 test_loss: 0.730553 test_acc: 0.690000
Epoch: 390 train_loss: 0.004551 val_loss: 0.651988 val_acc: 0.720000 test_loss: 0.660162 test_acc: 0.740000
Epoch: 400 train_loss: 0.004661 val_loss: 0.642991 val_acc: 0.770000 test_loss: 0.689732 test_acc: 0.690000
Epoch: 410 train_loss: 0.004471 val_loss: 0.676360 val_acc: 0.740000 test_loss: 0.659124 test_acc: 0.740000
Epoch: 420 train_loss: 0.004431 val_loss: 0.684496 val_acc: 0.720000 test_loss: 0.689756 test_acc: 0.740000
Epoch: 430 train_loss: 0.004428 val_loss: 0.683063 val_acc: 0.740000 test_loss: 0.686720 test_acc: 0.730000
Epoch: 440 train_loss: 0.004425 val_loss: 0.692245 val_acc: 0.730000 test_loss: 0.706634 test_acc: 0.720000
Epoch: 450 train_loss: 0.004472 val_loss: 0.689200 val_acc: 0.730000 test_loss: 0.688116 test_acc: 0.710000
Epoch: 460 train_loss: 0.004395 val_loss: 0.684112 val_acc: 0.730000 test_loss: 0.705264 test_acc: 0.710000
Epoch: 470 train_loss: 0.004576 val_loss: 0.659530 val_acc: 0.740000 test_loss: 0.725013 test_acc: 0.700000
Epoch: 480 train_loss: 0.004423 val_loss: 0.705001 val_acc: 0.720000 test_loss: 0.720380 test_acc: 0.720000
Epoch: 490 train_loss: 0.004419 val_loss: 0.711765 val_acc: 0.690000 test_loss: 0.706183 test_acc: 0.720000
Epoch: 500 train_loss: 0.004356 val_loss: 0.701049 val_acc: 0.710000 test_loss: 0.713615 test_acc: 0.730000
Epoch: 510 train_loss: 0.004370 val_loss: 0.699465 val_acc: 0.720000 test_loss: 0.723066 test_acc: 0.720000
Epoch: 520 train_loss: 0.004365 val_loss: 0.690217 val_acc: 0.730000 test_loss: 0.719599 test_acc: 0.710000
Epoch: 530 train_loss: 0.004400 val_loss: 0.667112 val_acc: 0.760000 test_loss: 0.720182 test_acc: 0.710000
Epoch: 540 train_loss: 0.004351 val_loss: 0.680359 val_acc: 0.730000 test_loss: 0.712244 test_acc: 0.710000
Epoch: 550 train_loss: 0.004353 val_loss: 0.682636 val_acc: 0.730000 test_loss: 0.717906 test_acc: 0.720000
Epoch: 560 train_loss: 0.004357 val_loss: 0.696808 val_acc: 0.730000 test_loss: 0.725339 test_acc: 0.720000
Epoch: 570 train_loss: 0.004384 val_loss: 0.692759 val_acc: 0.710000 test_loss: 0.733839 test_acc: 0.720000
Epoch: 580 train_loss: 0.004405 val_loss: 0.666147 val_acc: 0.720000 test_loss: 0.705101 test_acc: 0.720000
Epoch: 590 train_loss: 0.004372 val_loss: 0.678725 val_acc: 0.720000 test_loss: 0.706115 test_acc: 0.730000
Epoch: 600 train_loss: 0.004363 val_loss: 0.704572 val_acc: 0.710000 test_loss: 0.729724 test_acc: 0.720000
Epoch: 610 train_loss: 0.004426 val_loss: 0.676820 val_acc: 0.740000 test_loss: 0.709787 test_acc: 0.730000
Epoch: 620 train_loss: 0.004381 val_loss: 0.665843 val_acc: 0.740000 test_loss: 0.701957 test_acc: 0.710000
Epoch: 630 train_loss: 0.004352 val_loss: 0.689236 val_acc: 0.720000 test_loss: 0.712518 test_acc: 0.720000
Epoch: 640 train_loss: 0.004344 val_loss: 0.687226 val_acc: 0.720000 test_loss: 0.733878 test_acc: 0.730000
Epoch: 650 train_loss: 0.004395 val_loss: 0.678846 val_acc: 0.700000 test_loss: 0.711364 test_acc: 0.710000
Epoch: 660 train_loss: 0.004427 val_loss: 0.675430 val_acc: 0.720000 test_loss: 0.699122 test_acc: 0.730000
Epoch: 670 train_loss: 0.004374 val_loss: 0.681026 val_acc: 0.750000 test_loss: 0.697773 test_acc: 0.720000
Epoch: 680 train_loss: 0.004389 val_loss: 0.671171 val_acc: 0.720000 test_loss: 0.709224 test_acc: 0.710000
Epoch: 690 train_loss: 0.004366 val_loss: 0.691381 val_acc: 0.730000 test_loss: 0.732229 test_acc: 0.720000
Epoch: 700 train_loss: 0.004369 val_loss: 0.690311 val_acc: 0.720000 test_loss: 0.719292 test_acc: 0.720000
Epoch: 710 train_loss: 0.004377 val_loss: 0.694588 val_acc: 0.720000 test_loss: 0.714315 test_acc: 0.720000
Epoch: 720 train_loss: 0.004710 val_loss: 0.631526 val_acc: 0.760000 test_loss: 0.680169 test_acc: 0.720000
Epoch: 730 train_loss: 0.004886 val_loss: 0.628380 val_acc: 0.710000 test_loss: 0.629790 test_acc: 0.750000
Epoch: 740 train_loss: 0.004533 val_loss: 0.640012 val_acc: 0.730000 test_loss: 0.683819 test_acc: 0.710000
Epoch: 750 train_loss: 0.004515 val_loss: 0.640825 val_acc: 0.760000 test_loss: 0.660321 test_acc: 0.720000
Epoch: 760 train_loss: 0.004420 val_loss: 0.666973 val_acc: 0.730000 test_loss: 0.716668 test_acc: 0.720000
Epoch: 770 train_loss: 0.004779 val_loss: 0.644588 val_acc: 0.740000 test_loss: 0.672676 test_acc: 0.740000
Epoch: 780 train_loss: 0.004442 val_loss: 0.652746 val_acc: 0.740000 test_loss: 0.685137 test_acc: 0.730000
Epoch: 790 train_loss: 0.004427 val_loss: 0.657315 val_acc: 0.720000 test_loss: 0.683686 test_acc: 0.720000
Epoch: 800 train_loss: 0.004360 val_loss: 0.680642 val_acc: 0.720000 test_loss: 0.701577 test_acc: 0.730000
Epoch: 810 train_loss: 0.004383 val_loss: 0.681157 val_acc: 0.720000 test_loss: 0.704978 test_acc: 0.730000
Epoch: 820 train_loss: 0.004411 val_loss: 0.661042 val_acc: 0.700000 test_loss: 0.661379 test_acc: 0.720000
Epoch: 830 train_loss: 0.004357 val_loss: 0.667114 val_acc: 0.710000 test_loss: 0.697624 test_acc: 0.710000
Epoch: 840 train_loss: 0.004399 val_loss: 0.674015 val_acc: 0.700000 test_loss: 0.697024 test_acc: 0.720000
Epoch: 850 train_loss: 0.004357 val_loss: 0.666725 val_acc: 0.710000 test_loss: 0.706440 test_acc: 0.710000
Epoch: 860 train_loss: 0.004421 val_loss: 0.658582 val_acc: 0.730000 test_loss: 0.695164 test_acc: 0.720000
Epoch: 870 train_loss: 0.004341 val_loss: 0.679037 val_acc: 0.730000 test_loss: 0.703130 test_acc: 0.730000
Epoch: 880 train_loss: 0.004420 val_loss: 0.664687 val_acc: 0.730000 test_loss: 0.697892 test_acc: 0.720000
Epoch: 890 train_loss: 0.004382 val_loss: 0.674000 val_acc: 0.720000 test_loss: 0.710462 test_acc: 0.710000
Epoch: 900 train_loss: 0.004337 val_loss: 0.677424 val_acc: 0.710000 test_loss: 0.704373 test_acc: 0.710000
Epoch: 910 train_loss: 0.004378 val_loss: 0.673466 val_acc: 0.740000 test_loss: 0.699255 test_acc: 0.730000
Epoch: 920 train_loss: 0.004770 val_loss: 0.634955 val_acc: 0.720000 test_loss: 0.654115 test_acc: 0.740000
Epoch: 930 train_loss: 0.004481 val_loss: 0.669531 val_acc: 0.730000 test_loss: 0.710666 test_acc: 0.710000
Epoch: 940 train_loss: 0.004381 val_loss: 0.699027 val_acc: 0.690000 test_loss: 0.703405 test_acc: 0.720000
Epoch: 950 train_loss: 0.004560 val_loss: 0.653952 val_acc: 0.760000 test_loss: 0.681638 test_acc: 0.720000
Epoch: 960 train_loss: 0.004425 val_loss: 0.655261 val_acc: 0.740000 test_loss: 0.658718 test_acc: 0.750000
Epoch: 970 train_loss: 0.004414 val_loss: 0.667010 val_acc: 0.740000 test_loss: 0.677899 test_acc: 0.740000
Epoch: 980 train_loss: 0.004386 val_loss: 0.671750 val_acc: 0.740000 test_loss: 0.697631 test_acc: 0.720000
Epoch: 990 train_loss: 0.004363 val_loss: 0.659582 val_acc: 0.750000 test_loss: 0.701176 test_acc: 0.720000
Fold: 1
Epoch: 000 train_loss: 0.006477 val_loss: 0.691884 val_acc: 0.620000 test_loss: 0.689815 test_acc: 0.560000
Epoch: 010 train_loss: 0.005294 val_loss: 0.617589 val_acc: 0.720000 test_loss: 0.606194 test_acc: 0.760000
Epoch: 020 train_loss: 0.005276 val_loss: 0.601257 val_acc: 0.740000 test_loss: 0.602021 test_acc: 0.740000
Epoch: 030 train_loss: 0.005211 val_loss: 0.604490 val_acc: 0.720000 test_loss: 0.616339 test_acc: 0.740000
Epoch: 040 train_loss: 0.005002 val_loss: 0.612324 val_acc: 0.760000 test_loss: 0.622789 test_acc: 0.730000
Epoch: 050 train_loss: 0.005022 val_loss: 0.605570 val_acc: 0.750000 test_loss: 0.606795 test_acc: 0.730000
Epoch: 060 train_loss: 0.004836 val_loss: 0.604579 val_acc: 0.770000 test_loss: 0.614664 test_acc: 0.700000
Epoch: 070 train_loss: 0.004723 val_loss: 0.614757 val_acc: 0.720000 test_loss: 0.596294 test_acc: 0.750000
Epoch: 080 train_loss: 0.004690 val_loss: 0.622196 val_acc: 0.740000 test_loss: 0.598112 test_acc: 0.770000
Epoch: 090 train_loss: 0.004825 val_loss: 0.609336 val_acc: 0.750000 test_loss: 0.605861 test_acc: 0.760000
Epoch: 100 train_loss: 0.004690 val_loss: 0.623485 val_acc: 0.720000 test_loss: 0.616557 test_acc: 0.740000
Epoch: 110 train_loss: 0.004704 val_loss: 0.636808 val_acc: 0.720000 test_loss: 0.636336 test_acc: 0.690000
Epoch: 120 train_loss: 0.004626 val_loss: 0.650584 val_acc: 0.710000 test_loss: 0.634901 test_acc: 0.700000
Epoch: 130 train_loss: 0.004515 val_loss: 0.654237 val_acc: 0.740000 test_loss: 0.641439 test_acc: 0.730000
Epoch: 140 train_loss: 0.004530 val_loss: 0.667659 val_acc: 0.720000 test_loss: 0.651016 test_acc: 0.730000
Epoch: 150 train_loss: 0.004901 val_loss: 0.629790 val_acc: 0.710000 test_loss: 0.632525 test_acc: 0.720000
Epoch: 160 train_loss: 0.004531 val_loss: 0.676706 val_acc: 0.730000 test_loss: 0.640005 test_acc: 0.710000
Epoch: 170 train_loss: 0.004575 val_loss: 0.663190 val_acc: 0.720000 test_loss: 0.639584 test_acc: 0.720000
Epoch: 180 train_loss: 0.004496 val_loss: 0.668673 val_acc: 0.720000 test_loss: 0.634982 test_acc: 0.740000
Epoch: 190 train_loss: 0.004508 val_loss: 0.659885 val_acc: 0.720000 test_loss: 0.653123 test_acc: 0.690000
Epoch: 200 train_loss: 0.004578 val_loss: 0.668724 val_acc: 0.730000 test_loss: 0.605671 test_acc: 0.750000
Epoch: 210 train_loss: 0.004647 val_loss: 0.664627 val_acc: 0.720000 test_loss: 0.618530 test_acc: 0.750000
Epoch: 220 train_loss: 0.004452 val_loss: 0.670670 val_acc: 0.720000 test_loss: 0.618416 test_acc: 0.770000
Epoch: 230 train_loss: 0.004407 val_loss: 0.654823 val_acc: 0.730000 test_loss: 0.634044 test_acc: 0.760000
Epoch: 240 train_loss: 0.004395 val_loss: 0.669253 val_acc: 0.690000 test_loss: 0.625523 test_acc: 0.740000
Epoch: 250 train_loss: 0.004454 val_loss: 0.658548 val_acc: 0.700000 test_loss: 0.663080 test_acc: 0.710000
Epoch: 260 train_loss: 0.004434 val_loss: 0.680242 val_acc: 0.710000 test_loss: 0.635888 test_acc: 0.740000
Epoch: 270 train_loss: 0.004377 val_loss: 0.664277 val_acc: 0.730000 test_loss: 0.633900 test_acc: 0.760000
Epoch: 280 train_loss: 0.004389 val_loss: 0.672878 val_acc: 0.720000 test_loss: 0.649610 test_acc: 0.770000
Epoch: 290 train_loss: 0.004389 val_loss: 0.656256 val_acc: 0.740000 test_loss: 0.635157 test_acc: 0.760000
Epoch: 300 train_loss: 0.004390 val_loss: 0.660147 val_acc: 0.720000 test_loss: 0.638330 test_acc: 0.750000
Epoch: 310 train_loss: 0.004397 val_loss: 0.650074 val_acc: 0.740000 test_loss: 0.645826 test_acc: 0.750000
Epoch: 320 train_loss: 0.004413 val_loss: 0.672437 val_acc: 0.730000 test_loss: 0.632872 test_acc: 0.760000
Epoch: 330 train_loss: 0.004382 val_loss: 0.678353 val_acc: 0.730000 test_loss: 0.643988 test_acc: 0.750000
Epoch: 340 train_loss: 0.004403 val_loss: 0.671840 val_acc: 0.730000 test_loss: 0.662950 test_acc: 0.730000
Epoch: 350 train_loss: 0.004682 val_loss: 0.640230 val_acc: 0.740000 test_loss: 0.624655 test_acc: 0.740000
Epoch: 360 train_loss: 0.004588 val_loss: 0.683625 val_acc: 0.720000 test_loss: 0.665709 test_acc: 0.700000
Epoch: 370 train_loss: 0.004428 val_loss: 0.696229 val_acc: 0.730000 test_loss: 0.628121 test_acc: 0.740000
Epoch: 380 train_loss: 0.004387 val_loss: 0.653195 val_acc: 0.740000 test_loss: 0.651801 test_acc: 0.740000
Epoch: 390 train_loss: 0.004410 val_loss: 0.665776 val_acc: 0.720000 test_loss: 0.646078 test_acc: 0.740000
Epoch: 400 train_loss: 0.004356 val_loss: 0.657826 val_acc: 0.730000 test_loss: 0.656402 test_acc: 0.710000
Epoch: 410 train_loss: 0.004372 val_loss: 0.666591 val_acc: 0.730000 test_loss: 0.662290 test_acc: 0.750000
Epoch: 420 train_loss: 0.004417 val_loss: 0.672310 val_acc: 0.720000 test_loss: 0.639217 test_acc: 0.710000
Epoch: 430 train_loss: 0.004565 val_loss: 0.644048 val_acc: 0.730000 test_loss: 0.609949 test_acc: 0.770000
Epoch: 440 train_loss: 0.004466 val_loss: 0.664940 val_acc: 0.720000 test_loss: 0.648503 test_acc: 0.710000
Epoch: 450 train_loss: 0.004386 val_loss: 0.653930 val_acc: 0.720000 test_loss: 0.652519 test_acc: 0.730000
Epoch: 460 train_loss: 0.004718 val_loss: 0.632838 val_acc: 0.720000 test_loss: 0.631997 test_acc: 0.700000
Epoch: 470 train_loss: 0.004379 val_loss: 0.671493 val_acc: 0.730000 test_loss: 0.648011 test_acc: 0.750000
Epoch: 480 train_loss: 0.004378 val_loss: 0.673087 val_acc: 0.720000 test_loss: 0.647666 test_acc: 0.750000
Epoch: 490 train_loss: 0.004354 val_loss: 0.675695 val_acc: 0.700000 test_loss: 0.644568 test_acc: 0.750000
Epoch: 500 train_loss: 0.004407 val_loss: 0.677394 val_acc: 0.720000 test_loss: 0.656928 test_acc: 0.730000
Epoch: 510 train_loss: 0.004390 val_loss: 0.671250 val_acc: 0.720000 test_loss: 0.648017 test_acc: 0.770000
Epoch: 520 train_loss: 0.004359 val_loss: 0.676885 val_acc: 0.720000 test_loss: 0.654649 test_acc: 0.760000
Epoch: 530 train_loss: 0.004335 val_loss: 0.682143 val_acc: 0.690000 test_loss: 0.654300 test_acc: 0.740000
Epoch: 540 train_loss: 0.004354 val_loss: 0.691625 val_acc: 0.710000 test_loss: 0.650052 test_acc: 0.750000
Epoch: 550 train_loss: 0.004341 val_loss: 0.679061 val_acc: 0.710000 test_loss: 0.647283 test_acc: 0.760000
Epoch: 560 train_loss: 0.004368 val_loss: 0.679639 val_acc: 0.720000 test_loss: 0.653788 test_acc: 0.760000
Epoch: 570 train_loss: 0.004324 val_loss: 0.678070 val_acc: 0.720000 test_loss: 0.652990 test_acc: 0.780000
Epoch: 580 train_loss: 0.004330 val_loss: 0.683143 val_acc: 0.720000 test_loss: 0.654108 test_acc: 0.750000
Epoch: 590 train_loss: 0.004443 val_loss: 0.644662 val_acc: 0.740000 test_loss: 0.634517 test_acc: 0.770000
Epoch: 600 train_loss: 0.004525 val_loss: 0.649995 val_acc: 0.760000 test_loss: 0.635128 test_acc: 0.750000
Epoch: 610 train_loss: 0.004525 val_loss: 0.649994 val_acc: 0.730000 test_loss: 0.637455 test_acc: 0.740000
Epoch: 620 train_loss: 0.004428 val_loss: 0.656328 val_acc: 0.720000 test_loss: 0.657957 test_acc: 0.720000
Epoch: 630 train_loss: 0.004344 val_loss: 0.667882 val_acc: 0.730000 test_loss: 0.665192 test_acc: 0.760000
Epoch: 640 train_loss: 0.004356 val_loss: 0.672996 val_acc: 0.730000 test_loss: 0.658021 test_acc: 0.750000
Epoch: 650 train_loss: 0.004341 val_loss: 0.665557 val_acc: 0.730000 test_loss: 0.657303 test_acc: 0.780000
Epoch: 660 train_loss: 0.004358 val_loss: 0.665595 val_acc: 0.730000 test_loss: 0.651495 test_acc: 0.770000
Epoch: 670 train_loss: 0.004363 val_loss: 0.665048 val_acc: 0.720000 test_loss: 0.657194 test_acc: 0.720000
Epoch: 680 train_loss: 0.004403 val_loss: 0.664573 val_acc: 0.730000 test_loss: 0.649313 test_acc: 0.750000
Epoch: 690 train_loss: 0.004339 val_loss: 0.662293 val_acc: 0.740000 test_loss: 0.650239 test_acc: 0.750000
Epoch: 700 train_loss: 0.004332 val_loss: 0.667103 val_acc: 0.740000 test_loss: 0.653001 test_acc: 0.740000
Epoch: 710 train_loss: 0.004348 val_loss: 0.675417 val_acc: 0.730000 test_loss: 0.655735 test_acc: 0.750000
Epoch: 720 train_loss: 0.004370 val_loss: 0.677307 val_acc: 0.730000 test_loss: 0.656449 test_acc: 0.770000
Epoch: 730 train_loss: 0.004324 val_loss: 0.671273 val_acc: 0.720000 test_loss: 0.654221 test_acc: 0.760000
Epoch: 740 train_loss: 0.004885 val_loss: 0.617713 val_acc: 0.740000 test_loss: 0.640111 test_acc: 0.710000
Epoch: 750 train_loss: 0.004632 val_loss: 0.644784 val_acc: 0.730000 test_loss: 0.645214 test_acc: 0.730000
Epoch: 760 train_loss: 0.004382 val_loss: 0.687308 val_acc: 0.700000 test_loss: 0.666995 test_acc: 0.710000
Epoch: 770 train_loss: 0.004610 val_loss: 0.644105 val_acc: 0.720000 test_loss: 0.634756 test_acc: 0.740000
Epoch: 780 train_loss: 0.004392 val_loss: 0.661201 val_acc: 0.690000 test_loss: 0.648046 test_acc: 0.750000
Epoch: 790 train_loss: 0.004423 val_loss: 0.673514 val_acc: 0.710000 test_loss: 0.649606 test_acc: 0.770000
Epoch: 800 train_loss: 0.004341 val_loss: 0.660222 val_acc: 0.730000 test_loss: 0.653121 test_acc: 0.740000
Epoch: 810 train_loss: 0.004382 val_loss: 0.668583 val_acc: 0.710000 test_loss: 0.661853 test_acc: 0.720000
Epoch: 820 train_loss: 0.004365 val_loss: 0.674568 val_acc: 0.700000 test_loss: 0.660878 test_acc: 0.730000
Epoch: 830 train_loss: 0.004371 val_loss: 0.674805 val_acc: 0.720000 test_loss: 0.654127 test_acc: 0.730000
Epoch: 840 train_loss: 0.004357 val_loss: 0.665959 val_acc: 0.710000 test_loss: 0.658787 test_acc: 0.700000
Epoch: 850 train_loss: 0.004318 val_loss: 0.683094 val_acc: 0.690000 test_loss: 0.665051 test_acc: 0.720000
Epoch: 860 train_loss: 0.004319 val_loss: 0.680495 val_acc: 0.690000 test_loss: 0.663061 test_acc: 0.720000
Epoch: 870 train_loss: 0.004318 val_loss: 0.678297 val_acc: 0.720000 test_loss: 0.662825 test_acc: 0.690000
Epoch: 880 train_loss: 0.004361 val_loss: 0.674738 val_acc: 0.720000 test_loss: 0.663177 test_acc: 0.720000
Epoch: 890 train_loss: 0.004355 val_loss: 0.695124 val_acc: 0.700000 test_loss: 0.673678 test_acc: 0.730000
Epoch: 900 train_loss: 0.004375 val_loss: 0.693402 val_acc: 0.700000 test_loss: 0.667199 test_acc: 0.730000
Epoch: 910 train_loss: 0.004384 val_loss: 0.676134 val_acc: 0.700000 test_loss: 0.653543 test_acc: 0.720000
Epoch: 920 train_loss: 0.004363 val_loss: 0.688157 val_acc: 0.710000 test_loss: 0.662115 test_acc: 0.690000
Epoch: 930 train_loss: 0.004365 val_loss: 0.684864 val_acc: 0.700000 test_loss: 0.652688 test_acc: 0.750000
Epoch: 940 train_loss: 0.004371 val_loss: 0.691037 val_acc: 0.700000 test_loss: 0.661970 test_acc: 0.700000
Epoch: 950 train_loss: 0.004397 val_loss: 0.691941 val_acc: 0.700000 test_loss: 0.664073 test_acc: 0.700000
Epoch: 960 train_loss: 0.004376 val_loss: 0.693820 val_acc: 0.700000 test_loss: 0.662751 test_acc: 0.710000
Epoch: 970 train_loss: 0.004368 val_loss: 0.687063 val_acc: 0.720000 test_loss: 0.657765 test_acc: 0.720000
Epoch: 980 train_loss: 0.004364 val_loss: 0.686370 val_acc: 0.700000 test_loss: 0.657807 test_acc: 0.700000
Epoch: 990 train_loss: 0.004348 val_loss: 0.692647 val_acc: 0.700000 test_loss: 0.657880 test_acc: 0.730000
Fold: 2
Epoch: 000 train_loss: 0.007241 val_loss: 0.703754 val_acc: 0.520000 test_loss: 0.699515 test_acc: 0.460000
Epoch: 010 train_loss: 0.005393 val_loss: 0.623843 val_acc: 0.750000 test_loss: 0.651291 test_acc: 0.660000
Epoch: 020 train_loss: 0.005172 val_loss: 0.607444 val_acc: 0.750000 test_loss: 0.655136 test_acc: 0.640000
Epoch: 030 train_loss: 0.005059 val_loss: 0.641730 val_acc: 0.660000 test_loss: 0.659322 test_acc: 0.680000
Epoch: 040 train_loss: 0.004952 val_loss: 0.609761 val_acc: 0.750000 test_loss: 0.652717 test_acc: 0.640000
Epoch: 050 train_loss: 0.004880 val_loss: 0.634228 val_acc: 0.720000 test_loss: 0.668286 test_acc: 0.680000
Epoch: 060 train_loss: 0.004945 val_loss: 0.629182 val_acc: 0.680000 test_loss: 0.662936 test_acc: 0.670000
Epoch: 070 train_loss: 0.004769 val_loss: 0.624629 val_acc: 0.750000 test_loss: 0.687812 test_acc: 0.620000
Epoch: 080 train_loss: 0.004822 val_loss: 0.631916 val_acc: 0.690000 test_loss: 0.652851 test_acc: 0.680000
Epoch: 090 train_loss: 0.004661 val_loss: 0.641883 val_acc: 0.700000 test_loss: 0.682209 test_acc: 0.670000
Epoch: 100 train_loss: 0.004820 val_loss: 0.651779 val_acc: 0.690000 test_loss: 0.694197 test_acc: 0.640000
Epoch: 110 train_loss: 0.004682 val_loss: 0.648584 val_acc: 0.710000 test_loss: 0.692039 test_acc: 0.630000
Epoch: 120 train_loss: 0.004653 val_loss: 0.626473 val_acc: 0.730000 test_loss: 0.662166 test_acc: 0.680000
Epoch: 130 train_loss: 0.004648 val_loss: 0.670059 val_acc: 0.690000 test_loss: 0.687442 test_acc: 0.650000
Epoch: 140 train_loss: 0.004594 val_loss: 0.670403 val_acc: 0.710000 test_loss: 0.677733 test_acc: 0.690000
Epoch: 150 train_loss: 0.004647 val_loss: 0.651021 val_acc: 0.730000 test_loss: 0.681661 test_acc: 0.670000
Epoch: 160 train_loss: 0.004595 val_loss: 0.663735 val_acc: 0.710000 test_loss: 0.672974 test_acc: 0.710000
Epoch: 170 train_loss: 0.004592 val_loss: 0.654680 val_acc: 0.690000 test_loss: 0.658846 test_acc: 0.690000
Epoch: 180 train_loss: 0.004636 val_loss: 0.639295 val_acc: 0.730000 test_loss: 0.693580 test_acc: 0.670000
Epoch: 190 train_loss: 0.004475 val_loss: 0.656748 val_acc: 0.740000 test_loss: 0.709613 test_acc: 0.650000
Epoch: 200 train_loss: 0.004488 val_loss: 0.681251 val_acc: 0.710000 test_loss: 0.707275 test_acc: 0.640000
Epoch: 210 train_loss: 0.004938 val_loss: 0.641297 val_acc: 0.680000 test_loss: 0.671204 test_acc: 0.660000
Epoch: 220 train_loss: 0.004530 val_loss: 0.662304 val_acc: 0.710000 test_loss: 0.695804 test_acc: 0.640000
Epoch: 230 train_loss: 0.004732 val_loss: 0.633018 val_acc: 0.750000 test_loss: 0.686532 test_acc: 0.670000
Epoch: 240 train_loss: 0.004518 val_loss: 0.666574 val_acc: 0.700000 test_loss: 0.688382 test_acc: 0.660000
Epoch: 250 train_loss: 0.004461 val_loss: 0.666946 val_acc: 0.710000 test_loss: 0.698655 test_acc: 0.630000
Epoch: 260 train_loss: 0.004556 val_loss: 0.648708 val_acc: 0.700000 test_loss: 0.695622 test_acc: 0.660000
Epoch: 270 train_loss: 0.004482 val_loss: 0.674983 val_acc: 0.690000 test_loss: 0.699528 test_acc: 0.670000
Epoch: 280 train_loss: 0.004464 val_loss: 0.674892 val_acc: 0.720000 test_loss: 0.693020 test_acc: 0.660000
Epoch: 290 train_loss: 0.004417 val_loss: 0.673244 val_acc: 0.720000 test_loss: 0.718336 test_acc: 0.650000
Epoch: 300 train_loss: 0.004400 val_loss: 0.680136 val_acc: 0.760000 test_loss: 0.719257 test_acc: 0.630000
Epoch: 310 train_loss: 0.004483 val_loss: 0.665435 val_acc: 0.760000 test_loss: 0.677712 test_acc: 0.640000
Epoch: 320 train_loss: 0.004412 val_loss: 0.674304 val_acc: 0.750000 test_loss: 0.718433 test_acc: 0.650000
Epoch: 330 train_loss: 0.004566 val_loss: 0.692612 val_acc: 0.680000 test_loss: 0.672357 test_acc: 0.700000
Epoch: 340 train_loss: 0.004486 val_loss: 0.690340 val_acc: 0.710000 test_loss: 0.698599 test_acc: 0.690000
Epoch: 350 train_loss: 0.004369 val_loss: 0.672972 val_acc: 0.700000 test_loss: 0.712939 test_acc: 0.670000
Epoch: 360 train_loss: 0.004400 val_loss: 0.683857 val_acc: 0.700000 test_loss: 0.678904 test_acc: 0.720000
Epoch: 370 train_loss: 0.004482 val_loss: 0.706842 val_acc: 0.690000 test_loss: 0.678442 test_acc: 0.700000
Epoch: 380 train_loss: 0.004515 val_loss: 0.654836 val_acc: 0.730000 test_loss: 0.681750 test_acc: 0.710000
Epoch: 390 train_loss: 0.004379 val_loss: 0.683073 val_acc: 0.750000 test_loss: 0.716466 test_acc: 0.630000
Epoch: 400 train_loss: 0.004848 val_loss: 0.651589 val_acc: 0.710000 test_loss: 0.669017 test_acc: 0.650000
Epoch: 410 train_loss: 0.004502 val_loss: 0.658990 val_acc: 0.730000 test_loss: 0.681963 test_acc: 0.690000
Epoch: 420 train_loss: 0.004431 val_loss: 0.656144 val_acc: 0.740000 test_loss: 0.698489 test_acc: 0.650000
Epoch: 430 train_loss: 0.004704 val_loss: 0.651087 val_acc: 0.750000 test_loss: 0.711430 test_acc: 0.640000
Epoch: 440 train_loss: 0.004461 val_loss: 0.659769 val_acc: 0.730000 test_loss: 0.673713 test_acc: 0.650000
Epoch: 450 train_loss: 0.004385 val_loss: 0.666673 val_acc: 0.730000 test_loss: 0.670924 test_acc: 0.690000
Epoch: 460 train_loss: 0.004396 val_loss: 0.670569 val_acc: 0.730000 test_loss: 0.741307 test_acc: 0.640000
Epoch: 470 train_loss: 0.004364 val_loss: 0.680161 val_acc: 0.720000 test_loss: 0.672486 test_acc: 0.700000
Epoch: 480 train_loss: 0.004372 val_loss: 0.677939 val_acc: 0.730000 test_loss: 0.683907 test_acc: 0.660000
Epoch: 490 train_loss: 0.004370 val_loss: 0.687374 val_acc: 0.730000 test_loss: 0.678785 test_acc: 0.670000
Epoch: 500 train_loss: 0.004526 val_loss: 0.660593 val_acc: 0.730000 test_loss: 0.702166 test_acc: 0.670000
Epoch: 510 train_loss: 0.004363 val_loss: 0.675224 val_acc: 0.720000 test_loss: 0.683176 test_acc: 0.680000
Epoch: 520 train_loss: 0.004367 val_loss: 0.685721 val_acc: 0.750000 test_loss: 0.695336 test_acc: 0.660000
Epoch: 530 train_loss: 0.004406 val_loss: 0.679278 val_acc: 0.740000 test_loss: 0.709979 test_acc: 0.660000
Epoch: 540 train_loss: 0.004354 val_loss: 0.682936 val_acc: 0.730000 test_loss: 0.679432 test_acc: 0.670000
Epoch: 550 train_loss: 0.004319 val_loss: 0.685633 val_acc: 0.730000 test_loss: 0.690792 test_acc: 0.680000
Epoch: 560 train_loss: 0.004409 val_loss: 0.678556 val_acc: 0.730000 test_loss: 0.688281 test_acc: 0.670000
Epoch: 570 train_loss: 0.004361 val_loss: 0.671157 val_acc: 0.770000 test_loss: 0.683221 test_acc: 0.680000
Epoch: 580 train_loss: 0.004333 val_loss: 0.686155 val_acc: 0.740000 test_loss: 0.689102 test_acc: 0.700000
Epoch: 590 train_loss: 0.004342 val_loss: 0.678193 val_acc: 0.740000 test_loss: 0.693935 test_acc: 0.670000
Epoch: 600 train_loss: 0.004359 val_loss: 0.686906 val_acc: 0.740000 test_loss: 0.694679 test_acc: 0.670000
Epoch: 610 train_loss: 0.004364 val_loss: 0.681280 val_acc: 0.730000 test_loss: 0.672593 test_acc: 0.710000
Epoch: 620 train_loss: 0.004341 val_loss: 0.681896 val_acc: 0.750000 test_loss: 0.697878 test_acc: 0.660000
Epoch: 630 train_loss: 0.004352 val_loss: 0.675570 val_acc: 0.750000 test_loss: 0.695889 test_acc: 0.660000
Epoch: 640 train_loss: 0.004480 val_loss: 0.661970 val_acc: 0.750000 test_loss: 0.707413 test_acc: 0.640000
Epoch: 650 train_loss: 0.004574 val_loss: 0.667944 val_acc: 0.730000 test_loss: 0.722076 test_acc: 0.630000
Epoch: 660 train_loss: 0.004387 val_loss: 0.655389 val_acc: 0.710000 test_loss: 0.692284 test_acc: 0.710000
Epoch: 670 train_loss: 0.004592 val_loss: 0.667821 val_acc: 0.670000 test_loss: 0.659901 test_acc: 0.700000
Epoch: 680 train_loss: 0.004409 val_loss: 0.707333 val_acc: 0.690000 test_loss: 0.689505 test_acc: 0.650000
Epoch: 690 train_loss: 0.004390 val_loss: 0.697290 val_acc: 0.750000 test_loss: 0.739401 test_acc: 0.630000
Epoch: 700 train_loss: 0.004379 val_loss: 0.663087 val_acc: 0.740000 test_loss: 0.725359 test_acc: 0.640000
Epoch: 710 train_loss: 0.004351 val_loss: 0.675981 val_acc: 0.720000 test_loss: 0.726620 test_acc: 0.650000
Epoch: 720 train_loss: 0.004366 val_loss: 0.677962 val_acc: 0.710000 test_loss: 0.731846 test_acc: 0.660000
Epoch: 730 train_loss: 0.004386 val_loss: 0.681513 val_acc: 0.710000 test_loss: 0.727591 test_acc: 0.650000
Epoch: 740 train_loss: 0.004353 val_loss: 0.683513 val_acc: 0.700000 test_loss: 0.719911 test_acc: 0.650000
Epoch: 750 train_loss: 0.004357 val_loss: 0.679250 val_acc: 0.710000 test_loss: 0.707989 test_acc: 0.660000
Epoch: 760 train_loss: 0.004493 val_loss: 0.685643 val_acc: 0.690000 test_loss: 0.717855 test_acc: 0.640000
Epoch: 770 train_loss: 0.004450 val_loss: 0.693690 val_acc: 0.700000 test_loss: 0.674095 test_acc: 0.690000
Epoch: 780 train_loss: 0.004365 val_loss: 0.678191 val_acc: 0.710000 test_loss: 0.713725 test_acc: 0.640000
Epoch: 790 train_loss: 0.004366 val_loss: 0.679845 val_acc: 0.740000 test_loss: 0.694753 test_acc: 0.670000
Epoch: 800 train_loss: 0.004309 val_loss: 0.688391 val_acc: 0.730000 test_loss: 0.710524 test_acc: 0.660000
Epoch: 810 train_loss: 0.004370 val_loss: 0.683633 val_acc: 0.710000 test_loss: 0.704228 test_acc: 0.700000
Epoch: 820 train_loss: 0.004383 val_loss: 0.686486 val_acc: 0.710000 test_loss: 0.707116 test_acc: 0.680000
Epoch: 830 train_loss: 0.004323 val_loss: 0.675636 val_acc: 0.720000 test_loss: 0.710628 test_acc: 0.660000
Epoch: 840 train_loss: 0.004328 val_loss: 0.691757 val_acc: 0.730000 test_loss: 0.704014 test_acc: 0.680000
Epoch: 850 train_loss: 0.004347 val_loss: 0.679833 val_acc: 0.710000 test_loss: 0.700902 test_acc: 0.690000
Epoch: 860 train_loss: 0.004359 val_loss: 0.685749 val_acc: 0.720000 test_loss: 0.707302 test_acc: 0.670000
Epoch: 870 train_loss: 0.004409 val_loss: 0.694324 val_acc: 0.740000 test_loss: 0.688537 test_acc: 0.700000
Epoch: 880 train_loss: 0.004804 val_loss: 0.622029 val_acc: 0.760000 test_loss: 0.628176 test_acc: 0.700000
Epoch: 890 train_loss: 0.004519 val_loss: 0.670516 val_acc: 0.720000 test_loss: 0.657736 test_acc: 0.710000
Epoch: 900 train_loss: 0.004715 val_loss: 0.690342 val_acc: 0.710000 test_loss: 0.695944 test_acc: 0.660000
Epoch: 910 train_loss: 0.004418 val_loss: 0.687886 val_acc: 0.760000 test_loss: 0.706705 test_acc: 0.640000
Epoch: 920 train_loss: 0.004340 val_loss: 0.688869 val_acc: 0.720000 test_loss: 0.706036 test_acc: 0.680000
Epoch: 930 train_loss: 0.004354 val_loss: 0.679428 val_acc: 0.750000 test_loss: 0.693935 test_acc: 0.680000
Epoch: 940 train_loss: 0.004337 val_loss: 0.686278 val_acc: 0.730000 test_loss: 0.690557 test_acc: 0.680000
Epoch: 950 train_loss: 0.004336 val_loss: 0.687671 val_acc: 0.730000 test_loss: 0.705463 test_acc: 0.660000
Epoch: 960 train_loss: 0.004349 val_loss: 0.687069 val_acc: 0.720000 test_loss: 0.694400 test_acc: 0.700000
Epoch: 970 train_loss: 0.004365 val_loss: 0.678410 val_acc: 0.750000 test_loss: 0.694233 test_acc: 0.680000
Epoch: 980 train_loss: 0.004400 val_loss: 0.690378 val_acc: 0.720000 test_loss: 0.699866 test_acc: 0.680000
Epoch: 990 train_loss: 0.004322 val_loss: 0.683356 val_acc: 0.720000 test_loss: 0.707861 test_acc: 0.680000
Fold: 3
Epoch: 000 train_loss: 0.006967 val_loss: 0.703925 val_acc: 0.460000 test_loss: 0.698744 test_acc: 0.510000
Epoch: 010 train_loss: 0.005380 val_loss: 0.639617 val_acc: 0.680000 test_loss: 0.608924 test_acc: 0.760000
Epoch: 020 train_loss: 0.005176 val_loss: 0.634636 val_acc: 0.660000 test_loss: 0.600757 test_acc: 0.790000
Epoch: 030 train_loss: 0.005115 val_loss: 0.629443 val_acc: 0.690000 test_loss: 0.595194 test_acc: 0.780000
Epoch: 040 train_loss: 0.005003 val_loss: 0.626900 val_acc: 0.730000 test_loss: 0.601300 test_acc: 0.760000
Epoch: 050 train_loss: 0.005038 val_loss: 0.632240 val_acc: 0.710000 test_loss: 0.599259 test_acc: 0.750000
Epoch: 060 train_loss: 0.004925 val_loss: 0.621390 val_acc: 0.750000 test_loss: 0.604368 test_acc: 0.750000
Epoch: 070 train_loss: 0.004915 val_loss: 0.680803 val_acc: 0.640000 test_loss: 0.627804 test_acc: 0.700000
Epoch: 080 train_loss: 0.004987 val_loss: 0.639467 val_acc: 0.710000 test_loss: 0.602062 test_acc: 0.740000
Epoch: 090 train_loss: 0.004715 val_loss: 0.633373 val_acc: 0.730000 test_loss: 0.614152 test_acc: 0.750000
Epoch: 100 train_loss: 0.004852 val_loss: 0.648965 val_acc: 0.710000 test_loss: 0.620895 test_acc: 0.760000
Epoch: 110 train_loss: 0.004683 val_loss: 0.653799 val_acc: 0.670000 test_loss: 0.623836 test_acc: 0.740000
Epoch: 120 train_loss: 0.004629 val_loss: 0.655864 val_acc: 0.680000 test_loss: 0.636537 test_acc: 0.760000
Epoch: 130 train_loss: 0.004610 val_loss: 0.659856 val_acc: 0.690000 test_loss: 0.632877 test_acc: 0.760000
Epoch: 140 train_loss: 0.004583 val_loss: 0.672032 val_acc: 0.680000 test_loss: 0.636899 test_acc: 0.770000
Epoch: 150 train_loss: 0.004555 val_loss: 0.668758 val_acc: 0.700000 test_loss: 0.685675 test_acc: 0.700000
Epoch: 160 train_loss: 0.004532 val_loss: 0.659936 val_acc: 0.710000 test_loss: 0.659931 test_acc: 0.740000
Epoch: 170 train_loss: 0.004499 val_loss: 0.682202 val_acc: 0.650000 test_loss: 0.682477 test_acc: 0.740000
Epoch: 180 train_loss: 0.004449 val_loss: 0.692110 val_acc: 0.690000 test_loss: 0.689403 test_acc: 0.730000
Epoch: 190 train_loss: 0.004500 val_loss: 0.655386 val_acc: 0.720000 test_loss: 0.667071 test_acc: 0.740000
Epoch: 200 train_loss: 0.004430 val_loss: 0.677981 val_acc: 0.720000 test_loss: 0.703615 test_acc: 0.760000
Epoch: 210 train_loss: 0.004426 val_loss: 0.665804 val_acc: 0.730000 test_loss: 0.687567 test_acc: 0.740000
Epoch: 220 train_loss: 0.004490 val_loss: 0.670485 val_acc: 0.700000 test_loss: 0.671329 test_acc: 0.730000
Epoch: 230 train_loss: 0.004408 val_loss: 0.667638 val_acc: 0.710000 test_loss: 0.680737 test_acc: 0.750000
Epoch: 240 train_loss: 0.004518 val_loss: 0.656931 val_acc: 0.690000 test_loss: 0.676528 test_acc: 0.740000
Epoch: 250 train_loss: 0.004540 val_loss: 0.636591 val_acc: 0.730000 test_loss: 0.659044 test_acc: 0.740000
Epoch: 260 train_loss: 0.004519 val_loss: 0.722804 val_acc: 0.630000 test_loss: 0.708855 test_acc: 0.740000
Epoch: 270 train_loss: 0.004447 val_loss: 0.673252 val_acc: 0.700000 test_loss: 0.662800 test_acc: 0.730000
Epoch: 280 train_loss: 0.004378 val_loss: 0.677339 val_acc: 0.700000 test_loss: 0.678973 test_acc: 0.740000
Epoch: 290 train_loss: 0.004372 val_loss: 0.665566 val_acc: 0.690000 test_loss: 0.704106 test_acc: 0.750000
Epoch: 300 train_loss: 0.004399 val_loss: 0.680227 val_acc: 0.670000 test_loss: 0.687952 test_acc: 0.760000
Epoch: 310 train_loss: 0.004356 val_loss: 0.687361 val_acc: 0.690000 test_loss: 0.708993 test_acc: 0.730000
Epoch: 320 train_loss: 0.004399 val_loss: 0.676644 val_acc: 0.690000 test_loss: 0.667728 test_acc: 0.760000
Epoch: 330 train_loss: 0.004357 val_loss: 0.671655 val_acc: 0.700000 test_loss: 0.668932 test_acc: 0.760000
Epoch: 340 train_loss: 0.004404 val_loss: 0.683382 val_acc: 0.690000 test_loss: 0.693399 test_acc: 0.760000
Epoch: 350 train_loss: 0.004390 val_loss: 0.674402 val_acc: 0.700000 test_loss: 0.682419 test_acc: 0.750000
Epoch: 360 train_loss: 0.004395 val_loss: 0.727493 val_acc: 0.670000 test_loss: 0.686942 test_acc: 0.760000
Epoch: 370 train_loss: 0.004325 val_loss: 0.668394 val_acc: 0.680000 test_loss: 0.684649 test_acc: 0.750000
Epoch: 380 train_loss: 0.004353 val_loss: 0.681285 val_acc: 0.700000 test_loss: 0.688963 test_acc: 0.760000
Epoch: 390 train_loss: 0.004307 val_loss: 0.683299 val_acc: 0.700000 test_loss: 0.681725 test_acc: 0.760000
Epoch: 400 train_loss: 0.004320 val_loss: 0.681933 val_acc: 0.720000 test_loss: 0.684996 test_acc: 0.750000
Epoch: 410 train_loss: 0.004310 val_loss: 0.693875 val_acc: 0.660000 test_loss: 0.683569 test_acc: 0.760000
Epoch: 420 train_loss: 0.004367 val_loss: 0.673809 val_acc: 0.690000 test_loss: 0.682845 test_acc: 0.750000
Epoch: 430 train_loss: 0.004345 val_loss: 0.667964 val_acc: 0.720000 test_loss: 0.679641 test_acc: 0.760000
Epoch: 440 train_loss: 0.004318 val_loss: 0.673290 val_acc: 0.710000 test_loss: 0.705580 test_acc: 0.720000
Epoch: 450 train_loss: 0.004546 val_loss: 0.688925 val_acc: 0.690000 test_loss: 0.701272 test_acc: 0.690000
Epoch: 460 train_loss: 0.004445 val_loss: 0.702976 val_acc: 0.710000 test_loss: 0.675786 test_acc: 0.730000
Epoch: 470 train_loss: 0.004494 val_loss: 0.655984 val_acc: 0.710000 test_loss: 0.658987 test_acc: 0.750000
Epoch: 480 train_loss: 0.004352 val_loss: 0.692916 val_acc: 0.660000 test_loss: 0.677840 test_acc: 0.760000
Epoch: 490 train_loss: 0.004450 val_loss: 0.663308 val_acc: 0.700000 test_loss: 0.712854 test_acc: 0.710000
Epoch: 500 train_loss: 0.004378 val_loss: 0.651599 val_acc: 0.700000 test_loss: 0.661162 test_acc: 0.750000
Epoch: 510 train_loss: 0.004331 val_loss: 0.652023 val_acc: 0.720000 test_loss: 0.692778 test_acc: 0.750000
Epoch: 520 train_loss: 0.004391 val_loss: 0.658215 val_acc: 0.710000 test_loss: 0.688911 test_acc: 0.760000
Epoch: 530 train_loss: 0.004335 val_loss: 0.657257 val_acc: 0.740000 test_loss: 0.676389 test_acc: 0.740000
Epoch: 540 train_loss: 0.004349 val_loss: 0.661024 val_acc: 0.720000 test_loss: 0.692478 test_acc: 0.750000
Epoch: 550 train_loss: 0.004381 val_loss: 0.651627 val_acc: 0.720000 test_loss: 0.680440 test_acc: 0.730000
Epoch: 560 train_loss: 0.004381 val_loss: 0.671505 val_acc: 0.710000 test_loss: 0.689883 test_acc: 0.730000
Epoch: 570 train_loss: 0.004324 val_loss: 0.664796 val_acc: 0.730000 test_loss: 0.681846 test_acc: 0.740000
Epoch: 580 train_loss: 0.004328 val_loss: 0.674456 val_acc: 0.700000 test_loss: 0.690536 test_acc: 0.760000
Epoch: 590 train_loss: 0.004367 val_loss: 0.669191 val_acc: 0.690000 test_loss: 0.685107 test_acc: 0.750000
Epoch: 600 train_loss: 0.004323 val_loss: 0.677824 val_acc: 0.720000 test_loss: 0.684857 test_acc: 0.730000
Epoch: 610 train_loss: 0.004425 val_loss: 0.639064 val_acc: 0.700000 test_loss: 0.694084 test_acc: 0.750000
Epoch: 620 train_loss: 0.004321 val_loss: 0.663851 val_acc: 0.700000 test_loss: 0.695986 test_acc: 0.750000
Epoch: 630 train_loss: 0.004789 val_loss: 0.639727 val_acc: 0.670000 test_loss: 0.641920 test_acc: 0.750000
Epoch: 640 train_loss: 0.004496 val_loss: 0.649532 val_acc: 0.680000 test_loss: 0.656289 test_acc: 0.720000
Epoch: 650 train_loss: 0.004342 val_loss: 0.669397 val_acc: 0.670000 test_loss: 0.692330 test_acc: 0.730000
Epoch: 660 train_loss: 0.004347 val_loss: 0.663108 val_acc: 0.700000 test_loss: 0.689880 test_acc: 0.750000
Epoch: 670 train_loss: 0.004338 val_loss: 0.670758 val_acc: 0.700000 test_loss: 0.690425 test_acc: 0.750000
Epoch: 680 train_loss: 0.004399 val_loss: 0.677998 val_acc: 0.680000 test_loss: 0.694704 test_acc: 0.740000
Epoch: 690 train_loss: 0.004344 val_loss: 0.674802 val_acc: 0.690000 test_loss: 0.702760 test_acc: 0.740000
Epoch: 700 train_loss: 0.004359 val_loss: 0.671131 val_acc: 0.690000 test_loss: 0.696669 test_acc: 0.760000
Epoch: 710 train_loss: 0.004301 val_loss: 0.657388 val_acc: 0.700000 test_loss: 0.691301 test_acc: 0.750000
Epoch: 720 train_loss: 0.004408 val_loss: 0.669992 val_acc: 0.710000 test_loss: 0.698519 test_acc: 0.720000
Epoch: 730 train_loss: 0.004291 val_loss: 0.688451 val_acc: 0.680000 test_loss: 0.701369 test_acc: 0.740000
Epoch: 740 train_loss: 0.004367 val_loss: 0.692296 val_acc: 0.690000 test_loss: 0.692973 test_acc: 0.740000
Epoch: 750 train_loss: 0.004338 val_loss: 0.706420 val_acc: 0.660000 test_loss: 0.709264 test_acc: 0.760000
Epoch: 760 train_loss: 0.004317 val_loss: 0.656270 val_acc: 0.680000 test_loss: 0.671104 test_acc: 0.760000
Epoch: 770 train_loss: 0.004300 val_loss: 0.668295 val_acc: 0.690000 test_loss: 0.692849 test_acc: 0.740000
Epoch: 780 train_loss: 0.004322 val_loss: 0.667752 val_acc: 0.700000 test_loss: 0.686062 test_acc: 0.740000
Epoch: 790 train_loss: 0.004316 val_loss: 0.656866 val_acc: 0.700000 test_loss: 0.679417 test_acc: 0.750000
Epoch: 800 train_loss: 0.004300 val_loss: 0.670803 val_acc: 0.700000 test_loss: 0.699786 test_acc: 0.750000
Epoch: 810 train_loss: 0.004329 val_loss: 0.666147 val_acc: 0.690000 test_loss: 0.694913 test_acc: 0.760000
Epoch: 820 train_loss: 0.004318 val_loss: 0.679127 val_acc: 0.710000 test_loss: 0.706776 test_acc: 0.750000
Epoch: 830 train_loss: 0.004321 val_loss: 0.651614 val_acc: 0.710000 test_loss: 0.687031 test_acc: 0.750000
Epoch: 840 train_loss: 0.004319 val_loss: 0.662194 val_acc: 0.690000 test_loss: 0.700640 test_acc: 0.740000
Epoch: 850 train_loss: 0.004345 val_loss: 0.669001 val_acc: 0.710000 test_loss: 0.709834 test_acc: 0.750000
Epoch: 860 train_loss: 0.004327 val_loss: 0.682721 val_acc: 0.690000 test_loss: 0.713373 test_acc: 0.740000
Epoch: 870 train_loss: 0.004394 val_loss: 0.675478 val_acc: 0.680000 test_loss: 0.715653 test_acc: 0.730000
Epoch: 880 train_loss: 0.004677 val_loss: 0.635797 val_acc: 0.680000 test_loss: 0.669339 test_acc: 0.720000
Epoch: 890 train_loss: 0.004621 val_loss: 0.646225 val_acc: 0.720000 test_loss: 0.665403 test_acc: 0.710000
Epoch: 900 train_loss: 0.004458 val_loss: 0.677281 val_acc: 0.690000 test_loss: 0.691847 test_acc: 0.710000
Epoch: 910 train_loss: 0.004427 val_loss: 0.681494 val_acc: 0.680000 test_loss: 0.719142 test_acc: 0.730000
Epoch: 920 train_loss: 0.004546 val_loss: 0.639044 val_acc: 0.700000 test_loss: 0.703249 test_acc: 0.750000
Epoch: 930 train_loss: 0.004350 val_loss: 0.681924 val_acc: 0.700000 test_loss: 0.694542 test_acc: 0.760000
Epoch: 940 train_loss: 0.004400 val_loss: 0.666906 val_acc: 0.690000 test_loss: 0.720808 test_acc: 0.740000
Epoch: 950 train_loss: 0.004364 val_loss: 0.659376 val_acc: 0.700000 test_loss: 0.716805 test_acc: 0.750000
Epoch: 960 train_loss: 0.004391 val_loss: 0.677134 val_acc: 0.680000 test_loss: 0.725471 test_acc: 0.750000
Epoch: 970 train_loss: 0.004323 val_loss: 0.659571 val_acc: 0.710000 test_loss: 0.718654 test_acc: 0.740000
Epoch: 980 train_loss: 0.004325 val_loss: 0.665882 val_acc: 0.680000 test_loss: 0.717884 test_acc: 0.770000
Epoch: 990 train_loss: 0.004390 val_loss: 0.674395 val_acc: 0.690000 test_loss: 0.688850 test_acc: 0.740000
Fold: 4
Epoch: 000 train_loss: 0.006234 val_loss: 0.681794 val_acc: 0.680000 test_loss: 0.688271 test_acc: 0.660000
Epoch: 010 train_loss: 0.005368 val_loss: 0.619312 val_acc: 0.750000 test_loss: 0.610371 test_acc: 0.790000
Epoch: 020 train_loss: 0.005213 val_loss: 0.613232 val_acc: 0.760000 test_loss: 0.594725 test_acc: 0.770000
Epoch: 030 train_loss: 0.004992 val_loss: 0.627500 val_acc: 0.730000 test_loss: 0.609787 test_acc: 0.720000
Epoch: 040 train_loss: 0.004831 val_loss: 0.637900 val_acc: 0.720000 test_loss: 0.617397 test_acc: 0.740000
Epoch: 050 train_loss: 0.004993 val_loss: 0.644949 val_acc: 0.710000 test_loss: 0.632851 test_acc: 0.730000
Epoch: 060 train_loss: 0.004752 val_loss: 0.653232 val_acc: 0.680000 test_loss: 0.635717 test_acc: 0.730000
Epoch: 070 train_loss: 0.004767 val_loss: 0.678518 val_acc: 0.680000 test_loss: 0.637132 test_acc: 0.720000
Epoch: 080 train_loss: 0.004707 val_loss: 0.677881 val_acc: 0.710000 test_loss: 0.639246 test_acc: 0.740000
Epoch: 090 train_loss: 0.004610 val_loss: 0.695719 val_acc: 0.700000 test_loss: 0.656378 test_acc: 0.750000
Epoch: 100 train_loss: 0.004585 val_loss: 0.715841 val_acc: 0.670000 test_loss: 0.664622 test_acc: 0.730000
