Downloading https://www.chrsmrrs.com/graphkerneldatasets/IMDB-MULTI.zip
Extracting dataset/TUDataset/IMDB-MULTI/IMDB-MULTI.zip
Processing...
/home/dongrui/anaconda3/envs/dr/lib/python3.9/site-packages/torch_geometric/data/in_memory_dataset.py:284: UserWarning: It is not recommended to directly access the internal storage format `data` of an 'InMemoryDataset'. If you are absolutely certain what you are doing, access the internal storage via `InMemoryDataset._data` instead to suppress this warning. Alternatively, you can access stacked individual attributes of every graph via `dataset.{attr_name}`.
  warnings.warn(msg)
  0%|          | 0/1500 [00:00<?, ?it/s]100%|██████████| 1500/1500 [00:00<00:00, 23657.52it/s]
Done!
Namespace(device='cuda:0', dataset='IMDB-MULTI', in_size=89, num_classes=3, fusion_type='early', gcn_channels=3, gcn_hidden=128, gcn_layers=4, gcn_dropout=0.1, trans_num_layers=4, input_node_dim=89, hidden_node_dim=32, input_edge_dim=0, hidden_edge_dim=32, ouput_dim=None, n_heads=4, max_in_degree=5, max_out_degree=5, max_path_distance=5, hidden_dim=128, num_layers=4, num_features=89, num_heads=8, dropout=0.1, pos_encoding='gcn', att_dropout=0.1, d_k=64, d_v=64, pos_embed_type='s', alpha=0.4, num_fusion_layers=6, eta=0.5, lam1=0.2, lam2=0.2, theta1=0.1, theta2=0.4, theta3=0.4, loss_log=2, folds=10, lr=0.0001, weight_decay=0.0005, batch_size=128, epoches=800, output_dim=3)
/home/dongrui/anaconda3/envs/dr/lib/python3.9/site-packages/torch_geometric/data/in_memory_dataset.py:284: UserWarning: It is not recommended to directly access the internal storage format `data` of an 'InMemoryDataset'. The given 'InMemoryDataset' only references a subset of examples of the full dataset, but 'data' will contain information of the full dataset. The data of the dataset is already cached, so any modifications to `data` will not be reflected when accessing its elements. Clearing the cache now by removing all elements in `dataset._data_list`. If you are absolutely certain what you are doing, access the internal storage via `InMemoryDataset._data` instead to suppress this warning. Alternatively, you can access stacked individual attributes of every graph via `dataset.{attr_name}`.
  warnings.warn(msg)
Fold: 0
Epoch: 000 train_loss: 0.009570 val_loss: 1.111341 val_acc: 0.306667 test_loss: 1.109384 test_acc: 0.286667
Epoch: 010 train_loss: 0.008566 val_loss: 1.061851 val_acc: 0.453333 test_loss: 1.076870 test_acc: 0.453333
Epoch: 020 train_loss: 0.008605 val_loss: 1.066486 val_acc: 0.453333 test_loss: 1.074464 test_acc: 0.473333
Epoch: 030 train_loss: 0.008294 val_loss: 1.073434 val_acc: 0.453333 test_loss: 1.084040 test_acc: 0.473333
Epoch: 040 train_loss: 0.008191 val_loss: 1.096783 val_acc: 0.400000 test_loss: 1.077844 test_acc: 0.446667
Epoch: 050 train_loss: 0.008217 val_loss: 1.085396 val_acc: 0.440000 test_loss: 1.091146 test_acc: 0.466667
Epoch: 060 train_loss: 0.008052 val_loss: 1.099899 val_acc: 0.446667 test_loss: 1.078148 test_acc: 0.453333
Epoch: 070 train_loss: 0.008038 val_loss: 1.095903 val_acc: 0.480000 test_loss: 1.098645 test_acc: 0.480000
Epoch: 080 train_loss: 0.008031 val_loss: 1.096153 val_acc: 0.446667 test_loss: 1.095462 test_acc: 0.460000
Epoch: 090 train_loss: 0.008137 val_loss: 1.085879 val_acc: 0.426667 test_loss: 1.084663 test_acc: 0.453333
Epoch: 100 train_loss: 0.007934 val_loss: 1.090796 val_acc: 0.440000 test_loss: 1.093021 test_acc: 0.453333
Epoch: 110 train_loss: 0.008048 val_loss: 1.100417 val_acc: 0.440000 test_loss: 1.134658 test_acc: 0.440000
Epoch: 120 train_loss: 0.007921 val_loss: 1.072268 val_acc: 0.460000 test_loss: 1.075266 test_acc: 0.493333
Epoch: 130 train_loss: 0.007936 val_loss: 1.070774 val_acc: 0.493333 test_loss: 1.144513 test_acc: 0.473333
Epoch: 140 train_loss: 0.007828 val_loss: 1.123907 val_acc: 0.420000 test_loss: 1.097951 test_acc: 0.460000
Epoch: 150 train_loss: 0.007776 val_loss: 1.103033 val_acc: 0.426667 test_loss: 1.090776 test_acc: 0.486667
Epoch: 160 train_loss: 0.007672 val_loss: 1.115314 val_acc: 0.433333 test_loss: 1.110105 test_acc: 0.480000
Epoch: 170 train_loss: 0.008028 val_loss: 1.116709 val_acc: 0.420000 test_loss: 1.128848 test_acc: 0.473333
Epoch: 180 train_loss: 0.007950 val_loss: 1.084220 val_acc: 0.453333 test_loss: 1.073746 test_acc: 0.473333
Epoch: 190 train_loss: 0.007819 val_loss: 1.086332 val_acc: 0.453333 test_loss: 1.079178 test_acc: 0.493333
Epoch: 200 train_loss: 0.007862 val_loss: 1.096843 val_acc: 0.433333 test_loss: 1.154977 test_acc: 0.433333
Epoch: 210 train_loss: 0.007764 val_loss: 1.099981 val_acc: 0.466667 test_loss: 1.124018 test_acc: 0.486667
Epoch: 220 train_loss: 0.007699 val_loss: 1.109621 val_acc: 0.440000 test_loss: 1.117164 test_acc: 0.486667
Epoch: 230 train_loss: 0.007936 val_loss: 1.079810 val_acc: 0.466667 test_loss: 1.074747 test_acc: 0.500000
Epoch: 240 train_loss: 0.007823 val_loss: 1.075771 val_acc: 0.460000 test_loss: 1.078546 test_acc: 0.493333
Epoch: 250 train_loss: 0.007733 val_loss: 1.096759 val_acc: 0.446667 test_loss: 1.101983 test_acc: 0.473333
Epoch: 260 train_loss: 0.007697 val_loss: 1.117822 val_acc: 0.433333 test_loss: 1.100887 test_acc: 0.480000
Epoch: 270 train_loss: 0.007698 val_loss: 1.107055 val_acc: 0.433333 test_loss: 1.090940 test_acc: 0.486667
Epoch: 280 train_loss: 0.007725 val_loss: 1.133030 val_acc: 0.433333 test_loss: 1.102193 test_acc: 0.480000
Epoch: 290 train_loss: 0.007868 val_loss: 1.092765 val_acc: 0.433333 test_loss: 1.063719 test_acc: 0.493333
Epoch: 300 train_loss: 0.007774 val_loss: 1.087633 val_acc: 0.446667 test_loss: 1.098666 test_acc: 0.473333
Epoch: 310 train_loss: 0.007917 val_loss: 1.085043 val_acc: 0.460000 test_loss: 1.092122 test_acc: 0.506667
Epoch: 320 train_loss: 0.007863 val_loss: 1.087617 val_acc: 0.466667 test_loss: 1.109394 test_acc: 0.473333
Epoch: 330 train_loss: 0.007703 val_loss: 1.099593 val_acc: 0.433333 test_loss: 1.111306 test_acc: 0.473333
Epoch: 340 train_loss: 0.007700 val_loss: 1.098092 val_acc: 0.446667 test_loss: 1.109209 test_acc: 0.473333
Epoch: 350 train_loss: 0.007705 val_loss: 1.096765 val_acc: 0.453333 test_loss: 1.134579 test_acc: 0.460000
Epoch: 360 train_loss: 0.007682 val_loss: 1.096457 val_acc: 0.440000 test_loss: 1.118839 test_acc: 0.460000
Epoch: 370 train_loss: 0.007647 val_loss: 1.102393 val_acc: 0.440000 test_loss: 1.116075 test_acc: 0.466667
Epoch: 380 train_loss: 0.007702 val_loss: 1.099825 val_acc: 0.433333 test_loss: 1.128942 test_acc: 0.473333
Epoch: 390 train_loss: 0.007614 val_loss: 1.113320 val_acc: 0.426667 test_loss: 1.141668 test_acc: 0.466667
Epoch: 400 train_loss: 0.007657 val_loss: 1.093776 val_acc: 0.440000 test_loss: 1.128907 test_acc: 0.473333
Epoch: 410 train_loss: 0.007647 val_loss: 1.102392 val_acc: 0.433333 test_loss: 1.123754 test_acc: 0.460000
Epoch: 420 train_loss: 0.007662 val_loss: 1.123966 val_acc: 0.433333 test_loss: 1.134335 test_acc: 0.460000
Epoch: 430 train_loss: 0.007668 val_loss: 1.110037 val_acc: 0.433333 test_loss: 1.158138 test_acc: 0.446667
Epoch: 440 train_loss: 0.007650 val_loss: 1.093683 val_acc: 0.440000 test_loss: 1.104169 test_acc: 0.480000
Epoch: 450 train_loss: 0.007661 val_loss: 1.104338 val_acc: 0.426667 test_loss: 1.130165 test_acc: 0.480000
Epoch: 460 train_loss: 0.007967 val_loss: 1.096543 val_acc: 0.440000 test_loss: 1.111514 test_acc: 0.466667
Epoch: 470 train_loss: 0.007954 val_loss: 1.089360 val_acc: 0.446667 test_loss: 1.049790 test_acc: 0.493333
Epoch: 480 train_loss: 0.007740 val_loss: 1.099008 val_acc: 0.446667 test_loss: 1.061646 test_acc: 0.513333
Epoch: 490 train_loss: 0.007804 val_loss: 1.075826 val_acc: 0.440000 test_loss: 1.076199 test_acc: 0.466667
Epoch: 500 train_loss: 0.007702 val_loss: 1.094427 val_acc: 0.440000 test_loss: 1.076668 test_acc: 0.493333
Epoch: 510 train_loss: 0.007665 val_loss: 1.099357 val_acc: 0.440000 test_loss: 1.099444 test_acc: 0.480000
Epoch: 520 train_loss: 0.007644 val_loss: 1.094516 val_acc: 0.446667 test_loss: 1.096819 test_acc: 0.486667
Epoch: 530 train_loss: 0.007710 val_loss: 1.105131 val_acc: 0.440000 test_loss: 1.105837 test_acc: 0.466667
Epoch: 540 train_loss: 0.007631 val_loss: 1.098964 val_acc: 0.433333 test_loss: 1.100498 test_acc: 0.480000
Epoch: 550 train_loss: 0.007628 val_loss: 1.101006 val_acc: 0.426667 test_loss: 1.101336 test_acc: 0.486667
Epoch: 560 train_loss: 0.007583 val_loss: 1.104141 val_acc: 0.440000 test_loss: 1.101231 test_acc: 0.480000
Epoch: 570 train_loss: 0.007639 val_loss: 1.096904 val_acc: 0.446667 test_loss: 1.108652 test_acc: 0.480000
Epoch: 580 train_loss: 0.007645 val_loss: 1.114771 val_acc: 0.433333 test_loss: 1.112457 test_acc: 0.486667
Epoch: 590 train_loss: 0.008002 val_loss: 1.089513 val_acc: 0.413333 test_loss: 1.062446 test_acc: 0.486667
Epoch: 600 train_loss: 0.007877 val_loss: 1.095205 val_acc: 0.433333 test_loss: 1.071557 test_acc: 0.500000
Epoch: 610 train_loss: 0.007825 val_loss: 1.075011 val_acc: 0.473333 test_loss: 1.054227 test_acc: 0.493333
Epoch: 620 train_loss: 0.007745 val_loss: 1.085675 val_acc: 0.440000 test_loss: 1.074627 test_acc: 0.486667
Epoch: 630 train_loss: 0.007680 val_loss: 1.100152 val_acc: 0.440000 test_loss: 1.081569 test_acc: 0.486667
Epoch: 640 train_loss: 0.007670 val_loss: 1.098782 val_acc: 0.446667 test_loss: 1.079561 test_acc: 0.466667
Epoch: 650 train_loss: 0.007622 val_loss: 1.093765 val_acc: 0.440000 test_loss: 1.084840 test_acc: 0.486667
Epoch: 660 train_loss: 0.007635 val_loss: 1.098519 val_acc: 0.446667 test_loss: 1.101067 test_acc: 0.460000
Epoch: 670 train_loss: 0.008284 val_loss: 1.092605 val_acc: 0.440000 test_loss: 1.066076 test_acc: 0.526667
Epoch: 680 train_loss: 0.007834 val_loss: 1.098928 val_acc: 0.420000 test_loss: 1.058238 test_acc: 0.473333
Epoch: 690 train_loss: 0.007865 val_loss: 1.110825 val_acc: 0.440000 test_loss: 1.083555 test_acc: 0.500000
Epoch: 700 train_loss: 0.007746 val_loss: 1.092970 val_acc: 0.446667 test_loss: 1.120668 test_acc: 0.440000
Epoch: 710 train_loss: 0.007641 val_loss: 1.103078 val_acc: 0.440000 test_loss: 1.101971 test_acc: 0.480000
Epoch: 720 train_loss: 0.007645 val_loss: 1.104399 val_acc: 0.453333 test_loss: 1.103316 test_acc: 0.473333
Epoch: 730 train_loss: 0.007624 val_loss: 1.107280 val_acc: 0.446667 test_loss: 1.110025 test_acc: 0.473333
Epoch: 740 train_loss: 0.007626 val_loss: 1.099948 val_acc: 0.440000 test_loss: 1.101005 test_acc: 0.473333
Epoch: 750 train_loss: 0.007616 val_loss: 1.113517 val_acc: 0.453333 test_loss: 1.111661 test_acc: 0.466667
Epoch: 760 train_loss: 0.007659 val_loss: 1.106553 val_acc: 0.440000 test_loss: 1.097631 test_acc: 0.480000
Epoch: 770 train_loss: 0.007756 val_loss: 1.120169 val_acc: 0.426667 test_loss: 1.136403 test_acc: 0.453333
Epoch: 780 train_loss: 0.007939 val_loss: 1.076194 val_acc: 0.453333 test_loss: 1.095075 test_acc: 0.440000
Epoch: 790 train_loss: 0.007792 val_loss: 1.125021 val_acc: 0.426667 test_loss: 1.099723 test_acc: 0.466667
------------- 0 val_acc: 0.5067 test_acc: 0.5267 best_test: 0.5400 -----------------
Fold: 1
Epoch: 000 train_loss: 0.009496 val_loss: 1.103589 val_acc: 0.293333 test_loss: 1.096718 test_acc: 0.406667
Epoch: 010 train_loss: 0.008662 val_loss: 1.056900 val_acc: 0.480000 test_loss: 1.044730 test_acc: 0.486667
Epoch: 020 train_loss: 0.008501 val_loss: 1.057869 val_acc: 0.480000 test_loss: 1.037149 test_acc: 0.466667
Epoch: 030 train_loss: 0.008510 val_loss: 1.069464 val_acc: 0.506667 test_loss: 1.023251 test_acc: 0.533333
Epoch: 040 train_loss: 0.008339 val_loss: 1.062734 val_acc: 0.466667 test_loss: 1.030158 test_acc: 0.480000
Epoch: 050 train_loss: 0.008339 val_loss: 1.040809 val_acc: 0.526667 test_loss: 1.025535 test_acc: 0.486667
Epoch: 060 train_loss: 0.008264 val_loss: 1.055580 val_acc: 0.506667 test_loss: 1.028077 test_acc: 0.486667
Epoch: 070 train_loss: 0.008296 val_loss: 1.056383 val_acc: 0.506667 test_loss: 1.048735 test_acc: 0.513333
Epoch: 080 train_loss: 0.008212 val_loss: 1.072749 val_acc: 0.460000 test_loss: 1.048380 test_acc: 0.466667
Epoch: 090 train_loss: 0.008072 val_loss: 1.076765 val_acc: 0.493333 test_loss: 1.062773 test_acc: 0.466667
Epoch: 100 train_loss: 0.008178 val_loss: 1.119676 val_acc: 0.460000 test_loss: 1.090838 test_acc: 0.433333
Epoch: 110 train_loss: 0.008044 val_loss: 1.090210 val_acc: 0.466667 test_loss: 1.093280 test_acc: 0.446667
Epoch: 120 train_loss: 0.007894 val_loss: 1.077321 val_acc: 0.500000 test_loss: 1.069869 test_acc: 0.486667
Epoch: 130 train_loss: 0.007914 val_loss: 1.107684 val_acc: 0.486667 test_loss: 1.093498 test_acc: 0.446667
Epoch: 140 train_loss: 0.007869 val_loss: 1.073092 val_acc: 0.520000 test_loss: 1.086276 test_acc: 0.460000
Epoch: 150 train_loss: 0.008094 val_loss: 1.124489 val_acc: 0.426667 test_loss: 1.062445 test_acc: 0.453333
Epoch: 160 train_loss: 0.007916 val_loss: 1.083553 val_acc: 0.506667 test_loss: 1.081928 test_acc: 0.506667
Epoch: 170 train_loss: 0.007918 val_loss: 1.095407 val_acc: 0.513333 test_loss: 1.087493 test_acc: 0.480000
Epoch: 180 train_loss: 0.007829 val_loss: 1.064131 val_acc: 0.520000 test_loss: 1.091021 test_acc: 0.486667
Epoch: 190 train_loss: 0.007876 val_loss: 1.056035 val_acc: 0.493333 test_loss: 1.083241 test_acc: 0.446667
Epoch: 200 train_loss: 0.007788 val_loss: 1.061172 val_acc: 0.506667 test_loss: 1.103531 test_acc: 0.453333
Epoch: 210 train_loss: 0.007901 val_loss: 1.064245 val_acc: 0.493333 test_loss: 1.115040 test_acc: 0.433333
Epoch: 220 train_loss: 0.007820 val_loss: 1.076093 val_acc: 0.513333 test_loss: 1.105840 test_acc: 0.473333
Epoch: 230 train_loss: 0.007751 val_loss: 1.068250 val_acc: 0.513333 test_loss: 1.129157 test_acc: 0.440000
Epoch: 240 train_loss: 0.007825 val_loss: 1.068725 val_acc: 0.520000 test_loss: 1.121454 test_acc: 0.460000
Epoch: 250 train_loss: 0.007734 val_loss: 1.070892 val_acc: 0.520000 test_loss: 1.117899 test_acc: 0.466667
Epoch: 260 train_loss: 0.007884 val_loss: 1.079384 val_acc: 0.513333 test_loss: 1.106152 test_acc: 0.466667
Epoch: 270 train_loss: 0.007878 val_loss: 1.061515 val_acc: 0.520000 test_loss: 1.070538 test_acc: 0.453333
Epoch: 280 train_loss: 0.007780 val_loss: 1.077574 val_acc: 0.506667 test_loss: 1.100799 test_acc: 0.460000
Epoch: 290 train_loss: 0.007791 val_loss: 1.086662 val_acc: 0.500000 test_loss: 1.111443 test_acc: 0.446667
Epoch: 300 train_loss: 0.007832 val_loss: 1.112437 val_acc: 0.500000 test_loss: 1.135512 test_acc: 0.433333
Epoch: 310 train_loss: 0.007903 val_loss: 1.110072 val_acc: 0.493333 test_loss: 1.099211 test_acc: 0.433333
Epoch: 320 train_loss: 0.007956 val_loss: 1.043633 val_acc: 0.513333 test_loss: 1.115075 test_acc: 0.433333
Epoch: 330 train_loss: 0.007851 val_loss: 1.065393 val_acc: 0.533333 test_loss: 1.105622 test_acc: 0.440000
Epoch: 340 train_loss: 0.007740 val_loss: 1.067727 val_acc: 0.533333 test_loss: 1.113989 test_acc: 0.460000
Epoch: 350 train_loss: 0.007769 val_loss: 1.079965 val_acc: 0.520000 test_loss: 1.119109 test_acc: 0.433333
Epoch: 360 train_loss: 0.007722 val_loss: 1.076994 val_acc: 0.526667 test_loss: 1.107280 test_acc: 0.460000
Epoch: 370 train_loss: 0.007689 val_loss: 1.078422 val_acc: 0.520000 test_loss: 1.111970 test_acc: 0.466667
Epoch: 380 train_loss: 0.007960 val_loss: 1.057679 val_acc: 0.506667 test_loss: 1.071884 test_acc: 0.426667
Epoch: 390 train_loss: 0.008123 val_loss: 1.078157 val_acc: 0.486667 test_loss: 1.089126 test_acc: 0.466667
Epoch: 400 train_loss: 0.008045 val_loss: 1.068226 val_acc: 0.533333 test_loss: 1.080582 test_acc: 0.460000
Epoch: 410 train_loss: 0.007762 val_loss: 1.085376 val_acc: 0.506667 test_loss: 1.091293 test_acc: 0.480000
Epoch: 420 train_loss: 0.007771 val_loss: 1.081547 val_acc: 0.506667 test_loss: 1.099173 test_acc: 0.473333
Epoch: 430 train_loss: 0.007722 val_loss: 1.112257 val_acc: 0.480000 test_loss: 1.105423 test_acc: 0.460000
Epoch: 440 train_loss: 0.007743 val_loss: 1.100094 val_acc: 0.486667 test_loss: 1.109847 test_acc: 0.453333
Epoch: 450 train_loss: 0.007784 val_loss: 1.070908 val_acc: 0.500000 test_loss: 1.088628 test_acc: 0.480000
Epoch: 460 train_loss: 0.007683 val_loss: 1.102026 val_acc: 0.500000 test_loss: 1.113180 test_acc: 0.446667
Epoch: 470 train_loss: 0.008393 val_loss: 1.055664 val_acc: 0.513333 test_loss: 1.064224 test_acc: 0.473333
Epoch: 480 train_loss: 0.008278 val_loss: 1.052180 val_acc: 0.480000 test_loss: 1.051144 test_acc: 0.500000
Epoch: 490 train_loss: 0.007849 val_loss: 1.108580 val_acc: 0.500000 test_loss: 1.110469 test_acc: 0.433333
Epoch: 500 train_loss: 0.007763 val_loss: 1.119722 val_acc: 0.500000 test_loss: 1.102844 test_acc: 0.440000
Epoch: 510 train_loss: 0.007754 val_loss: 1.088159 val_acc: 0.500000 test_loss: 1.107311 test_acc: 0.453333
Epoch: 520 train_loss: 0.007786 val_loss: 1.107628 val_acc: 0.506667 test_loss: 1.138621 test_acc: 0.460000
Epoch: 530 train_loss: 0.007687 val_loss: 1.099880 val_acc: 0.500000 test_loss: 1.118836 test_acc: 0.460000
Epoch: 540 train_loss: 0.007700 val_loss: 1.098840 val_acc: 0.500000 test_loss: 1.106696 test_acc: 0.453333
Epoch: 550 train_loss: 0.007690 val_loss: 1.087516 val_acc: 0.493333 test_loss: 1.108089 test_acc: 0.460000
Epoch: 560 train_loss: 0.007693 val_loss: 1.069161 val_acc: 0.506667 test_loss: 1.101962 test_acc: 0.446667
Epoch: 570 train_loss: 0.007702 val_loss: 1.104554 val_acc: 0.500000 test_loss: 1.135516 test_acc: 0.426667
Epoch: 580 train_loss: 0.007769 val_loss: 1.092219 val_acc: 0.506667 test_loss: 1.134106 test_acc: 0.446667
Epoch: 590 train_loss: 0.007695 val_loss: 1.076193 val_acc: 0.520000 test_loss: 1.103454 test_acc: 0.453333
Epoch: 600 train_loss: 0.007729 val_loss: 1.076727 val_acc: 0.513333 test_loss: 1.111457 test_acc: 0.460000
Epoch: 610 train_loss: 0.007689 val_loss: 1.088171 val_acc: 0.520000 test_loss: 1.108228 test_acc: 0.440000
Epoch: 620 train_loss: 0.007798 val_loss: 1.089732 val_acc: 0.500000 test_loss: 1.096112 test_acc: 0.480000
Epoch: 630 train_loss: 0.008285 val_loss: 1.046140 val_acc: 0.506667 test_loss: 1.052492 test_acc: 0.460000
Epoch: 640 train_loss: 0.008190 val_loss: 1.091441 val_acc: 0.500000 test_loss: 1.085777 test_acc: 0.460000
Epoch: 650 train_loss: 0.008186 val_loss: 1.097336 val_acc: 0.433333 test_loss: 1.076532 test_acc: 0.440000
Epoch: 660 train_loss: 0.007883 val_loss: 1.088893 val_acc: 0.513333 test_loss: 1.104312 test_acc: 0.440000
Epoch: 670 train_loss: 0.007709 val_loss: 1.056085 val_acc: 0.533333 test_loss: 1.087830 test_acc: 0.453333
Epoch: 680 train_loss: 0.007697 val_loss: 1.082466 val_acc: 0.526667 test_loss: 1.108290 test_acc: 0.473333
Epoch: 690 train_loss: 0.007717 val_loss: 1.073591 val_acc: 0.526667 test_loss: 1.094807 test_acc: 0.466667
Epoch: 700 train_loss: 0.007699 val_loss: 1.077247 val_acc: 0.526667 test_loss: 1.103548 test_acc: 0.480000
Epoch: 710 train_loss: 0.007707 val_loss: 1.072445 val_acc: 0.526667 test_loss: 1.095466 test_acc: 0.466667
Epoch: 720 train_loss: 0.007684 val_loss: 1.069147 val_acc: 0.533333 test_loss: 1.101637 test_acc: 0.466667
Epoch: 730 train_loss: 0.007683 val_loss: 1.070327 val_acc: 0.526667 test_loss: 1.089499 test_acc: 0.466667
Epoch: 740 train_loss: 0.007687 val_loss: 1.080541 val_acc: 0.520000 test_loss: 1.098723 test_acc: 0.460000
Epoch: 750 train_loss: 0.007692 val_loss: 1.072975 val_acc: 0.526667 test_loss: 1.091544 test_acc: 0.466667
Epoch: 760 train_loss: 0.007675 val_loss: 1.083293 val_acc: 0.520000 test_loss: 1.107545 test_acc: 0.460000
Epoch: 770 train_loss: 0.007972 val_loss: 1.086164 val_acc: 0.506667 test_loss: 1.109374 test_acc: 0.440000
Epoch: 780 train_loss: 0.007930 val_loss: 1.114488 val_acc: 0.446667 test_loss: 1.102623 test_acc: 0.413333
Epoch: 790 train_loss: 0.008054 val_loss: 1.071835 val_acc: 0.500000 test_loss: 1.086567 test_acc: 0.413333
------------- 1 val_acc: 0.5467 test_acc: 0.4800 best_test: 0.5467 -----------------
Fold: 2
Epoch: 000 train_loss: 0.009266 val_loss: 1.096526 val_acc: 0.400000 test_loss: 1.099890 test_acc: 0.400000
Epoch: 010 train_loss: 0.008709 val_loss: 1.039203 val_acc: 0.500000 test_loss: 1.057134 test_acc: 0.520000
Epoch: 020 train_loss: 0.008754 val_loss: 1.040836 val_acc: 0.486667 test_loss: 1.059864 test_acc: 0.513333
Epoch: 030 train_loss: 0.008434 val_loss: 1.040716 val_acc: 0.506667 test_loss: 1.043145 test_acc: 0.540000
Epoch: 040 train_loss: 0.008423 val_loss: 1.050745 val_acc: 0.466667 test_loss: 1.038187 test_acc: 0.520000
Epoch: 050 train_loss: 0.008350 val_loss: 1.055048 val_acc: 0.460000 test_loss: 1.065011 test_acc: 0.466667
Epoch: 060 train_loss: 0.008259 val_loss: 1.068337 val_acc: 0.466667 test_loss: 1.079369 test_acc: 0.520000
Epoch: 070 train_loss: 0.008281 val_loss: 1.063567 val_acc: 0.440000 test_loss: 1.029484 test_acc: 0.553333
Epoch: 080 train_loss: 0.008155 val_loss: 1.061589 val_acc: 0.466667 test_loss: 1.049498 test_acc: 0.513333
Epoch: 090 train_loss: 0.008140 val_loss: 1.074991 val_acc: 0.426667 test_loss: 1.052628 test_acc: 0.506667
Epoch: 100 train_loss: 0.008128 val_loss: 1.133265 val_acc: 0.420000 test_loss: 1.128244 test_acc: 0.493333
Epoch: 110 train_loss: 0.008168 val_loss: 1.083254 val_acc: 0.453333 test_loss: 1.083909 test_acc: 0.533333
Epoch: 120 train_loss: 0.008014 val_loss: 1.084044 val_acc: 0.433333 test_loss: 1.065137 test_acc: 0.526667
Epoch: 130 train_loss: 0.007995 val_loss: 1.089028 val_acc: 0.453333 test_loss: 1.058408 test_acc: 0.513333
Epoch: 140 train_loss: 0.008060 val_loss: 1.077826 val_acc: 0.480000 test_loss: 1.092647 test_acc: 0.540000
Epoch: 150 train_loss: 0.007932 val_loss: 1.088840 val_acc: 0.453333 test_loss: 1.100621 test_acc: 0.520000
Epoch: 160 train_loss: 0.007946 val_loss: 1.107621 val_acc: 0.433333 test_loss: 1.132069 test_acc: 0.506667
Epoch: 170 train_loss: 0.007832 val_loss: 1.110354 val_acc: 0.426667 test_loss: 1.125236 test_acc: 0.480000
Epoch: 180 train_loss: 0.007856 val_loss: 1.131886 val_acc: 0.453333 test_loss: 1.116823 test_acc: 0.520000
Epoch: 190 train_loss: 0.007989 val_loss: 1.067434 val_acc: 0.480000 test_loss: 1.056220 test_acc: 0.520000
Epoch: 200 train_loss: 0.007877 val_loss: 1.095853 val_acc: 0.493333 test_loss: 1.086643 test_acc: 0.540000
Epoch: 210 train_loss: 0.007972 val_loss: 1.083426 val_acc: 0.446667 test_loss: 1.110668 test_acc: 0.473333
Epoch: 220 train_loss: 0.007745 val_loss: 1.106895 val_acc: 0.460000 test_loss: 1.113330 test_acc: 0.506667
Epoch: 230 train_loss: 0.007781 val_loss: 1.117527 val_acc: 0.453333 test_loss: 1.109492 test_acc: 0.520000
Epoch: 240 train_loss: 0.007767 val_loss: 1.125795 val_acc: 0.433333 test_loss: 1.122789 test_acc: 0.513333
Epoch: 250 train_loss: 0.007723 val_loss: 1.127273 val_acc: 0.426667 test_loss: 1.127486 test_acc: 0.500000
Epoch: 260 train_loss: 0.007773 val_loss: 1.132943 val_acc: 0.446667 test_loss: 1.130405 test_acc: 0.500000
Epoch: 270 train_loss: 0.007735 val_loss: 1.109360 val_acc: 0.440000 test_loss: 1.091165 test_acc: 0.513333
Epoch: 280 train_loss: 0.007716 val_loss: 1.139980 val_acc: 0.433333 test_loss: 1.149845 test_acc: 0.486667
Epoch: 290 train_loss: 0.008089 val_loss: 1.081793 val_acc: 0.480000 test_loss: 1.069694 test_acc: 0.540000
Epoch: 300 train_loss: 0.007883 val_loss: 1.113776 val_acc: 0.446667 test_loss: 1.079115 test_acc: 0.500000
Epoch: 310 train_loss: 0.007883 val_loss: 1.127377 val_acc: 0.460000 test_loss: 1.089283 test_acc: 0.526667
Epoch: 320 train_loss: 0.007775 val_loss: 1.134667 val_acc: 0.413333 test_loss: 1.119162 test_acc: 0.493333
Epoch: 330 train_loss: 0.007741 val_loss: 1.126840 val_acc: 0.433333 test_loss: 1.101402 test_acc: 0.500000
Epoch: 340 train_loss: 0.007755 val_loss: 1.120765 val_acc: 0.440000 test_loss: 1.085964 test_acc: 0.520000
Epoch: 350 train_loss: 0.007711 val_loss: 1.123646 val_acc: 0.446667 test_loss: 1.086573 test_acc: 0.513333
Epoch: 360 train_loss: 0.007709 val_loss: 1.120534 val_acc: 0.446667 test_loss: 1.090756 test_acc: 0.520000
Epoch: 370 train_loss: 0.007736 val_loss: 1.137294 val_acc: 0.440000 test_loss: 1.093907 test_acc: 0.513333
Epoch: 380 train_loss: 0.007713 val_loss: 1.124876 val_acc: 0.426667 test_loss: 1.090737 test_acc: 0.513333
Epoch: 390 train_loss: 0.007742 val_loss: 1.129672 val_acc: 0.440000 test_loss: 1.096775 test_acc: 0.480000
Epoch: 400 train_loss: 0.007694 val_loss: 1.150839 val_acc: 0.440000 test_loss: 1.096033 test_acc: 0.533333
Epoch: 410 train_loss: 0.007701 val_loss: 1.141161 val_acc: 0.433333 test_loss: 1.099269 test_acc: 0.513333
Epoch: 420 train_loss: 0.007712 val_loss: 1.127518 val_acc: 0.453333 test_loss: 1.129164 test_acc: 0.473333
Epoch: 430 train_loss: 0.007903 val_loss: 1.103987 val_acc: 0.426667 test_loss: 1.076194 test_acc: 0.533333
Epoch: 440 train_loss: 0.008164 val_loss: 1.064492 val_acc: 0.460000 test_loss: 1.071145 test_acc: 0.506667
Epoch: 450 train_loss: 0.008049 val_loss: 1.096751 val_acc: 0.446667 test_loss: 1.070950 test_acc: 0.500000
Epoch: 460 train_loss: 0.007812 val_loss: 1.127340 val_acc: 0.433333 test_loss: 1.078899 test_acc: 0.520000
Epoch: 470 train_loss: 0.007754 val_loss: 1.117087 val_acc: 0.433333 test_loss: 1.094321 test_acc: 0.480000
Epoch: 480 train_loss: 0.007821 val_loss: 1.126495 val_acc: 0.440000 test_loss: 1.092893 test_acc: 0.533333
Epoch: 490 train_loss: 0.007834 val_loss: 1.129884 val_acc: 0.440000 test_loss: 1.089321 test_acc: 0.506667
Epoch: 500 train_loss: 0.007750 val_loss: 1.147063 val_acc: 0.433333 test_loss: 1.096655 test_acc: 0.500000
Epoch: 510 train_loss: 0.007735 val_loss: 1.132971 val_acc: 0.413333 test_loss: 1.087326 test_acc: 0.513333
Epoch: 520 train_loss: 0.007725 val_loss: 1.139840 val_acc: 0.453333 test_loss: 1.094464 test_acc: 0.506667
Epoch: 530 train_loss: 0.007693 val_loss: 1.150859 val_acc: 0.426667 test_loss: 1.093514 test_acc: 0.520000
Epoch: 540 train_loss: 0.007688 val_loss: 1.149241 val_acc: 0.426667 test_loss: 1.107368 test_acc: 0.500000
Epoch: 550 train_loss: 0.007710 val_loss: 1.137362 val_acc: 0.420000 test_loss: 1.090918 test_acc: 0.486667
Epoch: 560 train_loss: 0.007685 val_loss: 1.145631 val_acc: 0.426667 test_loss: 1.091615 test_acc: 0.493333
Epoch: 570 train_loss: 0.007717 val_loss: 1.146569 val_acc: 0.433333 test_loss: 1.099594 test_acc: 0.506667
Epoch: 580 train_loss: 0.007708 val_loss: 1.136151 val_acc: 0.440000 test_loss: 1.089454 test_acc: 0.513333
Epoch: 590 train_loss: 0.007717 val_loss: 1.156102 val_acc: 0.433333 test_loss: 1.103655 test_acc: 0.520000
Epoch: 600 train_loss: 0.007678 val_loss: 1.139463 val_acc: 0.420000 test_loss: 1.124015 test_acc: 0.486667
Epoch: 610 train_loss: 0.007700 val_loss: 1.122574 val_acc: 0.420000 test_loss: 1.082849 test_acc: 0.493333
Epoch: 620 train_loss: 0.007945 val_loss: 1.066212 val_acc: 0.473333 test_loss: 1.069776 test_acc: 0.500000
Epoch: 630 train_loss: 0.008109 val_loss: 1.093095 val_acc: 0.426667 test_loss: 1.049023 test_acc: 0.513333
Epoch: 640 train_loss: 0.007841 val_loss: 1.088356 val_acc: 0.453333 test_loss: 1.063517 test_acc: 0.540000
Epoch: 650 train_loss: 0.007807 val_loss: 1.148306 val_acc: 0.433333 test_loss: 1.122840 test_acc: 0.513333
Epoch: 660 train_loss: 0.007767 val_loss: 1.137055 val_acc: 0.460000 test_loss: 1.126951 test_acc: 0.500000
Epoch: 670 train_loss: 0.007680 val_loss: 1.131593 val_acc: 0.440000 test_loss: 1.121519 test_acc: 0.486667
Epoch: 680 train_loss: 0.007672 val_loss: 1.131208 val_acc: 0.440000 test_loss: 1.110687 test_acc: 0.473333
Epoch: 690 train_loss: 0.007675 val_loss: 1.152756 val_acc: 0.426667 test_loss: 1.120435 test_acc: 0.486667
Epoch: 700 train_loss: 0.007743 val_loss: 1.137512 val_acc: 0.446667 test_loss: 1.118877 test_acc: 0.486667
Epoch: 710 train_loss: 0.007685 val_loss: 1.140708 val_acc: 0.446667 test_loss: 1.108784 test_acc: 0.500000
Epoch: 720 train_loss: 0.007672 val_loss: 1.124944 val_acc: 0.433333 test_loss: 1.094631 test_acc: 0.493333
Epoch: 730 train_loss: 0.007722 val_loss: 1.132272 val_acc: 0.446667 test_loss: 1.106760 test_acc: 0.480000
Epoch: 740 train_loss: 0.007730 val_loss: 1.135384 val_acc: 0.440000 test_loss: 1.100976 test_acc: 0.493333
Epoch: 750 train_loss: 0.007689 val_loss: 1.137659 val_acc: 0.453333 test_loss: 1.116845 test_acc: 0.506667
Epoch: 760 train_loss: 0.007676 val_loss: 1.140656 val_acc: 0.453333 test_loss: 1.119095 test_acc: 0.493333
Epoch: 770 train_loss: 0.008042 val_loss: 1.096767 val_acc: 0.446667 test_loss: 1.057837 test_acc: 0.513333
Epoch: 780 train_loss: 0.007872 val_loss: 1.121390 val_acc: 0.440000 test_loss: 1.090235 test_acc: 0.533333
Epoch: 790 train_loss: 0.007724 val_loss: 1.117264 val_acc: 0.433333 test_loss: 1.104676 test_acc: 0.486667
------------- 2 val_acc: 0.5133 test_acc: 0.4800 best_test: 0.5667 -----------------
Fold: 3
Epoch: 000 train_loss: 0.009390 val_loss: 1.099885 val_acc: 0.420000 test_loss: 1.097606 test_acc: 0.366667
Epoch: 010 train_loss: 0.008692 val_loss: 1.075230 val_acc: 0.440000 test_loss: 1.073440 test_acc: 0.420000
Epoch: 020 train_loss: 0.008536 val_loss: 1.042721 val_acc: 0.533333 test_loss: 1.053790 test_acc: 0.526667
Epoch: 030 train_loss: 0.008463 val_loss: 1.037493 val_acc: 0.533333 test_loss: 1.057555 test_acc: 0.506667
Epoch: 040 train_loss: 0.008436 val_loss: 1.058960 val_acc: 0.540000 test_loss: 1.063423 test_acc: 0.526667
Epoch: 050 train_loss: 0.008274 val_loss: 1.031546 val_acc: 0.566667 test_loss: 1.070486 test_acc: 0.506667
Epoch: 060 train_loss: 0.008326 val_loss: 1.037247 val_acc: 0.566667 test_loss: 1.067996 test_acc: 0.473333
Epoch: 070 train_loss: 0.008342 val_loss: 1.052050 val_acc: 0.546667 test_loss: 1.064360 test_acc: 0.526667
Epoch: 080 train_loss: 0.008236 val_loss: 1.052093 val_acc: 0.546667 test_loss: 1.080077 test_acc: 0.506667
Epoch: 090 train_loss: 0.008101 val_loss: 1.043566 val_acc: 0.560000 test_loss: 1.112051 test_acc: 0.466667
Epoch: 100 train_loss: 0.008095 val_loss: 1.027809 val_acc: 0.546667 test_loss: 1.107943 test_acc: 0.493333
Epoch: 110 train_loss: 0.008059 val_loss: 1.100667 val_acc: 0.526667 test_loss: 1.126298 test_acc: 0.473333
Epoch: 120 train_loss: 0.008189 val_loss: 1.061204 val_acc: 0.526667 test_loss: 1.115298 test_acc: 0.473333
Epoch: 130 train_loss: 0.007983 val_loss: 1.066261 val_acc: 0.540000 test_loss: 1.129499 test_acc: 0.473333
Epoch: 140 train_loss: 0.007914 val_loss: 1.082572 val_acc: 0.540000 test_loss: 1.148712 test_acc: 0.500000
Epoch: 150 train_loss: 0.007976 val_loss: 1.075510 val_acc: 0.526667 test_loss: 1.118758 test_acc: 0.486667
Epoch: 160 train_loss: 0.007941 val_loss: 1.078231 val_acc: 0.533333 test_loss: 1.142193 test_acc: 0.466667
Epoch: 170 train_loss: 0.007973 val_loss: 1.120559 val_acc: 0.526667 test_loss: 1.144055 test_acc: 0.486667
Epoch: 180 train_loss: 0.007887 val_loss: 1.084950 val_acc: 0.546667 test_loss: 1.158159 test_acc: 0.460000
Epoch: 190 train_loss: 0.007845 val_loss: 1.083941 val_acc: 0.540000 test_loss: 1.181318 test_acc: 0.453333
Epoch: 200 train_loss: 0.007781 val_loss: 1.070859 val_acc: 0.500000 test_loss: 1.179327 test_acc: 0.480000
Epoch: 210 train_loss: 0.007833 val_loss: 1.114312 val_acc: 0.486667 test_loss: 1.140234 test_acc: 0.486667
Epoch: 220 train_loss: 0.007987 val_loss: 1.091003 val_acc: 0.526667 test_loss: 1.123514 test_acc: 0.440000
Epoch: 230 train_loss: 0.007784 val_loss: 1.114916 val_acc: 0.506667 test_loss: 1.140121 test_acc: 0.480000
Epoch: 240 train_loss: 0.007801 val_loss: 1.112488 val_acc: 0.500000 test_loss: 1.176836 test_acc: 0.446667
Epoch: 250 train_loss: 0.007914 val_loss: 1.082146 val_acc: 0.573333 test_loss: 1.139105 test_acc: 0.453333
Epoch: 260 train_loss: 0.007868 val_loss: 1.090976 val_acc: 0.480000 test_loss: 1.151363 test_acc: 0.433333
Epoch: 270 train_loss: 0.007756 val_loss: 1.107396 val_acc: 0.520000 test_loss: 1.182573 test_acc: 0.466667
Epoch: 280 train_loss: 0.007761 val_loss: 1.090846 val_acc: 0.493333 test_loss: 1.189318 test_acc: 0.473333
Epoch: 290 train_loss: 0.007738 val_loss: 1.081448 val_acc: 0.520000 test_loss: 1.175549 test_acc: 0.446667
Epoch: 300 train_loss: 0.007736 val_loss: 1.079501 val_acc: 0.533333 test_loss: 1.171911 test_acc: 0.460000
Epoch: 310 train_loss: 0.007772 val_loss: 1.074595 val_acc: 0.506667 test_loss: 1.167785 test_acc: 0.453333
Epoch: 320 train_loss: 0.007735 val_loss: 1.085935 val_acc: 0.506667 test_loss: 1.165368 test_acc: 0.460000
Epoch: 330 train_loss: 0.007843 val_loss: 1.117625 val_acc: 0.486667 test_loss: 1.168686 test_acc: 0.480000
Epoch: 340 train_loss: 0.007775 val_loss: 1.128224 val_acc: 0.520000 test_loss: 1.178204 test_acc: 0.460000
Epoch: 350 train_loss: 0.007732 val_loss: 1.108020 val_acc: 0.520000 test_loss: 1.179389 test_acc: 0.480000
Epoch: 360 train_loss: 0.007746 val_loss: 1.096031 val_acc: 0.506667 test_loss: 1.160432 test_acc: 0.453333
Epoch: 370 train_loss: 0.007794 val_loss: 1.109791 val_acc: 0.506667 test_loss: 1.164334 test_acc: 0.493333
Epoch: 380 train_loss: 0.008128 val_loss: 1.086384 val_acc: 0.440000 test_loss: 1.091358 test_acc: 0.493333
Epoch: 390 train_loss: 0.007901 val_loss: 1.093201 val_acc: 0.526667 test_loss: 1.138573 test_acc: 0.486667
Epoch: 400 train_loss: 0.007863 val_loss: 1.092300 val_acc: 0.480000 test_loss: 1.135878 test_acc: 0.453333
Epoch: 410 train_loss: 0.007793 val_loss: 1.122513 val_acc: 0.506667 test_loss: 1.172441 test_acc: 0.453333
Epoch: 420 train_loss: 0.007737 val_loss: 1.139617 val_acc: 0.486667 test_loss: 1.180928 test_acc: 0.466667
Epoch: 430 train_loss: 0.007759 val_loss: 1.112559 val_acc: 0.493333 test_loss: 1.159759 test_acc: 0.480000
Epoch: 440 train_loss: 0.007967 val_loss: 1.109730 val_acc: 0.513333 test_loss: 1.114163 test_acc: 0.500000
Epoch: 450 train_loss: 0.007831 val_loss: 1.098490 val_acc: 0.513333 test_loss: 1.127071 test_acc: 0.480000
Epoch: 460 train_loss: 0.007775 val_loss: 1.110626 val_acc: 0.500000 test_loss: 1.144127 test_acc: 0.500000
Epoch: 470 train_loss: 0.007740 val_loss: 1.110133 val_acc: 0.513333 test_loss: 1.154029 test_acc: 0.460000
Epoch: 480 train_loss: 0.007705 val_loss: 1.104075 val_acc: 0.526667 test_loss: 1.160472 test_acc: 0.480000
Epoch: 490 train_loss: 0.007736 val_loss: 1.097561 val_acc: 0.533333 test_loss: 1.151854 test_acc: 0.480000
Epoch: 500 train_loss: 0.008051 val_loss: 1.078833 val_acc: 0.520000 test_loss: 1.101097 test_acc: 0.506667
Epoch: 510 train_loss: 0.007827 val_loss: 1.116134 val_acc: 0.513333 test_loss: 1.125938 test_acc: 0.500000
Epoch: 520 train_loss: 0.008037 val_loss: 1.093813 val_acc: 0.520000 test_loss: 1.091316 test_acc: 0.540000
Epoch: 530 train_loss: 0.008239 val_loss: 1.093249 val_acc: 0.520000 test_loss: 1.084447 test_acc: 0.500000
Epoch: 540 train_loss: 0.007755 val_loss: 1.099244 val_acc: 0.513333 test_loss: 1.108540 test_acc: 0.466667
Epoch: 550 train_loss: 0.007738 val_loss: 1.098995 val_acc: 0.520000 test_loss: 1.126249 test_acc: 0.473333
Epoch: 560 train_loss: 0.007790 val_loss: 1.114600 val_acc: 0.500000 test_loss: 1.141779 test_acc: 0.480000
Epoch: 570 train_loss: 0.007746 val_loss: 1.100770 val_acc: 0.526667 test_loss: 1.138356 test_acc: 0.513333
Epoch: 580 train_loss: 0.007729 val_loss: 1.121189 val_acc: 0.520000 test_loss: 1.147106 test_acc: 0.480000
Epoch: 590 train_loss: 0.007719 val_loss: 1.104769 val_acc: 0.526667 test_loss: 1.136412 test_acc: 0.500000
Epoch: 600 train_loss: 0.007755 val_loss: 1.085978 val_acc: 0.533333 test_loss: 1.135254 test_acc: 0.486667
Epoch: 610 train_loss: 0.007743 val_loss: 1.094677 val_acc: 0.520000 test_loss: 1.123102 test_acc: 0.486667
Epoch: 620 train_loss: 0.007720 val_loss: 1.072168 val_acc: 0.526667 test_loss: 1.126268 test_acc: 0.513333
Epoch: 630 train_loss: 0.007710 val_loss: 1.083201 val_acc: 0.526667 test_loss: 1.124479 test_acc: 0.520000
Epoch: 640 train_loss: 0.007708 val_loss: 1.088974 val_acc: 0.533333 test_loss: 1.136982 test_acc: 0.493333
Epoch: 650 train_loss: 0.007725 val_loss: 1.078805 val_acc: 0.533333 test_loss: 1.134517 test_acc: 0.486667
Epoch: 660 train_loss: 0.007747 val_loss: 1.103126 val_acc: 0.513333 test_loss: 1.155041 test_acc: 0.513333
Epoch: 670 train_loss: 0.007684 val_loss: 1.076369 val_acc: 0.533333 test_loss: 1.138820 test_acc: 0.480000
Epoch: 680 train_loss: 0.007749 val_loss: 1.086803 val_acc: 0.520000 test_loss: 1.145047 test_acc: 0.500000
Epoch: 690 train_loss: 0.007704 val_loss: 1.079973 val_acc: 0.533333 test_loss: 1.137960 test_acc: 0.486667
Epoch: 700 train_loss: 0.007763 val_loss: 1.088203 val_acc: 0.520000 test_loss: 1.140159 test_acc: 0.486667
Epoch: 710 train_loss: 0.008051 val_loss: 1.068460 val_acc: 0.513333 test_loss: 1.086620 test_acc: 0.486667
Epoch: 720 train_loss: 0.008103 val_loss: 1.061032 val_acc: 0.480000 test_loss: 1.092655 test_acc: 0.466667
Epoch: 730 train_loss: 0.007795 val_loss: 1.084034 val_acc: 0.526667 test_loss: 1.150281 test_acc: 0.453333
Epoch: 740 train_loss: 0.007856 val_loss: 1.075851 val_acc: 0.533333 test_loss: 1.120138 test_acc: 0.480000
Epoch: 750 train_loss: 0.007829 val_loss: 1.090642 val_acc: 0.506667 test_loss: 1.169521 test_acc: 0.426667
Epoch: 760 train_loss: 0.007769 val_loss: 1.116038 val_acc: 0.500000 test_loss: 1.148025 test_acc: 0.466667
Epoch: 770 train_loss: 0.007722 val_loss: 1.116576 val_acc: 0.513333 test_loss: 1.163855 test_acc: 0.453333
Epoch: 780 train_loss: 0.007685 val_loss: 1.116217 val_acc: 0.513333 test_loss: 1.165162 test_acc: 0.453333
Epoch: 790 train_loss: 0.007719 val_loss: 1.099178 val_acc: 0.520000 test_loss: 1.138465 test_acc: 0.446667
------------- 3 val_acc: 0.5733 test_acc: 0.5000 best_test: 0.5533 -----------------
Fold: 4
Epoch: 000 train_loss: 0.009314 val_loss: 1.101957 val_acc: 0.360000 test_loss: 1.099014 test_acc: 0.340000
Epoch: 010 train_loss: 0.008663 val_loss: 1.064119 val_acc: 0.526667 test_loss: 1.065315 test_acc: 0.473333
Epoch: 020 train_loss: 0.008456 val_loss: 1.071021 val_acc: 0.506667 test_loss: 1.080455 test_acc: 0.486667
Epoch: 030 train_loss: 0.008363 val_loss: 1.084223 val_acc: 0.493333 test_loss: 1.079281 test_acc: 0.500000
Epoch: 040 train_loss: 0.008299 val_loss: 1.086630 val_acc: 0.453333 test_loss: 1.088608 test_acc: 0.466667
Epoch: 050 train_loss: 0.008278 val_loss: 1.066338 val_acc: 0.506667 test_loss: 1.093419 test_acc: 0.460000
Epoch: 060 train_loss: 0.008272 val_loss: 1.071391 val_acc: 0.500000 test_loss: 1.104278 test_acc: 0.460000
Epoch: 070 train_loss: 0.008123 val_loss: 1.070254 val_acc: 0.500000 test_loss: 1.119247 test_acc: 0.420000
Epoch: 080 train_loss: 0.008060 val_loss: 1.090178 val_acc: 0.506667 test_loss: 1.110144 test_acc: 0.473333
Epoch: 090 train_loss: 0.008074 val_loss: 1.077392 val_acc: 0.506667 test_loss: 1.119412 test_acc: 0.466667
Epoch: 100 train_loss: 0.008105 val_loss: 1.077409 val_acc: 0.513333 test_loss: 1.119924 test_acc: 0.426667
Epoch: 110 train_loss: 0.008019 val_loss: 1.082650 val_acc: 0.493333 test_loss: 1.111806 test_acc: 0.486667
Epoch: 120 train_loss: 0.008001 val_loss: 1.073730 val_acc: 0.500000 test_loss: 1.125087 test_acc: 0.433333
Epoch: 130 train_loss: 0.008067 val_loss: 1.069270 val_acc: 0.506667 test_loss: 1.109398 test_acc: 0.473333
Epoch: 140 train_loss: 0.008014 val_loss: 1.063993 val_acc: 0.506667 test_loss: 1.109683 test_acc: 0.493333
Epoch: 150 train_loss: 0.007887 val_loss: 1.094316 val_acc: 0.493333 test_loss: 1.122137 test_acc: 0.453333
Epoch: 160 train_loss: 0.008043 val_loss: 1.129896 val_acc: 0.493333 test_loss: 1.137002 test_acc: 0.473333
Epoch: 170 train_loss: 0.007872 val_loss: 1.127024 val_acc: 0.500000 test_loss: 1.141581 test_acc: 0.460000
Epoch: 180 train_loss: 0.007894 val_loss: 1.106966 val_acc: 0.486667 test_loss: 1.122514 test_acc: 0.486667
Epoch: 190 train_loss: 0.007826 val_loss: 1.127289 val_acc: 0.506667 test_loss: 1.128716 test_acc: 0.460000
Epoch: 200 train_loss: 0.007752 val_loss: 1.135999 val_acc: 0.480000 test_loss: 1.139507 test_acc: 0.460000
Epoch: 210 train_loss: 0.008086 val_loss: 1.100609 val_acc: 0.513333 test_loss: 1.129562 test_acc: 0.466667
Epoch: 220 train_loss: 0.008028 val_loss: 1.085274 val_acc: 0.480000 test_loss: 1.105645 test_acc: 0.460000
Epoch: 230 train_loss: 0.007951 val_loss: 1.113550 val_acc: 0.493333 test_loss: 1.110220 test_acc: 0.460000
Epoch: 240 train_loss: 0.007856 val_loss: 1.086859 val_acc: 0.513333 test_loss: 1.139729 test_acc: 0.453333
Epoch: 250 train_loss: 0.007778 val_loss: 1.103843 val_acc: 0.480000 test_loss: 1.130184 test_acc: 0.473333
Epoch: 260 train_loss: 0.007795 val_loss: 1.102969 val_acc: 0.493333 test_loss: 1.156918 test_acc: 0.453333
Epoch: 270 train_loss: 0.007986 val_loss: 1.104768 val_acc: 0.506667 test_loss: 1.111404 test_acc: 0.480000
Epoch: 280 train_loss: 0.007993 val_loss: 1.106418 val_acc: 0.500000 test_loss: 1.112733 test_acc: 0.480000
Epoch: 290 train_loss: 0.007797 val_loss: 1.114352 val_acc: 0.493333 test_loss: 1.113049 test_acc: 0.480000
Epoch: 300 train_loss: 0.007751 val_loss: 1.105654 val_acc: 0.500000 test_loss: 1.130096 test_acc: 0.473333
Epoch: 310 train_loss: 0.007758 val_loss: 1.108910 val_acc: 0.500000 test_loss: 1.128163 test_acc: 0.480000
Epoch: 320 train_loss: 0.007724 val_loss: 1.100982 val_acc: 0.513333 test_loss: 1.130345 test_acc: 0.466667
Epoch: 330 train_loss: 0.007772 val_loss: 1.113385 val_acc: 0.506667 test_loss: 1.129363 test_acc: 0.460000
Epoch: 340 train_loss: 0.007708 val_loss: 1.128770 val_acc: 0.506667 test_loss: 1.139769 test_acc: 0.480000
Epoch: 350 train_loss: 0.008231 val_loss: 1.050159 val_acc: 0.526667 test_loss: 1.112158 test_acc: 0.460000
Epoch: 360 train_loss: 0.007958 val_loss: 1.097504 val_acc: 0.513333 test_loss: 1.120469 test_acc: 0.480000
Epoch: 370 train_loss: 0.007840 val_loss: 1.102871 val_acc: 0.520000 test_loss: 1.125604 test_acc: 0.466667
Epoch: 380 train_loss: 0.007738 val_loss: 1.106666 val_acc: 0.500000 test_loss: 1.135223 test_acc: 0.466667
Epoch: 390 train_loss: 0.007771 val_loss: 1.111154 val_acc: 0.480000 test_loss: 1.142832 test_acc: 0.480000
Epoch: 400 train_loss: 0.007709 val_loss: 1.115097 val_acc: 0.486667 test_loss: 1.161392 test_acc: 0.473333
Epoch: 410 train_loss: 0.007709 val_loss: 1.116978 val_acc: 0.506667 test_loss: 1.159384 test_acc: 0.466667
Epoch: 420 train_loss: 0.007738 val_loss: 1.118840 val_acc: 0.506667 test_loss: 1.135142 test_acc: 0.460000
Epoch: 430 train_loss: 0.007721 val_loss: 1.119033 val_acc: 0.500000 test_loss: 1.144782 test_acc: 0.453333
Epoch: 440 train_loss: 0.007711 val_loss: 1.119548 val_acc: 0.493333 test_loss: 1.173511 test_acc: 0.446667
Epoch: 450 train_loss: 0.007723 val_loss: 1.114000 val_acc: 0.500000 test_loss: 1.147604 test_acc: 0.460000
Epoch: 460 train_loss: 0.007739 val_loss: 1.119842 val_acc: 0.513333 test_loss: 1.162833 test_acc: 0.446667
Epoch: 470 train_loss: 0.008038 val_loss: 1.091006 val_acc: 0.486667 test_loss: 1.101179 test_acc: 0.473333
Epoch: 480 train_loss: 0.008031 val_loss: 1.091556 val_acc: 0.480000 test_loss: 1.115676 test_acc: 0.446667
Epoch: 490 train_loss: 0.007793 val_loss: 1.106663 val_acc: 0.520000 test_loss: 1.143067 test_acc: 0.460000
Epoch: 500 train_loss: 0.007753 val_loss: 1.099408 val_acc: 0.506667 test_loss: 1.164595 test_acc: 0.453333
Epoch: 510 train_loss: 0.007732 val_loss: 1.110267 val_acc: 0.493333 test_loss: 1.147894 test_acc: 0.473333
Epoch: 520 train_loss: 0.007717 val_loss: 1.103315 val_acc: 0.506667 test_loss: 1.174837 test_acc: 0.446667
Epoch: 530 train_loss: 0.007714 val_loss: 1.120131 val_acc: 0.500000 test_loss: 1.184687 test_acc: 0.453333
Epoch: 540 train_loss: 0.007692 val_loss: 1.144380 val_acc: 0.500000 test_loss: 1.173399 test_acc: 0.466667
Epoch: 550 train_loss: 0.007699 val_loss: 1.126113 val_acc: 0.493333 test_loss: 1.171857 test_acc: 0.473333
Epoch: 560 train_loss: 0.007695 val_loss: 1.133091 val_acc: 0.493333 test_loss: 1.174776 test_acc: 0.480000
Epoch: 570 train_loss: 0.007713 val_loss: 1.140738 val_acc: 0.513333 test_loss: 1.194521 test_acc: 0.440000
Epoch: 580 train_loss: 0.007668 val_loss: 1.129585 val_acc: 0.506667 test_loss: 1.181722 test_acc: 0.446667
Epoch: 590 train_loss: 0.007740 val_loss: 1.148330 val_acc: 0.460000 test_loss: 1.175164 test_acc: 0.466667
Epoch: 600 train_loss: 0.007872 val_loss: 1.100656 val_acc: 0.506667 test_loss: 1.093848 test_acc: 0.500000
Epoch: 610 train_loss: 0.008253 val_loss: 1.063766 val_acc: 0.493333 test_loss: 1.097504 test_acc: 0.446667
Epoch: 620 train_loss: 0.007796 val_loss: 1.107975 val_acc: 0.513333 test_loss: 1.131339 test_acc: 0.480000
Epoch: 630 train_loss: 0.007717 val_loss: 1.093464 val_acc: 0.513333 test_loss: 1.136497 test_acc: 0.466667
Epoch: 640 train_loss: 0.007679 val_loss: 1.112262 val_acc: 0.493333 test_loss: 1.148497 test_acc: 0.466667
Epoch: 650 train_loss: 0.007705 val_loss: 1.109463 val_acc: 0.520000 test_loss: 1.165486 test_acc: 0.466667
Epoch: 660 train_loss: 0.007672 val_loss: 1.087357 val_acc: 0.520000 test_loss: 1.168538 test_acc: 0.466667
Epoch: 670 train_loss: 0.007653 val_loss: 1.118799 val_acc: 0.520000 test_loss: 1.185165 test_acc: 0.466667
Epoch: 680 train_loss: 0.007698 val_loss: 1.111527 val_acc: 0.493333 test_loss: 1.187148 test_acc: 0.453333
Epoch: 690 train_loss: 0.007652 val_loss: 1.103775 val_acc: 0.520000 test_loss: 1.186243 test_acc: 0.440000
Epoch: 700 train_loss: 0.007921 val_loss: 1.108516 val_acc: 0.500000 test_loss: 1.117418 test_acc: 0.493333
Epoch: 710 train_loss: 0.007941 val_loss: 1.125774 val_acc: 0.480000 test_loss: 1.160560 test_acc: 0.473333
Epoch: 720 train_loss: 0.007716 val_loss: 1.116266 val_acc: 0.520000 test_loss: 1.156307 test_acc: 0.473333
Epoch: 730 train_loss: 0.007704 val_loss: 1.124976 val_acc: 0.486667 test_loss: 1.178195 test_acc: 0.446667
Epoch: 740 train_loss: 0.007735 val_loss: 1.103546 val_acc: 0.520000 test_loss: 1.194794 test_acc: 0.453333
Epoch: 750 train_loss: 0.007681 val_loss: 1.123954 val_acc: 0.520000 test_loss: 1.205762 test_acc: 0.446667
Epoch: 760 train_loss: 0.007653 val_loss: 1.117649 val_acc: 0.520000 test_loss: 1.204540 test_acc: 0.433333
Epoch: 770 train_loss: 0.007654 val_loss: 1.114810 val_acc: 0.500000 test_loss: 1.185095 test_acc: 0.446667
Epoch: 780 train_loss: 0.007864 val_loss: 1.085130 val_acc: 0.520000 test_loss: 1.131715 test_acc: 0.473333
Epoch: 790 train_loss: 0.007982 val_loss: 1.097535 val_acc: 0.473333 test_loss: 1.100346 test_acc: 0.493333
------------- 4 val_acc: 0.5533 test_acc: 0.4533 best_test: 0.5067 -----------------
Fold: 5
Epoch: 000 train_loss: 0.009303 val_loss: 1.102671 val_acc: 0.320000 test_loss: 1.106646 test_acc: 0.353333
Epoch: 010 train_loss: 0.008659 val_loss: 1.067157 val_acc: 0.493333 test_loss: 1.057251 test_acc: 0.513333
Epoch: 020 train_loss: 0.008475 val_loss: 1.061950 val_acc: 0.466667 test_loss: 1.065756 test_acc: 0.466667
Epoch: 030 train_loss: 0.008392 val_loss: 1.090013 val_acc: 0.433333 test_loss: 1.050472 test_acc: 0.520000
Epoch: 040 train_loss: 0.008690 val_loss: 1.081737 val_acc: 0.413333 test_loss: 1.055576 test_acc: 0.473333
Epoch: 050 train_loss: 0.008407 val_loss: 1.085803 val_acc: 0.446667 test_loss: 1.050784 test_acc: 0.553333
Epoch: 060 train_loss: 0.008196 val_loss: 1.094430 val_acc: 0.480000 test_loss: 1.083282 test_acc: 0.513333
Epoch: 070 train_loss: 0.008201 val_loss: 1.114842 val_acc: 0.433333 test_loss: 1.053297 test_acc: 0.526667
Epoch: 080 train_loss: 0.008121 val_loss: 1.101031 val_acc: 0.453333 test_loss: 1.073061 test_acc: 0.513333
Epoch: 090 train_loss: 0.008054 val_loss: 1.118853 val_acc: 0.446667 test_loss: 1.092533 test_acc: 0.493333
Epoch: 100 train_loss: 0.008016 val_loss: 1.152198 val_acc: 0.446667 test_loss: 1.100577 test_acc: 0.526667
Epoch: 110 train_loss: 0.008081 val_loss: 1.121863 val_acc: 0.440000 test_loss: 1.093950 test_acc: 0.513333
Epoch: 120 train_loss: 0.007996 val_loss: 1.126921 val_acc: 0.440000 test_loss: 1.095017 test_acc: 0.513333
Epoch: 130 train_loss: 0.008086 val_loss: 1.108892 val_acc: 0.433333 test_loss: 1.074636 test_acc: 0.533333
Epoch: 140 train_loss: 0.007992 val_loss: 1.146350 val_acc: 0.460000 test_loss: 1.091242 test_acc: 0.540000
Epoch: 150 train_loss: 0.008073 val_loss: 1.136750 val_acc: 0.433333 test_loss: 1.086177 test_acc: 0.506667
Epoch: 160 train_loss: 0.007888 val_loss: 1.160516 val_acc: 0.420000 test_loss: 1.094143 test_acc: 0.506667
Epoch: 170 train_loss: 0.007860 val_loss: 1.148724 val_acc: 0.440000 test_loss: 1.111792 test_acc: 0.520000
Epoch: 180 train_loss: 0.007969 val_loss: 1.162681 val_acc: 0.393333 test_loss: 1.129159 test_acc: 0.466667
Epoch: 190 train_loss: 0.008077 val_loss: 1.123880 val_acc: 0.420000 test_loss: 1.074886 test_acc: 0.526667
Epoch: 200 train_loss: 0.008298 val_loss: 1.092541 val_acc: 0.440000 test_loss: 1.073264 test_acc: 0.513333
Epoch: 210 train_loss: 0.007948 val_loss: 1.132910 val_acc: 0.466667 test_loss: 1.105694 test_acc: 0.533333
Epoch: 220 train_loss: 0.008261 val_loss: 1.124483 val_acc: 0.440000 test_loss: 1.092864 test_acc: 0.520000
Epoch: 230 train_loss: 0.007893 val_loss: 1.155401 val_acc: 0.466667 test_loss: 1.091788 test_acc: 0.540000
Epoch: 240 train_loss: 0.007784 val_loss: 1.192233 val_acc: 0.440000 test_loss: 1.122727 test_acc: 0.520000
Epoch: 250 train_loss: 0.007822 val_loss: 1.207415 val_acc: 0.426667 test_loss: 1.120549 test_acc: 0.526667
Epoch: 260 train_loss: 0.007835 val_loss: 1.191917 val_acc: 0.433333 test_loss: 1.102310 test_acc: 0.526667
Epoch: 270 train_loss: 0.008137 val_loss: 1.135699 val_acc: 0.426667 test_loss: 1.083101 test_acc: 0.500000
Epoch: 280 train_loss: 0.008080 val_loss: 1.126240 val_acc: 0.440000 test_loss: 1.065513 test_acc: 0.526667
Epoch: 290 train_loss: 0.007910 val_loss: 1.156373 val_acc: 0.426667 test_loss: 1.090684 test_acc: 0.520000
Epoch: 300 train_loss: 0.007806 val_loss: 1.155481 val_acc: 0.433333 test_loss: 1.085782 test_acc: 0.526667
Epoch: 310 train_loss: 0.007806 val_loss: 1.164329 val_acc: 0.440000 test_loss: 1.099049 test_acc: 0.520000
Epoch: 320 train_loss: 0.007756 val_loss: 1.176849 val_acc: 0.433333 test_loss: 1.102660 test_acc: 0.520000
Epoch: 330 train_loss: 0.007778 val_loss: 1.183534 val_acc: 0.426667 test_loss: 1.115332 test_acc: 0.526667
Epoch: 340 train_loss: 0.007728 val_loss: 1.182716 val_acc: 0.433333 test_loss: 1.113153 test_acc: 0.520000
Epoch: 350 train_loss: 0.007733 val_loss: 1.176069 val_acc: 0.426667 test_loss: 1.106242 test_acc: 0.526667
Epoch: 360 train_loss: 0.007843 val_loss: 1.168169 val_acc: 0.426667 test_loss: 1.083870 test_acc: 0.520000
Epoch: 370 train_loss: 0.008006 val_loss: 1.132513 val_acc: 0.440000 test_loss: 1.139385 test_acc: 0.506667
Epoch: 380 train_loss: 0.007905 val_loss: 1.142876 val_acc: 0.440000 test_loss: 1.093255 test_acc: 0.520000
Epoch: 390 train_loss: 0.007876 val_loss: 1.121320 val_acc: 0.446667 test_loss: 1.091203 test_acc: 0.520000
Epoch: 400 train_loss: 0.007770 val_loss: 1.176773 val_acc: 0.433333 test_loss: 1.106660 test_acc: 0.533333
Epoch: 410 train_loss: 0.007757 val_loss: 1.182919 val_acc: 0.413333 test_loss: 1.117453 test_acc: 0.513333
Epoch: 420 train_loss: 0.007719 val_loss: 1.165126 val_acc: 0.440000 test_loss: 1.111613 test_acc: 0.520000
Epoch: 430 train_loss: 0.007731 val_loss: 1.165655 val_acc: 0.426667 test_loss: 1.109709 test_acc: 0.526667
Epoch: 440 train_loss: 0.007695 val_loss: 1.170523 val_acc: 0.433333 test_loss: 1.122050 test_acc: 0.520000
Epoch: 450 train_loss: 0.007698 val_loss: 1.169617 val_acc: 0.433333 test_loss: 1.120071 test_acc: 0.500000
Epoch: 460 train_loss: 0.007703 val_loss: 1.179101 val_acc: 0.433333 test_loss: 1.122271 test_acc: 0.520000
Epoch: 470 train_loss: 0.007706 val_loss: 1.170688 val_acc: 0.433333 test_loss: 1.118202 test_acc: 0.520000
Epoch: 480 train_loss: 0.007883 val_loss: 1.162629 val_acc: 0.433333 test_loss: 1.098529 test_acc: 0.526667
Epoch: 490 train_loss: 0.008243 val_loss: 1.087490 val_acc: 0.493333 test_loss: 1.076054 test_acc: 0.513333
Epoch: 500 train_loss: 0.007844 val_loss: 1.168240 val_acc: 0.440000 test_loss: 1.105498 test_acc: 0.546667
Epoch: 510 train_loss: 0.007763 val_loss: 1.186803 val_acc: 0.440000 test_loss: 1.135997 test_acc: 0.533333
Epoch: 520 train_loss: 0.007735 val_loss: 1.178947 val_acc: 0.453333 test_loss: 1.127255 test_acc: 0.526667
Epoch: 530 train_loss: 0.007743 val_loss: 1.179966 val_acc: 0.433333 test_loss: 1.129792 test_acc: 0.520000
Epoch: 540 train_loss: 0.007727 val_loss: 1.200796 val_acc: 0.433333 test_loss: 1.150534 test_acc: 0.506667
Epoch: 550 train_loss: 0.007677 val_loss: 1.190381 val_acc: 0.433333 test_loss: 1.143260 test_acc: 0.513333
Epoch: 560 train_loss: 0.007745 val_loss: 1.175975 val_acc: 0.440000 test_loss: 1.102187 test_acc: 0.526667
Epoch: 570 train_loss: 0.007753 val_loss: 1.175552 val_acc: 0.440000 test_loss: 1.136175 test_acc: 0.500000
Epoch: 580 train_loss: 0.007756 val_loss: 1.186979 val_acc: 0.420000 test_loss: 1.164282 test_acc: 0.480000
Epoch: 590 train_loss: 0.008028 val_loss: 1.121855 val_acc: 0.433333 test_loss: 1.078751 test_acc: 0.526667
Epoch: 600 train_loss: 0.008038 val_loss: 1.149063 val_acc: 0.460000 test_loss: 1.082875 test_acc: 0.520000
Epoch: 610 train_loss: 0.007854 val_loss: 1.158695 val_acc: 0.426667 test_loss: 1.081573 test_acc: 0.526667
Epoch: 620 train_loss: 0.008224 val_loss: 1.151233 val_acc: 0.420000 test_loss: 1.104521 test_acc: 0.486667
Epoch: 630 train_loss: 0.007845 val_loss: 1.171165 val_acc: 0.420000 test_loss: 1.096900 test_acc: 0.526667
Epoch: 640 train_loss: 0.007764 val_loss: 1.178729 val_acc: 0.433333 test_loss: 1.107056 test_acc: 0.526667
Epoch: 650 train_loss: 0.007777 val_loss: 1.177141 val_acc: 0.433333 test_loss: 1.094316 test_acc: 0.533333
Epoch: 660 train_loss: 0.007698 val_loss: 1.175691 val_acc: 0.420000 test_loss: 1.104623 test_acc: 0.533333
Epoch: 670 train_loss: 0.007758 val_loss: 1.168937 val_acc: 0.420000 test_loss: 1.113544 test_acc: 0.526667
Epoch: 680 train_loss: 0.007790 val_loss: 1.175936 val_acc: 0.426667 test_loss: 1.110266 test_acc: 0.520000
Epoch: 690 train_loss: 0.007704 val_loss: 1.187246 val_acc: 0.426667 test_loss: 1.132540 test_acc: 0.513333
Epoch: 700 train_loss: 0.007689 val_loss: 1.191235 val_acc: 0.426667 test_loss: 1.145094 test_acc: 0.513333
Epoch: 710 train_loss: 0.007717 val_loss: 1.167552 val_acc: 0.433333 test_loss: 1.114864 test_acc: 0.533333
Epoch: 720 train_loss: 0.007777 val_loss: 1.182224 val_acc: 0.440000 test_loss: 1.110429 test_acc: 0.526667
Epoch: 730 train_loss: 0.008019 val_loss: 1.144507 val_acc: 0.473333 test_loss: 1.126769 test_acc: 0.486667
Epoch: 740 train_loss: 0.007795 val_loss: 1.162627 val_acc: 0.440000 test_loss: 1.092092 test_acc: 0.526667
Epoch: 750 train_loss: 0.007729 val_loss: 1.157660 val_acc: 0.453333 test_loss: 1.086697 test_acc: 0.540000
Epoch: 760 train_loss: 0.007717 val_loss: 1.174938 val_acc: 0.440000 test_loss: 1.109134 test_acc: 0.526667
Epoch: 770 train_loss: 0.007697 val_loss: 1.171069 val_acc: 0.426667 test_loss: 1.097445 test_acc: 0.520000
Epoch: 780 train_loss: 0.007737 val_loss: 1.150337 val_acc: 0.433333 test_loss: 1.083164 test_acc: 0.533333
Epoch: 790 train_loss: 0.007690 val_loss: 1.174395 val_acc: 0.433333 test_loss: 1.092414 test_acc: 0.526667
------------- 5 val_acc: 0.5000 test_acc: 0.5000 best_test: 0.5733 -----------------
Fold: 6
Epoch: 000 train_loss: 0.009362 val_loss: 1.108930 val_acc: 0.293333 test_loss: 1.099996 test_acc: 0.366667
Epoch: 010 train_loss: 0.008723 val_loss: 1.087655 val_acc: 0.486667 test_loss: 1.060872 test_acc: 0.480000
Epoch: 020 train_loss: 0.008535 val_loss: 1.030429 val_acc: 0.560000 test_loss: 1.062083 test_acc: 0.506667
Epoch: 030 train_loss: 0.008426 val_loss: 1.058790 val_acc: 0.506667 test_loss: 1.070934 test_acc: 0.473333
Epoch: 040 train_loss: 0.008362 val_loss: 1.078990 val_acc: 0.526667 test_loss: 1.087882 test_acc: 0.500000
Epoch: 050 train_loss: 0.008411 val_loss: 1.081063 val_acc: 0.500000 test_loss: 1.097461 test_acc: 0.460000
Epoch: 060 train_loss: 0.008282 val_loss: 1.068120 val_acc: 0.513333 test_loss: 1.091090 test_acc: 0.480000
Epoch: 070 train_loss: 0.008284 val_loss: 1.066132 val_acc: 0.460000 test_loss: 1.060795 test_acc: 0.460000
Epoch: 080 train_loss: 0.008162 val_loss: 1.073970 val_acc: 0.533333 test_loss: 1.083772 test_acc: 0.493333
Epoch: 090 train_loss: 0.008118 val_loss: 1.077148 val_acc: 0.520000 test_loss: 1.081375 test_acc: 0.506667
Epoch: 100 train_loss: 0.008243 val_loss: 1.054071 val_acc: 0.520000 test_loss: 1.109770 test_acc: 0.480000
Epoch: 110 train_loss: 0.008146 val_loss: 1.077488 val_acc: 0.500000 test_loss: 1.098317 test_acc: 0.520000
Epoch: 120 train_loss: 0.008048 val_loss: 1.061817 val_acc: 0.520000 test_loss: 1.127216 test_acc: 0.473333
Epoch: 130 train_loss: 0.008105 val_loss: 1.072267 val_acc: 0.526667 test_loss: 1.109840 test_acc: 0.486667
Epoch: 140 train_loss: 0.008042 val_loss: 1.093665 val_acc: 0.493333 test_loss: 1.085570 test_acc: 0.506667
Epoch: 150 train_loss: 0.008003 val_loss: 1.087009 val_acc: 0.500000 test_loss: 1.099554 test_acc: 0.493333
Epoch: 160 train_loss: 0.007923 val_loss: 1.099879 val_acc: 0.500000 test_loss: 1.085199 test_acc: 0.500000
Epoch: 170 train_loss: 0.007959 val_loss: 1.109550 val_acc: 0.513333 test_loss: 1.105542 test_acc: 0.480000
Epoch: 180 train_loss: 0.007873 val_loss: 1.111682 val_acc: 0.500000 test_loss: 1.104406 test_acc: 0.486667
Epoch: 190 train_loss: 0.007966 val_loss: 1.082101 val_acc: 0.526667 test_loss: 1.093471 test_acc: 0.500000
Epoch: 200 train_loss: 0.007904 val_loss: 1.093422 val_acc: 0.526667 test_loss: 1.108458 test_acc: 0.500000
Epoch: 210 train_loss: 0.007912 val_loss: 1.109922 val_acc: 0.500000 test_loss: 1.086312 test_acc: 0.506667
Epoch: 220 train_loss: 0.007991 val_loss: 1.090003 val_acc: 0.520000 test_loss: 1.101069 test_acc: 0.506667
Epoch: 230 train_loss: 0.007994 val_loss: 1.069110 val_acc: 0.533333 test_loss: 1.116465 test_acc: 0.513333
Epoch: 240 train_loss: 0.007841 val_loss: 1.100873 val_acc: 0.506667 test_loss: 1.094546 test_acc: 0.533333
Epoch: 250 train_loss: 0.007837 val_loss: 1.122387 val_acc: 0.513333 test_loss: 1.084971 test_acc: 0.526667
Epoch: 260 train_loss: 0.007824 val_loss: 1.126293 val_acc: 0.480000 test_loss: 1.090504 test_acc: 0.520000
Epoch: 270 train_loss: 0.007776 val_loss: 1.132540 val_acc: 0.506667 test_loss: 1.123432 test_acc: 0.506667
Epoch: 280 train_loss: 0.007949 val_loss: 1.077533 val_acc: 0.526667 test_loss: 1.095892 test_acc: 0.500000
Epoch: 290 train_loss: 0.008057 val_loss: 1.070216 val_acc: 0.540000 test_loss: 1.102417 test_acc: 0.513333
Epoch: 300 train_loss: 0.007862 val_loss: 1.113850 val_acc: 0.513333 test_loss: 1.089187 test_acc: 0.526667
Epoch: 310 train_loss: 0.007793 val_loss: 1.124373 val_acc: 0.500000 test_loss: 1.099497 test_acc: 0.526667
Epoch: 320 train_loss: 0.007838 val_loss: 1.138083 val_acc: 0.520000 test_loss: 1.102926 test_acc: 0.533333
Epoch: 330 train_loss: 0.007775 val_loss: 1.118317 val_acc: 0.513333 test_loss: 1.088058 test_acc: 0.520000
Epoch: 340 train_loss: 0.007814 val_loss: 1.135898 val_acc: 0.480000 test_loss: 1.101543 test_acc: 0.520000
Epoch: 350 train_loss: 0.007796 val_loss: 1.150262 val_acc: 0.520000 test_loss: 1.108399 test_acc: 0.526667
Epoch: 360 train_loss: 0.007784 val_loss: 1.139762 val_acc: 0.513333 test_loss: 1.092918 test_acc: 0.540000
Epoch: 370 train_loss: 0.007950 val_loss: 1.072146 val_acc: 0.513333 test_loss: 1.055082 test_acc: 0.526667
Epoch: 380 train_loss: 0.007899 val_loss: 1.107350 val_acc: 0.513333 test_loss: 1.113679 test_acc: 0.500000
Epoch: 390 train_loss: 0.007845 val_loss: 1.121253 val_acc: 0.513333 test_loss: 1.103793 test_acc: 0.513333
Epoch: 400 train_loss: 0.007776 val_loss: 1.123999 val_acc: 0.506667 test_loss: 1.129372 test_acc: 0.480000
Epoch: 410 train_loss: 0.007921 val_loss: 1.095090 val_acc: 0.513333 test_loss: 1.124972 test_acc: 0.493333
Epoch: 420 train_loss: 0.007975 val_loss: 1.108495 val_acc: 0.506667 test_loss: 1.128213 test_acc: 0.480000
Epoch: 430 train_loss: 0.007824 val_loss: 1.126584 val_acc: 0.513333 test_loss: 1.134818 test_acc: 0.486667
Epoch: 440 train_loss: 0.007805 val_loss: 1.122412 val_acc: 0.506667 test_loss: 1.096732 test_acc: 0.513333
Epoch: 450 train_loss: 0.007758 val_loss: 1.122197 val_acc: 0.513333 test_loss: 1.101988 test_acc: 0.526667
Epoch: 460 train_loss: 0.007769 val_loss: 1.128628 val_acc: 0.520000 test_loss: 1.105564 test_acc: 0.533333
Epoch: 470 train_loss: 0.007740 val_loss: 1.125321 val_acc: 0.513333 test_loss: 1.115663 test_acc: 0.526667
Epoch: 480 train_loss: 0.007768 val_loss: 1.116679 val_acc: 0.520000 test_loss: 1.104003 test_acc: 0.520000
Epoch: 490 train_loss: 0.007783 val_loss: 1.119323 val_acc: 0.506667 test_loss: 1.099702 test_acc: 0.520000
Epoch: 500 train_loss: 0.008101 val_loss: 1.086536 val_acc: 0.513333 test_loss: 1.113611 test_acc: 0.493333
Epoch: 510 train_loss: 0.008173 val_loss: 1.081431 val_acc: 0.520000 test_loss: 1.102700 test_acc: 0.486667
Epoch: 520 train_loss: 0.007957 val_loss: 1.086780 val_acc: 0.520000 test_loss: 1.081252 test_acc: 0.533333
Epoch: 530 train_loss: 0.007810 val_loss: 1.115817 val_acc: 0.520000 test_loss: 1.082701 test_acc: 0.533333
Epoch: 540 train_loss: 0.007831 val_loss: 1.128741 val_acc: 0.520000 test_loss: 1.115919 test_acc: 0.513333
Epoch: 550 train_loss: 0.007787 val_loss: 1.134331 val_acc: 0.520000 test_loss: 1.079128 test_acc: 0.533333
Epoch: 560 train_loss: 0.007773 val_loss: 1.127493 val_acc: 0.513333 test_loss: 1.082437 test_acc: 0.533333
Epoch: 570 train_loss: 0.007795 val_loss: 1.111541 val_acc: 0.520000 test_loss: 1.068566 test_acc: 0.533333
Epoch: 580 train_loss: 0.007705 val_loss: 1.117720 val_acc: 0.506667 test_loss: 1.084532 test_acc: 0.520000
Epoch: 590 train_loss: 0.007731 val_loss: 1.121000 val_acc: 0.520000 test_loss: 1.090148 test_acc: 0.526667
Epoch: 600 train_loss: 0.007783 val_loss: 1.133719 val_acc: 0.513333 test_loss: 1.065062 test_acc: 0.540000
Epoch: 610 train_loss: 0.007918 val_loss: 1.071284 val_acc: 0.526667 test_loss: 1.092294 test_acc: 0.506667
Epoch: 620 train_loss: 0.007758 val_loss: 1.103173 val_acc: 0.526667 test_loss: 1.077982 test_acc: 0.513333
Epoch: 630 train_loss: 0.007770 val_loss: 1.105170 val_acc: 0.526667 test_loss: 1.063974 test_acc: 0.526667
Epoch: 640 train_loss: 0.007753 val_loss: 1.095346 val_acc: 0.533333 test_loss: 1.083408 test_acc: 0.513333
Epoch: 650 train_loss: 0.007819 val_loss: 1.121012 val_acc: 0.533333 test_loss: 1.091118 test_acc: 0.540000
Epoch: 660 train_loss: 0.007725 val_loss: 1.108170 val_acc: 0.533333 test_loss: 1.076849 test_acc: 0.526667
Epoch: 670 train_loss: 0.007774 val_loss: 1.120725 val_acc: 0.520000 test_loss: 1.059747 test_acc: 0.546667
Epoch: 680 train_loss: 0.007740 val_loss: 1.113452 val_acc: 0.526667 test_loss: 1.078757 test_acc: 0.520000
Epoch: 690 train_loss: 0.008422 val_loss: 1.082584 val_acc: 0.486667 test_loss: 1.077670 test_acc: 0.513333
Epoch: 700 train_loss: 0.008181 val_loss: 1.082237 val_acc: 0.506667 test_loss: 1.073281 test_acc: 0.533333
Epoch: 710 train_loss: 0.008189 val_loss: 1.093184 val_acc: 0.500000 test_loss: 1.090458 test_acc: 0.493333
Epoch: 720 train_loss: 0.007861 val_loss: 1.111543 val_acc: 0.513333 test_loss: 1.091208 test_acc: 0.513333
Epoch: 730 train_loss: 0.007788 val_loss: 1.125868 val_acc: 0.520000 test_loss: 1.057334 test_acc: 0.540000
Epoch: 740 train_loss: 0.007753 val_loss: 1.118478 val_acc: 0.526667 test_loss: 1.068089 test_acc: 0.533333
Epoch: 750 train_loss: 0.007737 val_loss: 1.119015 val_acc: 0.533333 test_loss: 1.065620 test_acc: 0.540000
Epoch: 760 train_loss: 0.007741 val_loss: 1.112593 val_acc: 0.506667 test_loss: 1.073858 test_acc: 0.506667
Epoch: 770 train_loss: 0.007763 val_loss: 1.123882 val_acc: 0.520000 test_loss: 1.103644 test_acc: 0.520000
Epoch: 780 train_loss: 0.007799 val_loss: 1.103677 val_acc: 0.533333 test_loss: 1.091324 test_acc: 0.520000
Epoch: 790 train_loss: 0.007767 val_loss: 1.104476 val_acc: 0.526667 test_loss: 1.091456 test_acc: 0.520000
------------- 6 val_acc: 0.5600 test_acc: 0.5067 best_test: 0.5533 -----------------
Fold: 7
Epoch: 000 train_loss: 0.009212 val_loss: 1.087610 val_acc: 0.493333 test_loss: 1.086707 test_acc: 0.513333
Epoch: 010 train_loss: 0.008796 val_loss: 1.059142 val_acc: 0.440000 test_loss: 1.032382 test_acc: 0.513333
Epoch: 020 train_loss: 0.008506 val_loss: 1.066084 val_acc: 0.480000 test_loss: 1.054332 test_acc: 0.513333
Epoch: 030 train_loss: 0.008351 val_loss: 1.086529 val_acc: 0.513333 test_loss: 1.056407 test_acc: 0.546667
Epoch: 040 train_loss: 0.008268 val_loss: 1.056676 val_acc: 0.533333 test_loss: 1.037582 test_acc: 0.540000
Epoch: 050 train_loss: 0.008344 val_loss: 1.038131 val_acc: 0.546667 test_loss: 1.050869 test_acc: 0.520000
Epoch: 060 train_loss: 0.008202 val_loss: 1.044782 val_acc: 0.513333 test_loss: 1.059976 test_acc: 0.533333
Epoch: 070 train_loss: 0.008164 val_loss: 1.109405 val_acc: 0.526667 test_loss: 1.057256 test_acc: 0.553333
Epoch: 080 train_loss: 0.008050 val_loss: 1.103134 val_acc: 0.526667 test_loss: 1.079279 test_acc: 0.533333
Epoch: 090 train_loss: 0.008052 val_loss: 1.098375 val_acc: 0.526667 test_loss: 1.054096 test_acc: 0.553333
Epoch: 100 train_loss: 0.007965 val_loss: 1.091762 val_acc: 0.520000 test_loss: 1.059287 test_acc: 0.526667
Epoch: 110 train_loss: 0.007992 val_loss: 1.090513 val_acc: 0.533333 test_loss: 1.063020 test_acc: 0.560000
Epoch: 120 train_loss: 0.008202 val_loss: 1.093961 val_acc: 0.533333 test_loss: 1.057183 test_acc: 0.520000
Epoch: 130 train_loss: 0.007972 val_loss: 1.108827 val_acc: 0.533333 test_loss: 1.067664 test_acc: 0.546667
Epoch: 140 train_loss: 0.007908 val_loss: 1.111204 val_acc: 0.533333 test_loss: 1.093960 test_acc: 0.526667
Epoch: 150 train_loss: 0.007921 val_loss: 1.128775 val_acc: 0.520000 test_loss: 1.097219 test_acc: 0.506667
Epoch: 160 train_loss: 0.008050 val_loss: 1.092647 val_acc: 0.520000 test_loss: 1.096155 test_acc: 0.513333
Epoch: 170 train_loss: 0.007887 val_loss: 1.107350 val_acc: 0.540000 test_loss: 1.081281 test_acc: 0.546667
Epoch: 180 train_loss: 0.007958 val_loss: 1.119985 val_acc: 0.526667 test_loss: 1.107492 test_acc: 0.520000
Epoch: 190 train_loss: 0.007864 val_loss: 1.103411 val_acc: 0.520000 test_loss: 1.118468 test_acc: 0.533333
Epoch: 200 train_loss: 0.007818 val_loss: 1.126678 val_acc: 0.533333 test_loss: 1.121600 test_acc: 0.526667
Epoch: 210 train_loss: 0.007876 val_loss: 1.103998 val_acc: 0.513333 test_loss: 1.099556 test_acc: 0.513333
Epoch: 220 train_loss: 0.007796 val_loss: 1.121272 val_acc: 0.526667 test_loss: 1.104453 test_acc: 0.526667
Epoch: 230 train_loss: 0.007789 val_loss: 1.115327 val_acc: 0.520000 test_loss: 1.119654 test_acc: 0.500000
Epoch: 240 train_loss: 0.008072 val_loss: 1.116293 val_acc: 0.513333 test_loss: 1.070482 test_acc: 0.540000
Epoch: 250 train_loss: 0.007973 val_loss: 1.096194 val_acc: 0.520000 test_loss: 1.139619 test_acc: 0.500000
Epoch: 260 train_loss: 0.007886 val_loss: 1.100020 val_acc: 0.520000 test_loss: 1.095688 test_acc: 0.533333
Epoch: 270 train_loss: 0.007846 val_loss: 1.100941 val_acc: 0.526667 test_loss: 1.114763 test_acc: 0.506667
Epoch: 280 train_loss: 0.007830 val_loss: 1.093842 val_acc: 0.533333 test_loss: 1.116297 test_acc: 0.506667
Epoch: 290 train_loss: 0.007807 val_loss: 1.119914 val_acc: 0.520000 test_loss: 1.131503 test_acc: 0.520000
Epoch: 300 train_loss: 0.007813 val_loss: 1.123172 val_acc: 0.526667 test_loss: 1.144964 test_acc: 0.533333
Epoch: 310 train_loss: 0.007792 val_loss: 1.117572 val_acc: 0.520000 test_loss: 1.139826 test_acc: 0.513333
Epoch: 320 train_loss: 0.007830 val_loss: 1.119156 val_acc: 0.520000 test_loss: 1.178262 test_acc: 0.500000
Epoch: 330 train_loss: 0.008039 val_loss: 1.090323 val_acc: 0.533333 test_loss: 1.094085 test_acc: 0.506667
Epoch: 340 train_loss: 0.007879 val_loss: 1.050949 val_acc: 0.580000 test_loss: 1.099747 test_acc: 0.540000
Epoch: 350 train_loss: 0.007969 val_loss: 1.077896 val_acc: 0.520000 test_loss: 1.085281 test_acc: 0.540000
Epoch: 360 train_loss: 0.007801 val_loss: 1.127488 val_acc: 0.513333 test_loss: 1.132699 test_acc: 0.500000
Epoch: 370 train_loss: 0.007819 val_loss: 1.098402 val_acc: 0.526667 test_loss: 1.114748 test_acc: 0.533333
Epoch: 380 train_loss: 0.008013 val_loss: 1.115107 val_acc: 0.506667 test_loss: 1.071070 test_acc: 0.526667
Epoch: 390 train_loss: 0.007814 val_loss: 1.132859 val_acc: 0.520000 test_loss: 1.146445 test_acc: 0.500000
Epoch: 400 train_loss: 0.007805 val_loss: 1.119749 val_acc: 0.520000 test_loss: 1.143199 test_acc: 0.506667
Epoch: 410 train_loss: 0.007764 val_loss: 1.110861 val_acc: 0.526667 test_loss: 1.145107 test_acc: 0.500000
Epoch: 420 train_loss: 0.007764 val_loss: 1.122964 val_acc: 0.526667 test_loss: 1.155519 test_acc: 0.520000
Epoch: 430 train_loss: 0.007780 val_loss: 1.109040 val_acc: 0.540000 test_loss: 1.126410 test_acc: 0.506667
Epoch: 440 train_loss: 0.007817 val_loss: 1.108951 val_acc: 0.526667 test_loss: 1.160316 test_acc: 0.513333
Epoch: 450 train_loss: 0.007818 val_loss: 1.127990 val_acc: 0.486667 test_loss: 1.135757 test_acc: 0.493333
Epoch: 460 train_loss: 0.008029 val_loss: 1.090569 val_acc: 0.526667 test_loss: 1.030638 test_acc: 0.573333
Epoch: 470 train_loss: 0.007978 val_loss: 1.094137 val_acc: 0.506667 test_loss: 1.085139 test_acc: 0.526667
Epoch: 480 train_loss: 0.007865 val_loss: 1.089522 val_acc: 0.506667 test_loss: 1.093961 test_acc: 0.560000
Epoch: 490 train_loss: 0.007797 val_loss: 1.092665 val_acc: 0.540000 test_loss: 1.099695 test_acc: 0.546667
Epoch: 500 train_loss: 0.007787 val_loss: 1.086863 val_acc: 0.553333 test_loss: 1.098094 test_acc: 0.540000
Epoch: 510 train_loss: 0.007796 val_loss: 1.095436 val_acc: 0.546667 test_loss: 1.110351 test_acc: 0.540000
Epoch: 520 train_loss: 0.007787 val_loss: 1.127076 val_acc: 0.540000 test_loss: 1.137153 test_acc: 0.513333
Epoch: 530 train_loss: 0.007794 val_loss: 1.103952 val_acc: 0.540000 test_loss: 1.121633 test_acc: 0.520000
Epoch: 540 train_loss: 0.007771 val_loss: 1.114421 val_acc: 0.533333 test_loss: 1.112764 test_acc: 0.520000
Epoch: 550 train_loss: 0.007830 val_loss: 1.099841 val_acc: 0.540000 test_loss: 1.127440 test_acc: 0.520000
Epoch: 560 train_loss: 0.007816 val_loss: 1.108646 val_acc: 0.540000 test_loss: 1.139186 test_acc: 0.506667
Epoch: 570 train_loss: 0.007773 val_loss: 1.108775 val_acc: 0.546667 test_loss: 1.156527 test_acc: 0.513333
Epoch: 580 train_loss: 0.007743 val_loss: 1.121201 val_acc: 0.526667 test_loss: 1.127894 test_acc: 0.500000
Epoch: 590 train_loss: 0.007787 val_loss: 1.090119 val_acc: 0.540000 test_loss: 1.142254 test_acc: 0.526667
Epoch: 600 train_loss: 0.007798 val_loss: 1.125329 val_acc: 0.533333 test_loss: 1.125837 test_acc: 0.506667
Epoch: 610 train_loss: 0.007765 val_loss: 1.109009 val_acc: 0.533333 test_loss: 1.133240 test_acc: 0.540000
Epoch: 620 train_loss: 0.008334 val_loss: 1.087916 val_acc: 0.500000 test_loss: 1.075148 test_acc: 0.533333
Epoch: 630 train_loss: 0.008152 val_loss: 1.069366 val_acc: 0.540000 test_loss: 1.065429 test_acc: 0.506667
Epoch: 640 train_loss: 0.008206 val_loss: 1.114568 val_acc: 0.486667 test_loss: 1.110744 test_acc: 0.433333
Epoch: 650 train_loss: 0.007900 val_loss: 1.108601 val_acc: 0.540000 test_loss: 1.107574 test_acc: 0.500000
Epoch: 660 train_loss: 0.007883 val_loss: 1.123545 val_acc: 0.526667 test_loss: 1.145302 test_acc: 0.506667
Epoch: 670 train_loss: 0.007844 val_loss: 1.134847 val_acc: 0.533333 test_loss: 1.152927 test_acc: 0.513333
Epoch: 680 train_loss: 0.007980 val_loss: 1.143570 val_acc: 0.520000 test_loss: 1.091305 test_acc: 0.540000
Epoch: 690 train_loss: 0.007788 val_loss: 1.162686 val_acc: 0.533333 test_loss: 1.170706 test_acc: 0.513333
Epoch: 700 train_loss: 0.007800 val_loss: 1.120954 val_acc: 0.520000 test_loss: 1.147837 test_acc: 0.513333
Epoch: 710 train_loss: 0.007835 val_loss: 1.124113 val_acc: 0.520000 test_loss: 1.095754 test_acc: 0.540000
Epoch: 720 train_loss: 0.007785 val_loss: 1.143060 val_acc: 0.526667 test_loss: 1.136528 test_acc: 0.520000
Epoch: 730 train_loss: 0.007795 val_loss: 1.133772 val_acc: 0.520000 test_loss: 1.129367 test_acc: 0.513333
Epoch: 740 train_loss: 0.007726 val_loss: 1.139659 val_acc: 0.506667 test_loss: 1.141805 test_acc: 0.513333
Epoch: 750 train_loss: 0.007807 val_loss: 1.133830 val_acc: 0.500000 test_loss: 1.130550 test_acc: 0.493333
Epoch: 760 train_loss: 0.007774 val_loss: 1.141370 val_acc: 0.520000 test_loss: 1.120136 test_acc: 0.513333
Epoch: 770 train_loss: 0.007815 val_loss: 1.167510 val_acc: 0.513333 test_loss: 1.153044 test_acc: 0.506667
Epoch: 780 train_loss: 0.007783 val_loss: 1.152927 val_acc: 0.493333 test_loss: 1.148738 test_acc: 0.493333
Epoch: 790 train_loss: 0.007781 val_loss: 1.149676 val_acc: 0.506667 test_loss: 1.123106 test_acc: 0.513333
------------- 7 val_acc: 0.5800 test_acc: 0.5400 best_test: 0.5867 -----------------
Fold: 8
Epoch: 000 train_loss: 0.009312 val_loss: 1.094650 val_acc: 0.393333 test_loss: 1.098621 test_acc: 0.373333
Epoch: 010 train_loss: 0.008842 val_loss: 1.059467 val_acc: 0.526667 test_loss: 1.068805 test_acc: 0.466667
Epoch: 020 train_loss: 0.008686 val_loss: 1.044120 val_acc: 0.533333 test_loss: 1.042989 test_acc: 0.533333
Epoch: 030 train_loss: 0.008486 val_loss: 1.024176 val_acc: 0.540000 test_loss: 1.057742 test_acc: 0.466667
Epoch: 040 train_loss: 0.008326 val_loss: 1.041112 val_acc: 0.553333 test_loss: 1.049612 test_acc: 0.513333
Epoch: 050 train_loss: 0.008258 val_loss: 1.013766 val_acc: 0.573333 test_loss: 1.055682 test_acc: 0.493333
Epoch: 060 train_loss: 0.008246 val_loss: 1.023621 val_acc: 0.586667 test_loss: 1.057208 test_acc: 0.520000
Epoch: 070 train_loss: 0.008158 val_loss: 1.042103 val_acc: 0.573333 test_loss: 1.078787 test_acc: 0.513333
Epoch: 080 train_loss: 0.008170 val_loss: 1.034982 val_acc: 0.586667 test_loss: 1.077572 test_acc: 0.493333
Epoch: 090 train_loss: 0.008115 val_loss: 1.031623 val_acc: 0.573333 test_loss: 1.058120 test_acc: 0.513333
Epoch: 100 train_loss: 0.008016 val_loss: 1.061305 val_acc: 0.533333 test_loss: 1.082652 test_acc: 0.500000
Epoch: 110 train_loss: 0.008049 val_loss: 1.088290 val_acc: 0.520000 test_loss: 1.066512 test_acc: 0.500000
Epoch: 120 train_loss: 0.007977 val_loss: 1.089709 val_acc: 0.533333 test_loss: 1.091279 test_acc: 0.506667
Epoch: 130 train_loss: 0.007930 val_loss: 1.123842 val_acc: 0.533333 test_loss: 1.093860 test_acc: 0.493333
Epoch: 140 train_loss: 0.007852 val_loss: 1.091368 val_acc: 0.533333 test_loss: 1.090350 test_acc: 0.486667
Epoch: 150 train_loss: 0.007924 val_loss: 1.129045 val_acc: 0.533333 test_loss: 1.089353 test_acc: 0.513333
Epoch: 160 train_loss: 0.007895 val_loss: 1.129278 val_acc: 0.533333 test_loss: 1.099364 test_acc: 0.486667
Epoch: 170 train_loss: 0.007855 val_loss: 1.156997 val_acc: 0.513333 test_loss: 1.081083 test_acc: 0.520000
Epoch: 180 train_loss: 0.007804 val_loss: 1.115956 val_acc: 0.533333 test_loss: 1.098773 test_acc: 0.500000
Epoch: 190 train_loss: 0.007808 val_loss: 1.141286 val_acc: 0.533333 test_loss: 1.109699 test_acc: 0.473333
Epoch: 200 train_loss: 0.007782 val_loss: 1.135368 val_acc: 0.533333 test_loss: 1.103484 test_acc: 0.493333
Epoch: 210 train_loss: 0.008045 val_loss: 1.061314 val_acc: 0.540000 test_loss: 1.058598 test_acc: 0.520000
Epoch: 220 train_loss: 0.008012 val_loss: 1.124556 val_acc: 0.513333 test_loss: 1.092291 test_acc: 0.506667
Epoch: 230 train_loss: 0.007823 val_loss: 1.131743 val_acc: 0.546667 test_loss: 1.091661 test_acc: 0.506667
Epoch: 240 train_loss: 0.007747 val_loss: 1.163662 val_acc: 0.513333 test_loss: 1.102384 test_acc: 0.486667
Epoch: 250 train_loss: 0.007738 val_loss: 1.155842 val_acc: 0.520000 test_loss: 1.106779 test_acc: 0.506667
Epoch: 260 train_loss: 0.007766 val_loss: 1.157972 val_acc: 0.506667 test_loss: 1.114962 test_acc: 0.506667
Epoch: 270 train_loss: 0.007928 val_loss: 1.093428 val_acc: 0.546667 test_loss: 1.086649 test_acc: 0.506667
Epoch: 280 train_loss: 0.007879 val_loss: 1.129667 val_acc: 0.520000 test_loss: 1.097081 test_acc: 0.500000
Epoch: 290 train_loss: 0.007761 val_loss: 1.122263 val_acc: 0.520000 test_loss: 1.130026 test_acc: 0.506667
Epoch: 300 train_loss: 0.007793 val_loss: 1.143635 val_acc: 0.500000 test_loss: 1.104659 test_acc: 0.493333
Epoch: 310 train_loss: 0.007772 val_loss: 1.140016 val_acc: 0.533333 test_loss: 1.100922 test_acc: 0.513333
Epoch: 320 train_loss: 0.007742 val_loss: 1.138940 val_acc: 0.506667 test_loss: 1.110140 test_acc: 0.506667
Epoch: 330 train_loss: 0.007756 val_loss: 1.153055 val_acc: 0.513333 test_loss: 1.110452 test_acc: 0.513333
Epoch: 340 train_loss: 0.007730 val_loss: 1.150060 val_acc: 0.520000 test_loss: 1.102939 test_acc: 0.506667
Epoch: 350 train_loss: 0.007747 val_loss: 1.162395 val_acc: 0.506667 test_loss: 1.111373 test_acc: 0.500000
Epoch: 360 train_loss: 0.007758 val_loss: 1.165267 val_acc: 0.506667 test_loss: 1.129195 test_acc: 0.493333
Epoch: 370 train_loss: 0.007751 val_loss: 1.177273 val_acc: 0.500000 test_loss: 1.101788 test_acc: 0.506667
Epoch: 380 train_loss: 0.008278 val_loss: 1.046272 val_acc: 0.540000 test_loss: 1.076900 test_acc: 0.480000
Epoch: 390 train_loss: 0.007949 val_loss: 1.159868 val_acc: 0.513333 test_loss: 1.083605 test_acc: 0.500000
Epoch: 400 train_loss: 0.007772 val_loss: 1.167281 val_acc: 0.506667 test_loss: 1.117979 test_acc: 0.473333
Epoch: 410 train_loss: 0.007771 val_loss: 1.131948 val_acc: 0.526667 test_loss: 1.100928 test_acc: 0.493333
Epoch: 420 train_loss: 0.007746 val_loss: 1.175426 val_acc: 0.506667 test_loss: 1.114261 test_acc: 0.493333
Epoch: 430 train_loss: 0.007750 val_loss: 1.184442 val_acc: 0.513333 test_loss: 1.114127 test_acc: 0.506667
Epoch: 440 train_loss: 0.007945 val_loss: 1.129159 val_acc: 0.506667 test_loss: 1.103814 test_acc: 0.493333
Epoch: 450 train_loss: 0.007805 val_loss: 1.132215 val_acc: 0.526667 test_loss: 1.121382 test_acc: 0.546667
Epoch: 460 train_loss: 0.007744 val_loss: 1.172439 val_acc: 0.526667 test_loss: 1.117564 test_acc: 0.506667
Epoch: 470 train_loss: 0.007778 val_loss: 1.191186 val_acc: 0.513333 test_loss: 1.128938 test_acc: 0.506667
Epoch: 480 train_loss: 0.007772 val_loss: 1.136147 val_acc: 0.520000 test_loss: 1.123017 test_acc: 0.520000
Epoch: 490 train_loss: 0.008278 val_loss: 1.054814 val_acc: 0.533333 test_loss: 1.064067 test_acc: 0.506667
Epoch: 500 train_loss: 0.008012 val_loss: 1.074494 val_acc: 0.513333 test_loss: 1.091494 test_acc: 0.493333
Epoch: 510 train_loss: 0.007915 val_loss: 1.123481 val_acc: 0.540000 test_loss: 1.112290 test_acc: 0.486667
Epoch: 520 train_loss: 0.007841 val_loss: 1.104637 val_acc: 0.526667 test_loss: 1.110626 test_acc: 0.506667
Epoch: 530 train_loss: 0.007787 val_loss: 1.129335 val_acc: 0.526667 test_loss: 1.100050 test_acc: 0.526667
Epoch: 540 train_loss: 0.007717 val_loss: 1.124140 val_acc: 0.546667 test_loss: 1.110571 test_acc: 0.506667
Epoch: 550 train_loss: 0.007714 val_loss: 1.133480 val_acc: 0.520000 test_loss: 1.120421 test_acc: 0.513333
Epoch: 560 train_loss: 0.007708 val_loss: 1.133073 val_acc: 0.520000 test_loss: 1.110606 test_acc: 0.500000
Epoch: 570 train_loss: 0.007706 val_loss: 1.136106 val_acc: 0.520000 test_loss: 1.112624 test_acc: 0.480000
Epoch: 580 train_loss: 0.007706 val_loss: 1.131174 val_acc: 0.533333 test_loss: 1.110164 test_acc: 0.500000
Epoch: 590 train_loss: 0.007740 val_loss: 1.129079 val_acc: 0.520000 test_loss: 1.104126 test_acc: 0.486667
Epoch: 600 train_loss: 0.007705 val_loss: 1.136813 val_acc: 0.546667 test_loss: 1.112723 test_acc: 0.493333
Epoch: 610 train_loss: 0.007760 val_loss: 1.114841 val_acc: 0.533333 test_loss: 1.096848 test_acc: 0.506667
Epoch: 620 train_loss: 0.007746 val_loss: 1.131165 val_acc: 0.533333 test_loss: 1.114802 test_acc: 0.513333
Epoch: 630 train_loss: 0.007727 val_loss: 1.125762 val_acc: 0.540000 test_loss: 1.108410 test_acc: 0.493333
Epoch: 640 train_loss: 0.007732 val_loss: 1.132087 val_acc: 0.540000 test_loss: 1.116311 test_acc: 0.486667
Epoch: 650 train_loss: 0.007715 val_loss: 1.106844 val_acc: 0.540000 test_loss: 1.094664 test_acc: 0.513333
Epoch: 660 train_loss: 0.007718 val_loss: 1.129228 val_acc: 0.526667 test_loss: 1.108105 test_acc: 0.506667
Epoch: 670 train_loss: 0.007721 val_loss: 1.146631 val_acc: 0.546667 test_loss: 1.115503 test_acc: 0.500000
Epoch: 680 train_loss: 0.008063 val_loss: 1.149448 val_acc: 0.546667 test_loss: 1.119649 test_acc: 0.480000
Epoch: 690 train_loss: 0.008076 val_loss: 1.062636 val_acc: 0.533333 test_loss: 1.106375 test_acc: 0.466667
Epoch: 700 train_loss: 0.007989 val_loss: 1.097244 val_acc: 0.513333 test_loss: 1.086482 test_acc: 0.493333
Epoch: 710 train_loss: 0.007857 val_loss: 1.124269 val_acc: 0.520000 test_loss: 1.105498 test_acc: 0.500000
Epoch: 720 train_loss: 0.007809 val_loss: 1.110202 val_acc: 0.546667 test_loss: 1.083910 test_acc: 0.513333
Epoch: 730 train_loss: 0.007819 val_loss: 1.130301 val_acc: 0.526667 test_loss: 1.101822 test_acc: 0.506667
Epoch: 740 train_loss: 0.007766 val_loss: 1.147894 val_acc: 0.513333 test_loss: 1.111620 test_acc: 0.506667
Epoch: 750 train_loss: 0.007728 val_loss: 1.135635 val_acc: 0.500000 test_loss: 1.104002 test_acc: 0.493333
Epoch: 760 train_loss: 0.007746 val_loss: 1.146098 val_acc: 0.506667 test_loss: 1.110669 test_acc: 0.493333
Epoch: 770 train_loss: 0.007738 val_loss: 1.143412 val_acc: 0.526667 test_loss: 1.114821 test_acc: 0.506667
Epoch: 780 train_loss: 0.007744 val_loss: 1.127761 val_acc: 0.520000 test_loss: 1.098186 test_acc: 0.506667
Epoch: 790 train_loss: 0.007716 val_loss: 1.148333 val_acc: 0.493333 test_loss: 1.108778 test_acc: 0.506667
------------- 8 val_acc: 0.5933 test_acc: 0.5200 best_test: 0.5667 -----------------
Fold: 9
Epoch: 000 train_loss: 0.009280 val_loss: 1.105841 val_acc: 0.326667 test_loss: 1.106460 test_acc: 0.306667
Epoch: 010 train_loss: 0.008667 val_loss: 1.055764 val_acc: 0.506667 test_loss: 1.056191 test_acc: 0.480000
Epoch: 020 train_loss: 0.008465 val_loss: 1.052832 val_acc: 0.493333 test_loss: 1.060795 test_acc: 0.453333
Epoch: 030 train_loss: 0.008467 val_loss: 1.059406 val_acc: 0.506667 test_loss: 1.063992 test_acc: 0.466667
Epoch: 040 train_loss: 0.008344 val_loss: 1.052971 val_acc: 0.520000 test_loss: 1.066985 test_acc: 0.473333
Epoch: 050 train_loss: 0.008268 val_loss: 1.050156 val_acc: 0.506667 test_loss: 1.069932 test_acc: 0.440000
Epoch: 060 train_loss: 0.008173 val_loss: 1.089397 val_acc: 0.486667 test_loss: 1.096480 test_acc: 0.420000
Epoch: 070 train_loss: 0.008172 val_loss: 1.078795 val_acc: 0.466667 test_loss: 1.083466 test_acc: 0.433333
Epoch: 080 train_loss: 0.008082 val_loss: 1.086400 val_acc: 0.466667 test_loss: 1.095812 test_acc: 0.466667
Epoch: 090 train_loss: 0.008103 val_loss: 1.064685 val_acc: 0.506667 test_loss: 1.079106 test_acc: 0.440000
Epoch: 100 train_loss: 0.007993 val_loss: 1.076279 val_acc: 0.500000 test_loss: 1.083391 test_acc: 0.460000
Epoch: 110 train_loss: 0.007942 val_loss: 1.071547 val_acc: 0.486667 test_loss: 1.081308 test_acc: 0.440000
Epoch: 120 train_loss: 0.008014 val_loss: 1.061201 val_acc: 0.506667 test_loss: 1.120023 test_acc: 0.413333
Epoch: 130 train_loss: 0.008080 val_loss: 1.078541 val_acc: 0.500000 test_loss: 1.095364 test_acc: 0.453333
Epoch: 140 train_loss: 0.007857 val_loss: 1.085288 val_acc: 0.486667 test_loss: 1.093929 test_acc: 0.440000
Epoch: 150 train_loss: 0.007788 val_loss: 1.086148 val_acc: 0.486667 test_loss: 1.077236 test_acc: 0.440000
Epoch: 160 train_loss: 0.007842 val_loss: 1.099485 val_acc: 0.480000 test_loss: 1.085597 test_acc: 0.460000
Epoch: 170 train_loss: 0.008023 val_loss: 1.092681 val_acc: 0.493333 test_loss: 1.082478 test_acc: 0.473333
Epoch: 180 train_loss: 0.007798 val_loss: 1.085363 val_acc: 0.526667 test_loss: 1.078523 test_acc: 0.480000
Epoch: 190 train_loss: 0.007774 val_loss: 1.099068 val_acc: 0.506667 test_loss: 1.096408 test_acc: 0.486667
Epoch: 200 train_loss: 0.007776 val_loss: 1.095899 val_acc: 0.480000 test_loss: 1.088342 test_acc: 0.453333
Epoch: 210 train_loss: 0.007886 val_loss: 1.104081 val_acc: 0.506667 test_loss: 1.094135 test_acc: 0.453333
Epoch: 220 train_loss: 0.007746 val_loss: 1.079046 val_acc: 0.480000 test_loss: 1.078300 test_acc: 0.473333
Epoch: 230 train_loss: 0.007718 val_loss: 1.096045 val_acc: 0.486667 test_loss: 1.097325 test_acc: 0.453333
Epoch: 240 train_loss: 0.007722 val_loss: 1.077176 val_acc: 0.486667 test_loss: 1.085322 test_acc: 0.433333
Epoch: 250 train_loss: 0.007744 val_loss: 1.085331 val_acc: 0.520000 test_loss: 1.093217 test_acc: 0.453333
Epoch: 260 train_loss: 0.007689 val_loss: 1.090797 val_acc: 0.506667 test_loss: 1.096785 test_acc: 0.440000
Epoch: 270 train_loss: 0.007963 val_loss: 1.111336 val_acc: 0.486667 test_loss: 1.123206 test_acc: 0.393333
Epoch: 280 train_loss: 0.007935 val_loss: 1.087660 val_acc: 0.486667 test_loss: 1.097985 test_acc: 0.466667
Epoch: 290 train_loss: 0.007774 val_loss: 1.107875 val_acc: 0.513333 test_loss: 1.101170 test_acc: 0.453333
Epoch: 300 train_loss: 0.007865 val_loss: 1.112387 val_acc: 0.480000 test_loss: 1.100346 test_acc: 0.426667
Epoch: 310 train_loss: 0.007723 val_loss: 1.081863 val_acc: 0.486667 test_loss: 1.083566 test_acc: 0.466667
Epoch: 320 train_loss: 0.007777 val_loss: 1.079336 val_acc: 0.500000 test_loss: 1.100217 test_acc: 0.466667
Epoch: 330 train_loss: 0.007756 val_loss: 1.072256 val_acc: 0.520000 test_loss: 1.081938 test_acc: 0.433333
Epoch: 340 train_loss: 0.007663 val_loss: 1.090443 val_acc: 0.506667 test_loss: 1.101080 test_acc: 0.426667
Epoch: 350 train_loss: 0.007668 val_loss: 1.096822 val_acc: 0.520000 test_loss: 1.110189 test_acc: 0.453333
Epoch: 360 train_loss: 0.007635 val_loss: 1.095087 val_acc: 0.473333 test_loss: 1.111751 test_acc: 0.446667
Epoch: 370 train_loss: 0.007663 val_loss: 1.093037 val_acc: 0.506667 test_loss: 1.099412 test_acc: 0.453333
Epoch: 380 train_loss: 0.007703 val_loss: 1.075071 val_acc: 0.500000 test_loss: 1.099095 test_acc: 0.460000
Epoch: 390 train_loss: 0.007669 val_loss: 1.103250 val_acc: 0.486667 test_loss: 1.108557 test_acc: 0.446667
Epoch: 400 train_loss: 0.007624 val_loss: 1.095899 val_acc: 0.500000 test_loss: 1.102784 test_acc: 0.453333
Epoch: 410 train_loss: 0.007638 val_loss: 1.126620 val_acc: 0.500000 test_loss: 1.110869 test_acc: 0.426667
Epoch: 420 train_loss: 0.007644 val_loss: 1.100744 val_acc: 0.480000 test_loss: 1.093829 test_acc: 0.433333
Epoch: 430 train_loss: 0.007661 val_loss: 1.088674 val_acc: 0.493333 test_loss: 1.096195 test_acc: 0.453333
Epoch: 440 train_loss: 0.007653 val_loss: 1.091871 val_acc: 0.493333 test_loss: 1.102124 test_acc: 0.446667
Epoch: 450 train_loss: 0.007817 val_loss: 1.077978 val_acc: 0.513333 test_loss: 1.076447 test_acc: 0.453333
Epoch: 460 train_loss: 0.007833 val_loss: 1.092247 val_acc: 0.486667 test_loss: 1.089592 test_acc: 0.453333
Epoch: 470 train_loss: 0.007888 val_loss: 1.107426 val_acc: 0.486667 test_loss: 1.093286 test_acc: 0.433333
Epoch: 480 train_loss: 0.007670 val_loss: 1.085906 val_acc: 0.493333 test_loss: 1.087522 test_acc: 0.440000
Epoch: 490 train_loss: 0.007689 val_loss: 1.104891 val_acc: 0.473333 test_loss: 1.091767 test_acc: 0.446667
Epoch: 500 train_loss: 0.007638 val_loss: 1.090814 val_acc: 0.500000 test_loss: 1.077586 test_acc: 0.440000
Epoch: 510 train_loss: 0.007627 val_loss: 1.084762 val_acc: 0.520000 test_loss: 1.092091 test_acc: 0.433333
Epoch: 520 train_loss: 0.007693 val_loss: 1.095263 val_acc: 0.526667 test_loss: 1.095196 test_acc: 0.466667
Epoch: 530 train_loss: 0.007632 val_loss: 1.102043 val_acc: 0.480000 test_loss: 1.090539 test_acc: 0.420000
Epoch: 540 train_loss: 0.007625 val_loss: 1.106207 val_acc: 0.500000 test_loss: 1.100372 test_acc: 0.446667
Epoch: 550 train_loss: 0.007664 val_loss: 1.085608 val_acc: 0.513333 test_loss: 1.106933 test_acc: 0.433333
Epoch: 560 train_loss: 0.007835 val_loss: 1.093983 val_acc: 0.493333 test_loss: 1.105159 test_acc: 0.426667
Epoch: 570 train_loss: 0.007651 val_loss: 1.103942 val_acc: 0.500000 test_loss: 1.103671 test_acc: 0.446667
Epoch: 580 train_loss: 0.007628 val_loss: 1.099804 val_acc: 0.513333 test_loss: 1.104778 test_acc: 0.446667
Epoch: 590 train_loss: 0.007730 val_loss: 1.111033 val_acc: 0.500000 test_loss: 1.114245 test_acc: 0.426667
Epoch: 600 train_loss: 0.007619 val_loss: 1.098594 val_acc: 0.520000 test_loss: 1.088754 test_acc: 0.473333
Epoch: 610 train_loss: 0.007591 val_loss: 1.094841 val_acc: 0.526667 test_loss: 1.099215 test_acc: 0.453333
Epoch: 620 train_loss: 0.007617 val_loss: 1.112692 val_acc: 0.500000 test_loss: 1.107243 test_acc: 0.426667
Epoch: 630 train_loss: 0.007630 val_loss: 1.100590 val_acc: 0.513333 test_loss: 1.106950 test_acc: 0.433333
Epoch: 640 train_loss: 0.007611 val_loss: 1.103800 val_acc: 0.520000 test_loss: 1.110290 test_acc: 0.453333
Epoch: 650 train_loss: 0.007910 val_loss: 1.073426 val_acc: 0.526667 test_loss: 1.091593 test_acc: 0.453333
Epoch: 660 train_loss: 0.008197 val_loss: 1.051222 val_acc: 0.513333 test_loss: 1.052197 test_acc: 0.480000
Epoch: 670 train_loss: 0.007815 val_loss: 1.124349 val_acc: 0.486667 test_loss: 1.126724 test_acc: 0.413333
Epoch: 680 train_loss: 0.007800 val_loss: 1.088568 val_acc: 0.520000 test_loss: 1.086640 test_acc: 0.466667
Epoch: 690 train_loss: 0.007642 val_loss: 1.101489 val_acc: 0.513333 test_loss: 1.105452 test_acc: 0.460000
Epoch: 700 train_loss: 0.007620 val_loss: 1.088743 val_acc: 0.540000 test_loss: 1.096520 test_acc: 0.453333
Epoch: 710 train_loss: 0.007629 val_loss: 1.106104 val_acc: 0.506667 test_loss: 1.107610 test_acc: 0.440000
Epoch: 720 train_loss: 0.007596 val_loss: 1.080992 val_acc: 0.520000 test_loss: 1.098246 test_acc: 0.460000
Epoch: 730 train_loss: 0.007601 val_loss: 1.087651 val_acc: 0.526667 test_loss: 1.106367 test_acc: 0.473333
Epoch: 740 train_loss: 0.007602 val_loss: 1.094990 val_acc: 0.526667 test_loss: 1.115133 test_acc: 0.466667
Epoch: 750 train_loss: 0.007620 val_loss: 1.091316 val_acc: 0.526667 test_loss: 1.116015 test_acc: 0.460000
Epoch: 760 train_loss: 0.007665 val_loss: 1.088559 val_acc: 0.533333 test_loss: 1.104715 test_acc: 0.433333
Epoch: 770 train_loss: 0.007903 val_loss: 1.069083 val_acc: 0.500000 test_loss: 1.084526 test_acc: 0.433333
Epoch: 780 train_loss: 0.007828 val_loss: 1.110923 val_acc: 0.466667 test_loss: 1.124838 test_acc: 0.433333
Epoch: 790 train_loss: 0.007719 val_loss: 1.095558 val_acc: 0.513333 test_loss: 1.129234 test_acc: 0.440000
------------- 9 val_acc: 0.5600 test_acc: 0.4267 best_test: 0.5200 -----------------
[0.54, 0.5466666666666666, 0.5666666666666667, 0.5533333333333333, 0.5066666666666667, 0.5733333333333334, 0.5533333333333333, 0.5866666666666667, 0.5666666666666667, 0.52]
[0.5266666666666666, 0.48, 0.48, 0.5, 0.4533333333333333, 0.5, 0.5066666666666667, 0.54, 0.52, 0.4266666666666667]
[10 Fold results] data_val:54.87 ± 3.04 data_test:49.33 ± 3.27 best_test:55.13 ± 2.31
