Namespace(device='cuda:0', dataset='NCI1', in_size=37, num_classes=2, fusion_type='early', gcn_channels=3, gcn_hidden=64, gcn_layers=4, gcn_dropout=0.1, trans_num_layers=4, input_node_dim=37, hidden_node_dim=32, input_edge_dim=0, hidden_edge_dim=32, ouput_dim=None, n_heads=4, max_in_degree=5, max_out_degree=5, max_path_distance=5, hidden_dim=64, num_layers=4, num_features=37, num_heads=8, dropout=0.1, pos_encoding='gcn', att_dropout=0.1, d_k=64, d_v=64, pos_embed_type='s', alpha=0.5, num_fusion_layers=4, eta=0.4, lam1=0.2, lam2=0.2, theta1=0.1, theta2=0.4, theta3=0.4, loss_log=2, folds=10, lr=0.0001, weight_decay=0.0005, batch_size=128, epoches=1000, output_dim=2)
/home/dongrui/anaconda3/envs/dr/lib/python3.9/site-packages/torch_geometric/data/in_memory_dataset.py:284: UserWarning: It is not recommended to directly access the internal storage format `data` of an 'InMemoryDataset'. The given 'InMemoryDataset' only references a subset of examples of the full dataset, but 'data' will contain information of the full dataset. The data of the dataset is already cached, so any modifications to `data` will not be reflected when accessing its elements. Clearing the cache now by removing all elements in `dataset._data_list`. If you are absolutely certain what you are doing, access the internal storage via `InMemoryDataset._data` instead to suppress this warning. Alternatively, you can access stacked individual attributes of every graph via `dataset.{attr_name}`.
  warnings.warn(msg)
Fold: 0
Epoch: 000 train_loss: 0.006421 val_loss: 0.685004 val_acc: 0.491484 test_loss: 0.694183 test_acc: 0.476886
Epoch: 010 train_loss: 0.005186 val_loss: 0.661663 val_acc: 0.700730 test_loss: 0.676571 test_acc: 0.659367
Epoch: 020 train_loss: 0.005028 val_loss: 0.623030 val_acc: 0.642336 test_loss: 0.651952 test_acc: 0.615572
Epoch: 030 train_loss: 0.004939 val_loss: 0.625704 val_acc: 0.637470 test_loss: 0.659020 test_acc: 0.605839
Epoch: 040 train_loss: 0.004811 val_loss: 0.610768 val_acc: 0.676399 test_loss: 0.644082 test_acc: 0.642336
Epoch: 050 train_loss: 0.004731 val_loss: 0.606824 val_acc: 0.744526 test_loss: 0.637759 test_acc: 0.690998
Epoch: 060 train_loss: 0.004714 val_loss: 0.620605 val_acc: 0.683698 test_loss: 0.655915 test_acc: 0.669100
Epoch: 070 train_loss: 0.004557 val_loss: 0.603168 val_acc: 0.710462 test_loss: 0.631176 test_acc: 0.705596
Epoch: 080 train_loss: 0.004454 val_loss: 0.594071 val_acc: 0.751825 test_loss: 0.623828 test_acc: 0.715328
Epoch: 090 train_loss: 0.004474 val_loss: 0.595013 val_acc: 0.763990 test_loss: 0.618334 test_acc: 0.712895
Epoch: 100 train_loss: 0.004354 val_loss: 0.615141 val_acc: 0.688564 test_loss: 0.642223 test_acc: 0.688564
Epoch: 110 train_loss: 0.004288 val_loss: 0.591251 val_acc: 0.776156 test_loss: 0.623884 test_acc: 0.737226
Epoch: 120 train_loss: 0.004358 val_loss: 0.587354 val_acc: 0.744526 test_loss: 0.635617 test_acc: 0.729927
Epoch: 130 train_loss: 0.004211 val_loss: 0.589917 val_acc: 0.744526 test_loss: 0.643148 test_acc: 0.715328
Epoch: 140 train_loss: 0.004168 val_loss: 0.591373 val_acc: 0.763990 test_loss: 0.644332 test_acc: 0.720195
Epoch: 150 train_loss: 0.004062 val_loss: 0.583296 val_acc: 0.771290 test_loss: 0.643042 test_acc: 0.712895
Epoch: 160 train_loss: 0.004064 val_loss: 0.597380 val_acc: 0.761557 test_loss: 0.646522 test_acc: 0.715328
Epoch: 170 train_loss: 0.004112 val_loss: 0.609579 val_acc: 0.754258 test_loss: 0.638999 test_acc: 0.722628
Epoch: 180 train_loss: 0.003981 val_loss: 0.586339 val_acc: 0.773723 test_loss: 0.647242 test_acc: 0.722628
Epoch: 190 train_loss: 0.003907 val_loss: 0.592971 val_acc: 0.788321 test_loss: 0.646995 test_acc: 0.734793
Epoch: 200 train_loss: 0.003911 val_loss: 0.592052 val_acc: 0.763990 test_loss: 0.650897 test_acc: 0.725061
Epoch: 210 train_loss: 0.003846 val_loss: 0.617382 val_acc: 0.742092 test_loss: 0.690291 test_acc: 0.703163
Epoch: 220 train_loss: 0.003885 val_loss: 0.581706 val_acc: 0.773723 test_loss: 0.651414 test_acc: 0.720195
Epoch: 230 train_loss: 0.003830 val_loss: 0.587057 val_acc: 0.771290 test_loss: 0.659529 test_acc: 0.720195
Epoch: 240 train_loss: 0.003756 val_loss: 0.598401 val_acc: 0.781022 test_loss: 0.662349 test_acc: 0.734793
Epoch: 250 train_loss: 0.003852 val_loss: 0.596459 val_acc: 0.773723 test_loss: 0.638760 test_acc: 0.746959
Epoch: 260 train_loss: 0.003736 val_loss: 0.609036 val_acc: 0.751825 test_loss: 0.645474 test_acc: 0.737226
Epoch: 270 train_loss: 0.003714 val_loss: 0.584788 val_acc: 0.766423 test_loss: 0.659291 test_acc: 0.734793
Epoch: 280 train_loss: 0.003755 val_loss: 0.587605 val_acc: 0.771290 test_loss: 0.631644 test_acc: 0.761557
Epoch: 290 train_loss: 0.003655 val_loss: 0.605385 val_acc: 0.759124 test_loss: 0.643077 test_acc: 0.759124
Epoch: 300 train_loss: 0.003665 val_loss: 0.606449 val_acc: 0.751825 test_loss: 0.652265 test_acc: 0.749392
Epoch: 310 train_loss: 0.003615 val_loss: 0.600692 val_acc: 0.778589 test_loss: 0.679322 test_acc: 0.708029
Epoch: 320 train_loss: 0.003571 val_loss: 0.600401 val_acc: 0.761557 test_loss: 0.649198 test_acc: 0.744526
Epoch: 330 train_loss: 0.003600 val_loss: 0.587328 val_acc: 0.768856 test_loss: 0.655369 test_acc: 0.742092
Epoch: 340 train_loss: 0.003574 val_loss: 0.609142 val_acc: 0.768856 test_loss: 0.645986 test_acc: 0.744526
Epoch: 350 train_loss: 0.003593 val_loss: 0.599103 val_acc: 0.771290 test_loss: 0.656217 test_acc: 0.734793
Epoch: 360 train_loss: 0.003612 val_loss: 0.597433 val_acc: 0.761557 test_loss: 0.644397 test_acc: 0.756691
Epoch: 370 train_loss: 0.003519 val_loss: 0.594413 val_acc: 0.773723 test_loss: 0.658519 test_acc: 0.737226
Epoch: 380 train_loss: 0.003565 val_loss: 0.601856 val_acc: 0.756691 test_loss: 0.643532 test_acc: 0.749392
Epoch: 390 train_loss: 0.003486 val_loss: 0.572340 val_acc: 0.812652 test_loss: 0.635051 test_acc: 0.756691
Epoch: 400 train_loss: 0.003606 val_loss: 0.599151 val_acc: 0.763990 test_loss: 0.652177 test_acc: 0.732360
Epoch: 410 train_loss: 0.003497 val_loss: 0.612779 val_acc: 0.746959 test_loss: 0.658571 test_acc: 0.744526
Epoch: 420 train_loss: 0.003471 val_loss: 0.585102 val_acc: 0.790754 test_loss: 0.668586 test_acc: 0.725061
Epoch: 430 train_loss: 0.003498 val_loss: 0.591680 val_acc: 0.783455 test_loss: 0.659564 test_acc: 0.742092
Epoch: 440 train_loss: 0.003498 val_loss: 0.572432 val_acc: 0.793187 test_loss: 0.644785 test_acc: 0.751825
Epoch: 450 train_loss: 0.003427 val_loss: 0.595211 val_acc: 0.776156 test_loss: 0.648214 test_acc: 0.749392
Epoch: 460 train_loss: 0.003453 val_loss: 0.594156 val_acc: 0.778589 test_loss: 0.650416 test_acc: 0.756691
Epoch: 470 train_loss: 0.003488 val_loss: 0.594677 val_acc: 0.773723 test_loss: 0.654311 test_acc: 0.744526
Epoch: 480 train_loss: 0.003475 val_loss: 0.609010 val_acc: 0.751825 test_loss: 0.665336 test_acc: 0.720195
Epoch: 490 train_loss: 0.003413 val_loss: 0.585067 val_acc: 0.793187 test_loss: 0.662394 test_acc: 0.739659
Epoch: 500 train_loss: 0.003440 val_loss: 0.586358 val_acc: 0.790754 test_loss: 0.650041 test_acc: 0.744526
Epoch: 510 train_loss: 0.003465 val_loss: 0.591380 val_acc: 0.783455 test_loss: 0.668847 test_acc: 0.729927
Epoch: 520 train_loss: 0.003369 val_loss: 0.610625 val_acc: 0.756691 test_loss: 0.659270 test_acc: 0.749392
Epoch: 530 train_loss: 0.003383 val_loss: 0.596382 val_acc: 0.778589 test_loss: 0.663421 test_acc: 0.739659
Epoch: 540 train_loss: 0.003454 val_loss: 0.596681 val_acc: 0.773723 test_loss: 0.669113 test_acc: 0.734793
Epoch: 550 train_loss: 0.003523 val_loss: 0.602876 val_acc: 0.785888 test_loss: 0.658544 test_acc: 0.751825
Epoch: 560 train_loss: 0.003363 val_loss: 0.609786 val_acc: 0.759124 test_loss: 0.672366 test_acc: 0.732360
Epoch: 570 train_loss: 0.003373 val_loss: 0.573501 val_acc: 0.812652 test_loss: 0.662803 test_acc: 0.746959
Epoch: 580 train_loss: 0.003480 val_loss: 0.593972 val_acc: 0.785888 test_loss: 0.658239 test_acc: 0.734793
Epoch: 590 train_loss: 0.003328 val_loss: 0.612148 val_acc: 0.756691 test_loss: 0.682149 test_acc: 0.727494
Epoch: 600 train_loss: 0.003386 val_loss: 0.587749 val_acc: 0.785888 test_loss: 0.660408 test_acc: 0.742092
Epoch: 610 train_loss: 0.003401 val_loss: 0.582900 val_acc: 0.785888 test_loss: 0.691813 test_acc: 0.717762
Epoch: 620 train_loss: 0.003395 val_loss: 0.591063 val_acc: 0.773723 test_loss: 0.677890 test_acc: 0.725061
Epoch: 630 train_loss: 0.003308 val_loss: 0.584754 val_acc: 0.798054 test_loss: 0.680515 test_acc: 0.720195
Epoch: 640 train_loss: 0.003483 val_loss: 0.577089 val_acc: 0.798054 test_loss: 0.665459 test_acc: 0.749392
Epoch: 650 train_loss: 0.003326 val_loss: 0.595622 val_acc: 0.768856 test_loss: 0.657026 test_acc: 0.732360
Epoch: 660 train_loss: 0.003354 val_loss: 0.571137 val_acc: 0.802920 test_loss: 0.662742 test_acc: 0.737226
Epoch: 670 train_loss: 0.003400 val_loss: 0.573733 val_acc: 0.802920 test_loss: 0.691848 test_acc: 0.715328
Epoch: 680 train_loss: 0.003310 val_loss: 0.602624 val_acc: 0.771290 test_loss: 0.683521 test_acc: 0.715328
Epoch: 690 train_loss: 0.003372 val_loss: 0.589325 val_acc: 0.781022 test_loss: 0.642249 test_acc: 0.763990
Epoch: 700 train_loss: 0.003277 val_loss: 0.583994 val_acc: 0.805353 test_loss: 0.678311 test_acc: 0.732360
Epoch: 710 train_loss: 0.003288 val_loss: 0.606001 val_acc: 0.773723 test_loss: 0.676058 test_acc: 0.727494
Epoch: 720 train_loss: 0.003289 val_loss: 0.594925 val_acc: 0.781022 test_loss: 0.674133 test_acc: 0.729927
Epoch: 730 train_loss: 0.003406 val_loss: 0.601466 val_acc: 0.771290 test_loss: 0.680720 test_acc: 0.727494
Epoch: 740 train_loss: 0.003362 val_loss: 0.587680 val_acc: 0.790754 test_loss: 0.698084 test_acc: 0.705596
Epoch: 750 train_loss: 0.003340 val_loss: 0.622393 val_acc: 0.744526 test_loss: 0.697832 test_acc: 0.700730
Epoch: 760 train_loss: 0.003293 val_loss: 0.604174 val_acc: 0.778589 test_loss: 0.664689 test_acc: 0.756691
Epoch: 770 train_loss: 0.003290 val_loss: 0.597577 val_acc: 0.781022 test_loss: 0.672723 test_acc: 0.727494
Epoch: 780 train_loss: 0.003352 val_loss: 0.604800 val_acc: 0.768856 test_loss: 0.681282 test_acc: 0.720195
Epoch: 790 train_loss: 0.003309 val_loss: 0.602666 val_acc: 0.773723 test_loss: 0.685484 test_acc: 0.715328
Epoch: 800 train_loss: 0.003277 val_loss: 0.602600 val_acc: 0.763990 test_loss: 0.667535 test_acc: 0.754258
Epoch: 810 train_loss: 0.003299 val_loss: 0.610834 val_acc: 0.768856 test_loss: 0.660522 test_acc: 0.737226
Epoch: 820 train_loss: 0.003254 val_loss: 0.603195 val_acc: 0.778589 test_loss: 0.697068 test_acc: 0.705596
Epoch: 830 train_loss: 0.003332 val_loss: 0.609971 val_acc: 0.768856 test_loss: 0.678529 test_acc: 0.725061
Epoch: 840 train_loss: 0.003276 val_loss: 0.599061 val_acc: 0.776156 test_loss: 0.670231 test_acc: 0.737226
Epoch: 850 train_loss: 0.003330 val_loss: 0.608527 val_acc: 0.761557 test_loss: 0.673387 test_acc: 0.725061
Epoch: 860 train_loss: 0.003318 val_loss: 0.599750 val_acc: 0.773723 test_loss: 0.661880 test_acc: 0.751825
Epoch: 870 train_loss: 0.003416 val_loss: 0.585864 val_acc: 0.778589 test_loss: 0.678307 test_acc: 0.732360
Epoch: 880 train_loss: 0.003281 val_loss: 0.609873 val_acc: 0.759124 test_loss: 0.667727 test_acc: 0.737226
Epoch: 890 train_loss: 0.003301 val_loss: 0.607945 val_acc: 0.771290 test_loss: 0.698626 test_acc: 0.717762
Epoch: 900 train_loss: 0.003265 val_loss: 0.621922 val_acc: 0.759124 test_loss: 0.680825 test_acc: 0.744526
Epoch: 910 train_loss: 0.003316 val_loss: 0.594561 val_acc: 0.790754 test_loss: 0.670454 test_acc: 0.749392
Epoch: 920 train_loss: 0.003271 val_loss: 0.615884 val_acc: 0.759124 test_loss: 0.670360 test_acc: 0.734793
Epoch: 930 train_loss: 0.003306 val_loss: 0.605771 val_acc: 0.773723 test_loss: 0.666004 test_acc: 0.742092
Epoch: 940 train_loss: 0.003245 val_loss: 0.599882 val_acc: 0.768856 test_loss: 0.676768 test_acc: 0.739659
Epoch: 950 train_loss: 0.003276 val_loss: 0.606287 val_acc: 0.788321 test_loss: 0.669429 test_acc: 0.737226
Epoch: 960 train_loss: 0.003277 val_loss: 0.598356 val_acc: 0.766423 test_loss: 0.659246 test_acc: 0.739659
Epoch: 970 train_loss: 0.003308 val_loss: 0.599445 val_acc: 0.771290 test_loss: 0.679614 test_acc: 0.720195
Epoch: 980 train_loss: 0.003269 val_loss: 0.611465 val_acc: 0.768856 test_loss: 0.671380 test_acc: 0.722628
Epoch: 990 train_loss: 0.003225 val_loss: 0.610860 val_acc: 0.771290 test_loss: 0.677981 test_acc: 0.727494
Fold: 1
Epoch: 000 train_loss: 0.005489 val_loss: 0.693732 val_acc: 0.479319 test_loss: 0.681230 test_acc: 0.493917
Epoch: 010 train_loss: 0.005087 val_loss: 0.650491 val_acc: 0.639903 test_loss: 0.634867 test_acc: 0.700730
Epoch: 020 train_loss: 0.004929 val_loss: 0.656579 val_acc: 0.615572 test_loss: 0.631802 test_acc: 0.671533
Epoch: 030 train_loss: 0.004840 val_loss: 0.635139 val_acc: 0.695864 test_loss: 0.617643 test_acc: 0.746959
Epoch: 040 train_loss: 0.004727 val_loss: 0.636583 val_acc: 0.703163 test_loss: 0.622788 test_acc: 0.722628
Epoch: 050 train_loss: 0.004633 val_loss: 0.628343 val_acc: 0.690998 test_loss: 0.612445 test_acc: 0.739659
Epoch: 060 train_loss: 0.004553 val_loss: 0.637111 val_acc: 0.712895 test_loss: 0.625384 test_acc: 0.722628
Epoch: 070 train_loss: 0.004504 val_loss: 0.662193 val_acc: 0.649635 test_loss: 0.642850 test_acc: 0.673966
Epoch: 080 train_loss: 0.004446 val_loss: 0.644757 val_acc: 0.688564 test_loss: 0.617201 test_acc: 0.727494
Epoch: 090 train_loss: 0.004388 val_loss: 0.652260 val_acc: 0.708029 test_loss: 0.619163 test_acc: 0.749392
Epoch: 100 train_loss: 0.004287 val_loss: 0.649886 val_acc: 0.688564 test_loss: 0.613232 test_acc: 0.756691
Epoch: 110 train_loss: 0.004236 val_loss: 0.646258 val_acc: 0.693431 test_loss: 0.623150 test_acc: 0.763990
Epoch: 120 train_loss: 0.004170 val_loss: 0.632016 val_acc: 0.734793 test_loss: 0.622138 test_acc: 0.732360
Epoch: 130 train_loss: 0.004110 val_loss: 0.639488 val_acc: 0.729927 test_loss: 0.626334 test_acc: 0.768856
Epoch: 140 train_loss: 0.004291 val_loss: 0.638558 val_acc: 0.712895 test_loss: 0.629912 test_acc: 0.729927
Epoch: 150 train_loss: 0.004002 val_loss: 0.643955 val_acc: 0.744526 test_loss: 0.622485 test_acc: 0.756691
Epoch: 160 train_loss: 0.004104 val_loss: 0.626530 val_acc: 0.737226 test_loss: 0.607707 test_acc: 0.763990
Epoch: 170 train_loss: 0.003961 val_loss: 0.642910 val_acc: 0.739659 test_loss: 0.629440 test_acc: 0.749392
Epoch: 180 train_loss: 0.004089 val_loss: 0.639862 val_acc: 0.732360 test_loss: 0.613466 test_acc: 0.768856
Epoch: 190 train_loss: 0.003956 val_loss: 0.623859 val_acc: 0.744526 test_loss: 0.617859 test_acc: 0.756691
Epoch: 200 train_loss: 0.003933 val_loss: 0.635562 val_acc: 0.742092 test_loss: 0.629670 test_acc: 0.763990
Epoch: 210 train_loss: 0.003818 val_loss: 0.629858 val_acc: 0.754258 test_loss: 0.607617 test_acc: 0.773723
Epoch: 220 train_loss: 0.003855 val_loss: 0.626778 val_acc: 0.746959 test_loss: 0.609131 test_acc: 0.768856
Epoch: 230 train_loss: 0.003750 val_loss: 0.644311 val_acc: 0.763990 test_loss: 0.620958 test_acc: 0.771290
Epoch: 240 train_loss: 0.003718 val_loss: 0.647307 val_acc: 0.749392 test_loss: 0.622622 test_acc: 0.766423
Epoch: 250 train_loss: 0.003669 val_loss: 0.652555 val_acc: 0.737226 test_loss: 0.622057 test_acc: 0.766423
Epoch: 260 train_loss: 0.003734 val_loss: 0.643725 val_acc: 0.739659 test_loss: 0.617054 test_acc: 0.776156
Epoch: 270 train_loss: 0.003719 val_loss: 0.631891 val_acc: 0.768856 test_loss: 0.612900 test_acc: 0.771290
Epoch: 280 train_loss: 0.003706 val_loss: 0.669964 val_acc: 0.710462 test_loss: 0.623657 test_acc: 0.761557
Epoch: 290 train_loss: 0.003705 val_loss: 0.645431 val_acc: 0.739659 test_loss: 0.606768 test_acc: 0.773723
Epoch: 300 train_loss: 0.003779 val_loss: 0.636885 val_acc: 0.751825 test_loss: 0.598274 test_acc: 0.781022
Epoch: 310 train_loss: 0.003683 val_loss: 0.650589 val_acc: 0.754258 test_loss: 0.605024 test_acc: 0.771290
Epoch: 320 train_loss: 0.003636 val_loss: 0.658871 val_acc: 0.720195 test_loss: 0.596198 test_acc: 0.773723
Epoch: 330 train_loss: 0.003645 val_loss: 0.654483 val_acc: 0.734793 test_loss: 0.603248 test_acc: 0.766423
Epoch: 340 train_loss: 0.003575 val_loss: 0.649055 val_acc: 0.734793 test_loss: 0.613123 test_acc: 0.771290
Epoch: 350 train_loss: 0.003711 val_loss: 0.661069 val_acc: 0.725061 test_loss: 0.629205 test_acc: 0.744526
Epoch: 360 train_loss: 0.003580 val_loss: 0.641113 val_acc: 0.742092 test_loss: 0.602007 test_acc: 0.781022
Epoch: 370 train_loss: 0.003620 val_loss: 0.668053 val_acc: 0.727494 test_loss: 0.627339 test_acc: 0.763990
Epoch: 380 train_loss: 0.003556 val_loss: 0.653434 val_acc: 0.732360 test_loss: 0.613817 test_acc: 0.773723
Epoch: 390 train_loss: 0.003511 val_loss: 0.658140 val_acc: 0.744526 test_loss: 0.606893 test_acc: 0.778589
Epoch: 400 train_loss: 0.003571 val_loss: 0.654343 val_acc: 0.715328 test_loss: 0.599185 test_acc: 0.781022
Epoch: 410 train_loss: 0.003550 val_loss: 0.653377 val_acc: 0.744526 test_loss: 0.616535 test_acc: 0.763990
Epoch: 420 train_loss: 0.003518 val_loss: 0.667781 val_acc: 0.729927 test_loss: 0.620293 test_acc: 0.761557
Epoch: 430 train_loss: 0.003495 val_loss: 0.669071 val_acc: 0.720195 test_loss: 0.622847 test_acc: 0.771290
Epoch: 440 train_loss: 0.003535 val_loss: 0.663016 val_acc: 0.720195 test_loss: 0.614547 test_acc: 0.759124
Epoch: 450 train_loss: 0.003477 val_loss: 0.654885 val_acc: 0.739659 test_loss: 0.624628 test_acc: 0.756691
Epoch: 460 train_loss: 0.003473 val_loss: 0.652082 val_acc: 0.749392 test_loss: 0.632813 test_acc: 0.742092
Epoch: 470 train_loss: 0.003475 val_loss: 0.667752 val_acc: 0.754258 test_loss: 0.625687 test_acc: 0.754258
Epoch: 480 train_loss: 0.003514 val_loss: 0.666243 val_acc: 0.742092 test_loss: 0.615263 test_acc: 0.771290
Epoch: 490 train_loss: 0.003530 val_loss: 0.657264 val_acc: 0.727494 test_loss: 0.619364 test_acc: 0.756691
Epoch: 500 train_loss: 0.003450 val_loss: 0.671940 val_acc: 0.712895 test_loss: 0.626827 test_acc: 0.756691
Epoch: 510 train_loss: 0.003449 val_loss: 0.682323 val_acc: 0.732360 test_loss: 0.629782 test_acc: 0.763990
Epoch: 520 train_loss: 0.003452 val_loss: 0.659818 val_acc: 0.737226 test_loss: 0.622502 test_acc: 0.756691
Epoch: 530 train_loss: 0.003554 val_loss: 0.649277 val_acc: 0.751825 test_loss: 0.619286 test_acc: 0.746959
Epoch: 540 train_loss: 0.003448 val_loss: 0.671249 val_acc: 0.720195 test_loss: 0.629697 test_acc: 0.751825
Epoch: 550 train_loss: 0.003417 val_loss: 0.668468 val_acc: 0.732360 test_loss: 0.630375 test_acc: 0.761557
Epoch: 560 train_loss: 0.003536 val_loss: 0.642263 val_acc: 0.742092 test_loss: 0.613783 test_acc: 0.744526
Epoch: 570 train_loss: 0.003413 val_loss: 0.654640 val_acc: 0.734793 test_loss: 0.621741 test_acc: 0.751825
Epoch: 580 train_loss: 0.003441 val_loss: 0.675488 val_acc: 0.725061 test_loss: 0.630140 test_acc: 0.746959
Epoch: 590 train_loss: 0.003365 val_loss: 0.674289 val_acc: 0.729927 test_loss: 0.626440 test_acc: 0.768856
Epoch: 600 train_loss: 0.003460 val_loss: 0.686705 val_acc: 0.703163 test_loss: 0.629174 test_acc: 0.737226
Epoch: 610 train_loss: 0.003473 val_loss: 0.662886 val_acc: 0.734793 test_loss: 0.623441 test_acc: 0.756691
Epoch: 620 train_loss: 0.003376 val_loss: 0.674897 val_acc: 0.751825 test_loss: 0.627535 test_acc: 0.754258
Epoch: 630 train_loss: 0.003428 val_loss: 0.661292 val_acc: 0.746959 test_loss: 0.617799 test_acc: 0.763990
Epoch: 640 train_loss: 0.003404 val_loss: 0.653866 val_acc: 0.751825 test_loss: 0.628510 test_acc: 0.746959
Epoch: 650 train_loss: 0.003371 val_loss: 0.667913 val_acc: 0.732360 test_loss: 0.612243 test_acc: 0.763990
Epoch: 660 train_loss: 0.003430 val_loss: 0.652476 val_acc: 0.729927 test_loss: 0.615410 test_acc: 0.746959
Epoch: 670 train_loss: 0.003382 val_loss: 0.661117 val_acc: 0.737226 test_loss: 0.621157 test_acc: 0.759124
Epoch: 680 train_loss: 0.003406 val_loss: 0.666958 val_acc: 0.737226 test_loss: 0.619309 test_acc: 0.754258
Epoch: 690 train_loss: 0.003371 val_loss: 0.663361 val_acc: 0.737226 test_loss: 0.616658 test_acc: 0.776156
Epoch: 700 train_loss: 0.003376 val_loss: 0.664527 val_acc: 0.746959 test_loss: 0.625542 test_acc: 0.761557
Epoch: 710 train_loss: 0.003354 val_loss: 0.655332 val_acc: 0.749392 test_loss: 0.620299 test_acc: 0.756691
Epoch: 720 train_loss: 0.003390 val_loss: 0.674684 val_acc: 0.722628 test_loss: 0.619960 test_acc: 0.756691
Epoch: 730 train_loss: 0.003358 val_loss: 0.687438 val_acc: 0.734793 test_loss: 0.628737 test_acc: 0.763990
Epoch: 740 train_loss: 0.003339 val_loss: 0.657326 val_acc: 0.737226 test_loss: 0.620497 test_acc: 0.766423
Epoch: 750 train_loss: 0.003395 val_loss: 0.670992 val_acc: 0.725061 test_loss: 0.623445 test_acc: 0.761557
Epoch: 760 train_loss: 0.003349 val_loss: 0.669192 val_acc: 0.734793 test_loss: 0.627666 test_acc: 0.763990
Epoch: 770 train_loss: 0.003367 val_loss: 0.677153 val_acc: 0.739659 test_loss: 0.618353 test_acc: 0.763990
Epoch: 780 train_loss: 0.003361 val_loss: 0.659913 val_acc: 0.746959 test_loss: 0.603564 test_acc: 0.773723
Epoch: 790 train_loss: 0.003316 val_loss: 0.709575 val_acc: 0.715328 test_loss: 0.634641 test_acc: 0.759124
Epoch: 800 train_loss: 0.003513 val_loss: 0.695369 val_acc: 0.712895 test_loss: 0.633490 test_acc: 0.756691
Epoch: 810 train_loss: 0.003340 val_loss: 0.677467 val_acc: 0.742092 test_loss: 0.620670 test_acc: 0.761557
Epoch: 820 train_loss: 0.003391 val_loss: 0.681815 val_acc: 0.720195 test_loss: 0.616189 test_acc: 0.761557
Epoch: 830 train_loss: 0.003347 val_loss: 0.675209 val_acc: 0.727494 test_loss: 0.636015 test_acc: 0.759124
Epoch: 840 train_loss: 0.003392 val_loss: 0.677578 val_acc: 0.717762 test_loss: 0.614375 test_acc: 0.766423
Epoch: 850 train_loss: 0.003434 val_loss: 0.674159 val_acc: 0.722628 test_loss: 0.621014 test_acc: 0.763990
Epoch: 860 train_loss: 0.003357 val_loss: 0.672223 val_acc: 0.739659 test_loss: 0.615662 test_acc: 0.768856
Epoch: 870 train_loss: 0.003339 val_loss: 0.688892 val_acc: 0.712895 test_loss: 0.628484 test_acc: 0.761557
Epoch: 880 train_loss: 0.003362 val_loss: 0.684940 val_acc: 0.729927 test_loss: 0.632796 test_acc: 0.759124
Epoch: 890 train_loss: 0.003334 val_loss: 0.674571 val_acc: 0.729927 test_loss: 0.615037 test_acc: 0.771290
Epoch: 900 train_loss: 0.003365 val_loss: 0.679997 val_acc: 0.729927 test_loss: 0.640503 test_acc: 0.744526
Epoch: 910 train_loss: 0.003317 val_loss: 0.663649 val_acc: 0.732360 test_loss: 0.624178 test_acc: 0.763990
Epoch: 920 train_loss: 0.003467 val_loss: 0.702818 val_acc: 0.710462 test_loss: 0.661144 test_acc: 0.739659
Epoch: 930 train_loss: 0.003328 val_loss: 0.683103 val_acc: 0.725061 test_loss: 0.606053 test_acc: 0.781022
Epoch: 940 train_loss: 0.003288 val_loss: 0.689657 val_acc: 0.717762 test_loss: 0.627054 test_acc: 0.749392
Epoch: 950 train_loss: 0.003411 val_loss: 0.668356 val_acc: 0.739659 test_loss: 0.636055 test_acc: 0.744526
Epoch: 960 train_loss: 0.003381 val_loss: 0.689039 val_acc: 0.710462 test_loss: 0.633230 test_acc: 0.746959
Epoch: 970 train_loss: 0.003294 val_loss: 0.685882 val_acc: 0.732360 test_loss: 0.625252 test_acc: 0.763990
Epoch: 980 train_loss: 0.003383 val_loss: 0.713480 val_acc: 0.700730 test_loss: 0.642447 test_acc: 0.744526
Epoch: 990 train_loss: 0.003289 val_loss: 0.672827 val_acc: 0.734793 test_loss: 0.629669 test_acc: 0.759124
Fold: 2
Epoch: 000 train_loss: 0.005727 val_loss: 0.692316 val_acc: 0.642336 test_loss: 0.694257 test_acc: 0.610706
Epoch: 010 train_loss: 0.005162 val_loss: 0.637233 val_acc: 0.686131 test_loss: 0.643408 test_acc: 0.637470
Epoch: 020 train_loss: 0.005001 val_loss: 0.630753 val_acc: 0.705596 test_loss: 0.630148 test_acc: 0.676399
Epoch: 030 train_loss: 0.004939 val_loss: 0.622371 val_acc: 0.751825 test_loss: 0.624729 test_acc: 0.695864
Epoch: 040 train_loss: 0.004836 val_loss: 0.613391 val_acc: 0.754258 test_loss: 0.613716 test_acc: 0.727494
Epoch: 050 train_loss: 0.004684 val_loss: 0.613102 val_acc: 0.759124 test_loss: 0.601265 test_acc: 0.744526
Epoch: 060 train_loss: 0.004568 val_loss: 0.612594 val_acc: 0.754258 test_loss: 0.603480 test_acc: 0.729927
Epoch: 070 train_loss: 0.004494 val_loss: 0.608429 val_acc: 0.759124 test_loss: 0.603607 test_acc: 0.751825
Epoch: 080 train_loss: 0.004432 val_loss: 0.611386 val_acc: 0.744526 test_loss: 0.604424 test_acc: 0.749392
Epoch: 090 train_loss: 0.004333 val_loss: 0.611186 val_acc: 0.763990 test_loss: 0.607317 test_acc: 0.759124
Epoch: 100 train_loss: 0.004324 val_loss: 0.611270 val_acc: 0.768856 test_loss: 0.596133 test_acc: 0.766423
Epoch: 110 train_loss: 0.004286 val_loss: 0.608191 val_acc: 0.756691 test_loss: 0.594585 test_acc: 0.783455
Epoch: 120 train_loss: 0.004190 val_loss: 0.606827 val_acc: 0.773723 test_loss: 0.595329 test_acc: 0.778589
Epoch: 130 train_loss: 0.004108 val_loss: 0.626739 val_acc: 0.749392 test_loss: 0.606072 test_acc: 0.778589
Epoch: 140 train_loss: 0.004087 val_loss: 0.611711 val_acc: 0.768856 test_loss: 0.599144 test_acc: 0.773723
Epoch: 150 train_loss: 0.004008 val_loss: 0.605659 val_acc: 0.776156 test_loss: 0.596139 test_acc: 0.771290
Epoch: 160 train_loss: 0.003994 val_loss: 0.619731 val_acc: 0.771290 test_loss: 0.612281 test_acc: 0.773723
Epoch: 170 train_loss: 0.003948 val_loss: 0.616393 val_acc: 0.776156 test_loss: 0.594662 test_acc: 0.778589
Epoch: 180 train_loss: 0.003878 val_loss: 0.607236 val_acc: 0.778589 test_loss: 0.605768 test_acc: 0.756691
Epoch: 190 train_loss: 0.003831 val_loss: 0.610859 val_acc: 0.781022 test_loss: 0.595769 test_acc: 0.781022
Epoch: 200 train_loss: 0.003842 val_loss: 0.590840 val_acc: 0.788321 test_loss: 0.594510 test_acc: 0.773723
Epoch: 210 train_loss: 0.003814 val_loss: 0.601975 val_acc: 0.783455 test_loss: 0.589821 test_acc: 0.778589
Epoch: 220 train_loss: 0.003783 val_loss: 0.598890 val_acc: 0.776156 test_loss: 0.606720 test_acc: 0.768856
Epoch: 230 train_loss: 0.003821 val_loss: 0.608154 val_acc: 0.773723 test_loss: 0.607285 test_acc: 0.768856
Epoch: 240 train_loss: 0.003748 val_loss: 0.588136 val_acc: 0.802920 test_loss: 0.574486 test_acc: 0.785888
Epoch: 250 train_loss: 0.003720 val_loss: 0.596694 val_acc: 0.766423 test_loss: 0.614956 test_acc: 0.744526
Epoch: 260 train_loss: 0.003744 val_loss: 0.587780 val_acc: 0.790754 test_loss: 0.591190 test_acc: 0.776156
Epoch: 270 train_loss: 0.003718 val_loss: 0.596578 val_acc: 0.773723 test_loss: 0.597023 test_acc: 0.785888
Epoch: 280 train_loss: 0.003655 val_loss: 0.611499 val_acc: 0.768856 test_loss: 0.619878 test_acc: 0.756691
Epoch: 290 train_loss: 0.003665 val_loss: 0.594996 val_acc: 0.788321 test_loss: 0.600126 test_acc: 0.766423
Epoch: 300 train_loss: 0.003598 val_loss: 0.613445 val_acc: 0.756691 test_loss: 0.604974 test_acc: 0.768856
Epoch: 310 train_loss: 0.003633 val_loss: 0.592257 val_acc: 0.776156 test_loss: 0.608256 test_acc: 0.771290
Epoch: 320 train_loss: 0.003597 val_loss: 0.604034 val_acc: 0.776156 test_loss: 0.605330 test_acc: 0.773723
Epoch: 330 train_loss: 0.003663 val_loss: 0.608749 val_acc: 0.763990 test_loss: 0.620213 test_acc: 0.768856
Epoch: 340 train_loss: 0.003603 val_loss: 0.607362 val_acc: 0.771290 test_loss: 0.598040 test_acc: 0.771290
Epoch: 350 train_loss: 0.003595 val_loss: 0.582667 val_acc: 0.788321 test_loss: 0.607390 test_acc: 0.761557
Epoch: 360 train_loss: 0.003580 val_loss: 0.593750 val_acc: 0.788321 test_loss: 0.605563 test_acc: 0.773723
Epoch: 370 train_loss: 0.003571 val_loss: 0.590542 val_acc: 0.783455 test_loss: 0.607044 test_acc: 0.759124
Epoch: 380 train_loss: 0.003566 val_loss: 0.582012 val_acc: 0.802920 test_loss: 0.612879 test_acc: 0.754258
Epoch: 390 train_loss: 0.003557 val_loss: 0.599908 val_acc: 0.781022 test_loss: 0.617166 test_acc: 0.761557
Epoch: 400 train_loss: 0.003547 val_loss: 0.594566 val_acc: 0.776156 test_loss: 0.610206 test_acc: 0.776156
Epoch: 410 train_loss: 0.003508 val_loss: 0.601599 val_acc: 0.756691 test_loss: 0.615367 test_acc: 0.754258
Epoch: 420 train_loss: 0.003540 val_loss: 0.600092 val_acc: 0.768856 test_loss: 0.611269 test_acc: 0.766423
Epoch: 430 train_loss: 0.003534 val_loss: 0.586739 val_acc: 0.800487 test_loss: 0.614796 test_acc: 0.766423
Epoch: 440 train_loss: 0.003461 val_loss: 0.598620 val_acc: 0.778589 test_loss: 0.618628 test_acc: 0.763990
Epoch: 450 train_loss: 0.003583 val_loss: 0.603775 val_acc: 0.778589 test_loss: 0.604155 test_acc: 0.783455
Epoch: 460 train_loss: 0.003495 val_loss: 0.592161 val_acc: 0.798054 test_loss: 0.618071 test_acc: 0.766423
Epoch: 470 train_loss: 0.003484 val_loss: 0.602550 val_acc: 0.783455 test_loss: 0.609124 test_acc: 0.766423
Epoch: 480 train_loss: 0.003526 val_loss: 0.603577 val_acc: 0.771290 test_loss: 0.620889 test_acc: 0.766423
Epoch: 490 train_loss: 0.003557 val_loss: 0.594043 val_acc: 0.781022 test_loss: 0.595322 test_acc: 0.802920
Epoch: 500 train_loss: 0.003501 val_loss: 0.611577 val_acc: 0.768856 test_loss: 0.618215 test_acc: 0.761557
Epoch: 510 train_loss: 0.003408 val_loss: 0.599855 val_acc: 0.785888 test_loss: 0.604212 test_acc: 0.790754
Epoch: 520 train_loss: 0.003473 val_loss: 0.602106 val_acc: 0.778589 test_loss: 0.608855 test_acc: 0.778589
Epoch: 530 train_loss: 0.003440 val_loss: 0.622567 val_acc: 0.773723 test_loss: 0.620439 test_acc: 0.771290
Epoch: 540 train_loss: 0.003429 val_loss: 0.593743 val_acc: 0.785888 test_loss: 0.594299 test_acc: 0.790754
Epoch: 550 train_loss: 0.003545 val_loss: 0.585831 val_acc: 0.778589 test_loss: 0.600030 test_acc: 0.776156
Epoch: 560 train_loss: 0.003420 val_loss: 0.617549 val_acc: 0.773723 test_loss: 0.600652 test_acc: 0.793187
Epoch: 570 train_loss: 0.003548 val_loss: 0.604993 val_acc: 0.783455 test_loss: 0.619039 test_acc: 0.759124
Epoch: 580 train_loss: 0.003451 val_loss: 0.610664 val_acc: 0.768856 test_loss: 0.618692 test_acc: 0.766423
Epoch: 590 train_loss: 0.003464 val_loss: 0.594785 val_acc: 0.795620 test_loss: 0.596494 test_acc: 0.788321
Epoch: 600 train_loss: 0.003453 val_loss: 0.599162 val_acc: 0.766423 test_loss: 0.613271 test_acc: 0.771290
Epoch: 610 train_loss: 0.003500 val_loss: 0.597245 val_acc: 0.783455 test_loss: 0.608577 test_acc: 0.781022
Epoch: 620 train_loss: 0.003442 val_loss: 0.642393 val_acc: 0.727494 test_loss: 0.600014 test_acc: 0.785888
Epoch: 630 train_loss: 0.003366 val_loss: 0.615968 val_acc: 0.746959 test_loss: 0.593419 test_acc: 0.790754
Epoch: 640 train_loss: 0.003392 val_loss: 0.605304 val_acc: 0.768856 test_loss: 0.602602 test_acc: 0.790754
Epoch: 650 train_loss: 0.003392 val_loss: 0.610232 val_acc: 0.776156 test_loss: 0.600805 test_acc: 0.790754
Epoch: 660 train_loss: 0.003372 val_loss: 0.603925 val_acc: 0.773723 test_loss: 0.608692 test_acc: 0.778589
Epoch: 670 train_loss: 0.003428 val_loss: 0.625604 val_acc: 0.756691 test_loss: 0.612737 test_acc: 0.778589
Epoch: 680 train_loss: 0.003368 val_loss: 0.603328 val_acc: 0.773723 test_loss: 0.585089 test_acc: 0.807786
Epoch: 690 train_loss: 0.003441 val_loss: 0.606110 val_acc: 0.781022 test_loss: 0.593484 test_acc: 0.793187
Epoch: 700 train_loss: 0.003476 val_loss: 0.590761 val_acc: 0.788321 test_loss: 0.592816 test_acc: 0.793187
Epoch: 710 train_loss: 0.003357 val_loss: 0.620607 val_acc: 0.759124 test_loss: 0.602485 test_acc: 0.788321
Epoch: 720 train_loss: 0.003353 val_loss: 0.626156 val_acc: 0.761557 test_loss: 0.616913 test_acc: 0.778589
Epoch: 730 train_loss: 0.003362 val_loss: 0.606740 val_acc: 0.783455 test_loss: 0.618006 test_acc: 0.785888
Epoch: 740 train_loss: 0.003329 val_loss: 0.621743 val_acc: 0.768856 test_loss: 0.600895 test_acc: 0.788321
Epoch: 750 train_loss: 0.003350 val_loss: 0.607420 val_acc: 0.771290 test_loss: 0.638796 test_acc: 0.756691
Epoch: 760 train_loss: 0.003423 val_loss: 0.604039 val_acc: 0.771290 test_loss: 0.616036 test_acc: 0.778589
Epoch: 770 train_loss: 0.003379 val_loss: 0.595415 val_acc: 0.793187 test_loss: 0.602682 test_acc: 0.795620
Epoch: 780 train_loss: 0.003348 val_loss: 0.614121 val_acc: 0.763990 test_loss: 0.608379 test_acc: 0.788321
Epoch: 790 train_loss: 0.003419 val_loss: 0.632439 val_acc: 0.754258 test_loss: 0.628542 test_acc: 0.763990
Epoch: 800 train_loss: 0.003364 val_loss: 0.638634 val_acc: 0.746959 test_loss: 0.601694 test_acc: 0.778589
Epoch: 810 train_loss: 0.003422 val_loss: 0.608760 val_acc: 0.773723 test_loss: 0.613539 test_acc: 0.768856
Epoch: 820 train_loss: 0.003404 val_loss: 0.628517 val_acc: 0.754258 test_loss: 0.619029 test_acc: 0.781022
Epoch: 830 train_loss: 0.003319 val_loss: 0.618634 val_acc: 0.766423 test_loss: 0.601210 test_acc: 0.795620
Epoch: 840 train_loss: 0.003322 val_loss: 0.632780 val_acc: 0.751825 test_loss: 0.616645 test_acc: 0.773723
Epoch: 850 train_loss: 0.003328 val_loss: 0.611445 val_acc: 0.766423 test_loss: 0.604547 test_acc: 0.781022
Epoch: 860 train_loss: 0.003322 val_loss: 0.619243 val_acc: 0.766423 test_loss: 0.601032 test_acc: 0.785888
Epoch: 870 train_loss: 0.003296 val_loss: 0.604781 val_acc: 0.778589 test_loss: 0.607406 test_acc: 0.778589
Epoch: 880 train_loss: 0.003379 val_loss: 0.611478 val_acc: 0.773723 test_loss: 0.592242 test_acc: 0.802920
Epoch: 890 train_loss: 0.003342 val_loss: 0.607020 val_acc: 0.761557 test_loss: 0.613127 test_acc: 0.778589
Epoch: 900 train_loss: 0.003315 val_loss: 0.612603 val_acc: 0.778589 test_loss: 0.588666 test_acc: 0.795620
Epoch: 910 train_loss: 0.003332 val_loss: 0.615543 val_acc: 0.776156 test_loss: 0.597064 test_acc: 0.790754
Epoch: 920 train_loss: 0.003386 val_loss: 0.620344 val_acc: 0.768856 test_loss: 0.612990 test_acc: 0.773723
Epoch: 930 train_loss: 0.003314 val_loss: 0.618256 val_acc: 0.761557 test_loss: 0.614910 test_acc: 0.785888
Epoch: 940 train_loss: 0.003295 val_loss: 0.631672 val_acc: 0.759124 test_loss: 0.614071 test_acc: 0.778589
Epoch: 950 train_loss: 0.003321 val_loss: 0.620213 val_acc: 0.771290 test_loss: 0.613362 test_acc: 0.776156
Epoch: 960 train_loss: 0.003276 val_loss: 0.629908 val_acc: 0.763990 test_loss: 0.621694 test_acc: 0.783455
Epoch: 970 train_loss: 0.003391 val_loss: 0.620109 val_acc: 0.761557 test_loss: 0.604986 test_acc: 0.778589
Epoch: 980 train_loss: 0.003278 val_loss: 0.625405 val_acc: 0.761557 test_loss: 0.605794 test_acc: 0.785888
Epoch: 990 train_loss: 0.003311 val_loss: 0.619865 val_acc: 0.768856 test_loss: 0.607484 test_acc: 0.795620
Fold: 3
Epoch: 000 train_loss: 0.005720 val_loss: 0.686769 val_acc: 0.540146 test_loss: 0.695947 test_acc: 0.506083
Epoch: 010 train_loss: 0.005181 val_loss: 0.653340 val_acc: 0.630170 test_loss: 0.664291 test_acc: 0.596107
Epoch: 020 train_loss: 0.005014 val_loss: 0.639159 val_acc: 0.698297 test_loss: 0.637428 test_acc: 0.700730
Epoch: 030 train_loss: 0.004850 val_loss: 0.630652 val_acc: 0.703163 test_loss: 0.623001 test_acc: 0.727494
Epoch: 040 train_loss: 0.004780 val_loss: 0.625011 val_acc: 0.705596 test_loss: 0.618930 test_acc: 0.717762
Epoch: 050 train_loss: 0.004654 val_loss: 0.632286 val_acc: 0.717762 test_loss: 0.626025 test_acc: 0.739659
Epoch: 060 train_loss: 0.004564 val_loss: 0.609603 val_acc: 0.737226 test_loss: 0.599949 test_acc: 0.756691
Epoch: 070 train_loss: 0.004468 val_loss: 0.615713 val_acc: 0.746959 test_loss: 0.610730 test_acc: 0.754258
Epoch: 080 train_loss: 0.004429 val_loss: 0.598216 val_acc: 0.754258 test_loss: 0.599668 test_acc: 0.773723
Epoch: 090 train_loss: 0.004348 val_loss: 0.592984 val_acc: 0.763990 test_loss: 0.594056 test_acc: 0.781022
Epoch: 100 train_loss: 0.004343 val_loss: 0.604210 val_acc: 0.751825 test_loss: 0.607180 test_acc: 0.751825
Epoch: 110 train_loss: 0.004242 val_loss: 0.598427 val_acc: 0.759124 test_loss: 0.603714 test_acc: 0.785888
Epoch: 120 train_loss: 0.004225 val_loss: 0.594160 val_acc: 0.785888 test_loss: 0.597040 test_acc: 0.785888
Epoch: 130 train_loss: 0.004219 val_loss: 0.586515 val_acc: 0.783455 test_loss: 0.585919 test_acc: 0.795620
Epoch: 140 train_loss: 0.004102 val_loss: 0.590632 val_acc: 0.773723 test_loss: 0.583825 test_acc: 0.795620
Epoch: 150 train_loss: 0.004120 val_loss: 0.584828 val_acc: 0.781022 test_loss: 0.593747 test_acc: 0.802920
Epoch: 160 train_loss: 0.004160 val_loss: 0.589579 val_acc: 0.771290 test_loss: 0.585669 test_acc: 0.802920
Epoch: 170 train_loss: 0.004048 val_loss: 0.577221 val_acc: 0.793187 test_loss: 0.592018 test_acc: 0.798054
Epoch: 180 train_loss: 0.004010 val_loss: 0.594261 val_acc: 0.768856 test_loss: 0.589805 test_acc: 0.781022
Epoch: 190 train_loss: 0.003999 val_loss: 0.579605 val_acc: 0.783455 test_loss: 0.583641 test_acc: 0.798054
Epoch: 200 train_loss: 0.003931 val_loss: 0.574763 val_acc: 0.785888 test_loss: 0.572292 test_acc: 0.805353
Epoch: 210 train_loss: 0.003991 val_loss: 0.582337 val_acc: 0.776156 test_loss: 0.585010 test_acc: 0.778589
Epoch: 220 train_loss: 0.003864 val_loss: 0.573727 val_acc: 0.785888 test_loss: 0.576939 test_acc: 0.805353
Epoch: 230 train_loss: 0.003822 val_loss: 0.580775 val_acc: 0.785888 test_loss: 0.568121 test_acc: 0.819951
Epoch: 240 train_loss: 0.003765 val_loss: 0.585536 val_acc: 0.798054 test_loss: 0.593502 test_acc: 0.798054
Epoch: 250 train_loss: 0.003716 val_loss: 0.564967 val_acc: 0.817518 test_loss: 0.576330 test_acc: 0.807786
Epoch: 260 train_loss: 0.003739 val_loss: 0.593300 val_acc: 0.781022 test_loss: 0.585735 test_acc: 0.793187
Epoch: 270 train_loss: 0.003710 val_loss: 0.606212 val_acc: 0.776156 test_loss: 0.598949 test_acc: 0.793187
Epoch: 280 train_loss: 0.003710 val_loss: 0.592054 val_acc: 0.773723 test_loss: 0.593865 test_acc: 0.773723
Epoch: 290 train_loss: 0.003721 val_loss: 0.586386 val_acc: 0.800487 test_loss: 0.603250 test_acc: 0.793187
