Namespace(device='cuda:1', dataset='NCI1', in_size=37, num_classes=2, fusion_type='early', gcn_channels=3, gcn_hidden=64, gcn_layers=4, gcn_dropout=0.1, trans_num_layers=4, input_node_dim=37, hidden_node_dim=32, input_edge_dim=0, hidden_edge_dim=32, ouput_dim=None, n_heads=4, max_in_degree=5, max_out_degree=5, max_path_distance=5, hidden_dim=64, num_layers=4, num_features=37, num_heads=8, dropout=0.1, pos_encoding='gcn', att_dropout=0.1, d_k=64, d_v=64, pos_embed_type='s', alpha=0.5, num_fusion_layers=4, eta=0.4, lam1=0.2, lam2=0.2, theta1=0.1, theta2=0.4, theta3=0.4, loss_log=2, folds=10, lr=0.0001, weight_decay=0.0005, batch_size=128, epoches=1000, output_dim=2)
/home/dongrui/anaconda3/envs/dr/lib/python3.9/site-packages/torch_geometric/data/in_memory_dataset.py:284: UserWarning: It is not recommended to directly access the internal storage format `data` of an 'InMemoryDataset'. The given 'InMemoryDataset' only references a subset of examples of the full dataset, but 'data' will contain information of the full dataset. The data of the dataset is already cached, so any modifications to `data` will not be reflected when accessing its elements. Clearing the cache now by removing all elements in `dataset._data_list`. If you are absolutely certain what you are doing, access the internal storage via `InMemoryDataset._data` instead to suppress this warning. Alternatively, you can access stacked individual attributes of every graph via `dataset.{attr_name}`.
  warnings.warn(msg)
Fold: 0
Epoch: 000 train_loss: 0.006602 val_loss: 0.687561 val_acc: 0.489051 test_loss: 0.695571 test_acc: 0.476886
Epoch: 010 train_loss: 0.005207 val_loss: 0.669640 val_acc: 0.693431 test_loss: 0.681340 test_acc: 0.656934
Epoch: 020 train_loss: 0.005016 val_loss: 0.619173 val_acc: 0.686131 test_loss: 0.648174 test_acc: 0.630170
Epoch: 030 train_loss: 0.004931 val_loss: 0.612415 val_acc: 0.676399 test_loss: 0.645480 test_acc: 0.647202
Epoch: 040 train_loss: 0.004848 val_loss: 0.610932 val_acc: 0.712895 test_loss: 0.643322 test_acc: 0.671533
Epoch: 050 train_loss: 0.004729 val_loss: 0.606294 val_acc: 0.732360 test_loss: 0.635132 test_acc: 0.717762
Epoch: 060 train_loss: 0.004655 val_loss: 0.617458 val_acc: 0.690998 test_loss: 0.657278 test_acc: 0.671533
Epoch: 070 train_loss: 0.004550 val_loss: 0.618296 val_acc: 0.717762 test_loss: 0.645305 test_acc: 0.681265
Epoch: 080 train_loss: 0.004516 val_loss: 0.607371 val_acc: 0.737226 test_loss: 0.644985 test_acc: 0.705596
Epoch: 090 train_loss: 0.004471 val_loss: 0.606820 val_acc: 0.737226 test_loss: 0.629070 test_acc: 0.700730
Epoch: 100 train_loss: 0.004381 val_loss: 0.603112 val_acc: 0.727494 test_loss: 0.630591 test_acc: 0.698297
Epoch: 110 train_loss: 0.004277 val_loss: 0.601571 val_acc: 0.754258 test_loss: 0.632251 test_acc: 0.720195
Epoch: 120 train_loss: 0.004259 val_loss: 0.611511 val_acc: 0.742092 test_loss: 0.636514 test_acc: 0.705596
Epoch: 130 train_loss: 0.004201 val_loss: 0.628488 val_acc: 0.737226 test_loss: 0.633101 test_acc: 0.705596
Epoch: 140 train_loss: 0.004183 val_loss: 0.625103 val_acc: 0.722628 test_loss: 0.645001 test_acc: 0.695864
Epoch: 150 train_loss: 0.004125 val_loss: 0.590589 val_acc: 0.773723 test_loss: 0.631563 test_acc: 0.739659
Epoch: 160 train_loss: 0.004152 val_loss: 0.601307 val_acc: 0.739659 test_loss: 0.621865 test_acc: 0.737226
Epoch: 170 train_loss: 0.004086 val_loss: 0.622686 val_acc: 0.737226 test_loss: 0.630012 test_acc: 0.722628
Epoch: 180 train_loss: 0.003989 val_loss: 0.619920 val_acc: 0.742092 test_loss: 0.639944 test_acc: 0.727494
Epoch: 190 train_loss: 0.003989 val_loss: 0.610387 val_acc: 0.768856 test_loss: 0.632710 test_acc: 0.734793
Epoch: 200 train_loss: 0.004022 val_loss: 0.618721 val_acc: 0.727494 test_loss: 0.641703 test_acc: 0.722628
Epoch: 210 train_loss: 0.003901 val_loss: 0.608011 val_acc: 0.771290 test_loss: 0.625539 test_acc: 0.732360
Epoch: 220 train_loss: 0.003919 val_loss: 0.605609 val_acc: 0.744526 test_loss: 0.655411 test_acc: 0.722628
Epoch: 230 train_loss: 0.003817 val_loss: 0.615323 val_acc: 0.751825 test_loss: 0.643838 test_acc: 0.722628
Epoch: 240 train_loss: 0.003799 val_loss: 0.623626 val_acc: 0.742092 test_loss: 0.665889 test_acc: 0.712895
Epoch: 250 train_loss: 0.003798 val_loss: 0.605766 val_acc: 0.766423 test_loss: 0.638731 test_acc: 0.737226
Epoch: 260 train_loss: 0.003747 val_loss: 0.604492 val_acc: 0.776156 test_loss: 0.636655 test_acc: 0.739659
Epoch: 270 train_loss: 0.003738 val_loss: 0.626085 val_acc: 0.742092 test_loss: 0.644005 test_acc: 0.746959
Epoch: 280 train_loss: 0.003744 val_loss: 0.609189 val_acc: 0.756691 test_loss: 0.640949 test_acc: 0.727494
Epoch: 290 train_loss: 0.003823 val_loss: 0.606778 val_acc: 0.766423 test_loss: 0.635931 test_acc: 0.737226
Epoch: 300 train_loss: 0.003768 val_loss: 0.597849 val_acc: 0.768856 test_loss: 0.640783 test_acc: 0.737226
Epoch: 310 train_loss: 0.003674 val_loss: 0.591978 val_acc: 0.778589 test_loss: 0.637713 test_acc: 0.744526
Epoch: 320 train_loss: 0.003690 val_loss: 0.600035 val_acc: 0.773723 test_loss: 0.642368 test_acc: 0.739659
Epoch: 330 train_loss: 0.003615 val_loss: 0.610394 val_acc: 0.771290 test_loss: 0.647527 test_acc: 0.742092
Epoch: 340 train_loss: 0.003601 val_loss: 0.592348 val_acc: 0.768856 test_loss: 0.643093 test_acc: 0.754258
Epoch: 350 train_loss: 0.003644 val_loss: 0.611078 val_acc: 0.763990 test_loss: 0.652028 test_acc: 0.746959
Epoch: 360 train_loss: 0.003650 val_loss: 0.589414 val_acc: 0.778589 test_loss: 0.651625 test_acc: 0.737226
Epoch: 370 train_loss: 0.003585 val_loss: 0.608061 val_acc: 0.759124 test_loss: 0.650458 test_acc: 0.722628
Epoch: 380 train_loss: 0.003532 val_loss: 0.593286 val_acc: 0.768856 test_loss: 0.647504 test_acc: 0.732360
Epoch: 390 train_loss: 0.003590 val_loss: 0.585593 val_acc: 0.781022 test_loss: 0.642695 test_acc: 0.751825
Epoch: 400 train_loss: 0.003595 val_loss: 0.600215 val_acc: 0.773723 test_loss: 0.642126 test_acc: 0.763990
Epoch: 410 train_loss: 0.003494 val_loss: 0.611473 val_acc: 0.751825 test_loss: 0.668048 test_acc: 0.722628
Epoch: 420 train_loss: 0.003516 val_loss: 0.596621 val_acc: 0.773723 test_loss: 0.656494 test_acc: 0.742092
Epoch: 430 train_loss: 0.003455 val_loss: 0.607203 val_acc: 0.761557 test_loss: 0.668432 test_acc: 0.712895
Epoch: 440 train_loss: 0.003519 val_loss: 0.596866 val_acc: 0.759124 test_loss: 0.653215 test_acc: 0.729927
Epoch: 450 train_loss: 0.003494 val_loss: 0.592838 val_acc: 0.781022 test_loss: 0.658683 test_acc: 0.742092
Epoch: 460 train_loss: 0.003517 val_loss: 0.592255 val_acc: 0.773723 test_loss: 0.650060 test_acc: 0.732360
Epoch: 470 train_loss: 0.003446 val_loss: 0.597939 val_acc: 0.798054 test_loss: 0.655289 test_acc: 0.754258
Epoch: 480 train_loss: 0.003490 val_loss: 0.629126 val_acc: 0.749392 test_loss: 0.675044 test_acc: 0.725061
Epoch: 490 train_loss: 0.003417 val_loss: 0.620746 val_acc: 0.754258 test_loss: 0.683997 test_acc: 0.739659
Epoch: 500 train_loss: 0.003431 val_loss: 0.614782 val_acc: 0.763990 test_loss: 0.664519 test_acc: 0.734793
Epoch: 510 train_loss: 0.003512 val_loss: 0.610314 val_acc: 0.763990 test_loss: 0.650936 test_acc: 0.761557
Epoch: 520 train_loss: 0.003436 val_loss: 0.621743 val_acc: 0.761557 test_loss: 0.650407 test_acc: 0.732360
Epoch: 530 train_loss: 0.003429 val_loss: 0.589619 val_acc: 0.785888 test_loss: 0.651551 test_acc: 0.746959
Epoch: 540 train_loss: 0.003388 val_loss: 0.613970 val_acc: 0.766423 test_loss: 0.659963 test_acc: 0.746959
Epoch: 550 train_loss: 0.003393 val_loss: 0.605957 val_acc: 0.781022 test_loss: 0.669751 test_acc: 0.727494
Epoch: 560 train_loss: 0.003382 val_loss: 0.614858 val_acc: 0.768856 test_loss: 0.683733 test_acc: 0.717762
Epoch: 570 train_loss: 0.003442 val_loss: 0.603796 val_acc: 0.768856 test_loss: 0.658359 test_acc: 0.727494
Epoch: 580 train_loss: 0.003389 val_loss: 0.601443 val_acc: 0.759124 test_loss: 0.655165 test_acc: 0.734793
Epoch: 590 train_loss: 0.003482 val_loss: 0.609135 val_acc: 0.773723 test_loss: 0.663699 test_acc: 0.744526
Epoch: 600 train_loss: 0.003379 val_loss: 0.618923 val_acc: 0.759124 test_loss: 0.663284 test_acc: 0.727494
Epoch: 610 train_loss: 0.003475 val_loss: 0.607616 val_acc: 0.773723 test_loss: 0.652444 test_acc: 0.744526
Epoch: 620 train_loss: 0.003423 val_loss: 0.614584 val_acc: 0.749392 test_loss: 0.642390 test_acc: 0.763990
Epoch: 630 train_loss: 0.003395 val_loss: 0.623103 val_acc: 0.759124 test_loss: 0.662554 test_acc: 0.729927
Epoch: 640 train_loss: 0.003475 val_loss: 0.598124 val_acc: 0.778589 test_loss: 0.647702 test_acc: 0.744526
Epoch: 650 train_loss: 0.003358 val_loss: 0.595379 val_acc: 0.771290 test_loss: 0.649601 test_acc: 0.759124
Epoch: 660 train_loss: 0.003391 val_loss: 0.610080 val_acc: 0.761557 test_loss: 0.664316 test_acc: 0.729927
Epoch: 670 train_loss: 0.003454 val_loss: 0.627424 val_acc: 0.734793 test_loss: 0.663782 test_acc: 0.746959
Epoch: 680 train_loss: 0.003329 val_loss: 0.607052 val_acc: 0.778589 test_loss: 0.663734 test_acc: 0.739659
Epoch: 690 train_loss: 0.003390 val_loss: 0.603164 val_acc: 0.778589 test_loss: 0.650141 test_acc: 0.759124
Epoch: 700 train_loss: 0.003378 val_loss: 0.606091 val_acc: 0.773723 test_loss: 0.654336 test_acc: 0.746959
Epoch: 710 train_loss: 0.003359 val_loss: 0.623842 val_acc: 0.763990 test_loss: 0.666332 test_acc: 0.737226
Epoch: 720 train_loss: 0.003358 val_loss: 0.607650 val_acc: 0.771290 test_loss: 0.661832 test_acc: 0.737226
Epoch: 730 train_loss: 0.003317 val_loss: 0.608236 val_acc: 0.776156 test_loss: 0.669485 test_acc: 0.742092
Epoch: 740 train_loss: 0.003377 val_loss: 0.628653 val_acc: 0.746959 test_loss: 0.657156 test_acc: 0.742092
Epoch: 750 train_loss: 0.003374 val_loss: 0.601779 val_acc: 0.766423 test_loss: 0.657293 test_acc: 0.722628
Epoch: 760 train_loss: 0.003388 val_loss: 0.606836 val_acc: 0.763990 test_loss: 0.657754 test_acc: 0.737226
Epoch: 770 train_loss: 0.003342 val_loss: 0.604492 val_acc: 0.771290 test_loss: 0.665189 test_acc: 0.729927
Epoch: 780 train_loss: 0.003400 val_loss: 0.629889 val_acc: 0.739659 test_loss: 0.649736 test_acc: 0.739659
Epoch: 790 train_loss: 0.003400 val_loss: 0.597115 val_acc: 0.781022 test_loss: 0.682166 test_acc: 0.729927
Epoch: 800 train_loss: 0.003378 val_loss: 0.595684 val_acc: 0.785888 test_loss: 0.672766 test_acc: 0.739659
Epoch: 810 train_loss: 0.003272 val_loss: 0.595677 val_acc: 0.788321 test_loss: 0.672616 test_acc: 0.739659
Epoch: 820 train_loss: 0.003329 val_loss: 0.620137 val_acc: 0.756691 test_loss: 0.660189 test_acc: 0.744526
Epoch: 830 train_loss: 0.003325 val_loss: 0.621631 val_acc: 0.766423 test_loss: 0.652829 test_acc: 0.763990
Epoch: 840 train_loss: 0.003336 val_loss: 0.622163 val_acc: 0.749392 test_loss: 0.669595 test_acc: 0.725061
Epoch: 850 train_loss: 0.003365 val_loss: 0.639240 val_acc: 0.729927 test_loss: 0.699154 test_acc: 0.695864
Epoch: 860 train_loss: 0.003359 val_loss: 0.621790 val_acc: 0.749392 test_loss: 0.668068 test_acc: 0.720195
Epoch: 870 train_loss: 0.003285 val_loss: 0.625843 val_acc: 0.749392 test_loss: 0.663390 test_acc: 0.734793
Epoch: 880 train_loss: 0.003289 val_loss: 0.623739 val_acc: 0.766423 test_loss: 0.660345 test_acc: 0.749392
Epoch: 890 train_loss: 0.003318 val_loss: 0.621616 val_acc: 0.759124 test_loss: 0.653078 test_acc: 0.749392
Epoch: 900 train_loss: 0.003349 val_loss: 0.630096 val_acc: 0.749392 test_loss: 0.676220 test_acc: 0.725061
Epoch: 910 train_loss: 0.003357 val_loss: 0.612857 val_acc: 0.759124 test_loss: 0.655689 test_acc: 0.749392
Epoch: 920 train_loss: 0.003274 val_loss: 0.623230 val_acc: 0.761557 test_loss: 0.666779 test_acc: 0.744526
Epoch: 930 train_loss: 0.003348 val_loss: 0.626001 val_acc: 0.754258 test_loss: 0.666096 test_acc: 0.729927
Epoch: 940 train_loss: 0.003272 val_loss: 0.629194 val_acc: 0.746959 test_loss: 0.671463 test_acc: 0.729927
Epoch: 950 train_loss: 0.003324 val_loss: 0.625554 val_acc: 0.756691 test_loss: 0.671304 test_acc: 0.729927
Epoch: 960 train_loss: 0.003237 val_loss: 0.635605 val_acc: 0.759124 test_loss: 0.678472 test_acc: 0.739659
Epoch: 970 train_loss: 0.003339 val_loss: 0.597564 val_acc: 0.783455 test_loss: 0.651237 test_acc: 0.739659
Epoch: 980 train_loss: 0.003276 val_loss: 0.621998 val_acc: 0.761557 test_loss: 0.688791 test_acc: 0.720195
Epoch: 990 train_loss: 0.003237 val_loss: 0.611722 val_acc: 0.763990 test_loss: 0.668014 test_acc: 0.737226
Fold: 1
Epoch: 000 train_loss: 0.005556 val_loss: 0.696330 val_acc: 0.476886 test_loss: 0.684673 test_acc: 0.496350
Epoch: 010 train_loss: 0.005129 val_loss: 0.665973 val_acc: 0.605839 test_loss: 0.642336 test_acc: 0.676399
Epoch: 020 train_loss: 0.004915 val_loss: 0.651788 val_acc: 0.625304 test_loss: 0.631319 test_acc: 0.693431
Epoch: 030 train_loss: 0.004826 val_loss: 0.639720 val_acc: 0.681265 test_loss: 0.624436 test_acc: 0.720195
Epoch: 040 train_loss: 0.004821 val_loss: 0.631491 val_acc: 0.695864 test_loss: 0.621966 test_acc: 0.722628
Epoch: 050 train_loss: 0.004655 val_loss: 0.623798 val_acc: 0.693431 test_loss: 0.615882 test_acc: 0.744526
Epoch: 060 train_loss: 0.004572 val_loss: 0.631841 val_acc: 0.703163 test_loss: 0.626325 test_acc: 0.734793
Epoch: 070 train_loss: 0.004509 val_loss: 0.658393 val_acc: 0.656934 test_loss: 0.633567 test_acc: 0.698297
Epoch: 080 train_loss: 0.004417 val_loss: 0.632191 val_acc: 0.703163 test_loss: 0.613410 test_acc: 0.754258
Epoch: 090 train_loss: 0.004382 val_loss: 0.611152 val_acc: 0.739659 test_loss: 0.602313 test_acc: 0.771290
Epoch: 100 train_loss: 0.004379 val_loss: 0.633517 val_acc: 0.715328 test_loss: 0.607610 test_acc: 0.742092
Epoch: 110 train_loss: 0.004295 val_loss: 0.633583 val_acc: 0.700730 test_loss: 0.600192 test_acc: 0.766423
Epoch: 120 train_loss: 0.004212 val_loss: 0.614277 val_acc: 0.759124 test_loss: 0.605850 test_acc: 0.751825
Epoch: 130 train_loss: 0.004090 val_loss: 0.621243 val_acc: 0.751825 test_loss: 0.608810 test_acc: 0.773723
Epoch: 140 train_loss: 0.004099 val_loss: 0.633822 val_acc: 0.739659 test_loss: 0.597984 test_acc: 0.781022
Epoch: 150 train_loss: 0.004002 val_loss: 0.641163 val_acc: 0.727494 test_loss: 0.608934 test_acc: 0.781022
Epoch: 160 train_loss: 0.004001 val_loss: 0.643172 val_acc: 0.732360 test_loss: 0.612764 test_acc: 0.781022
Epoch: 170 train_loss: 0.003905 val_loss: 0.618340 val_acc: 0.766423 test_loss: 0.596124 test_acc: 0.783455
Epoch: 180 train_loss: 0.003918 val_loss: 0.642773 val_acc: 0.737226 test_loss: 0.599680 test_acc: 0.785888
Epoch: 190 train_loss: 0.004001 val_loss: 0.606897 val_acc: 0.773723 test_loss: 0.590794 test_acc: 0.776156
Epoch: 200 train_loss: 0.003819 val_loss: 0.630768 val_acc: 0.739659 test_loss: 0.595234 test_acc: 0.771290
Epoch: 210 train_loss: 0.003985 val_loss: 0.625424 val_acc: 0.761557 test_loss: 0.588950 test_acc: 0.785888
Epoch: 220 train_loss: 0.003831 val_loss: 0.606581 val_acc: 0.776156 test_loss: 0.600697 test_acc: 0.773723
Epoch: 230 train_loss: 0.003743 val_loss: 0.638324 val_acc: 0.744526 test_loss: 0.599977 test_acc: 0.783455
Epoch: 240 train_loss: 0.003784 val_loss: 0.635322 val_acc: 0.749392 test_loss: 0.599496 test_acc: 0.763990
Epoch: 250 train_loss: 0.003754 val_loss: 0.649332 val_acc: 0.715328 test_loss: 0.603559 test_acc: 0.783455
Epoch: 260 train_loss: 0.003754 val_loss: 0.631280 val_acc: 0.746959 test_loss: 0.590242 test_acc: 0.773723
Epoch: 270 train_loss: 0.003693 val_loss: 0.640412 val_acc: 0.734793 test_loss: 0.613147 test_acc: 0.746959
Epoch: 280 train_loss: 0.003770 val_loss: 0.653813 val_acc: 0.725061 test_loss: 0.606387 test_acc: 0.768856
Epoch: 290 train_loss: 0.003618 val_loss: 0.634218 val_acc: 0.754258 test_loss: 0.591627 test_acc: 0.785888
Epoch: 300 train_loss: 0.003640 val_loss: 0.612012 val_acc: 0.773723 test_loss: 0.598636 test_acc: 0.771290
Epoch: 310 train_loss: 0.003626 val_loss: 0.647404 val_acc: 0.742092 test_loss: 0.587700 test_acc: 0.778589
Epoch: 320 train_loss: 0.003646 val_loss: 0.624549 val_acc: 0.754258 test_loss: 0.599511 test_acc: 0.776156
Epoch: 330 train_loss: 0.003597 val_loss: 0.636156 val_acc: 0.749392 test_loss: 0.587088 test_acc: 0.788321
Epoch: 340 train_loss: 0.003604 val_loss: 0.622223 val_acc: 0.763990 test_loss: 0.590184 test_acc: 0.788321
Epoch: 350 train_loss: 0.003565 val_loss: 0.644313 val_acc: 0.742092 test_loss: 0.590407 test_acc: 0.788321
Epoch: 360 train_loss: 0.003668 val_loss: 0.632563 val_acc: 0.771290 test_loss: 0.607282 test_acc: 0.773723
Epoch: 370 train_loss: 0.003520 val_loss: 0.641010 val_acc: 0.756691 test_loss: 0.594766 test_acc: 0.781022
Epoch: 380 train_loss: 0.003525 val_loss: 0.677279 val_acc: 0.725061 test_loss: 0.612565 test_acc: 0.766423
Epoch: 390 train_loss: 0.003493 val_loss: 0.645885 val_acc: 0.751825 test_loss: 0.588600 test_acc: 0.773723
Epoch: 400 train_loss: 0.003562 val_loss: 0.649702 val_acc: 0.737226 test_loss: 0.595823 test_acc: 0.776156
Epoch: 410 train_loss: 0.003518 val_loss: 0.638198 val_acc: 0.759124 test_loss: 0.591277 test_acc: 0.771290
Epoch: 420 train_loss: 0.003468 val_loss: 0.653033 val_acc: 0.739659 test_loss: 0.588620 test_acc: 0.788321
Epoch: 430 train_loss: 0.003541 val_loss: 0.629618 val_acc: 0.756691 test_loss: 0.590761 test_acc: 0.778589
Epoch: 440 train_loss: 0.003425 val_loss: 0.654243 val_acc: 0.734793 test_loss: 0.593668 test_acc: 0.778589
Epoch: 450 train_loss: 0.003461 val_loss: 0.649436 val_acc: 0.756691 test_loss: 0.596429 test_acc: 0.790754
Epoch: 460 train_loss: 0.003533 val_loss: 0.658053 val_acc: 0.734793 test_loss: 0.602795 test_acc: 0.771290
Epoch: 470 train_loss: 0.003488 val_loss: 0.670939 val_acc: 0.737226 test_loss: 0.612212 test_acc: 0.768856
Epoch: 480 train_loss: 0.003411 val_loss: 0.638580 val_acc: 0.754258 test_loss: 0.594607 test_acc: 0.785888
Epoch: 490 train_loss: 0.003420 val_loss: 0.634859 val_acc: 0.744526 test_loss: 0.619018 test_acc: 0.766423
Epoch: 500 train_loss: 0.003424 val_loss: 0.633255 val_acc: 0.759124 test_loss: 0.600365 test_acc: 0.785888
Epoch: 510 train_loss: 0.003525 val_loss: 0.646976 val_acc: 0.739659 test_loss: 0.602318 test_acc: 0.763990
Epoch: 520 train_loss: 0.003426 val_loss: 0.676708 val_acc: 0.722628 test_loss: 0.605984 test_acc: 0.773723
Epoch: 530 train_loss: 0.003394 val_loss: 0.673157 val_acc: 0.722628 test_loss: 0.616528 test_acc: 0.763990
Epoch: 540 train_loss: 0.003471 val_loss: 0.652217 val_acc: 0.751825 test_loss: 0.598141 test_acc: 0.783455
Epoch: 550 train_loss: 0.003428 val_loss: 0.658671 val_acc: 0.729927 test_loss: 0.600027 test_acc: 0.783455
Epoch: 560 train_loss: 0.003558 val_loss: 0.658917 val_acc: 0.729927 test_loss: 0.600443 test_acc: 0.783455
Epoch: 570 train_loss: 0.003484 val_loss: 0.641437 val_acc: 0.744526 test_loss: 0.591655 test_acc: 0.768856
Epoch: 580 train_loss: 0.003356 val_loss: 0.664206 val_acc: 0.732360 test_loss: 0.606028 test_acc: 0.768856
Epoch: 590 train_loss: 0.003402 val_loss: 0.649524 val_acc: 0.751825 test_loss: 0.595038 test_acc: 0.776156
Epoch: 600 train_loss: 0.003403 val_loss: 0.660961 val_acc: 0.729927 test_loss: 0.599375 test_acc: 0.776156
Epoch: 610 train_loss: 0.003445 val_loss: 0.644171 val_acc: 0.756691 test_loss: 0.598061 test_acc: 0.788321
Epoch: 620 train_loss: 0.003388 val_loss: 0.657433 val_acc: 0.739659 test_loss: 0.605230 test_acc: 0.781022
Epoch: 630 train_loss: 0.003358 val_loss: 0.636652 val_acc: 0.761557 test_loss: 0.590783 test_acc: 0.783455
Epoch: 640 train_loss: 0.003359 val_loss: 0.674535 val_acc: 0.727494 test_loss: 0.610864 test_acc: 0.773723
Epoch: 650 train_loss: 0.003395 val_loss: 0.637698 val_acc: 0.739659 test_loss: 0.600809 test_acc: 0.776156
Epoch: 660 train_loss: 0.003354 val_loss: 0.659737 val_acc: 0.734793 test_loss: 0.607902 test_acc: 0.768856
Epoch: 670 train_loss: 0.003394 val_loss: 0.650753 val_acc: 0.751825 test_loss: 0.611521 test_acc: 0.766423
Epoch: 680 train_loss: 0.003330 val_loss: 0.657985 val_acc: 0.734793 test_loss: 0.601656 test_acc: 0.776156
Epoch: 690 train_loss: 0.003413 val_loss: 0.652843 val_acc: 0.739659 test_loss: 0.604082 test_acc: 0.776156
Epoch: 700 train_loss: 0.003369 val_loss: 0.686110 val_acc: 0.722628 test_loss: 0.603988 test_acc: 0.778589
Epoch: 710 train_loss: 0.003380 val_loss: 0.662689 val_acc: 0.729927 test_loss: 0.601518 test_acc: 0.778589
Epoch: 720 train_loss: 0.003422 val_loss: 0.659271 val_acc: 0.722628 test_loss: 0.617532 test_acc: 0.761557
Epoch: 730 train_loss: 0.003419 val_loss: 0.669835 val_acc: 0.732360 test_loss: 0.605961 test_acc: 0.790754
Epoch: 740 train_loss: 0.003314 val_loss: 0.662704 val_acc: 0.720195 test_loss: 0.601725 test_acc: 0.781022
Epoch: 750 train_loss: 0.003334 val_loss: 0.646543 val_acc: 0.749392 test_loss: 0.604766 test_acc: 0.781022
Epoch: 760 train_loss: 0.003462 val_loss: 0.657483 val_acc: 0.739659 test_loss: 0.612511 test_acc: 0.781022
Epoch: 770 train_loss: 0.003351 val_loss: 0.627239 val_acc: 0.763990 test_loss: 0.597657 test_acc: 0.785888
Epoch: 780 train_loss: 0.003310 val_loss: 0.660933 val_acc: 0.744526 test_loss: 0.606701 test_acc: 0.761557
Epoch: 790 train_loss: 0.003318 val_loss: 0.683417 val_acc: 0.729927 test_loss: 0.617541 test_acc: 0.771290
Epoch: 800 train_loss: 0.003329 val_loss: 0.663426 val_acc: 0.732360 test_loss: 0.596634 test_acc: 0.781022
Epoch: 810 train_loss: 0.003338 val_loss: 0.627518 val_acc: 0.773723 test_loss: 0.620429 test_acc: 0.761557
Epoch: 820 train_loss: 0.003362 val_loss: 0.647024 val_acc: 0.749392 test_loss: 0.614900 test_acc: 0.763990
Epoch: 830 train_loss: 0.003421 val_loss: 0.671720 val_acc: 0.732360 test_loss: 0.611459 test_acc: 0.771290
Epoch: 840 train_loss: 0.003411 val_loss: 0.640862 val_acc: 0.749392 test_loss: 0.595739 test_acc: 0.778589
Epoch: 850 train_loss: 0.003285 val_loss: 0.647768 val_acc: 0.754258 test_loss: 0.600078 test_acc: 0.781022
Epoch: 860 train_loss: 0.003308 val_loss: 0.658426 val_acc: 0.744526 test_loss: 0.601481 test_acc: 0.781022
Epoch: 870 train_loss: 0.003478 val_loss: 0.664963 val_acc: 0.708029 test_loss: 0.593584 test_acc: 0.778589
Epoch: 880 train_loss: 0.003451 val_loss: 0.614342 val_acc: 0.761557 test_loss: 0.591391 test_acc: 0.783455
Epoch: 890 train_loss: 0.003339 val_loss: 0.658896 val_acc: 0.751825 test_loss: 0.614126 test_acc: 0.763990
Epoch: 900 train_loss: 0.003302 val_loss: 0.641072 val_acc: 0.759124 test_loss: 0.595371 test_acc: 0.785888
Epoch: 910 train_loss: 0.003394 val_loss: 0.629825 val_acc: 0.763990 test_loss: 0.581325 test_acc: 0.805353
Epoch: 920 train_loss: 0.003285 val_loss: 0.659603 val_acc: 0.754258 test_loss: 0.625934 test_acc: 0.756691
Epoch: 930 train_loss: 0.003335 val_loss: 0.658641 val_acc: 0.742092 test_loss: 0.609580 test_acc: 0.763990
Epoch: 940 train_loss: 0.003345 val_loss: 0.640238 val_acc: 0.751825 test_loss: 0.611237 test_acc: 0.768856
Epoch: 950 train_loss: 0.003379 val_loss: 0.659094 val_acc: 0.742092 test_loss: 0.603157 test_acc: 0.783455
Epoch: 960 train_loss: 0.003277 val_loss: 0.648609 val_acc: 0.763990 test_loss: 0.613654 test_acc: 0.768856
Epoch: 970 train_loss: 0.003319 val_loss: 0.633633 val_acc: 0.744526 test_loss: 0.610880 test_acc: 0.778589
Epoch: 980 train_loss: 0.003284 val_loss: 0.642639 val_acc: 0.756691 test_loss: 0.595263 test_acc: 0.778589
Epoch: 990 train_loss: 0.003275 val_loss: 0.668974 val_acc: 0.729927 test_loss: 0.611666 test_acc: 0.776156
Fold: 2
Epoch: 000 train_loss: 0.005688 val_loss: 0.692168 val_acc: 0.600973 test_loss: 0.693145 test_acc: 0.583942
Epoch: 010 train_loss: 0.005113 val_loss: 0.642328 val_acc: 0.632603 test_loss: 0.643315 test_acc: 0.644769
Epoch: 020 train_loss: 0.004997 val_loss: 0.628588 val_acc: 0.698297 test_loss: 0.628279 test_acc: 0.703163
Epoch: 030 train_loss: 0.004919 val_loss: 0.620156 val_acc: 0.720195 test_loss: 0.621210 test_acc: 0.715328
Epoch: 040 train_loss: 0.004779 val_loss: 0.616939 val_acc: 0.742092 test_loss: 0.606206 test_acc: 0.725061
Epoch: 050 train_loss: 0.004691 val_loss: 0.604986 val_acc: 0.766423 test_loss: 0.602927 test_acc: 0.744526
Epoch: 060 train_loss: 0.004606 val_loss: 0.602637 val_acc: 0.746959 test_loss: 0.598397 test_acc: 0.751825
Epoch: 070 train_loss: 0.004527 val_loss: 0.608408 val_acc: 0.768856 test_loss: 0.597488 test_acc: 0.763990
Epoch: 080 train_loss: 0.004486 val_loss: 0.603545 val_acc: 0.776156 test_loss: 0.588212 test_acc: 0.781022
Epoch: 090 train_loss: 0.004343 val_loss: 0.602272 val_acc: 0.759124 test_loss: 0.589724 test_acc: 0.783455
Epoch: 100 train_loss: 0.004327 val_loss: 0.600845 val_acc: 0.771290 test_loss: 0.590308 test_acc: 0.795620
Epoch: 110 train_loss: 0.004258 val_loss: 0.587526 val_acc: 0.778589 test_loss: 0.586389 test_acc: 0.788321
Epoch: 120 train_loss: 0.004224 val_loss: 0.590617 val_acc: 0.790754 test_loss: 0.591988 test_acc: 0.783455
Epoch: 130 train_loss: 0.004025 val_loss: 0.578883 val_acc: 0.776156 test_loss: 0.575472 test_acc: 0.812652
Epoch: 140 train_loss: 0.004013 val_loss: 0.582027 val_acc: 0.783455 test_loss: 0.584810 test_acc: 0.776156
Epoch: 150 train_loss: 0.004039 val_loss: 0.593866 val_acc: 0.781022 test_loss: 0.597493 test_acc: 0.778589
Epoch: 160 train_loss: 0.003951 val_loss: 0.580471 val_acc: 0.778589 test_loss: 0.586644 test_acc: 0.783455
Epoch: 170 train_loss: 0.003880 val_loss: 0.593210 val_acc: 0.773723 test_loss: 0.585062 test_acc: 0.785888
Epoch: 180 train_loss: 0.003868 val_loss: 0.595772 val_acc: 0.751825 test_loss: 0.585888 test_acc: 0.773723
Epoch: 190 train_loss: 0.003818 val_loss: 0.608592 val_acc: 0.785888 test_loss: 0.588069 test_acc: 0.800487
Epoch: 200 train_loss: 0.003784 val_loss: 0.597493 val_acc: 0.783455 test_loss: 0.586814 test_acc: 0.790754
Epoch: 210 train_loss: 0.003778 val_loss: 0.589104 val_acc: 0.785888 test_loss: 0.585360 test_acc: 0.790754
Epoch: 220 train_loss: 0.003809 val_loss: 0.602363 val_acc: 0.761557 test_loss: 0.568870 test_acc: 0.802920
Epoch: 230 train_loss: 0.003709 val_loss: 0.603922 val_acc: 0.763990 test_loss: 0.575419 test_acc: 0.815085
Epoch: 240 train_loss: 0.003733 val_loss: 0.602493 val_acc: 0.788321 test_loss: 0.568164 test_acc: 0.807786
Epoch: 250 train_loss: 0.003654 val_loss: 0.588582 val_acc: 0.783455 test_loss: 0.573594 test_acc: 0.788321
Epoch: 260 train_loss: 0.003677 val_loss: 0.602578 val_acc: 0.771290 test_loss: 0.584299 test_acc: 0.785888
Epoch: 270 train_loss: 0.003681 val_loss: 0.595991 val_acc: 0.776156 test_loss: 0.578898 test_acc: 0.800487
Epoch: 280 train_loss: 0.003670 val_loss: 0.579576 val_acc: 0.793187 test_loss: 0.570312 test_acc: 0.798054
Epoch: 290 train_loss: 0.003605 val_loss: 0.617519 val_acc: 0.756691 test_loss: 0.585205 test_acc: 0.805353
Epoch: 300 train_loss: 0.003566 val_loss: 0.604951 val_acc: 0.771290 test_loss: 0.583919 test_acc: 0.793187
Epoch: 310 train_loss: 0.003604 val_loss: 0.599181 val_acc: 0.785888 test_loss: 0.574431 test_acc: 0.807786
Epoch: 320 train_loss: 0.003599 val_loss: 0.607513 val_acc: 0.756691 test_loss: 0.582810 test_acc: 0.802920
Epoch: 330 train_loss: 0.003620 val_loss: 0.620954 val_acc: 0.768856 test_loss: 0.594820 test_acc: 0.793187
Epoch: 340 train_loss: 0.003529 val_loss: 0.600216 val_acc: 0.785888 test_loss: 0.580339 test_acc: 0.805353
Epoch: 350 train_loss: 0.003527 val_loss: 0.607333 val_acc: 0.761557 test_loss: 0.588359 test_acc: 0.800487
Epoch: 360 train_loss: 0.003571 val_loss: 0.615244 val_acc: 0.766423 test_loss: 0.600731 test_acc: 0.793187
Epoch: 370 train_loss: 0.003522 val_loss: 0.613845 val_acc: 0.766423 test_loss: 0.612405 test_acc: 0.768856
Epoch: 380 train_loss: 0.003543 val_loss: 0.614283 val_acc: 0.751825 test_loss: 0.583829 test_acc: 0.802920
Epoch: 390 train_loss: 0.003497 val_loss: 0.617722 val_acc: 0.763990 test_loss: 0.601948 test_acc: 0.776156
Epoch: 400 train_loss: 0.003508 val_loss: 0.616545 val_acc: 0.763990 test_loss: 0.599558 test_acc: 0.785888
Epoch: 410 train_loss: 0.003483 val_loss: 0.609348 val_acc: 0.781022 test_loss: 0.589506 test_acc: 0.795620
Epoch: 420 train_loss: 0.003492 val_loss: 0.625064 val_acc: 0.771290 test_loss: 0.608023 test_acc: 0.766423
Epoch: 430 train_loss: 0.003531 val_loss: 0.623808 val_acc: 0.751825 test_loss: 0.580854 test_acc: 0.805353
Epoch: 440 train_loss: 0.003475 val_loss: 0.606973 val_acc: 0.768856 test_loss: 0.607001 test_acc: 0.785888
Epoch: 450 train_loss: 0.003546 val_loss: 0.611589 val_acc: 0.763990 test_loss: 0.605566 test_acc: 0.778589
Epoch: 460 train_loss: 0.003491 val_loss: 0.609218 val_acc: 0.771290 test_loss: 0.607800 test_acc: 0.778589
Epoch: 470 train_loss: 0.003471 val_loss: 0.623702 val_acc: 0.754258 test_loss: 0.601949 test_acc: 0.776156
Epoch: 480 train_loss: 0.003432 val_loss: 0.607463 val_acc: 0.768856 test_loss: 0.615720 test_acc: 0.768856
Epoch: 490 train_loss: 0.003418 val_loss: 0.626089 val_acc: 0.766423 test_loss: 0.611889 test_acc: 0.778589
Epoch: 500 train_loss: 0.003416 val_loss: 0.632975 val_acc: 0.737226 test_loss: 0.602264 test_acc: 0.783455
Epoch: 510 train_loss: 0.003472 val_loss: 0.611350 val_acc: 0.754258 test_loss: 0.603845 test_acc: 0.783455
Epoch: 520 train_loss: 0.003441 val_loss: 0.604788 val_acc: 0.781022 test_loss: 0.597454 test_acc: 0.807786
Epoch: 530 train_loss: 0.003397 val_loss: 0.617562 val_acc: 0.756691 test_loss: 0.604563 test_acc: 0.778589
Epoch: 540 train_loss: 0.003431 val_loss: 0.622514 val_acc: 0.763990 test_loss: 0.604317 test_acc: 0.788321
Epoch: 550 train_loss: 0.003480 val_loss: 0.604061 val_acc: 0.773723 test_loss: 0.588415 test_acc: 0.798054
Epoch: 560 train_loss: 0.003443 val_loss: 0.621265 val_acc: 0.749392 test_loss: 0.594228 test_acc: 0.790754
Epoch: 570 train_loss: 0.003473 val_loss: 0.616368 val_acc: 0.761557 test_loss: 0.609266 test_acc: 0.781022
Epoch: 580 train_loss: 0.003366 val_loss: 0.646783 val_acc: 0.749392 test_loss: 0.617310 test_acc: 0.781022
Epoch: 590 train_loss: 0.003542 val_loss: 0.620653 val_acc: 0.759124 test_loss: 0.592794 test_acc: 0.785888
Epoch: 600 train_loss: 0.003404 val_loss: 0.624714 val_acc: 0.749392 test_loss: 0.608427 test_acc: 0.781022
Epoch: 610 train_loss: 0.003374 val_loss: 0.611517 val_acc: 0.768856 test_loss: 0.608973 test_acc: 0.785888
Epoch: 620 train_loss: 0.003416 val_loss: 0.623114 val_acc: 0.754258 test_loss: 0.606163 test_acc: 0.773723
Epoch: 630 train_loss: 0.003435 val_loss: 0.616782 val_acc: 0.766423 test_loss: 0.597432 test_acc: 0.800487
Epoch: 640 train_loss: 0.003368 val_loss: 0.633406 val_acc: 0.751825 test_loss: 0.604811 test_acc: 0.783455
Epoch: 650 train_loss: 0.003429 val_loss: 0.623135 val_acc: 0.756691 test_loss: 0.590338 test_acc: 0.802920
Epoch: 660 train_loss: 0.003341 val_loss: 0.635544 val_acc: 0.742092 test_loss: 0.589310 test_acc: 0.802920
Epoch: 670 train_loss: 0.003320 val_loss: 0.616926 val_acc: 0.763990 test_loss: 0.603478 test_acc: 0.785888
Epoch: 680 train_loss: 0.003320 val_loss: 0.619126 val_acc: 0.746959 test_loss: 0.595917 test_acc: 0.795620
Epoch: 690 train_loss: 0.003347 val_loss: 0.607286 val_acc: 0.773723 test_loss: 0.601962 test_acc: 0.783455
Epoch: 700 train_loss: 0.003416 val_loss: 0.606849 val_acc: 0.763990 test_loss: 0.595655 test_acc: 0.793187
Epoch: 710 train_loss: 0.003320 val_loss: 0.629517 val_acc: 0.746959 test_loss: 0.608189 test_acc: 0.793187
Epoch: 720 train_loss: 0.003326 val_loss: 0.626378 val_acc: 0.759124 test_loss: 0.593580 test_acc: 0.810219
Epoch: 730 train_loss: 0.003322 val_loss: 0.626376 val_acc: 0.754258 test_loss: 0.615535 test_acc: 0.771290
Epoch: 740 train_loss: 0.003320 val_loss: 0.625961 val_acc: 0.746959 test_loss: 0.602823 test_acc: 0.793187
Epoch: 750 train_loss: 0.003342 val_loss: 0.637986 val_acc: 0.746959 test_loss: 0.593475 test_acc: 0.798054
Epoch: 760 train_loss: 0.003365 val_loss: 0.620033 val_acc: 0.746959 test_loss: 0.595843 test_acc: 0.807786
Epoch: 770 train_loss: 0.003379 val_loss: 0.620601 val_acc: 0.754258 test_loss: 0.601162 test_acc: 0.785888
Epoch: 780 train_loss: 0.003428 val_loss: 0.608400 val_acc: 0.763990 test_loss: 0.582369 test_acc: 0.802920
Epoch: 790 train_loss: 0.003346 val_loss: 0.626788 val_acc: 0.761557 test_loss: 0.599393 test_acc: 0.805353
Epoch: 800 train_loss: 0.003322 val_loss: 0.617610 val_acc: 0.756691 test_loss: 0.598591 test_acc: 0.788321
Epoch: 810 train_loss: 0.003319 val_loss: 0.619005 val_acc: 0.776156 test_loss: 0.609231 test_acc: 0.781022
Epoch: 820 train_loss: 0.003374 val_loss: 0.614600 val_acc: 0.763990 test_loss: 0.596161 test_acc: 0.800487
Epoch: 830 train_loss: 0.003401 val_loss: 0.632763 val_acc: 0.754258 test_loss: 0.602490 test_acc: 0.790754
Epoch: 840 train_loss: 0.003348 val_loss: 0.618208 val_acc: 0.763990 test_loss: 0.597823 test_acc: 0.802920
Epoch: 850 train_loss: 0.003380 val_loss: 0.603831 val_acc: 0.768856 test_loss: 0.593137 test_acc: 0.800487
Epoch: 860 train_loss: 0.003306 val_loss: 0.607799 val_acc: 0.766423 test_loss: 0.608369 test_acc: 0.790754
Epoch: 870 train_loss: 0.003360 val_loss: 0.625791 val_acc: 0.744526 test_loss: 0.602662 test_acc: 0.785888
Epoch: 880 train_loss: 0.003309 val_loss: 0.624032 val_acc: 0.751825 test_loss: 0.622092 test_acc: 0.776156
Epoch: 890 train_loss: 0.003302 val_loss: 0.623263 val_acc: 0.756691 test_loss: 0.622459 test_acc: 0.781022
Epoch: 900 train_loss: 0.003304 val_loss: 0.623745 val_acc: 0.763990 test_loss: 0.620529 test_acc: 0.783455
Epoch: 910 train_loss: 0.003343 val_loss: 0.641806 val_acc: 0.746959 test_loss: 0.627435 test_acc: 0.776156
Epoch: 920 train_loss: 0.003290 val_loss: 0.643548 val_acc: 0.734793 test_loss: 0.628056 test_acc: 0.776156
Epoch: 930 train_loss: 0.003296 val_loss: 0.609379 val_acc: 0.768856 test_loss: 0.607828 test_acc: 0.798054
Epoch: 940 train_loss: 0.003358 val_loss: 0.627186 val_acc: 0.749392 test_loss: 0.606143 test_acc: 0.783455
Epoch: 950 train_loss: 0.003424 val_loss: 0.624782 val_acc: 0.759124 test_loss: 0.605473 test_acc: 0.783455
Epoch: 960 train_loss: 0.003343 val_loss: 0.613782 val_acc: 0.768856 test_loss: 0.607041 test_acc: 0.773723
Epoch: 970 train_loss: 0.003333 val_loss: 0.625662 val_acc: 0.751825 test_loss: 0.607841 test_acc: 0.781022
Epoch: 980 train_loss: 0.003320 val_loss: 0.616221 val_acc: 0.761557 test_loss: 0.618892 test_acc: 0.778589
Epoch: 990 train_loss: 0.003354 val_loss: 0.617233 val_acc: 0.766423 test_loss: 0.595525 test_acc: 0.800487
Fold: 3
Epoch: 000 train_loss: 0.005786 val_loss: 0.689385 val_acc: 0.540146 test_loss: 0.697493 test_acc: 0.506083
Epoch: 010 train_loss: 0.005205 val_loss: 0.654225 val_acc: 0.632603 test_loss: 0.659179 test_acc: 0.644769
Epoch: 020 train_loss: 0.005031 val_loss: 0.644203 val_acc: 0.678832 test_loss: 0.643131 test_acc: 0.693431
Epoch: 030 train_loss: 0.004932 val_loss: 0.631396 val_acc: 0.676399 test_loss: 0.630889 test_acc: 0.688564
Epoch: 040 train_loss: 0.004802 val_loss: 0.618539 val_acc: 0.727494 test_loss: 0.615986 test_acc: 0.722628
Epoch: 050 train_loss: 0.004662 val_loss: 0.658203 val_acc: 0.693431 test_loss: 0.651876 test_acc: 0.703163
Epoch: 060 train_loss: 0.004572 val_loss: 0.607212 val_acc: 0.734793 test_loss: 0.605732 test_acc: 0.756691
Epoch: 070 train_loss: 0.004452 val_loss: 0.614612 val_acc: 0.739659 test_loss: 0.607630 test_acc: 0.749392
Epoch: 080 train_loss: 0.004378 val_loss: 0.606058 val_acc: 0.751825 test_loss: 0.591173 test_acc: 0.766423
Epoch: 090 train_loss: 0.004276 val_loss: 0.605428 val_acc: 0.756691 test_loss: 0.588693 test_acc: 0.763990
Epoch: 100 train_loss: 0.004352 val_loss: 0.590549 val_acc: 0.751825 test_loss: 0.584455 test_acc: 0.788321
Epoch: 110 train_loss: 0.004183 val_loss: 0.605912 val_acc: 0.776156 test_loss: 0.590980 test_acc: 0.773723
Epoch: 120 train_loss: 0.004147 val_loss: 0.598837 val_acc: 0.751825 test_loss: 0.578189 test_acc: 0.788321
Epoch: 130 train_loss: 0.004128 val_loss: 0.612159 val_acc: 0.742092 test_loss: 0.583286 test_acc: 0.798054
Epoch: 140 train_loss: 0.004132 val_loss: 0.588872 val_acc: 0.778589 test_loss: 0.568786 test_acc: 0.810219
Epoch: 150 train_loss: 0.004011 val_loss: 0.609343 val_acc: 0.751825 test_loss: 0.580726 test_acc: 0.793187
Epoch: 160 train_loss: 0.003964 val_loss: 0.598522 val_acc: 0.768856 test_loss: 0.581343 test_acc: 0.783455
Epoch: 170 train_loss: 0.003894 val_loss: 0.596550 val_acc: 0.785888 test_loss: 0.587766 test_acc: 0.795620
Epoch: 180 train_loss: 0.003956 val_loss: 0.594126 val_acc: 0.783455 test_loss: 0.581782 test_acc: 0.798054
Epoch: 190 train_loss: 0.003858 val_loss: 0.601524 val_acc: 0.773723 test_loss: 0.586527 test_acc: 0.778589
Epoch: 200 train_loss: 0.003851 val_loss: 0.613945 val_acc: 0.746959 test_loss: 0.586779 test_acc: 0.788321
Epoch: 210 train_loss: 0.003774 val_loss: 0.600471 val_acc: 0.771290 test_loss: 0.581958 test_acc: 0.800487
Epoch: 220 train_loss: 0.003776 val_loss: 0.597987 val_acc: 0.778589 test_loss: 0.592719 test_acc: 0.771290
Epoch: 230 train_loss: 0.003735 val_loss: 0.589137 val_acc: 0.761557 test_loss: 0.594886 test_acc: 0.766423
Epoch: 240 train_loss: 0.003696 val_loss: 0.593979 val_acc: 0.778589 test_loss: 0.595533 test_acc: 0.790754
Epoch: 250 train_loss: 0.003717 val_loss: 0.596450 val_acc: 0.776156 test_loss: 0.587372 test_acc: 0.785888
Epoch: 260 train_loss: 0.003654 val_loss: 0.622031 val_acc: 0.746959 test_loss: 0.611596 test_acc: 0.781022
Epoch: 270 train_loss: 0.003700 val_loss: 0.609222 val_acc: 0.756691 test_loss: 0.597536 test_acc: 0.783455
Epoch: 280 train_loss: 0.003668 val_loss: 0.595713 val_acc: 0.766423 test_loss: 0.596888 test_acc: 0.781022
