/home/dongrui/anaconda3/envs/dr/lib/python3.9/site-packages/torch_geometric/data/in_memory_dataset.py:284: UserWarning: It is not recommended to directly access the internal storage format `data` of an 'InMemoryDataset'. If you are absolutely certain what you are doing, access the internal storage via `InMemoryDataset._data` instead to suppress this warning. Alternatively, you can access stacked individual attributes of every graph via `dataset.{attr_name}`.
  warnings.warn(msg)
Namespace(device='cuda:1', dataset='NCI1', in_size=37, num_classes=2, model_name='fusion', fusion_type='early', gcn_channels=3, gcn_hidden=64, gcn_layers=4, gcn_dropout=0.1, trans_num_layers=4, input_node_dim=37, hidden_node_dim=32, input_edge_dim=0, hidden_edge_dim=32, ouput_dim=None, n_heads=4, max_in_degree=5, max_out_degree=5, max_path_distance=5, hidden_dim=64, num_layers=4, num_features=37, num_heads=8, dropout=0.1, pos_encoding='gcn', att_dropout=0.1, d_k=64, d_v=64, pos_embed_type='s', alpha=0.4, num_fusion_layers=4, eta=0.5, ffn_dim=128, lam1=0.2, lam2=0.2, theta1=0.15, theta2=0.4, theta3=0.4, gamma=0.7, loss_log=2, folds=10, lr=1e-05, weight_decay=5e-05, batch_size=128, epoches=500, output_dim=2)
/home/dongrui/anaconda3/envs/dr/lib/python3.9/site-packages/torch_geometric/data/in_memory_dataset.py:284: UserWarning: It is not recommended to directly access the internal storage format `data` of an 'InMemoryDataset'. The given 'InMemoryDataset' only references a subset of examples of the full dataset, but 'data' will contain information of the full dataset. The data of the dataset is already cached, so any modifications to `data` will not be reflected when accessing its elements. Clearing the cache now by removing all elements in `dataset._data_list`. If you are absolutely certain what you are doing, access the internal storage via `InMemoryDataset._data` instead to suppress this warning. Alternatively, you can access stacked individual attributes of every graph via `dataset.{attr_name}`.
  warnings.warn(msg)
Fold: 0
Epoch: 000 train_loss: 0.004048 val_loss: 0.483312 val_acc: 0.530414 test_loss: 0.488865 test_acc: 0.464720
Epoch: 010 train_loss: 0.003586 val_loss: 0.468946 val_acc: 0.571776 test_loss: 0.474980 test_acc: 0.576642
Epoch: 020 train_loss: 0.003510 val_loss: 0.449466 val_acc: 0.622871 test_loss: 0.452912 test_acc: 0.635036
Epoch: 030 train_loss: 0.003436 val_loss: 0.443718 val_acc: 0.664234 test_loss: 0.448149 test_acc: 0.649635
Epoch: 040 train_loss: 0.003475 val_loss: 0.450548 val_acc: 0.661800 test_loss: 0.451855 test_acc: 0.647202
Epoch: 050 train_loss: 0.003367 val_loss: 0.438608 val_acc: 0.681265 test_loss: 0.444700 test_acc: 0.671533
Epoch: 060 train_loss: 0.003345 val_loss: 0.438581 val_acc: 0.688564 test_loss: 0.438301 test_acc: 0.671533
Epoch: 070 train_loss: 0.003359 val_loss: 0.435342 val_acc: 0.683698 test_loss: 0.440978 test_acc: 0.673966
Epoch: 080 train_loss: 0.003297 val_loss: 0.434516 val_acc: 0.661800 test_loss: 0.441312 test_acc: 0.664234
Epoch: 090 train_loss: 0.003291 val_loss: 0.435237 val_acc: 0.661800 test_loss: 0.440541 test_acc: 0.671533
Epoch: 100 train_loss: 0.003250 val_loss: 0.434796 val_acc: 0.686131 test_loss: 0.438894 test_acc: 0.678832
Epoch: 110 train_loss: 0.003248 val_loss: 0.431828 val_acc: 0.708029 test_loss: 0.437877 test_acc: 0.690998
Epoch: 120 train_loss: 0.003229 val_loss: 0.433144 val_acc: 0.693431 test_loss: 0.436588 test_acc: 0.681265
Epoch: 130 train_loss: 0.003215 val_loss: 0.435680 val_acc: 0.661800 test_loss: 0.440173 test_acc: 0.671533
Epoch: 140 train_loss: 0.003199 val_loss: 0.427804 val_acc: 0.686131 test_loss: 0.435551 test_acc: 0.693431
Epoch: 150 train_loss: 0.003179 val_loss: 0.424556 val_acc: 0.717762 test_loss: 0.434263 test_acc: 0.693431
Epoch: 160 train_loss: 0.003153 val_loss: 0.425424 val_acc: 0.710462 test_loss: 0.436674 test_acc: 0.678832
Epoch: 170 train_loss: 0.003150 val_loss: 0.420914 val_acc: 0.717762 test_loss: 0.434570 test_acc: 0.690998
Epoch: 180 train_loss: 0.003142 val_loss: 0.423243 val_acc: 0.717762 test_loss: 0.436255 test_acc: 0.695864
Epoch: 190 train_loss: 0.003155 val_loss: 0.421143 val_acc: 0.708029 test_loss: 0.434025 test_acc: 0.690998
Epoch: 200 train_loss: 0.003116 val_loss: 0.420630 val_acc: 0.725061 test_loss: 0.429874 test_acc: 0.700730
Epoch: 210 train_loss: 0.003112 val_loss: 0.423947 val_acc: 0.715328 test_loss: 0.431428 test_acc: 0.693431
Epoch: 220 train_loss: 0.003104 val_loss: 0.423032 val_acc: 0.708029 test_loss: 0.434950 test_acc: 0.708029
Epoch: 230 train_loss: 0.003119 val_loss: 0.418189 val_acc: 0.717762 test_loss: 0.431124 test_acc: 0.717762
Epoch: 240 train_loss: 0.003091 val_loss: 0.421164 val_acc: 0.700730 test_loss: 0.433292 test_acc: 0.708029
Epoch: 250 train_loss: 0.003085 val_loss: 0.420989 val_acc: 0.708029 test_loss: 0.432312 test_acc: 0.705596
Epoch: 260 train_loss: 0.003064 val_loss: 0.416480 val_acc: 0.720195 test_loss: 0.432743 test_acc: 0.732360
Epoch: 270 train_loss: 0.003057 val_loss: 0.420409 val_acc: 0.715328 test_loss: 0.431835 test_acc: 0.700730
Epoch: 280 train_loss: 0.003058 val_loss: 0.417820 val_acc: 0.720195 test_loss: 0.430088 test_acc: 0.710462
Epoch: 290 train_loss: 0.003030 val_loss: 0.424322 val_acc: 0.712895 test_loss: 0.433671 test_acc: 0.705596
Epoch: 300 train_loss: 0.003030 val_loss: 0.420314 val_acc: 0.717762 test_loss: 0.434796 test_acc: 0.710462
Epoch: 310 train_loss: 0.003022 val_loss: 0.418269 val_acc: 0.710462 test_loss: 0.429385 test_acc: 0.725061
Epoch: 320 train_loss: 0.003015 val_loss: 0.418180 val_acc: 0.722628 test_loss: 0.433852 test_acc: 0.720195
Epoch: 330 train_loss: 0.002985 val_loss: 0.416182 val_acc: 0.722628 test_loss: 0.430174 test_acc: 0.722628
Epoch: 340 train_loss: 0.003004 val_loss: 0.421589 val_acc: 0.715328 test_loss: 0.434197 test_acc: 0.722628
Epoch: 350 train_loss: 0.002992 val_loss: 0.417994 val_acc: 0.712895 test_loss: 0.431180 test_acc: 0.722628
Epoch: 360 train_loss: 0.002993 val_loss: 0.416923 val_acc: 0.717762 test_loss: 0.430792 test_acc: 0.732360
Epoch: 370 train_loss: 0.002964 val_loss: 0.417807 val_acc: 0.717762 test_loss: 0.432733 test_acc: 0.720195
Epoch: 380 train_loss: 0.002974 val_loss: 0.420945 val_acc: 0.715328 test_loss: 0.432714 test_acc: 0.727494
Epoch: 390 train_loss: 0.002975 val_loss: 0.418713 val_acc: 0.712895 test_loss: 0.428396 test_acc: 0.725061
Epoch: 400 train_loss: 0.002970 val_loss: 0.414115 val_acc: 0.710462 test_loss: 0.427740 test_acc: 0.729927
Epoch: 410 train_loss: 0.002957 val_loss: 0.415138 val_acc: 0.715328 test_loss: 0.429249 test_acc: 0.722628
Epoch: 420 train_loss: 0.002941 val_loss: 0.416112 val_acc: 0.717762 test_loss: 0.429093 test_acc: 0.722628
Epoch: 430 train_loss: 0.002954 val_loss: 0.416987 val_acc: 0.715328 test_loss: 0.429755 test_acc: 0.732360
Epoch: 440 train_loss: 0.002955 val_loss: 0.416920 val_acc: 0.720195 test_loss: 0.432380 test_acc: 0.727494
Epoch: 450 train_loss: 0.002941 val_loss: 0.416193 val_acc: 0.725061 test_loss: 0.431336 test_acc: 0.734793
Epoch: 460 train_loss: 0.002935 val_loss: 0.418012 val_acc: 0.717762 test_loss: 0.431061 test_acc: 0.729927
Epoch: 470 train_loss: 0.002924 val_loss: 0.417889 val_acc: 0.720195 test_loss: 0.432822 test_acc: 0.737226
Epoch: 480 train_loss: 0.002932 val_loss: 0.416845 val_acc: 0.725061 test_loss: 0.430874 test_acc: 0.732360
Epoch: 490 train_loss: 0.002933 val_loss: 0.416764 val_acc: 0.712895 test_loss: 0.430599 test_acc: 0.732360
------------- 0 val_acc: 0.7372 test_acc: 0.6959 best_test: 0.7397 -----------------
Fold: 1
Epoch: 000 train_loss: 0.004155 val_loss: 0.490168 val_acc: 0.464720 test_loss: 0.480255 test_acc: 0.523114
Epoch: 010 train_loss: 0.003654 val_loss: 0.466525 val_acc: 0.649635 test_loss: 0.468949 test_acc: 0.610706
Epoch: 020 train_loss: 0.003526 val_loss: 0.453170 val_acc: 0.649635 test_loss: 0.439703 test_acc: 0.637470
Epoch: 030 train_loss: 0.003464 val_loss: 0.449795 val_acc: 0.639903 test_loss: 0.433342 test_acc: 0.661800
Epoch: 040 train_loss: 0.003416 val_loss: 0.444883 val_acc: 0.656934 test_loss: 0.428621 test_acc: 0.681265
Epoch: 050 train_loss: 0.003359 val_loss: 0.444109 val_acc: 0.661800 test_loss: 0.426225 test_acc: 0.683698
Epoch: 060 train_loss: 0.003358 val_loss: 0.443513 val_acc: 0.664234 test_loss: 0.427097 test_acc: 0.686131
Epoch: 070 train_loss: 0.003324 val_loss: 0.444516 val_acc: 0.659367 test_loss: 0.427639 test_acc: 0.681265
Epoch: 080 train_loss: 0.003281 val_loss: 0.438076 val_acc: 0.698297 test_loss: 0.420138 test_acc: 0.703163
Epoch: 090 train_loss: 0.003319 val_loss: 0.449875 val_acc: 0.664234 test_loss: 0.425385 test_acc: 0.698297
Epoch: 100 train_loss: 0.003249 val_loss: 0.443688 val_acc: 0.654501 test_loss: 0.424830 test_acc: 0.698297
Epoch: 110 train_loss: 0.003231 val_loss: 0.439996 val_acc: 0.678832 test_loss: 0.422166 test_acc: 0.703163
Epoch: 120 train_loss: 0.003229 val_loss: 0.437213 val_acc: 0.693431 test_loss: 0.420249 test_acc: 0.710462
Epoch: 130 train_loss: 0.003175 val_loss: 0.446628 val_acc: 0.676399 test_loss: 0.425978 test_acc: 0.708029
Epoch: 140 train_loss: 0.003189 val_loss: 0.440811 val_acc: 0.683698 test_loss: 0.428237 test_acc: 0.703163
Epoch: 150 train_loss: 0.003177 val_loss: 0.441098 val_acc: 0.695864 test_loss: 0.420196 test_acc: 0.698297
Epoch: 160 train_loss: 0.003143 val_loss: 0.441228 val_acc: 0.693431 test_loss: 0.420289 test_acc: 0.703163
Epoch: 170 train_loss: 0.003140 val_loss: 0.440365 val_acc: 0.708029 test_loss: 0.421205 test_acc: 0.708029
Epoch: 180 train_loss: 0.003129 val_loss: 0.441574 val_acc: 0.695864 test_loss: 0.422909 test_acc: 0.688564
Epoch: 190 train_loss: 0.003109 val_loss: 0.439609 val_acc: 0.695864 test_loss: 0.421093 test_acc: 0.708029
Epoch: 200 train_loss: 0.003081 val_loss: 0.440246 val_acc: 0.698297 test_loss: 0.421515 test_acc: 0.708029
Epoch: 210 train_loss: 0.003099 val_loss: 0.440013 val_acc: 0.700730 test_loss: 0.423323 test_acc: 0.698297
Epoch: 220 train_loss: 0.003076 val_loss: 0.439128 val_acc: 0.695864 test_loss: 0.422329 test_acc: 0.708029
Epoch: 230 train_loss: 0.003076 val_loss: 0.437701 val_acc: 0.698297 test_loss: 0.421595 test_acc: 0.717762
Epoch: 240 train_loss: 0.003075 val_loss: 0.447640 val_acc: 0.708029 test_loss: 0.427409 test_acc: 0.700730
Epoch: 250 train_loss: 0.003033 val_loss: 0.434087 val_acc: 0.712895 test_loss: 0.422619 test_acc: 0.715328
Epoch: 260 train_loss: 0.003048 val_loss: 0.436288 val_acc: 0.705596 test_loss: 0.422553 test_acc: 0.708029
Epoch: 270 train_loss: 0.003028 val_loss: 0.433497 val_acc: 0.710462 test_loss: 0.422366 test_acc: 0.712895
Epoch: 280 train_loss: 0.003019 val_loss: 0.433606 val_acc: 0.727494 test_loss: 0.423547 test_acc: 0.720195
Epoch: 290 train_loss: 0.003025 val_loss: 0.433462 val_acc: 0.722628 test_loss: 0.423645 test_acc: 0.715328
Epoch: 300 train_loss: 0.003015 val_loss: 0.432500 val_acc: 0.729927 test_loss: 0.428047 test_acc: 0.725061
Epoch: 310 train_loss: 0.002983 val_loss: 0.434666 val_acc: 0.722628 test_loss: 0.422269 test_acc: 0.715328
Epoch: 320 train_loss: 0.003001 val_loss: 0.440207 val_acc: 0.710462 test_loss: 0.424305 test_acc: 0.710462
Epoch: 330 train_loss: 0.002994 val_loss: 0.435379 val_acc: 0.710462 test_loss: 0.422248 test_acc: 0.722628
Epoch: 340 train_loss: 0.002976 val_loss: 0.437998 val_acc: 0.710462 test_loss: 0.422991 test_acc: 0.712895
Epoch: 350 train_loss: 0.002963 val_loss: 0.435632 val_acc: 0.722628 test_loss: 0.423390 test_acc: 0.720195
Epoch: 360 train_loss: 0.002966 val_loss: 0.437167 val_acc: 0.710462 test_loss: 0.423684 test_acc: 0.722628
Epoch: 370 train_loss: 0.002983 val_loss: 0.436723 val_acc: 0.737226 test_loss: 0.426142 test_acc: 0.717762
Epoch: 380 train_loss: 0.002950 val_loss: 0.434169 val_acc: 0.727494 test_loss: 0.423780 test_acc: 0.734793
Epoch: 390 train_loss: 0.002953 val_loss: 0.437305 val_acc: 0.722628 test_loss: 0.423364 test_acc: 0.734793
Epoch: 400 train_loss: 0.002941 val_loss: 0.436786 val_acc: 0.717762 test_loss: 0.422182 test_acc: 0.729927
Epoch: 410 train_loss: 0.002951 val_loss: 0.437522 val_acc: 0.712895 test_loss: 0.424272 test_acc: 0.725061
Epoch: 420 train_loss: 0.002933 val_loss: 0.439331 val_acc: 0.705596 test_loss: 0.425459 test_acc: 0.720195
Epoch: 430 train_loss: 0.002944 val_loss: 0.438749 val_acc: 0.712895 test_loss: 0.422805 test_acc: 0.732360
Epoch: 440 train_loss: 0.002938 val_loss: 0.439925 val_acc: 0.710462 test_loss: 0.422783 test_acc: 0.732360
Epoch: 450 train_loss: 0.002929 val_loss: 0.437488 val_acc: 0.720195 test_loss: 0.423443 test_acc: 0.732360
Epoch: 460 train_loss: 0.002920 val_loss: 0.439324 val_acc: 0.720195 test_loss: 0.424146 test_acc: 0.727494
Epoch: 470 train_loss: 0.002914 val_loss: 0.436772 val_acc: 0.727494 test_loss: 0.424406 test_acc: 0.732360
Epoch: 480 train_loss: 0.002908 val_loss: 0.440971 val_acc: 0.703163 test_loss: 0.424650 test_acc: 0.729927
Epoch: 490 train_loss: 0.002915 val_loss: 0.437249 val_acc: 0.725061 test_loss: 0.422981 test_acc: 0.729927
------------- 1 val_acc: 0.7372 test_acc: 0.7178 best_test: 0.7421 -----------------
Fold: 2
Epoch: 000 train_loss: 0.006177 val_loss: 0.519491 val_acc: 0.545012 test_loss: 0.523222 test_acc: 0.515815
Epoch: 010 train_loss: 0.003664 val_loss: 0.462293 val_acc: 0.635036 test_loss: 0.465205 test_acc: 0.622871
Epoch: 020 train_loss: 0.003561 val_loss: 0.448738 val_acc: 0.635036 test_loss: 0.440346 test_acc: 0.690998
Epoch: 030 train_loss: 0.003522 val_loss: 0.442761 val_acc: 0.620438 test_loss: 0.439456 test_acc: 0.686131
Epoch: 040 train_loss: 0.003443 val_loss: 0.438995 val_acc: 0.659367 test_loss: 0.428271 test_acc: 0.722628
Epoch: 050 train_loss: 0.003420 val_loss: 0.448127 val_acc: 0.654501 test_loss: 0.430541 test_acc: 0.722628
Epoch: 060 train_loss: 0.003387 val_loss: 0.442636 val_acc: 0.656934 test_loss: 0.421163 test_acc: 0.751825
Epoch: 070 train_loss: 0.003372 val_loss: 0.430500 val_acc: 0.690998 test_loss: 0.422088 test_acc: 0.729927
Epoch: 080 train_loss: 0.003338 val_loss: 0.424567 val_acc: 0.712895 test_loss: 0.414420 test_acc: 0.744526
Epoch: 090 train_loss: 0.003276 val_loss: 0.427580 val_acc: 0.690998 test_loss: 0.427754 test_acc: 0.698297
Epoch: 100 train_loss: 0.003269 val_loss: 0.422188 val_acc: 0.710462 test_loss: 0.414799 test_acc: 0.749392
Epoch: 110 train_loss: 0.003219 val_loss: 0.420980 val_acc: 0.715328 test_loss: 0.417326 test_acc: 0.715328
Epoch: 120 train_loss: 0.003200 val_loss: 0.422356 val_acc: 0.703163 test_loss: 0.410188 test_acc: 0.756691
Epoch: 130 train_loss: 0.003177 val_loss: 0.425233 val_acc: 0.703163 test_loss: 0.413196 test_acc: 0.749392
Epoch: 140 train_loss: 0.003154 val_loss: 0.425139 val_acc: 0.693431 test_loss: 0.415979 test_acc: 0.754258
Epoch: 150 train_loss: 0.003139 val_loss: 0.421250 val_acc: 0.708029 test_loss: 0.412723 test_acc: 0.756691
Epoch: 160 train_loss: 0.003123 val_loss: 0.416153 val_acc: 0.722628 test_loss: 0.412726 test_acc: 0.761557
Epoch: 170 train_loss: 0.003092 val_loss: 0.416177 val_acc: 0.742092 test_loss: 0.415279 test_acc: 0.734793
Epoch: 180 train_loss: 0.003091 val_loss: 0.417522 val_acc: 0.729927 test_loss: 0.409922 test_acc: 0.759124
Epoch: 190 train_loss: 0.003095 val_loss: 0.415301 val_acc: 0.732360 test_loss: 0.421344 test_acc: 0.739659
Epoch: 200 train_loss: 0.003040 val_loss: 0.417108 val_acc: 0.710462 test_loss: 0.422602 test_acc: 0.749392
Epoch: 210 train_loss: 0.003036 val_loss: 0.423267 val_acc: 0.708029 test_loss: 0.422083 test_acc: 0.749392
Epoch: 220 train_loss: 0.003011 val_loss: 0.413289 val_acc: 0.727494 test_loss: 0.420076 test_acc: 0.742092
Epoch: 230 train_loss: 0.002987 val_loss: 0.422314 val_acc: 0.720195 test_loss: 0.429082 test_acc: 0.746959
Epoch: 240 train_loss: 0.002999 val_loss: 0.411176 val_acc: 0.727494 test_loss: 0.417929 test_acc: 0.746959
Epoch: 250 train_loss: 0.002984 val_loss: 0.415597 val_acc: 0.720195 test_loss: 0.419861 test_acc: 0.751825
Epoch: 260 train_loss: 0.002968 val_loss: 0.411618 val_acc: 0.742092 test_loss: 0.418287 test_acc: 0.754258
Epoch: 270 train_loss: 0.002980 val_loss: 0.412071 val_acc: 0.737226 test_loss: 0.421470 test_acc: 0.749392
Epoch: 280 train_loss: 0.002938 val_loss: 0.410445 val_acc: 0.722628 test_loss: 0.426055 test_acc: 0.734793
Epoch: 290 train_loss: 0.002936 val_loss: 0.416132 val_acc: 0.734793 test_loss: 0.435538 test_acc: 0.734793
Epoch: 300 train_loss: 0.002918 val_loss: 0.411418 val_acc: 0.732360 test_loss: 0.424580 test_acc: 0.739659
Epoch: 310 train_loss: 0.002913 val_loss: 0.416950 val_acc: 0.734793 test_loss: 0.425534 test_acc: 0.739659
Epoch: 320 train_loss: 0.002904 val_loss: 0.411189 val_acc: 0.734793 test_loss: 0.429424 test_acc: 0.729927
Epoch: 330 train_loss: 0.002887 val_loss: 0.411177 val_acc: 0.725061 test_loss: 0.426481 test_acc: 0.739659
Epoch: 340 train_loss: 0.002882 val_loss: 0.409349 val_acc: 0.734793 test_loss: 0.426364 test_acc: 0.737226
Epoch: 350 train_loss: 0.002862 val_loss: 0.411437 val_acc: 0.732360 test_loss: 0.428998 test_acc: 0.734793
Epoch: 360 train_loss: 0.002871 val_loss: 0.412950 val_acc: 0.746959 test_loss: 0.428967 test_acc: 0.732360
Epoch: 370 train_loss: 0.002875 val_loss: 0.412747 val_acc: 0.734793 test_loss: 0.433187 test_acc: 0.732360
Epoch: 380 train_loss: 0.002852 val_loss: 0.411090 val_acc: 0.742092 test_loss: 0.428000 test_acc: 0.737226
Epoch: 390 train_loss: 0.002858 val_loss: 0.415459 val_acc: 0.739659 test_loss: 0.432819 test_acc: 0.729927
Epoch: 400 train_loss: 0.002835 val_loss: 0.412863 val_acc: 0.742092 test_loss: 0.435944 test_acc: 0.729927
Epoch: 410 train_loss: 0.002837 val_loss: 0.412257 val_acc: 0.739659 test_loss: 0.432012 test_acc: 0.737226
Epoch: 420 train_loss: 0.002827 val_loss: 0.411796 val_acc: 0.739659 test_loss: 0.434953 test_acc: 0.734793
Epoch: 430 train_loss: 0.002818 val_loss: 0.411333 val_acc: 0.751825 test_loss: 0.432027 test_acc: 0.725061
Epoch: 440 train_loss: 0.002826 val_loss: 0.410041 val_acc: 0.746959 test_loss: 0.435887 test_acc: 0.732360
Epoch: 450 train_loss: 0.002820 val_loss: 0.409395 val_acc: 0.744526 test_loss: 0.437973 test_acc: 0.729927
Epoch: 460 train_loss: 0.002810 val_loss: 0.416890 val_acc: 0.744526 test_loss: 0.436459 test_acc: 0.734793
Epoch: 470 train_loss: 0.002809 val_loss: 0.413809 val_acc: 0.737226 test_loss: 0.438974 test_acc: 0.729927
Epoch: 480 train_loss: 0.002808 val_loss: 0.414186 val_acc: 0.744526 test_loss: 0.439773 test_acc: 0.725061
Epoch: 490 train_loss: 0.002825 val_loss: 0.410766 val_acc: 0.746959 test_loss: 0.439372 test_acc: 0.729927
------------- 2 val_acc: 0.7543 test_acc: 0.7397 best_test: 0.7689 -----------------
Fold: 3
Epoch: 000 train_loss: 0.005252 val_loss: 0.492495 val_acc: 0.535280 test_loss: 0.496544 test_acc: 0.513382
Epoch: 010 train_loss: 0.003701 val_loss: 0.473788 val_acc: 0.569343 test_loss: 0.470821 test_acc: 0.610706
Epoch: 020 train_loss: 0.003602 val_loss: 0.461592 val_acc: 0.610706 test_loss: 0.460026 test_acc: 0.610706
Epoch: 030 train_loss: 0.003492 val_loss: 0.444048 val_acc: 0.661800 test_loss: 0.453737 test_acc: 0.627737
Epoch: 040 train_loss: 0.003426 val_loss: 0.434392 val_acc: 0.693431 test_loss: 0.450333 test_acc: 0.656934
Epoch: 050 train_loss: 0.003395 val_loss: 0.440281 val_acc: 0.673966 test_loss: 0.456420 test_acc: 0.649635
Epoch: 060 train_loss: 0.003372 val_loss: 0.435825 val_acc: 0.686131 test_loss: 0.454907 test_acc: 0.664234
Epoch: 070 train_loss: 0.003342 val_loss: 0.433319 val_acc: 0.695864 test_loss: 0.445406 test_acc: 0.676399
Epoch: 080 train_loss: 0.003334 val_loss: 0.430028 val_acc: 0.720195 test_loss: 0.445661 test_acc: 0.671533
Epoch: 090 train_loss: 0.003304 val_loss: 0.425228 val_acc: 0.725061 test_loss: 0.443133 test_acc: 0.683698
Epoch: 100 train_loss: 0.003278 val_loss: 0.425343 val_acc: 0.732360 test_loss: 0.441219 test_acc: 0.690998
Epoch: 110 train_loss: 0.003258 val_loss: 0.425481 val_acc: 0.712895 test_loss: 0.443364 test_acc: 0.690998
Epoch: 120 train_loss: 0.003239 val_loss: 0.428095 val_acc: 0.715328 test_loss: 0.442119 test_acc: 0.698297
Epoch: 130 train_loss: 0.003214 val_loss: 0.424799 val_acc: 0.708029 test_loss: 0.438939 test_acc: 0.690998
Epoch: 140 train_loss: 0.003209 val_loss: 0.426150 val_acc: 0.710462 test_loss: 0.441366 test_acc: 0.703163
Epoch: 150 train_loss: 0.003183 val_loss: 0.422780 val_acc: 0.710462 test_loss: 0.437410 test_acc: 0.698297
Epoch: 160 train_loss: 0.003164 val_loss: 0.424311 val_acc: 0.717762 test_loss: 0.436238 test_acc: 0.703163
Epoch: 170 train_loss: 0.003176 val_loss: 0.426366 val_acc: 0.715328 test_loss: 0.438315 test_acc: 0.708029
Epoch: 180 train_loss: 0.003132 val_loss: 0.434939 val_acc: 0.720195 test_loss: 0.437008 test_acc: 0.722628
Epoch: 190 train_loss: 0.003148 val_loss: 0.426121 val_acc: 0.710462 test_loss: 0.441544 test_acc: 0.683698
Epoch: 200 train_loss: 0.003112 val_loss: 0.433193 val_acc: 0.698297 test_loss: 0.439450 test_acc: 0.700730
Epoch: 210 train_loss: 0.003089 val_loss: 0.425203 val_acc: 0.717762 test_loss: 0.441614 test_acc: 0.693431
Epoch: 220 train_loss: 0.003079 val_loss: 0.434299 val_acc: 0.734793 test_loss: 0.435412 test_acc: 0.722628
Epoch: 230 train_loss: 0.003075 val_loss: 0.430551 val_acc: 0.720195 test_loss: 0.439247 test_acc: 0.710462
Epoch: 240 train_loss: 0.003082 val_loss: 0.430827 val_acc: 0.732360 test_loss: 0.436014 test_acc: 0.712895
Epoch: 250 train_loss: 0.003042 val_loss: 0.429356 val_acc: 0.720195 test_loss: 0.437348 test_acc: 0.710462
Epoch: 260 train_loss: 0.003046 val_loss: 0.433459 val_acc: 0.720195 test_loss: 0.442854 test_acc: 0.705596
Epoch: 270 train_loss: 0.003029 val_loss: 0.432013 val_acc: 0.720195 test_loss: 0.438872 test_acc: 0.705596
Epoch: 280 train_loss: 0.003027 val_loss: 0.429500 val_acc: 0.717762 test_loss: 0.437136 test_acc: 0.710462
Epoch: 290 train_loss: 0.003021 val_loss: 0.432427 val_acc: 0.725061 test_loss: 0.441583 test_acc: 0.705596
Epoch: 300 train_loss: 0.003017 val_loss: 0.429136 val_acc: 0.722628 test_loss: 0.439579 test_acc: 0.710462
Epoch: 310 train_loss: 0.003038 val_loss: 0.430243 val_acc: 0.720195 test_loss: 0.440624 test_acc: 0.703163
Epoch: 320 train_loss: 0.003000 val_loss: 0.433482 val_acc: 0.717762 test_loss: 0.439551 test_acc: 0.710462
Epoch: 330 train_loss: 0.002980 val_loss: 0.431075 val_acc: 0.732360 test_loss: 0.441404 test_acc: 0.708029
Epoch: 340 train_loss: 0.002968 val_loss: 0.431106 val_acc: 0.732360 test_loss: 0.437406 test_acc: 0.717762
Epoch: 350 train_loss: 0.002972 val_loss: 0.434041 val_acc: 0.727494 test_loss: 0.438415 test_acc: 0.722628
Epoch: 360 train_loss: 0.002963 val_loss: 0.432227 val_acc: 0.725061 test_loss: 0.434690 test_acc: 0.729927
Epoch: 370 train_loss: 0.002961 val_loss: 0.433658 val_acc: 0.727494 test_loss: 0.441468 test_acc: 0.712895
Epoch: 380 train_loss: 0.002970 val_loss: 0.434205 val_acc: 0.732360 test_loss: 0.439897 test_acc: 0.705596
Epoch: 390 train_loss: 0.002950 val_loss: 0.434326 val_acc: 0.732360 test_loss: 0.441130 test_acc: 0.720195
Epoch: 400 train_loss: 0.002921 val_loss: 0.434556 val_acc: 0.717762 test_loss: 0.436623 test_acc: 0.729927
Epoch: 410 train_loss: 0.002922 val_loss: 0.435002 val_acc: 0.727494 test_loss: 0.440562 test_acc: 0.717762
Epoch: 420 train_loss: 0.002933 val_loss: 0.432924 val_acc: 0.737226 test_loss: 0.443754 test_acc: 0.700730
Epoch: 430 train_loss: 0.002911 val_loss: 0.435862 val_acc: 0.725061 test_loss: 0.437118 test_acc: 0.712895
Epoch: 440 train_loss: 0.002923 val_loss: 0.435654 val_acc: 0.727494 test_loss: 0.442083 test_acc: 0.715328
Epoch: 450 train_loss: 0.002904 val_loss: 0.435416 val_acc: 0.727494 test_loss: 0.440979 test_acc: 0.715328
Epoch: 460 train_loss: 0.002899 val_loss: 0.438509 val_acc: 0.717762 test_loss: 0.441542 test_acc: 0.729927
Epoch: 470 train_loss: 0.002896 val_loss: 0.438189 val_acc: 0.720195 test_loss: 0.439883 test_acc: 0.725061
Epoch: 480 train_loss: 0.002893 val_loss: 0.436430 val_acc: 0.722628 test_loss: 0.441769 test_acc: 0.712895
Epoch: 490 train_loss: 0.002919 val_loss: 0.436301 val_acc: 0.722628 test_loss: 0.439053 test_acc: 0.720195
------------- 3 val_acc: 0.7470 test_acc: 0.7080 best_test: 0.7324 -----------------
Fold: 4
Epoch: 000 train_loss: 0.004101 val_loss: 0.486723 val_acc: 0.508516 test_loss: 0.485182 test_acc: 0.520681
Epoch: 010 train_loss: 0.003636 val_loss: 0.466664 val_acc: 0.605839 test_loss: 0.449983 test_acc: 0.654501
Epoch: 020 train_loss: 0.003551 val_loss: 0.470191 val_acc: 0.598540 test_loss: 0.439974 test_acc: 0.635036
Epoch: 030 train_loss: 0.003475 val_loss: 0.458522 val_acc: 0.639903 test_loss: 0.422460 test_acc: 0.708029
Epoch: 040 train_loss: 0.003446 val_loss: 0.472823 val_acc: 0.598540 test_loss: 0.434874 test_acc: 0.683698
Epoch: 050 train_loss: 0.003399 val_loss: 0.454360 val_acc: 0.647202 test_loss: 0.413421 test_acc: 0.727494
Epoch: 060 train_loss: 0.003368 val_loss: 0.446747 val_acc: 0.676399 test_loss: 0.410025 test_acc: 0.746959
Epoch: 070 train_loss: 0.003350 val_loss: 0.443274 val_acc: 0.683698 test_loss: 0.408618 test_acc: 0.759124
Epoch: 080 train_loss: 0.003329 val_loss: 0.444420 val_acc: 0.688564 test_loss: 0.403037 test_acc: 0.759124
Epoch: 090 train_loss: 0.003295 val_loss: 0.438845 val_acc: 0.686131 test_loss: 0.402255 test_acc: 0.761557
Epoch: 100 train_loss: 0.003304 val_loss: 0.438506 val_acc: 0.688564 test_loss: 0.398147 test_acc: 0.763990
Epoch: 110 train_loss: 0.003273 val_loss: 0.437850 val_acc: 0.688564 test_loss: 0.395474 test_acc: 0.771290
Epoch: 120 train_loss: 0.003249 val_loss: 0.438462 val_acc: 0.678832 test_loss: 0.398189 test_acc: 0.754258
Epoch: 130 train_loss: 0.003217 val_loss: 0.432534 val_acc: 0.688564 test_loss: 0.392875 test_acc: 0.778589
Epoch: 140 train_loss: 0.003203 val_loss: 0.432464 val_acc: 0.698297 test_loss: 0.392128 test_acc: 0.776156
Epoch: 150 train_loss: 0.003194 val_loss: 0.430199 val_acc: 0.688564 test_loss: 0.390590 test_acc: 0.771290
Epoch: 160 train_loss: 0.003181 val_loss: 0.424789 val_acc: 0.698297 test_loss: 0.388804 test_acc: 0.773723
Epoch: 170 train_loss: 0.003174 val_loss: 0.426096 val_acc: 0.700730 test_loss: 0.393647 test_acc: 0.756691
Epoch: 180 train_loss: 0.003157 val_loss: 0.424223 val_acc: 0.700730 test_loss: 0.387356 test_acc: 0.771290
Epoch: 190 train_loss: 0.003130 val_loss: 0.427158 val_acc: 0.690998 test_loss: 0.388259 test_acc: 0.768856
Epoch: 200 train_loss: 0.003123 val_loss: 0.424497 val_acc: 0.703163 test_loss: 0.386672 test_acc: 0.781022
Epoch: 210 train_loss: 0.003109 val_loss: 0.424347 val_acc: 0.712895 test_loss: 0.384449 test_acc: 0.785888
Epoch: 220 train_loss: 0.003101 val_loss: 0.425647 val_acc: 0.705596 test_loss: 0.382527 test_acc: 0.771290
Epoch: 230 train_loss: 0.003089 val_loss: 0.418855 val_acc: 0.720195 test_loss: 0.381913 test_acc: 0.783455
Epoch: 240 train_loss: 0.003088 val_loss: 0.419404 val_acc: 0.705596 test_loss: 0.383329 test_acc: 0.785888
Epoch: 250 train_loss: 0.003090 val_loss: 0.420897 val_acc: 0.708029 test_loss: 0.383065 test_acc: 0.785888
Epoch: 260 train_loss: 0.003060 val_loss: 0.423245 val_acc: 0.722628 test_loss: 0.380915 test_acc: 0.773723
Epoch: 270 train_loss: 0.003049 val_loss: 0.424733 val_acc: 0.708029 test_loss: 0.382183 test_acc: 0.788321
Epoch: 280 train_loss: 0.003037 val_loss: 0.418983 val_acc: 0.729927 test_loss: 0.379903 test_acc: 0.788321
Epoch: 290 train_loss: 0.003047 val_loss: 0.419464 val_acc: 0.734793 test_loss: 0.381935 test_acc: 0.781022
Epoch: 300 train_loss: 0.003016 val_loss: 0.419035 val_acc: 0.710462 test_loss: 0.379492 test_acc: 0.798054
Epoch: 310 train_loss: 0.003031 val_loss: 0.420434 val_acc: 0.727494 test_loss: 0.379135 test_acc: 0.788321
Epoch: 320 train_loss: 0.003015 val_loss: 0.417847 val_acc: 0.727494 test_loss: 0.378734 test_acc: 0.790754
Epoch: 330 train_loss: 0.002996 val_loss: 0.418837 val_acc: 0.729927 test_loss: 0.380838 test_acc: 0.778589
Epoch: 340 train_loss: 0.003006 val_loss: 0.418278 val_acc: 0.725061 test_loss: 0.380235 test_acc: 0.776156
Epoch: 350 train_loss: 0.003007 val_loss: 0.419323 val_acc: 0.708029 test_loss: 0.380134 test_acc: 0.790754
Epoch: 360 train_loss: 0.002968 val_loss: 0.419741 val_acc: 0.715328 test_loss: 0.380034 test_acc: 0.793187
