Namespace(device='cuda:0', dataset='NCI1', in_size=37, num_classes=2, fusion_type='early', gcn_channels=3, gcn_hidden=64, gcn_layers=4, gcn_dropout=0.1, trans_num_layers=4, input_node_dim=37, hidden_node_dim=32, input_edge_dim=0, hidden_edge_dim=32, ouput_dim=None, n_heads=4, max_in_degree=5, max_out_degree=5, max_path_distance=5, hidden_dim=64, num_layers=4, num_features=37, num_heads=8, dropout=0.1, pos_encoding='gcn', att_dropout=0.1, d_k=64, d_v=64, pos_embed_type='s', alpha=0.5, num_fusion_layers=4, eta=0.4, lam1=0.2, lam2=0.2, theta1=0.1, theta2=0.4, theta3=0.4, loss_log=2, folds=10, lr=0.0001, weight_decay=0.0005, batch_size=128, epoches=1000, output_dim=2)
/home/dongrui/anaconda3/envs/dr/lib/python3.9/site-packages/torch_geometric/data/in_memory_dataset.py:284: UserWarning: It is not recommended to directly access the internal storage format `data` of an 'InMemoryDataset'. The given 'InMemoryDataset' only references a subset of examples of the full dataset, but 'data' will contain information of the full dataset. The data of the dataset is already cached, so any modifications to `data` will not be reflected when accessing its elements. Clearing the cache now by removing all elements in `dataset._data_list`. If you are absolutely certain what you are doing, access the internal storage via `InMemoryDataset._data` instead to suppress this warning. Alternatively, you can access stacked individual attributes of every graph via `dataset.{attr_name}`.
  warnings.warn(msg)
Fold: 0
Epoch: 000 train_loss: 0.006498 val_loss: 0.688674 val_acc: 0.586375 test_loss: 0.694313 test_acc: 0.545012
Epoch: 010 train_loss: 0.005239 val_loss: 0.669759 val_acc: 0.683698 test_loss: 0.685058 test_acc: 0.637470
Epoch: 020 train_loss: 0.005049 val_loss: 0.619179 val_acc: 0.712895 test_loss: 0.652841 test_acc: 0.637470
Epoch: 030 train_loss: 0.004961 val_loss: 0.623173 val_acc: 0.649635 test_loss: 0.661195 test_acc: 0.598540
Epoch: 040 train_loss: 0.004897 val_loss: 0.608506 val_acc: 0.695864 test_loss: 0.645413 test_acc: 0.635036
Epoch: 050 train_loss: 0.004775 val_loss: 0.606745 val_acc: 0.725061 test_loss: 0.642513 test_acc: 0.673966
Epoch: 060 train_loss: 0.004729 val_loss: 0.626430 val_acc: 0.664234 test_loss: 0.666438 test_acc: 0.610706
Epoch: 070 train_loss: 0.004695 val_loss: 0.602579 val_acc: 0.732360 test_loss: 0.634359 test_acc: 0.666667
Epoch: 080 train_loss: 0.004591 val_loss: 0.593588 val_acc: 0.773723 test_loss: 0.629119 test_acc: 0.734793
Epoch: 090 train_loss: 0.004550 val_loss: 0.588557 val_acc: 0.742092 test_loss: 0.629491 test_acc: 0.688564
Epoch: 100 train_loss: 0.004514 val_loss: 0.594849 val_acc: 0.712895 test_loss: 0.644823 test_acc: 0.686131
Epoch: 110 train_loss: 0.004406 val_loss: 0.590054 val_acc: 0.754258 test_loss: 0.634337 test_acc: 0.742092
Epoch: 120 train_loss: 0.004406 val_loss: 0.590278 val_acc: 0.761557 test_loss: 0.631645 test_acc: 0.725061
Epoch: 130 train_loss: 0.004384 val_loss: 0.582582 val_acc: 0.756691 test_loss: 0.634518 test_acc: 0.720195
Epoch: 140 train_loss: 0.004264 val_loss: 0.591985 val_acc: 0.756691 test_loss: 0.637664 test_acc: 0.720195
Epoch: 150 train_loss: 0.004272 val_loss: 0.573886 val_acc: 0.761557 test_loss: 0.632344 test_acc: 0.734793
Epoch: 160 train_loss: 0.004178 val_loss: 0.582112 val_acc: 0.783455 test_loss: 0.625027 test_acc: 0.754258
Epoch: 170 train_loss: 0.004161 val_loss: 0.587274 val_acc: 0.785888 test_loss: 0.634537 test_acc: 0.754258
Epoch: 180 train_loss: 0.004089 val_loss: 0.588382 val_acc: 0.783455 test_loss: 0.627299 test_acc: 0.737226
Epoch: 190 train_loss: 0.004131 val_loss: 0.577075 val_acc: 0.793187 test_loss: 0.613776 test_acc: 0.754258
Epoch: 200 train_loss: 0.004102 val_loss: 0.580232 val_acc: 0.773723 test_loss: 0.621152 test_acc: 0.761557
Epoch: 210 train_loss: 0.004086 val_loss: 0.590561 val_acc: 0.759124 test_loss: 0.624590 test_acc: 0.739659
Epoch: 220 train_loss: 0.004001 val_loss: 0.587136 val_acc: 0.768856 test_loss: 0.645253 test_acc: 0.705596
Epoch: 230 train_loss: 0.003931 val_loss: 0.601122 val_acc: 0.763990 test_loss: 0.649538 test_acc: 0.717762
Epoch: 240 train_loss: 0.004013 val_loss: 0.581460 val_acc: 0.781022 test_loss: 0.628545 test_acc: 0.737226
Epoch: 250 train_loss: 0.003885 val_loss: 0.584444 val_acc: 0.776156 test_loss: 0.636766 test_acc: 0.739659
Epoch: 260 train_loss: 0.003795 val_loss: 0.575375 val_acc: 0.785888 test_loss: 0.628201 test_acc: 0.729927
Epoch: 270 train_loss: 0.003819 val_loss: 0.599099 val_acc: 0.754258 test_loss: 0.641717 test_acc: 0.759124
Epoch: 280 train_loss: 0.003759 val_loss: 0.581306 val_acc: 0.788321 test_loss: 0.642173 test_acc: 0.744526
Epoch: 290 train_loss: 0.003915 val_loss: 0.568846 val_acc: 0.778589 test_loss: 0.630719 test_acc: 0.739659
Epoch: 300 train_loss: 0.003737 val_loss: 0.582221 val_acc: 0.790754 test_loss: 0.628491 test_acc: 0.751825
Epoch: 310 train_loss: 0.003799 val_loss: 0.580202 val_acc: 0.785888 test_loss: 0.635778 test_acc: 0.742092
Epoch: 320 train_loss: 0.003711 val_loss: 0.595523 val_acc: 0.776156 test_loss: 0.641919 test_acc: 0.742092
Epoch: 330 train_loss: 0.003704 val_loss: 0.575034 val_acc: 0.778589 test_loss: 0.632341 test_acc: 0.732360
Epoch: 340 train_loss: 0.003716 val_loss: 0.584926 val_acc: 0.793187 test_loss: 0.644410 test_acc: 0.734793
Epoch: 350 train_loss: 0.003671 val_loss: 0.576074 val_acc: 0.800487 test_loss: 0.641318 test_acc: 0.746959
Epoch: 360 train_loss: 0.003617 val_loss: 0.573725 val_acc: 0.776156 test_loss: 0.641853 test_acc: 0.754258
Epoch: 370 train_loss: 0.003695 val_loss: 0.570106 val_acc: 0.802920 test_loss: 0.647424 test_acc: 0.734793
Epoch: 380 train_loss: 0.003600 val_loss: 0.576061 val_acc: 0.790754 test_loss: 0.639001 test_acc: 0.742092
Epoch: 390 train_loss: 0.003636 val_loss: 0.569836 val_acc: 0.800487 test_loss: 0.634157 test_acc: 0.742092
Epoch: 400 train_loss: 0.003621 val_loss: 0.583488 val_acc: 0.783455 test_loss: 0.635472 test_acc: 0.742092
Epoch: 410 train_loss: 0.003597 val_loss: 0.577348 val_acc: 0.783455 test_loss: 0.626617 test_acc: 0.766423
Epoch: 420 train_loss: 0.003635 val_loss: 0.566372 val_acc: 0.778589 test_loss: 0.631294 test_acc: 0.746959
Epoch: 430 train_loss: 0.003584 val_loss: 0.586803 val_acc: 0.783455 test_loss: 0.645013 test_acc: 0.754258
Epoch: 440 train_loss: 0.003521 val_loss: 0.573863 val_acc: 0.781022 test_loss: 0.636309 test_acc: 0.766423
Epoch: 450 train_loss: 0.003505 val_loss: 0.573816 val_acc: 0.785888 test_loss: 0.634829 test_acc: 0.742092
Epoch: 460 train_loss: 0.003569 val_loss: 0.581477 val_acc: 0.776156 test_loss: 0.646166 test_acc: 0.737226
Epoch: 470 train_loss: 0.003545 val_loss: 0.577534 val_acc: 0.788321 test_loss: 0.650080 test_acc: 0.722628
Epoch: 480 train_loss: 0.003503 val_loss: 0.580134 val_acc: 0.776156 test_loss: 0.652895 test_acc: 0.742092
Epoch: 490 train_loss: 0.003441 val_loss: 0.577110 val_acc: 0.790754 test_loss: 0.645377 test_acc: 0.746959
Epoch: 500 train_loss: 0.003457 val_loss: 0.584814 val_acc: 0.771290 test_loss: 0.658440 test_acc: 0.722628
Epoch: 510 train_loss: 0.003469 val_loss: 0.586943 val_acc: 0.781022 test_loss: 0.632870 test_acc: 0.746959
Epoch: 520 train_loss: 0.003471 val_loss: 0.592243 val_acc: 0.771290 test_loss: 0.670075 test_acc: 0.737226
Epoch: 530 train_loss: 0.003435 val_loss: 0.585544 val_acc: 0.788321 test_loss: 0.653829 test_acc: 0.746959
Epoch: 540 train_loss: 0.003528 val_loss: 0.593234 val_acc: 0.766423 test_loss: 0.654963 test_acc: 0.739659
Epoch: 550 train_loss: 0.003434 val_loss: 0.594050 val_acc: 0.768856 test_loss: 0.663307 test_acc: 0.737226
Epoch: 560 train_loss: 0.003457 val_loss: 0.579875 val_acc: 0.788321 test_loss: 0.639573 test_acc: 0.742092
Epoch: 570 train_loss: 0.003491 val_loss: 0.565494 val_acc: 0.817518 test_loss: 0.647445 test_acc: 0.725061
Epoch: 580 train_loss: 0.003391 val_loss: 0.575605 val_acc: 0.785888 test_loss: 0.621190 test_acc: 0.766423
Epoch: 590 train_loss: 0.003423 val_loss: 0.615181 val_acc: 0.754258 test_loss: 0.657338 test_acc: 0.751825
Epoch: 600 train_loss: 0.003397 val_loss: 0.593942 val_acc: 0.778589 test_loss: 0.654791 test_acc: 0.742092
Epoch: 610 train_loss: 0.003401 val_loss: 0.580250 val_acc: 0.785888 test_loss: 0.646504 test_acc: 0.739659
Epoch: 620 train_loss: 0.003432 val_loss: 0.591675 val_acc: 0.773723 test_loss: 0.645348 test_acc: 0.744526
Epoch: 630 train_loss: 0.003368 val_loss: 0.592858 val_acc: 0.773723 test_loss: 0.653407 test_acc: 0.761557
Epoch: 640 train_loss: 0.003404 val_loss: 0.589749 val_acc: 0.781022 test_loss: 0.650684 test_acc: 0.749392
Epoch: 650 train_loss: 0.003408 val_loss: 0.606513 val_acc: 0.766423 test_loss: 0.635832 test_acc: 0.754258
Epoch: 660 train_loss: 0.003379 val_loss: 0.596495 val_acc: 0.771290 test_loss: 0.667420 test_acc: 0.739659
Epoch: 670 train_loss: 0.003452 val_loss: 0.569404 val_acc: 0.795620 test_loss: 0.650364 test_acc: 0.746959
Epoch: 680 train_loss: 0.003393 val_loss: 0.597435 val_acc: 0.763990 test_loss: 0.642532 test_acc: 0.751825
Epoch: 690 train_loss: 0.003416 val_loss: 0.592885 val_acc: 0.771290 test_loss: 0.637266 test_acc: 0.766423
Epoch: 700 train_loss: 0.003404 val_loss: 0.580244 val_acc: 0.800487 test_loss: 0.661594 test_acc: 0.744526
Epoch: 710 train_loss: 0.003415 val_loss: 0.584083 val_acc: 0.781022 test_loss: 0.649208 test_acc: 0.749392
Epoch: 720 train_loss: 0.003459 val_loss: 0.598784 val_acc: 0.763990 test_loss: 0.625415 test_acc: 0.763990
Epoch: 730 train_loss: 0.003405 val_loss: 0.595508 val_acc: 0.776156 test_loss: 0.653332 test_acc: 0.744526
Epoch: 740 train_loss: 0.003357 val_loss: 0.588401 val_acc: 0.776156 test_loss: 0.639426 test_acc: 0.754258
Epoch: 750 train_loss: 0.003341 val_loss: 0.583225 val_acc: 0.781022 test_loss: 0.647933 test_acc: 0.761557
Epoch: 760 train_loss: 0.003346 val_loss: 0.595369 val_acc: 0.773723 test_loss: 0.646188 test_acc: 0.761557
Epoch: 770 train_loss: 0.003344 val_loss: 0.606158 val_acc: 0.768856 test_loss: 0.663933 test_acc: 0.746959
Epoch: 780 train_loss: 0.003339 val_loss: 0.582439 val_acc: 0.783455 test_loss: 0.647337 test_acc: 0.751825
Epoch: 790 train_loss: 0.003357 val_loss: 0.591029 val_acc: 0.776156 test_loss: 0.648339 test_acc: 0.759124
Epoch: 800 train_loss: 0.003374 val_loss: 0.568889 val_acc: 0.807786 test_loss: 0.658018 test_acc: 0.756691
Epoch: 810 train_loss: 0.003385 val_loss: 0.578344 val_acc: 0.788321 test_loss: 0.623268 test_acc: 0.759124
Epoch: 820 train_loss: 0.003340 val_loss: 0.588413 val_acc: 0.783455 test_loss: 0.664642 test_acc: 0.742092
Epoch: 830 train_loss: 0.003359 val_loss: 0.613610 val_acc: 0.751825 test_loss: 0.649141 test_acc: 0.763990
Epoch: 840 train_loss: 0.003427 val_loss: 0.569101 val_acc: 0.783455 test_loss: 0.641891 test_acc: 0.746959
Epoch: 850 train_loss: 0.003293 val_loss: 0.588805 val_acc: 0.768856 test_loss: 0.638163 test_acc: 0.763990
Epoch: 860 train_loss: 0.003353 val_loss: 0.588735 val_acc: 0.783455 test_loss: 0.655756 test_acc: 0.761557
Epoch: 870 train_loss: 0.003303 val_loss: 0.614773 val_acc: 0.766423 test_loss: 0.668039 test_acc: 0.751825
Epoch: 880 train_loss: 0.003379 val_loss: 0.586311 val_acc: 0.788321 test_loss: 0.651267 test_acc: 0.763990
Epoch: 890 train_loss: 0.003328 val_loss: 0.607126 val_acc: 0.763990 test_loss: 0.640771 test_acc: 0.778589
Epoch: 900 train_loss: 0.003296 val_loss: 0.608303 val_acc: 0.751825 test_loss: 0.639526 test_acc: 0.763990
Epoch: 910 train_loss: 0.003349 val_loss: 0.612666 val_acc: 0.759124 test_loss: 0.632192 test_acc: 0.783455
Epoch: 920 train_loss: 0.003381 val_loss: 0.592198 val_acc: 0.795620 test_loss: 0.661333 test_acc: 0.742092
Epoch: 930 train_loss: 0.003294 val_loss: 0.604866 val_acc: 0.763990 test_loss: 0.658831 test_acc: 0.742092
Epoch: 940 train_loss: 0.003375 val_loss: 0.578045 val_acc: 0.781022 test_loss: 0.654967 test_acc: 0.737226
Epoch: 950 train_loss: 0.003430 val_loss: 0.587757 val_acc: 0.776156 test_loss: 0.645687 test_acc: 0.751825
Epoch: 960 train_loss: 0.003290 val_loss: 0.605124 val_acc: 0.759124 test_loss: 0.661508 test_acc: 0.739659
Epoch: 970 train_loss: 0.003314 val_loss: 0.610553 val_acc: 0.771290 test_loss: 0.662175 test_acc: 0.751825
Epoch: 980 train_loss: 0.003261 val_loss: 0.593611 val_acc: 0.788321 test_loss: 0.674540 test_acc: 0.742092
Epoch: 990 train_loss: 0.003295 val_loss: 0.610811 val_acc: 0.776156 test_loss: 0.675716 test_acc: 0.742092
Fold: 1
Epoch: 000 train_loss: 0.005539 val_loss: 0.697738 val_acc: 0.476886 test_loss: 0.684741 test_acc: 0.496350
Epoch: 010 train_loss: 0.005094 val_loss: 0.653816 val_acc: 0.642336 test_loss: 0.641944 test_acc: 0.698297
Epoch: 020 train_loss: 0.004917 val_loss: 0.652623 val_acc: 0.635036 test_loss: 0.631426 test_acc: 0.678832
Epoch: 030 train_loss: 0.004872 val_loss: 0.643457 val_acc: 0.671533 test_loss: 0.619714 test_acc: 0.729927
Epoch: 040 train_loss: 0.004858 val_loss: 0.647201 val_acc: 0.676399 test_loss: 0.624212 test_acc: 0.722628
Epoch: 050 train_loss: 0.004688 val_loss: 0.637980 val_acc: 0.686131 test_loss: 0.607617 test_acc: 0.746959
Epoch: 060 train_loss: 0.004586 val_loss: 0.660488 val_acc: 0.642336 test_loss: 0.627789 test_acc: 0.717762
Epoch: 070 train_loss: 0.004587 val_loss: 0.678839 val_acc: 0.649635 test_loss: 0.631929 test_acc: 0.720195
Epoch: 080 train_loss: 0.004446 val_loss: 0.635568 val_acc: 0.683698 test_loss: 0.607352 test_acc: 0.759124
Epoch: 090 train_loss: 0.004411 val_loss: 0.637071 val_acc: 0.708029 test_loss: 0.589008 test_acc: 0.766423
Epoch: 100 train_loss: 0.004373 val_loss: 0.645463 val_acc: 0.686131 test_loss: 0.603681 test_acc: 0.744526
Epoch: 110 train_loss: 0.004227 val_loss: 0.641091 val_acc: 0.715328 test_loss: 0.602538 test_acc: 0.766423
Epoch: 120 train_loss: 0.004175 val_loss: 0.628806 val_acc: 0.746959 test_loss: 0.592208 test_acc: 0.793187
Epoch: 130 train_loss: 0.004084 val_loss: 0.670961 val_acc: 0.695864 test_loss: 0.604450 test_acc: 0.776156
Epoch: 140 train_loss: 0.004020 val_loss: 0.641968 val_acc: 0.729927 test_loss: 0.600960 test_acc: 0.776156
Epoch: 150 train_loss: 0.004000 val_loss: 0.662423 val_acc: 0.690998 test_loss: 0.587015 test_acc: 0.790754
Epoch: 160 train_loss: 0.003962 val_loss: 0.665934 val_acc: 0.720195 test_loss: 0.610215 test_acc: 0.771290
Epoch: 170 train_loss: 0.003948 val_loss: 0.643965 val_acc: 0.739659 test_loss: 0.594178 test_acc: 0.776156
Epoch: 180 train_loss: 0.003882 val_loss: 0.673198 val_acc: 0.720195 test_loss: 0.603685 test_acc: 0.798054
Epoch: 190 train_loss: 0.003854 val_loss: 0.660903 val_acc: 0.720195 test_loss: 0.581758 test_acc: 0.798054
Epoch: 200 train_loss: 0.003818 val_loss: 0.641658 val_acc: 0.734793 test_loss: 0.575220 test_acc: 0.795620
Epoch: 210 train_loss: 0.003852 val_loss: 0.642934 val_acc: 0.737226 test_loss: 0.580330 test_acc: 0.807786
Epoch: 220 train_loss: 0.003741 val_loss: 0.663189 val_acc: 0.708029 test_loss: 0.598021 test_acc: 0.781022
Epoch: 230 train_loss: 0.003698 val_loss: 0.656399 val_acc: 0.720195 test_loss: 0.594647 test_acc: 0.795620
Epoch: 240 train_loss: 0.003681 val_loss: 0.679934 val_acc: 0.703163 test_loss: 0.609253 test_acc: 0.773723
Epoch: 250 train_loss: 0.003703 val_loss: 0.658215 val_acc: 0.698297 test_loss: 0.589271 test_acc: 0.793187
Epoch: 260 train_loss: 0.003711 val_loss: 0.676622 val_acc: 0.712895 test_loss: 0.594705 test_acc: 0.785888
Epoch: 270 train_loss: 0.003594 val_loss: 0.661612 val_acc: 0.722628 test_loss: 0.590740 test_acc: 0.798054
Epoch: 280 train_loss: 0.003631 val_loss: 0.660256 val_acc: 0.725061 test_loss: 0.583573 test_acc: 0.800487
Epoch: 290 train_loss: 0.003602 val_loss: 0.665268 val_acc: 0.732360 test_loss: 0.587563 test_acc: 0.798054
Epoch: 300 train_loss: 0.003563 val_loss: 0.661134 val_acc: 0.712895 test_loss: 0.596903 test_acc: 0.776156
Epoch: 310 train_loss: 0.003560 val_loss: 0.653088 val_acc: 0.739659 test_loss: 0.580834 test_acc: 0.802920
Epoch: 320 train_loss: 0.003616 val_loss: 0.654779 val_acc: 0.732360 test_loss: 0.570270 test_acc: 0.807786
Epoch: 330 train_loss: 0.003529 val_loss: 0.692360 val_acc: 0.710462 test_loss: 0.599215 test_acc: 0.793187
Epoch: 340 train_loss: 0.003564 val_loss: 0.686170 val_acc: 0.715328 test_loss: 0.603521 test_acc: 0.778589
Epoch: 350 train_loss: 0.003526 val_loss: 0.669320 val_acc: 0.725061 test_loss: 0.581901 test_acc: 0.802920
Epoch: 360 train_loss: 0.003483 val_loss: 0.653271 val_acc: 0.739659 test_loss: 0.595160 test_acc: 0.793187
Epoch: 370 train_loss: 0.003513 val_loss: 0.708092 val_acc: 0.690998 test_loss: 0.603009 test_acc: 0.783455
Epoch: 380 train_loss: 0.003479 val_loss: 0.697543 val_acc: 0.705596 test_loss: 0.601779 test_acc: 0.773723
Epoch: 390 train_loss: 0.003518 val_loss: 0.663650 val_acc: 0.722628 test_loss: 0.583397 test_acc: 0.785888
Epoch: 400 train_loss: 0.003510 val_loss: 0.677391 val_acc: 0.717762 test_loss: 0.602285 test_acc: 0.785888
Epoch: 410 train_loss: 0.003459 val_loss: 0.664456 val_acc: 0.729927 test_loss: 0.598114 test_acc: 0.778589
Epoch: 420 train_loss: 0.003503 val_loss: 0.663939 val_acc: 0.737226 test_loss: 0.605986 test_acc: 0.776156
Epoch: 430 train_loss: 0.003481 val_loss: 0.678119 val_acc: 0.712895 test_loss: 0.607069 test_acc: 0.768856
Epoch: 440 train_loss: 0.003453 val_loss: 0.679381 val_acc: 0.722628 test_loss: 0.600717 test_acc: 0.781022
Epoch: 450 train_loss: 0.003390 val_loss: 0.686801 val_acc: 0.712895 test_loss: 0.605748 test_acc: 0.776156
Epoch: 460 train_loss: 0.003517 val_loss: 0.697306 val_acc: 0.700730 test_loss: 0.600351 test_acc: 0.795620
Epoch: 470 train_loss: 0.003430 val_loss: 0.676070 val_acc: 0.720195 test_loss: 0.608109 test_acc: 0.781022
Epoch: 480 train_loss: 0.003464 val_loss: 0.675417 val_acc: 0.732360 test_loss: 0.607052 test_acc: 0.785888
Epoch: 490 train_loss: 0.003378 val_loss: 0.656080 val_acc: 0.732360 test_loss: 0.599903 test_acc: 0.776156
Epoch: 500 train_loss: 0.003441 val_loss: 0.708394 val_acc: 0.710462 test_loss: 0.613883 test_acc: 0.776156
Epoch: 510 train_loss: 0.003405 val_loss: 0.700481 val_acc: 0.698297 test_loss: 0.593014 test_acc: 0.790754
Epoch: 520 train_loss: 0.003400 val_loss: 0.664410 val_acc: 0.727494 test_loss: 0.597725 test_acc: 0.771290
Epoch: 530 train_loss: 0.003519 val_loss: 0.663927 val_acc: 0.729927 test_loss: 0.577773 test_acc: 0.800487
Epoch: 540 train_loss: 0.003392 val_loss: 0.683911 val_acc: 0.710462 test_loss: 0.619681 test_acc: 0.759124
Epoch: 550 train_loss: 0.003345 val_loss: 0.703071 val_acc: 0.703163 test_loss: 0.617493 test_acc: 0.756691
Epoch: 560 train_loss: 0.003429 val_loss: 0.691094 val_acc: 0.703163 test_loss: 0.588122 test_acc: 0.798054
Epoch: 570 train_loss: 0.003373 val_loss: 0.686410 val_acc: 0.715328 test_loss: 0.604236 test_acc: 0.785888
Epoch: 580 train_loss: 0.003406 val_loss: 0.685669 val_acc: 0.712895 test_loss: 0.599500 test_acc: 0.785888
Epoch: 590 train_loss: 0.003474 val_loss: 0.674109 val_acc: 0.720195 test_loss: 0.597534 test_acc: 0.778589
Epoch: 600 train_loss: 0.003358 val_loss: 0.664209 val_acc: 0.744526 test_loss: 0.616456 test_acc: 0.763990
Epoch: 610 train_loss: 0.003441 val_loss: 0.699552 val_acc: 0.712895 test_loss: 0.599856 test_acc: 0.785888
Epoch: 620 train_loss: 0.003344 val_loss: 0.678275 val_acc: 0.710462 test_loss: 0.579188 test_acc: 0.807786
Epoch: 630 train_loss: 0.003371 val_loss: 0.686700 val_acc: 0.712895 test_loss: 0.596541 test_acc: 0.773723
Epoch: 640 train_loss: 0.003368 val_loss: 0.688514 val_acc: 0.705596 test_loss: 0.594029 test_acc: 0.788321
Epoch: 650 train_loss: 0.003339 val_loss: 0.661486 val_acc: 0.729927 test_loss: 0.587739 test_acc: 0.785888
Epoch: 660 train_loss: 0.003397 val_loss: 0.683113 val_acc: 0.698297 test_loss: 0.595108 test_acc: 0.793187
Epoch: 670 train_loss: 0.003327 val_loss: 0.699111 val_acc: 0.710462 test_loss: 0.603752 test_acc: 0.783455
Epoch: 680 train_loss: 0.003381 val_loss: 0.677507 val_acc: 0.710462 test_loss: 0.580241 test_acc: 0.790754
Epoch: 690 train_loss: 0.003372 val_loss: 0.668491 val_acc: 0.737226 test_loss: 0.580004 test_acc: 0.793187
Epoch: 700 train_loss: 0.003468 val_loss: 0.682881 val_acc: 0.693431 test_loss: 0.599724 test_acc: 0.781022
Epoch: 710 train_loss: 0.003358 val_loss: 0.703218 val_acc: 0.700730 test_loss: 0.606475 test_acc: 0.778589
Epoch: 720 train_loss: 0.003346 val_loss: 0.676591 val_acc: 0.739659 test_loss: 0.594592 test_acc: 0.793187
Epoch: 730 train_loss: 0.003326 val_loss: 0.667127 val_acc: 0.734793 test_loss: 0.592693 test_acc: 0.785888
Epoch: 740 train_loss: 0.003349 val_loss: 0.671134 val_acc: 0.717762 test_loss: 0.606509 test_acc: 0.768856
Epoch: 750 train_loss: 0.003533 val_loss: 0.673924 val_acc: 0.725061 test_loss: 0.596311 test_acc: 0.781022
Epoch: 760 train_loss: 0.003331 val_loss: 0.710528 val_acc: 0.688564 test_loss: 0.602380 test_acc: 0.781022
Epoch: 770 train_loss: 0.003342 val_loss: 0.675744 val_acc: 0.729927 test_loss: 0.597813 test_acc: 0.783455
Epoch: 780 train_loss: 0.003314 val_loss: 0.681312 val_acc: 0.734793 test_loss: 0.590879 test_acc: 0.802920
Epoch: 790 train_loss: 0.003295 val_loss: 0.687771 val_acc: 0.703163 test_loss: 0.595099 test_acc: 0.795620
Epoch: 800 train_loss: 0.003330 val_loss: 0.673305 val_acc: 0.727494 test_loss: 0.600413 test_acc: 0.785888
Epoch: 810 train_loss: 0.003427 val_loss: 0.682821 val_acc: 0.729927 test_loss: 0.614203 test_acc: 0.776156
Epoch: 820 train_loss: 0.003328 val_loss: 0.688283 val_acc: 0.717762 test_loss: 0.608110 test_acc: 0.773723
Epoch: 830 train_loss: 0.003306 val_loss: 0.674914 val_acc: 0.734793 test_loss: 0.610040 test_acc: 0.778589
Epoch: 840 train_loss: 0.003385 val_loss: 0.684843 val_acc: 0.720195 test_loss: 0.593491 test_acc: 0.800487
Epoch: 850 train_loss: 0.003358 val_loss: 0.649992 val_acc: 0.742092 test_loss: 0.584590 test_acc: 0.798054
Epoch: 860 train_loss: 0.003299 val_loss: 0.677238 val_acc: 0.722628 test_loss: 0.605429 test_acc: 0.773723
Epoch: 870 train_loss: 0.003285 val_loss: 0.671212 val_acc: 0.729927 test_loss: 0.596321 test_acc: 0.793187
Epoch: 880 train_loss: 0.003323 val_loss: 0.667569 val_acc: 0.744526 test_loss: 0.603962 test_acc: 0.785888
Epoch: 890 train_loss: 0.003320 val_loss: 0.687161 val_acc: 0.710462 test_loss: 0.609991 test_acc: 0.768856
Epoch: 900 train_loss: 0.003373 val_loss: 0.681964 val_acc: 0.729927 test_loss: 0.604548 test_acc: 0.763990
Epoch: 910 train_loss: 0.003277 val_loss: 0.698760 val_acc: 0.710462 test_loss: 0.608731 test_acc: 0.773723
Epoch: 920 train_loss: 0.003316 val_loss: 0.686325 val_acc: 0.732360 test_loss: 0.623116 test_acc: 0.761557
Epoch: 930 train_loss: 0.003303 val_loss: 0.684891 val_acc: 0.720195 test_loss: 0.598582 test_acc: 0.795620
Epoch: 940 train_loss: 0.003261 val_loss: 0.701185 val_acc: 0.705596 test_loss: 0.615162 test_acc: 0.766423
Epoch: 950 train_loss: 0.003262 val_loss: 0.694658 val_acc: 0.710462 test_loss: 0.612856 test_acc: 0.763990
Epoch: 960 train_loss: 0.003334 val_loss: 0.704265 val_acc: 0.703163 test_loss: 0.602093 test_acc: 0.773723
Epoch: 970 train_loss: 0.003278 val_loss: 0.692603 val_acc: 0.712895 test_loss: 0.611854 test_acc: 0.756691
Epoch: 980 train_loss: 0.003273 val_loss: 0.697850 val_acc: 0.695864 test_loss: 0.601609 test_acc: 0.768856
Epoch: 990 train_loss: 0.003311 val_loss: 0.685175 val_acc: 0.722628 test_loss: 0.615969 test_acc: 0.763990
Fold: 2
Epoch: 000 train_loss: 0.005925 val_loss: 0.701226 val_acc: 0.481752 test_loss: 0.702891 test_acc: 0.498783
Epoch: 010 train_loss: 0.005172 val_loss: 0.646492 val_acc: 0.649635 test_loss: 0.647019 test_acc: 0.632603
Epoch: 020 train_loss: 0.005024 val_loss: 0.634639 val_acc: 0.661800 test_loss: 0.631564 test_acc: 0.661800
Epoch: 030 train_loss: 0.004977 val_loss: 0.623029 val_acc: 0.739659 test_loss: 0.633498 test_acc: 0.695864
Epoch: 040 train_loss: 0.004843 val_loss: 0.615879 val_acc: 0.732360 test_loss: 0.611011 test_acc: 0.725061
Epoch: 050 train_loss: 0.004733 val_loss: 0.612935 val_acc: 0.732360 test_loss: 0.603878 test_acc: 0.739659
Epoch: 060 train_loss: 0.004667 val_loss: 0.613037 val_acc: 0.739659 test_loss: 0.602873 test_acc: 0.746959
Epoch: 070 train_loss: 0.004549 val_loss: 0.602502 val_acc: 0.756691 test_loss: 0.598757 test_acc: 0.744526
Epoch: 080 train_loss: 0.004488 val_loss: 0.609882 val_acc: 0.751825 test_loss: 0.597159 test_acc: 0.771290
Epoch: 090 train_loss: 0.004341 val_loss: 0.611601 val_acc: 0.785888 test_loss: 0.609640 test_acc: 0.756691
Epoch: 100 train_loss: 0.004349 val_loss: 0.613445 val_acc: 0.751825 test_loss: 0.612744 test_acc: 0.768856
Epoch: 110 train_loss: 0.004265 val_loss: 0.607238 val_acc: 0.771290 test_loss: 0.590080 test_acc: 0.788321
Epoch: 120 train_loss: 0.004254 val_loss: 0.598141 val_acc: 0.778589 test_loss: 0.589133 test_acc: 0.785888
Epoch: 130 train_loss: 0.004167 val_loss: 0.603037 val_acc: 0.783455 test_loss: 0.579168 test_acc: 0.790754
Epoch: 140 train_loss: 0.004156 val_loss: 0.589134 val_acc: 0.788321 test_loss: 0.593077 test_acc: 0.768856
Epoch: 150 train_loss: 0.004052 val_loss: 0.597768 val_acc: 0.785888 test_loss: 0.582059 test_acc: 0.773723
Epoch: 160 train_loss: 0.004026 val_loss: 0.601046 val_acc: 0.776156 test_loss: 0.580870 test_acc: 0.783455
Epoch: 170 train_loss: 0.004041 val_loss: 0.583833 val_acc: 0.805353 test_loss: 0.584853 test_acc: 0.773723
Epoch: 180 train_loss: 0.003993 val_loss: 0.597940 val_acc: 0.778589 test_loss: 0.583375 test_acc: 0.788321
Epoch: 190 train_loss: 0.003917 val_loss: 0.597528 val_acc: 0.790754 test_loss: 0.586274 test_acc: 0.790754
Epoch: 200 train_loss: 0.003883 val_loss: 0.601219 val_acc: 0.798054 test_loss: 0.580601 test_acc: 0.790754
Epoch: 210 train_loss: 0.003883 val_loss: 0.603025 val_acc: 0.783455 test_loss: 0.585518 test_acc: 0.778589
Epoch: 220 train_loss: 0.003960 val_loss: 0.589905 val_acc: 0.778589 test_loss: 0.588560 test_acc: 0.761557
Epoch: 230 train_loss: 0.003872 val_loss: 0.594613 val_acc: 0.793187 test_loss: 0.573544 test_acc: 0.802920
Epoch: 240 train_loss: 0.003871 val_loss: 0.599065 val_acc: 0.790754 test_loss: 0.570002 test_acc: 0.805353
Epoch: 250 train_loss: 0.003781 val_loss: 0.589577 val_acc: 0.790754 test_loss: 0.581443 test_acc: 0.788321
Epoch: 260 train_loss: 0.003746 val_loss: 0.588025 val_acc: 0.793187 test_loss: 0.573801 test_acc: 0.793187
Epoch: 270 train_loss: 0.003757 val_loss: 0.593530 val_acc: 0.793187 test_loss: 0.591114 test_acc: 0.781022
Epoch: 280 train_loss: 0.003848 val_loss: 0.605297 val_acc: 0.763990 test_loss: 0.585439 test_acc: 0.768856
Epoch: 290 train_loss: 0.003706 val_loss: 0.587599 val_acc: 0.781022 test_loss: 0.570656 test_acc: 0.790754
Epoch: 300 train_loss: 0.003689 val_loss: 0.608262 val_acc: 0.771290 test_loss: 0.592128 test_acc: 0.778589
Epoch: 310 train_loss: 0.003725 val_loss: 0.600338 val_acc: 0.788321 test_loss: 0.578633 test_acc: 0.800487
Epoch: 320 train_loss: 0.003700 val_loss: 0.601631 val_acc: 0.756691 test_loss: 0.585966 test_acc: 0.773723
Epoch: 330 train_loss: 0.003652 val_loss: 0.614245 val_acc: 0.785888 test_loss: 0.588507 test_acc: 0.783455
Epoch: 340 train_loss: 0.003696 val_loss: 0.597831 val_acc: 0.773723 test_loss: 0.584071 test_acc: 0.785888
Epoch: 350 train_loss: 0.003708 val_loss: 0.600665 val_acc: 0.781022 test_loss: 0.590440 test_acc: 0.759124
Epoch: 360 train_loss: 0.003599 val_loss: 0.617315 val_acc: 0.785888 test_loss: 0.608841 test_acc: 0.768856
Epoch: 370 train_loss: 0.003618 val_loss: 0.605565 val_acc: 0.785888 test_loss: 0.590248 test_acc: 0.790754
Epoch: 380 train_loss: 0.003564 val_loss: 0.602034 val_acc: 0.785888 test_loss: 0.584386 test_acc: 0.795620
Epoch: 390 train_loss: 0.003583 val_loss: 0.583956 val_acc: 0.795620 test_loss: 0.609512 test_acc: 0.763990
Epoch: 400 train_loss: 0.003563 val_loss: 0.624885 val_acc: 0.746959 test_loss: 0.579803 test_acc: 0.793187
Epoch: 410 train_loss: 0.003523 val_loss: 0.626373 val_acc: 0.768856 test_loss: 0.601413 test_acc: 0.788321
Epoch: 420 train_loss: 0.003577 val_loss: 0.613537 val_acc: 0.781022 test_loss: 0.588918 test_acc: 0.795620
Epoch: 430 train_loss: 0.003489 val_loss: 0.618171 val_acc: 0.766423 test_loss: 0.602376 test_acc: 0.781022
Epoch: 440 train_loss: 0.003560 val_loss: 0.618483 val_acc: 0.754258 test_loss: 0.587522 test_acc: 0.790754
Epoch: 450 train_loss: 0.003533 val_loss: 0.599999 val_acc: 0.773723 test_loss: 0.589958 test_acc: 0.785888
Epoch: 460 train_loss: 0.003618 val_loss: 0.596321 val_acc: 0.781022 test_loss: 0.590594 test_acc: 0.785888
Epoch: 470 train_loss: 0.003481 val_loss: 0.614192 val_acc: 0.781022 test_loss: 0.599862 test_acc: 0.783455
Epoch: 480 train_loss: 0.003572 val_loss: 0.602772 val_acc: 0.778589 test_loss: 0.585966 test_acc: 0.781022
Epoch: 490 train_loss: 0.003528 val_loss: 0.628531 val_acc: 0.749392 test_loss: 0.589120 test_acc: 0.790754
Epoch: 500 train_loss: 0.003446 val_loss: 0.627424 val_acc: 0.761557 test_loss: 0.597775 test_acc: 0.783455
Epoch: 510 train_loss: 0.003469 val_loss: 0.622365 val_acc: 0.763990 test_loss: 0.605655 test_acc: 0.788321
Epoch: 520 train_loss: 0.003492 val_loss: 0.601290 val_acc: 0.778589 test_loss: 0.597194 test_acc: 0.790754
Epoch: 530 train_loss: 0.003430 val_loss: 0.612553 val_acc: 0.773723 test_loss: 0.597001 test_acc: 0.788321
Epoch: 540 train_loss: 0.003473 val_loss: 0.610324 val_acc: 0.781022 test_loss: 0.589539 test_acc: 0.805353
Epoch: 550 train_loss: 0.003411 val_loss: 0.604086 val_acc: 0.763990 test_loss: 0.609101 test_acc: 0.768856
Epoch: 560 train_loss: 0.003429 val_loss: 0.610018 val_acc: 0.768856 test_loss: 0.609170 test_acc: 0.778589
Epoch: 570 train_loss: 0.003533 val_loss: 0.608909 val_acc: 0.785888 test_loss: 0.605460 test_acc: 0.776156
Epoch: 580 train_loss: 0.003530 val_loss: 0.630123 val_acc: 0.754258 test_loss: 0.613125 test_acc: 0.768856
Epoch: 590 train_loss: 0.003452 val_loss: 0.616621 val_acc: 0.763990 test_loss: 0.601537 test_acc: 0.790754
Epoch: 600 train_loss: 0.003381 val_loss: 0.613893 val_acc: 0.773723 test_loss: 0.601367 test_acc: 0.800487
Epoch: 610 train_loss: 0.003451 val_loss: 0.614281 val_acc: 0.778589 test_loss: 0.610401 test_acc: 0.778589
Epoch: 620 train_loss: 0.003356 val_loss: 0.620451 val_acc: 0.766423 test_loss: 0.623575 test_acc: 0.766423
Epoch: 630 train_loss: 0.003395 val_loss: 0.627467 val_acc: 0.751825 test_loss: 0.621905 test_acc: 0.768856
Epoch: 640 train_loss: 0.003386 val_loss: 0.619877 val_acc: 0.766423 test_loss: 0.611940 test_acc: 0.793187
Epoch: 650 train_loss: 0.003343 val_loss: 0.615352 val_acc: 0.766423 test_loss: 0.610918 test_acc: 0.773723
Epoch: 660 train_loss: 0.003367 val_loss: 0.603268 val_acc: 0.783455 test_loss: 0.613706 test_acc: 0.776156
Epoch: 670 train_loss: 0.003456 val_loss: 0.612940 val_acc: 0.759124 test_loss: 0.607770 test_acc: 0.773723
Epoch: 680 train_loss: 0.003409 val_loss: 0.598834 val_acc: 0.783455 test_loss: 0.608936 test_acc: 0.771290
Epoch: 690 train_loss: 0.003373 val_loss: 0.603082 val_acc: 0.776156 test_loss: 0.615510 test_acc: 0.778589
Epoch: 700 train_loss: 0.003344 val_loss: 0.628697 val_acc: 0.756691 test_loss: 0.617413 test_acc: 0.771290
Epoch: 710 train_loss: 0.003354 val_loss: 0.616583 val_acc: 0.771290 test_loss: 0.616262 test_acc: 0.771290
Epoch: 720 train_loss: 0.003370 val_loss: 0.622988 val_acc: 0.759124 test_loss: 0.594421 test_acc: 0.805353
Epoch: 730 train_loss: 0.003344 val_loss: 0.629727 val_acc: 0.749392 test_loss: 0.615027 test_acc: 0.776156
Epoch: 740 train_loss: 0.003461 val_loss: 0.607218 val_acc: 0.778589 test_loss: 0.606166 test_acc: 0.778589
Epoch: 750 train_loss: 0.003446 val_loss: 0.612169 val_acc: 0.785888 test_loss: 0.621891 test_acc: 0.746959
Epoch: 760 train_loss: 0.003341 val_loss: 0.641602 val_acc: 0.742092 test_loss: 0.599672 test_acc: 0.788321
Epoch: 770 train_loss: 0.003336 val_loss: 0.595201 val_acc: 0.783455 test_loss: 0.613839 test_acc: 0.785888
Epoch: 780 train_loss: 0.003454 val_loss: 0.617962 val_acc: 0.759124 test_loss: 0.603523 test_acc: 0.778589
Epoch: 790 train_loss: 0.003379 val_loss: 0.581971 val_acc: 0.802920 test_loss: 0.604461 test_acc: 0.790754
Epoch: 800 train_loss: 0.003356 val_loss: 0.618206 val_acc: 0.771290 test_loss: 0.606498 test_acc: 0.785888
Epoch: 810 train_loss: 0.003410 val_loss: 0.618126 val_acc: 0.756691 test_loss: 0.606416 test_acc: 0.763990
Epoch: 820 train_loss: 0.003426 val_loss: 0.604690 val_acc: 0.783455 test_loss: 0.612156 test_acc: 0.768856
Epoch: 830 train_loss: 0.003366 val_loss: 0.611113 val_acc: 0.783455 test_loss: 0.600723 test_acc: 0.781022
Epoch: 840 train_loss: 0.003340 val_loss: 0.620115 val_acc: 0.754258 test_loss: 0.619541 test_acc: 0.776156
Epoch: 850 train_loss: 0.003326 val_loss: 0.628619 val_acc: 0.751825 test_loss: 0.615849 test_acc: 0.761557
Epoch: 860 train_loss: 0.003327 val_loss: 0.623130 val_acc: 0.776156 test_loss: 0.611141 test_acc: 0.790754
Epoch: 870 train_loss: 0.003313 val_loss: 0.605639 val_acc: 0.778589 test_loss: 0.613378 test_acc: 0.781022
Epoch: 880 train_loss: 0.003313 val_loss: 0.598997 val_acc: 0.778589 test_loss: 0.605889 test_acc: 0.793187
Epoch: 890 train_loss: 0.003298 val_loss: 0.613254 val_acc: 0.771290 test_loss: 0.625365 test_acc: 0.773723
Epoch: 900 train_loss: 0.003372 val_loss: 0.616129 val_acc: 0.763990 test_loss: 0.591377 test_acc: 0.798054
Epoch: 910 train_loss: 0.003386 val_loss: 0.632786 val_acc: 0.771290 test_loss: 0.618772 test_acc: 0.773723
Epoch: 920 train_loss: 0.003270 val_loss: 0.612165 val_acc: 0.773723 test_loss: 0.608392 test_acc: 0.788321
Epoch: 930 train_loss: 0.003358 val_loss: 0.606177 val_acc: 0.781022 test_loss: 0.617823 test_acc: 0.781022
Epoch: 940 train_loss: 0.003291 val_loss: 0.633030 val_acc: 0.763990 test_loss: 0.621493 test_acc: 0.776156
Epoch: 950 train_loss: 0.003291 val_loss: 0.626032 val_acc: 0.754258 test_loss: 0.612008 test_acc: 0.771290
Epoch: 960 train_loss: 0.003317 val_loss: 0.615208 val_acc: 0.776156 test_loss: 0.606388 test_acc: 0.790754
Epoch: 970 train_loss: 0.003385 val_loss: 0.630671 val_acc: 0.761557 test_loss: 0.633947 test_acc: 0.761557
Epoch: 980 train_loss: 0.003326 val_loss: 0.615726 val_acc: 0.778589 test_loss: 0.624618 test_acc: 0.763990
Epoch: 990 train_loss: 0.003343 val_loss: 0.615702 val_acc: 0.776156 test_loss: 0.598594 test_acc: 0.788321
Fold: 3
Epoch: 000 train_loss: 0.005630 val_loss: 0.684464 val_acc: 0.540146 test_loss: 0.693787 test_acc: 0.506083
Epoch: 010 train_loss: 0.005209 val_loss: 0.654900 val_acc: 0.637470 test_loss: 0.664911 test_acc: 0.591241
Epoch: 020 train_loss: 0.005020 val_loss: 0.644407 val_acc: 0.700730 test_loss: 0.641892 test_acc: 0.700730
Epoch: 030 train_loss: 0.004870 val_loss: 0.638067 val_acc: 0.673966 test_loss: 0.629036 test_acc: 0.715328
Epoch: 040 train_loss: 0.004761 val_loss: 0.623516 val_acc: 0.703163 test_loss: 0.611015 test_acc: 0.739659
Epoch: 050 train_loss: 0.004682 val_loss: 0.649671 val_acc: 0.690998 test_loss: 0.648971 test_acc: 0.710462
Epoch: 060 train_loss: 0.004633 val_loss: 0.616097 val_acc: 0.710462 test_loss: 0.602370 test_acc: 0.751825
Epoch: 070 train_loss: 0.004515 val_loss: 0.615947 val_acc: 0.732360 test_loss: 0.608738 test_acc: 0.759124
Epoch: 080 train_loss: 0.004474 val_loss: 0.616054 val_acc: 0.742092 test_loss: 0.614871 test_acc: 0.751825
Epoch: 090 train_loss: 0.004326 val_loss: 0.607706 val_acc: 0.742092 test_loss: 0.589707 test_acc: 0.754258
Epoch: 100 train_loss: 0.004340 val_loss: 0.596379 val_acc: 0.766423 test_loss: 0.587273 test_acc: 0.771290
Epoch: 110 train_loss: 0.004270 val_loss: 0.601354 val_acc: 0.778589 test_loss: 0.596401 test_acc: 0.793187
Epoch: 120 train_loss: 0.004156 val_loss: 0.607068 val_acc: 0.768856 test_loss: 0.600761 test_acc: 0.773723
Epoch: 130 train_loss: 0.004124 val_loss: 0.595181 val_acc: 0.790754 test_loss: 0.594896 test_acc: 0.790754
Epoch: 140 train_loss: 0.004104 val_loss: 0.587587 val_acc: 0.795620 test_loss: 0.596618 test_acc: 0.788321
Epoch: 150 train_loss: 0.004029 val_loss: 0.596882 val_acc: 0.785888 test_loss: 0.595083 test_acc: 0.781022
Epoch: 160 train_loss: 0.003933 val_loss: 0.591368 val_acc: 0.785888 test_loss: 0.587565 test_acc: 0.798054
Epoch: 170 train_loss: 0.003915 val_loss: 0.600825 val_acc: 0.759124 test_loss: 0.604760 test_acc: 0.790754
Epoch: 180 train_loss: 0.003904 val_loss: 0.589168 val_acc: 0.776156 test_loss: 0.595447 test_acc: 0.783455
Epoch: 190 train_loss: 0.003863 val_loss: 0.582248 val_acc: 0.781022 test_loss: 0.608054 test_acc: 0.773723
Epoch: 200 train_loss: 0.003872 val_loss: 0.594676 val_acc: 0.778589 test_loss: 0.595570 test_acc: 0.781022
Epoch: 210 train_loss: 0.003772 val_loss: 0.593799 val_acc: 0.761557 test_loss: 0.594682 test_acc: 0.781022
Epoch: 220 train_loss: 0.003685 val_loss: 0.594429 val_acc: 0.768856 test_loss: 0.602889 test_acc: 0.768856
Epoch: 230 train_loss: 0.003739 val_loss: 0.595756 val_acc: 0.763990 test_loss: 0.596714 test_acc: 0.793187
Epoch: 240 train_loss: 0.003721 val_loss: 0.594709 val_acc: 0.778589 test_loss: 0.593205 test_acc: 0.781022
Epoch: 250 train_loss: 0.003686 val_loss: 0.601006 val_acc: 0.761557 test_loss: 0.609970 test_acc: 0.776156
Epoch: 260 train_loss: 0.003711 val_loss: 0.599045 val_acc: 0.763990 test_loss: 0.599416 test_acc: 0.776156
Epoch: 270 train_loss: 0.003722 val_loss: 0.581810 val_acc: 0.778589 test_loss: 0.591714 test_acc: 0.781022
Epoch: 280 train_loss: 0.003672 val_loss: 0.602495 val_acc: 0.766423 test_loss: 0.617718 test_acc: 0.766423
