Namespace(device='cuda:1', dataset='NCI1', in_size=37, num_classes=2, fusion_type='early', gcn_channels=3, gcn_hidden=64, gcn_layers=4, gcn_dropout=0.1, trans_num_layers=4, input_node_dim=37, hidden_node_dim=32, input_edge_dim=0, hidden_edge_dim=32, ouput_dim=None, n_heads=4, max_in_degree=5, max_out_degree=5, max_path_distance=5, hidden_dim=64, num_layers=4, num_features=37, num_heads=8, dropout=0.1, pos_encoding='gcn', att_dropout=0.1, d_k=64, d_v=64, pos_embed_type='s', alpha=0.5, num_fusion_layers=4, eta=0.4, lam1=0.2, lam2=0.2, theta1=0.1, theta2=0.4, theta3=0.4, loss_log=2, folds=10, lr=0.0001, weight_decay=0.0005, batch_size=128, epoches=1000, output_dim=2)
/home/dongrui/anaconda3/envs/dr/lib/python3.9/site-packages/torch_geometric/data/in_memory_dataset.py:284: UserWarning: It is not recommended to directly access the internal storage format `data` of an 'InMemoryDataset'. The given 'InMemoryDataset' only references a subset of examples of the full dataset, but 'data' will contain information of the full dataset. The data of the dataset is already cached, so any modifications to `data` will not be reflected when accessing its elements. Clearing the cache now by removing all elements in `dataset._data_list`. If you are absolutely certain what you are doing, access the internal storage via `InMemoryDataset._data` instead to suppress this warning. Alternatively, you can access stacked individual attributes of every graph via `dataset.{attr_name}`.
  warnings.warn(msg)
Fold: 0
Epoch: 000 train_loss: 0.006526 val_loss: 0.684254 val_acc: 0.491484 test_loss: 0.694753 test_acc: 0.476886
Epoch: 010 train_loss: 0.005252 val_loss: 0.661394 val_acc: 0.688564 test_loss: 0.680382 test_acc: 0.627737
Epoch: 020 train_loss: 0.005057 val_loss: 0.623311 val_acc: 0.703163 test_loss: 0.650664 test_acc: 0.661800
Epoch: 030 train_loss: 0.004974 val_loss: 0.626766 val_acc: 0.635036 test_loss: 0.661749 test_acc: 0.598540
Epoch: 040 train_loss: 0.004919 val_loss: 0.608880 val_acc: 0.708029 test_loss: 0.639182 test_acc: 0.661800
Epoch: 050 train_loss: 0.004801 val_loss: 0.611866 val_acc: 0.739659 test_loss: 0.634907 test_acc: 0.678832
Epoch: 060 train_loss: 0.004772 val_loss: 0.630238 val_acc: 0.661800 test_loss: 0.673033 test_acc: 0.610706
Epoch: 070 train_loss: 0.004719 val_loss: 0.605055 val_acc: 0.715328 test_loss: 0.638406 test_acc: 0.690998
Epoch: 080 train_loss: 0.004653 val_loss: 0.591167 val_acc: 0.749392 test_loss: 0.628189 test_acc: 0.690998
Epoch: 090 train_loss: 0.004554 val_loss: 0.595667 val_acc: 0.746959 test_loss: 0.633406 test_acc: 0.695864
Epoch: 100 train_loss: 0.004509 val_loss: 0.610502 val_acc: 0.698297 test_loss: 0.647824 test_acc: 0.666667
Epoch: 110 train_loss: 0.004459 val_loss: 0.591474 val_acc: 0.763990 test_loss: 0.647017 test_acc: 0.695864
Epoch: 120 train_loss: 0.004394 val_loss: 0.587696 val_acc: 0.756691 test_loss: 0.635657 test_acc: 0.710462
Epoch: 130 train_loss: 0.004344 val_loss: 0.602991 val_acc: 0.720195 test_loss: 0.664433 test_acc: 0.673966
Epoch: 140 train_loss: 0.004287 val_loss: 0.592327 val_acc: 0.729927 test_loss: 0.647089 test_acc: 0.690998
Epoch: 150 train_loss: 0.004235 val_loss: 0.571281 val_acc: 0.773723 test_loss: 0.623437 test_acc: 0.744526
Epoch: 160 train_loss: 0.004242 val_loss: 0.583464 val_acc: 0.763990 test_loss: 0.624020 test_acc: 0.742092
Epoch: 170 train_loss: 0.004145 val_loss: 0.600499 val_acc: 0.751825 test_loss: 0.625841 test_acc: 0.737226
Epoch: 180 train_loss: 0.004105 val_loss: 0.587273 val_acc: 0.759124 test_loss: 0.625201 test_acc: 0.734793
Epoch: 190 train_loss: 0.004079 val_loss: 0.588270 val_acc: 0.783455 test_loss: 0.646330 test_acc: 0.725061
Epoch: 200 train_loss: 0.004087 val_loss: 0.568391 val_acc: 0.781022 test_loss: 0.639523 test_acc: 0.715328
Epoch: 210 train_loss: 0.004008 val_loss: 0.584724 val_acc: 0.785888 test_loss: 0.641154 test_acc: 0.725061
Epoch: 220 train_loss: 0.004129 val_loss: 0.580030 val_acc: 0.766423 test_loss: 0.633166 test_acc: 0.739659
Epoch: 230 train_loss: 0.003908 val_loss: 0.575493 val_acc: 0.793187 test_loss: 0.633310 test_acc: 0.739659
Epoch: 240 train_loss: 0.003972 val_loss: 0.591775 val_acc: 0.768856 test_loss: 0.646568 test_acc: 0.720195
Epoch: 250 train_loss: 0.003862 val_loss: 0.587179 val_acc: 0.781022 test_loss: 0.649109 test_acc: 0.710462
Epoch: 260 train_loss: 0.003831 val_loss: 0.582742 val_acc: 0.788321 test_loss: 0.653240 test_acc: 0.712895
Epoch: 270 train_loss: 0.003895 val_loss: 0.577567 val_acc: 0.781022 test_loss: 0.653989 test_acc: 0.725061
Epoch: 280 train_loss: 0.003849 val_loss: 0.579913 val_acc: 0.783455 test_loss: 0.629428 test_acc: 0.766423
Epoch: 290 train_loss: 0.003816 val_loss: 0.575281 val_acc: 0.776156 test_loss: 0.654961 test_acc: 0.720195
Epoch: 300 train_loss: 0.003864 val_loss: 0.568702 val_acc: 0.798054 test_loss: 0.625254 test_acc: 0.742092
Epoch: 310 train_loss: 0.003803 val_loss: 0.592659 val_acc: 0.793187 test_loss: 0.641350 test_acc: 0.744526
Epoch: 320 train_loss: 0.003736 val_loss: 0.567816 val_acc: 0.793187 test_loss: 0.647362 test_acc: 0.739659
Epoch: 330 train_loss: 0.003782 val_loss: 0.575609 val_acc: 0.781022 test_loss: 0.653923 test_acc: 0.729927
Epoch: 340 train_loss: 0.003727 val_loss: 0.576824 val_acc: 0.788321 test_loss: 0.650511 test_acc: 0.739659
Epoch: 350 train_loss: 0.003747 val_loss: 0.575149 val_acc: 0.788321 test_loss: 0.644381 test_acc: 0.737226
Epoch: 360 train_loss: 0.003716 val_loss: 0.579236 val_acc: 0.783455 test_loss: 0.654540 test_acc: 0.734793
Epoch: 370 train_loss: 0.003671 val_loss: 0.602074 val_acc: 0.756691 test_loss: 0.680949 test_acc: 0.700730
Epoch: 380 train_loss: 0.003743 val_loss: 0.574846 val_acc: 0.798054 test_loss: 0.664510 test_acc: 0.725061
Epoch: 390 train_loss: 0.003637 val_loss: 0.570609 val_acc: 0.798054 test_loss: 0.649184 test_acc: 0.754258
Epoch: 400 train_loss: 0.003646 val_loss: 0.603850 val_acc: 0.742092 test_loss: 0.663511 test_acc: 0.715328
Epoch: 410 train_loss: 0.003618 val_loss: 0.574059 val_acc: 0.785888 test_loss: 0.671746 test_acc: 0.700730
Epoch: 420 train_loss: 0.003616 val_loss: 0.578551 val_acc: 0.778589 test_loss: 0.646533 test_acc: 0.734793
Epoch: 430 train_loss: 0.003693 val_loss: 0.592085 val_acc: 0.776156 test_loss: 0.669140 test_acc: 0.717762
Epoch: 440 train_loss: 0.003782 val_loss: 0.565333 val_acc: 0.790754 test_loss: 0.640563 test_acc: 0.732360
Epoch: 450 train_loss: 0.003540 val_loss: 0.580191 val_acc: 0.793187 test_loss: 0.661941 test_acc: 0.725061
Epoch: 460 train_loss: 0.003518 val_loss: 0.578142 val_acc: 0.798054 test_loss: 0.670973 test_acc: 0.712895
Epoch: 470 train_loss: 0.003544 val_loss: 0.569034 val_acc: 0.800487 test_loss: 0.648613 test_acc: 0.749392
Epoch: 480 train_loss: 0.003685 val_loss: 0.586278 val_acc: 0.778589 test_loss: 0.672009 test_acc: 0.705596
Epoch: 490 train_loss: 0.003535 val_loss: 0.571950 val_acc: 0.812652 test_loss: 0.660943 test_acc: 0.739659
Epoch: 500 train_loss: 0.003577 val_loss: 0.594776 val_acc: 0.771290 test_loss: 0.681117 test_acc: 0.710462
Epoch: 510 train_loss: 0.003489 val_loss: 0.576710 val_acc: 0.810219 test_loss: 0.654431 test_acc: 0.734793
Epoch: 520 train_loss: 0.003503 val_loss: 0.594117 val_acc: 0.785888 test_loss: 0.675224 test_acc: 0.725061
Epoch: 530 train_loss: 0.003525 val_loss: 0.565854 val_acc: 0.802920 test_loss: 0.664071 test_acc: 0.729927
Epoch: 540 train_loss: 0.003467 val_loss: 0.582389 val_acc: 0.790754 test_loss: 0.663993 test_acc: 0.727494
Epoch: 550 train_loss: 0.003571 val_loss: 0.589163 val_acc: 0.781022 test_loss: 0.679526 test_acc: 0.705596
Epoch: 560 train_loss: 0.003506 val_loss: 0.559894 val_acc: 0.815085 test_loss: 0.646571 test_acc: 0.746959
Epoch: 570 train_loss: 0.003447 val_loss: 0.579621 val_acc: 0.790754 test_loss: 0.654387 test_acc: 0.727494
Epoch: 580 train_loss: 0.003470 val_loss: 0.576252 val_acc: 0.790754 test_loss: 0.681053 test_acc: 0.703163
Epoch: 590 train_loss: 0.003550 val_loss: 0.583797 val_acc: 0.781022 test_loss: 0.656290 test_acc: 0.766423
Epoch: 600 train_loss: 0.003500 val_loss: 0.569997 val_acc: 0.800487 test_loss: 0.670110 test_acc: 0.712895
Epoch: 610 train_loss: 0.003402 val_loss: 0.577083 val_acc: 0.793187 test_loss: 0.647837 test_acc: 0.759124
Epoch: 620 train_loss: 0.003481 val_loss: 0.594055 val_acc: 0.778589 test_loss: 0.669107 test_acc: 0.729927
Epoch: 630 train_loss: 0.003544 val_loss: 0.587255 val_acc: 0.785888 test_loss: 0.676584 test_acc: 0.725061
Epoch: 640 train_loss: 0.003393 val_loss: 0.577767 val_acc: 0.785888 test_loss: 0.671110 test_acc: 0.727494
Epoch: 650 train_loss: 0.003391 val_loss: 0.595380 val_acc: 0.773723 test_loss: 0.678999 test_acc: 0.712895
Epoch: 660 train_loss: 0.003424 val_loss: 0.561156 val_acc: 0.807786 test_loss: 0.659672 test_acc: 0.742092
Epoch: 670 train_loss: 0.003374 val_loss: 0.595982 val_acc: 0.778589 test_loss: 0.671943 test_acc: 0.727494
Epoch: 680 train_loss: 0.003367 val_loss: 0.601011 val_acc: 0.778589 test_loss: 0.687171 test_acc: 0.717762
Epoch: 690 train_loss: 0.003463 val_loss: 0.598161 val_acc: 0.768856 test_loss: 0.694159 test_acc: 0.708029
Epoch: 700 train_loss: 0.003477 val_loss: 0.584825 val_acc: 0.793187 test_loss: 0.692361 test_acc: 0.725061
Epoch: 710 train_loss: 0.003381 val_loss: 0.589833 val_acc: 0.776156 test_loss: 0.686751 test_acc: 0.710462
Epoch: 720 train_loss: 0.003441 val_loss: 0.589140 val_acc: 0.781022 test_loss: 0.676280 test_acc: 0.715328
Epoch: 730 train_loss: 0.003389 val_loss: 0.602554 val_acc: 0.776156 test_loss: 0.677325 test_acc: 0.734793
Epoch: 740 train_loss: 0.003373 val_loss: 0.611082 val_acc: 0.759124 test_loss: 0.657221 test_acc: 0.739659
Epoch: 750 train_loss: 0.003352 val_loss: 0.598880 val_acc: 0.771290 test_loss: 0.650320 test_acc: 0.744526
Epoch: 760 train_loss: 0.003405 val_loss: 0.610629 val_acc: 0.771290 test_loss: 0.705912 test_acc: 0.698297
Epoch: 770 train_loss: 0.003365 val_loss: 0.608925 val_acc: 0.754258 test_loss: 0.694211 test_acc: 0.703163
Epoch: 780 train_loss: 0.003391 val_loss: 0.606314 val_acc: 0.766423 test_loss: 0.688490 test_acc: 0.700730
Epoch: 790 train_loss: 0.003361 val_loss: 0.594023 val_acc: 0.776156 test_loss: 0.671967 test_acc: 0.729927
Epoch: 800 train_loss: 0.003405 val_loss: 0.574071 val_acc: 0.798054 test_loss: 0.681006 test_acc: 0.715328
Epoch: 810 train_loss: 0.003326 val_loss: 0.586283 val_acc: 0.790754 test_loss: 0.664136 test_acc: 0.737226
Epoch: 820 train_loss: 0.003348 val_loss: 0.591973 val_acc: 0.781022 test_loss: 0.679144 test_acc: 0.732360
Epoch: 830 train_loss: 0.003335 val_loss: 0.583245 val_acc: 0.800487 test_loss: 0.669802 test_acc: 0.734793
Epoch: 840 train_loss: 0.003370 val_loss: 0.575016 val_acc: 0.798054 test_loss: 0.658933 test_acc: 0.749392
Epoch: 850 train_loss: 0.003311 val_loss: 0.608501 val_acc: 0.768856 test_loss: 0.673749 test_acc: 0.737226
Epoch: 860 train_loss: 0.003298 val_loss: 0.588920 val_acc: 0.778589 test_loss: 0.665597 test_acc: 0.732360
Epoch: 870 train_loss: 0.003365 val_loss: 0.579758 val_acc: 0.802920 test_loss: 0.689104 test_acc: 0.715328
Epoch: 880 train_loss: 0.003394 val_loss: 0.581270 val_acc: 0.798054 test_loss: 0.655090 test_acc: 0.749392
Epoch: 890 train_loss: 0.003387 val_loss: 0.591813 val_acc: 0.773723 test_loss: 0.704100 test_acc: 0.703163
Epoch: 900 train_loss: 0.003314 val_loss: 0.582388 val_acc: 0.800487 test_loss: 0.664649 test_acc: 0.749392
Epoch: 910 train_loss: 0.003392 val_loss: 0.575727 val_acc: 0.807786 test_loss: 0.674813 test_acc: 0.739659
Epoch: 920 train_loss: 0.003328 val_loss: 0.613318 val_acc: 0.771290 test_loss: 0.696794 test_acc: 0.710462
Epoch: 930 train_loss: 0.003353 val_loss: 0.604464 val_acc: 0.766423 test_loss: 0.679288 test_acc: 0.727494
Epoch: 940 train_loss: 0.003329 val_loss: 0.587253 val_acc: 0.785888 test_loss: 0.682383 test_acc: 0.727494
Epoch: 950 train_loss: 0.003382 val_loss: 0.595568 val_acc: 0.781022 test_loss: 0.675777 test_acc: 0.729927
Epoch: 960 train_loss: 0.003301 val_loss: 0.577912 val_acc: 0.810219 test_loss: 0.671980 test_acc: 0.739659
Epoch: 970 train_loss: 0.003367 val_loss: 0.582882 val_acc: 0.788321 test_loss: 0.683474 test_acc: 0.710462
Epoch: 980 train_loss: 0.003378 val_loss: 0.624081 val_acc: 0.756691 test_loss: 0.696151 test_acc: 0.693431
Epoch: 990 train_loss: 0.003296 val_loss: 0.580665 val_acc: 0.807786 test_loss: 0.669171 test_acc: 0.732360
Fold: 1
Epoch: 000 train_loss: 0.005546 val_loss: 0.698280 val_acc: 0.476886 test_loss: 0.687779 test_acc: 0.496350
Epoch: 010 train_loss: 0.005148 val_loss: 0.658237 val_acc: 0.637470 test_loss: 0.646140 test_acc: 0.698297
Epoch: 020 train_loss: 0.004928 val_loss: 0.647250 val_acc: 0.649635 test_loss: 0.632680 test_acc: 0.695864
Epoch: 030 train_loss: 0.004851 val_loss: 0.631505 val_acc: 0.698297 test_loss: 0.616402 test_acc: 0.754258
Epoch: 040 train_loss: 0.004847 val_loss: 0.627899 val_acc: 0.700730 test_loss: 0.621437 test_acc: 0.732360
Epoch: 050 train_loss: 0.004620 val_loss: 0.627035 val_acc: 0.710462 test_loss: 0.612854 test_acc: 0.746959
Epoch: 060 train_loss: 0.004532 val_loss: 0.636731 val_acc: 0.673966 test_loss: 0.614947 test_acc: 0.749392
Epoch: 070 train_loss: 0.004541 val_loss: 0.662513 val_acc: 0.654501 test_loss: 0.618862 test_acc: 0.742092
Epoch: 080 train_loss: 0.004399 val_loss: 0.631529 val_acc: 0.708029 test_loss: 0.594888 test_acc: 0.773723
Epoch: 090 train_loss: 0.004333 val_loss: 0.635261 val_acc: 0.703163 test_loss: 0.595500 test_acc: 0.778589
Epoch: 100 train_loss: 0.004276 val_loss: 0.639861 val_acc: 0.712895 test_loss: 0.603994 test_acc: 0.773723
Epoch: 110 train_loss: 0.004221 val_loss: 0.633458 val_acc: 0.715328 test_loss: 0.585549 test_acc: 0.781022
Epoch: 120 train_loss: 0.004150 val_loss: 0.618160 val_acc: 0.759124 test_loss: 0.599950 test_acc: 0.766423
Epoch: 130 train_loss: 0.004075 val_loss: 0.646319 val_acc: 0.710462 test_loss: 0.606282 test_acc: 0.768856
Epoch: 140 train_loss: 0.004018 val_loss: 0.634113 val_acc: 0.739659 test_loss: 0.600915 test_acc: 0.790754
Epoch: 150 train_loss: 0.004084 val_loss: 0.644110 val_acc: 0.737226 test_loss: 0.589764 test_acc: 0.785888
Epoch: 160 train_loss: 0.004033 val_loss: 0.642327 val_acc: 0.727494 test_loss: 0.593241 test_acc: 0.785888
Epoch: 170 train_loss: 0.003869 val_loss: 0.650301 val_acc: 0.717762 test_loss: 0.601964 test_acc: 0.766423
Epoch: 180 train_loss: 0.003851 val_loss: 0.637538 val_acc: 0.751825 test_loss: 0.596609 test_acc: 0.790754
Epoch: 190 train_loss: 0.003805 val_loss: 0.648705 val_acc: 0.734793 test_loss: 0.592610 test_acc: 0.785888
Epoch: 200 train_loss: 0.003872 val_loss: 0.659176 val_acc: 0.725061 test_loss: 0.598933 test_acc: 0.783455
Epoch: 210 train_loss: 0.003811 val_loss: 0.635495 val_acc: 0.742092 test_loss: 0.608280 test_acc: 0.768856
Epoch: 220 train_loss: 0.003748 val_loss: 0.649230 val_acc: 0.729927 test_loss: 0.598212 test_acc: 0.778589
Epoch: 230 train_loss: 0.003668 val_loss: 0.664252 val_acc: 0.732360 test_loss: 0.615357 test_acc: 0.776156
Epoch: 240 train_loss: 0.003687 val_loss: 0.636474 val_acc: 0.737226 test_loss: 0.597627 test_acc: 0.781022
Epoch: 250 train_loss: 0.003611 val_loss: 0.676123 val_acc: 0.729927 test_loss: 0.616778 test_acc: 0.766423
Epoch: 260 train_loss: 0.003631 val_loss: 0.664646 val_acc: 0.732360 test_loss: 0.604045 test_acc: 0.781022
Epoch: 270 train_loss: 0.003658 val_loss: 0.644419 val_acc: 0.739659 test_loss: 0.609092 test_acc: 0.761557
Epoch: 280 train_loss: 0.003605 val_loss: 0.662891 val_acc: 0.722628 test_loss: 0.611666 test_acc: 0.776156
Epoch: 290 train_loss: 0.003595 val_loss: 0.635970 val_acc: 0.749392 test_loss: 0.586158 test_acc: 0.793187
Epoch: 300 train_loss: 0.003598 val_loss: 0.660684 val_acc: 0.737226 test_loss: 0.614637 test_acc: 0.773723
Epoch: 310 train_loss: 0.003610 val_loss: 0.634563 val_acc: 0.771290 test_loss: 0.591548 test_acc: 0.783455
Epoch: 320 train_loss: 0.003513 val_loss: 0.630067 val_acc: 0.739659 test_loss: 0.599877 test_acc: 0.761557
Epoch: 330 train_loss: 0.003492 val_loss: 0.654381 val_acc: 0.744526 test_loss: 0.600302 test_acc: 0.778589
Epoch: 340 train_loss: 0.003510 val_loss: 0.657016 val_acc: 0.742092 test_loss: 0.607810 test_acc: 0.773723
Epoch: 350 train_loss: 0.003552 val_loss: 0.674572 val_acc: 0.712895 test_loss: 0.598556 test_acc: 0.785888
Epoch: 360 train_loss: 0.003512 val_loss: 0.646918 val_acc: 0.739659 test_loss: 0.593481 test_acc: 0.778589
Epoch: 370 train_loss: 0.003531 val_loss: 0.635019 val_acc: 0.727494 test_loss: 0.603228 test_acc: 0.766423
Epoch: 380 train_loss: 0.003471 val_loss: 0.658639 val_acc: 0.742092 test_loss: 0.620817 test_acc: 0.761557
Epoch: 390 train_loss: 0.003481 val_loss: 0.656638 val_acc: 0.734793 test_loss: 0.609590 test_acc: 0.768856
Epoch: 400 train_loss: 0.003421 val_loss: 0.649148 val_acc: 0.744526 test_loss: 0.614162 test_acc: 0.768856
Epoch: 410 train_loss: 0.003588 val_loss: 0.658408 val_acc: 0.729927 test_loss: 0.598829 test_acc: 0.781022
Epoch: 420 train_loss: 0.003465 val_loss: 0.648664 val_acc: 0.739659 test_loss: 0.592169 test_acc: 0.788321
Epoch: 430 train_loss: 0.003466 val_loss: 0.681297 val_acc: 0.727494 test_loss: 0.632759 test_acc: 0.749392
Epoch: 440 train_loss: 0.003486 val_loss: 0.643014 val_acc: 0.744526 test_loss: 0.600210 test_acc: 0.768856
Epoch: 450 train_loss: 0.003432 val_loss: 0.656177 val_acc: 0.742092 test_loss: 0.599768 test_acc: 0.781022
Epoch: 460 train_loss: 0.003471 val_loss: 0.641219 val_acc: 0.763990 test_loss: 0.611539 test_acc: 0.768856
Epoch: 470 train_loss: 0.003441 val_loss: 0.648095 val_acc: 0.744526 test_loss: 0.610580 test_acc: 0.763990
Epoch: 480 train_loss: 0.003497 val_loss: 0.646735 val_acc: 0.749392 test_loss: 0.623515 test_acc: 0.756691
Epoch: 490 train_loss: 0.003484 val_loss: 0.655091 val_acc: 0.749392 test_loss: 0.608831 test_acc: 0.766423
Epoch: 500 train_loss: 0.003388 val_loss: 0.654048 val_acc: 0.744526 test_loss: 0.615764 test_acc: 0.766423
Epoch: 510 train_loss: 0.003401 val_loss: 0.649580 val_acc: 0.734793 test_loss: 0.604456 test_acc: 0.763990
Epoch: 520 train_loss: 0.003390 val_loss: 0.661555 val_acc: 0.742092 test_loss: 0.620797 test_acc: 0.763990
Epoch: 530 train_loss: 0.003402 val_loss: 0.662203 val_acc: 0.725061 test_loss: 0.604487 test_acc: 0.766423
Epoch: 540 train_loss: 0.003455 val_loss: 0.675985 val_acc: 0.725061 test_loss: 0.614508 test_acc: 0.751825
Epoch: 550 train_loss: 0.003433 val_loss: 0.640541 val_acc: 0.749392 test_loss: 0.614102 test_acc: 0.766423
Epoch: 560 train_loss: 0.003391 val_loss: 0.642977 val_acc: 0.749392 test_loss: 0.595394 test_acc: 0.785888
Epoch: 570 train_loss: 0.003407 val_loss: 0.667291 val_acc: 0.729927 test_loss: 0.612476 test_acc: 0.771290
Epoch: 580 train_loss: 0.003454 val_loss: 0.679432 val_acc: 0.727494 test_loss: 0.624551 test_acc: 0.761557
Epoch: 590 train_loss: 0.003410 val_loss: 0.644642 val_acc: 0.759124 test_loss: 0.611673 test_acc: 0.773723
Epoch: 600 train_loss: 0.003386 val_loss: 0.630529 val_acc: 0.763990 test_loss: 0.612362 test_acc: 0.766423
Epoch: 610 train_loss: 0.003414 val_loss: 0.667590 val_acc: 0.742092 test_loss: 0.614767 test_acc: 0.778589
Epoch: 620 train_loss: 0.003347 val_loss: 0.666744 val_acc: 0.732360 test_loss: 0.623497 test_acc: 0.761557
Epoch: 630 train_loss: 0.003342 val_loss: 0.665384 val_acc: 0.739659 test_loss: 0.608055 test_acc: 0.783455
Epoch: 640 train_loss: 0.003384 val_loss: 0.633676 val_acc: 0.766423 test_loss: 0.624299 test_acc: 0.766423
Epoch: 650 train_loss: 0.003402 val_loss: 0.655171 val_acc: 0.729927 test_loss: 0.612006 test_acc: 0.776156
Epoch: 660 train_loss: 0.003307 val_loss: 0.662840 val_acc: 0.725061 test_loss: 0.619266 test_acc: 0.761557
Epoch: 670 train_loss: 0.003365 val_loss: 0.652066 val_acc: 0.742092 test_loss: 0.626779 test_acc: 0.761557
Epoch: 680 train_loss: 0.003353 val_loss: 0.652771 val_acc: 0.732360 test_loss: 0.611522 test_acc: 0.763990
Epoch: 690 train_loss: 0.003342 val_loss: 0.662252 val_acc: 0.746959 test_loss: 0.609617 test_acc: 0.773723
Epoch: 700 train_loss: 0.003304 val_loss: 0.658294 val_acc: 0.749392 test_loss: 0.619169 test_acc: 0.771290
Epoch: 710 train_loss: 0.003379 val_loss: 0.658656 val_acc: 0.729927 test_loss: 0.606940 test_acc: 0.778589
Epoch: 720 train_loss: 0.003372 val_loss: 0.649580 val_acc: 0.751825 test_loss: 0.628324 test_acc: 0.756691
Epoch: 730 train_loss: 0.003331 val_loss: 0.666053 val_acc: 0.744526 test_loss: 0.618890 test_acc: 0.773723
Epoch: 740 train_loss: 0.003406 val_loss: 0.634989 val_acc: 0.751825 test_loss: 0.593119 test_acc: 0.778589
Epoch: 750 train_loss: 0.003311 val_loss: 0.650187 val_acc: 0.746959 test_loss: 0.614755 test_acc: 0.763990
Epoch: 760 train_loss: 0.003370 val_loss: 0.661960 val_acc: 0.742092 test_loss: 0.625422 test_acc: 0.771290
Epoch: 770 train_loss: 0.003372 val_loss: 0.674698 val_acc: 0.725061 test_loss: 0.622515 test_acc: 0.754258
Epoch: 780 train_loss: 0.003370 val_loss: 0.674374 val_acc: 0.734793 test_loss: 0.626686 test_acc: 0.761557
Epoch: 790 train_loss: 0.003305 val_loss: 0.665932 val_acc: 0.739659 test_loss: 0.619601 test_acc: 0.768856
Epoch: 800 train_loss: 0.003296 val_loss: 0.670031 val_acc: 0.722628 test_loss: 0.636763 test_acc: 0.759124
Epoch: 810 train_loss: 0.003357 val_loss: 0.641729 val_acc: 0.759124 test_loss: 0.612805 test_acc: 0.781022
Epoch: 820 train_loss: 0.003329 val_loss: 0.668120 val_acc: 0.737226 test_loss: 0.620435 test_acc: 0.756691
Epoch: 830 train_loss: 0.003287 val_loss: 0.674613 val_acc: 0.729927 test_loss: 0.618645 test_acc: 0.761557
Epoch: 840 train_loss: 0.003342 val_loss: 0.655242 val_acc: 0.751825 test_loss: 0.610948 test_acc: 0.793187
Epoch: 850 train_loss: 0.003526 val_loss: 0.655283 val_acc: 0.727494 test_loss: 0.590335 test_acc: 0.795620
Epoch: 860 train_loss: 0.003316 val_loss: 0.657396 val_acc: 0.746959 test_loss: 0.622763 test_acc: 0.771290
Epoch: 870 train_loss: 0.003394 val_loss: 0.663324 val_acc: 0.737226 test_loss: 0.631135 test_acc: 0.759124
Epoch: 880 train_loss: 0.003303 val_loss: 0.690556 val_acc: 0.712895 test_loss: 0.636598 test_acc: 0.742092
Epoch: 890 train_loss: 0.003385 val_loss: 0.669176 val_acc: 0.727494 test_loss: 0.610454 test_acc: 0.768856
Epoch: 900 train_loss: 0.003343 val_loss: 0.649766 val_acc: 0.739659 test_loss: 0.607701 test_acc: 0.773723
Epoch: 910 train_loss: 0.003321 val_loss: 0.676639 val_acc: 0.729927 test_loss: 0.627683 test_acc: 0.756691
Epoch: 920 train_loss: 0.003307 val_loss: 0.670382 val_acc: 0.754258 test_loss: 0.610807 test_acc: 0.778589
Epoch: 930 train_loss: 0.003312 val_loss: 0.658822 val_acc: 0.739659 test_loss: 0.613099 test_acc: 0.768856
Epoch: 940 train_loss: 0.003327 val_loss: 0.669479 val_acc: 0.737226 test_loss: 0.614346 test_acc: 0.771290
Epoch: 950 train_loss: 0.003300 val_loss: 0.660376 val_acc: 0.746959 test_loss: 0.633631 test_acc: 0.761557
Epoch: 960 train_loss: 0.003296 val_loss: 0.655242 val_acc: 0.768856 test_loss: 0.608368 test_acc: 0.766423
Epoch: 970 train_loss: 0.003335 val_loss: 0.648865 val_acc: 0.754258 test_loss: 0.615563 test_acc: 0.781022
Epoch: 980 train_loss: 0.003326 val_loss: 0.690534 val_acc: 0.729927 test_loss: 0.625966 test_acc: 0.766423
Epoch: 990 train_loss: 0.003308 val_loss: 0.643890 val_acc: 0.751825 test_loss: 0.616764 test_acc: 0.763990
Fold: 2
Epoch: 000 train_loss: 0.005737 val_loss: 0.692191 val_acc: 0.596107 test_loss: 0.693167 test_acc: 0.581509
Epoch: 010 train_loss: 0.005186 val_loss: 0.640475 val_acc: 0.681265 test_loss: 0.647650 test_acc: 0.637470
Epoch: 020 train_loss: 0.005070 val_loss: 0.635261 val_acc: 0.656934 test_loss: 0.635761 test_acc: 0.661800
Epoch: 030 train_loss: 0.004963 val_loss: 0.627178 val_acc: 0.722628 test_loss: 0.629119 test_acc: 0.700730
Epoch: 040 train_loss: 0.004852 val_loss: 0.617236 val_acc: 0.725061 test_loss: 0.611496 test_acc: 0.732360
Epoch: 050 train_loss: 0.004731 val_loss: 0.614971 val_acc: 0.751825 test_loss: 0.597327 test_acc: 0.761557
Epoch: 060 train_loss: 0.004649 val_loss: 0.616971 val_acc: 0.742092 test_loss: 0.602662 test_acc: 0.727494
Epoch: 070 train_loss: 0.004557 val_loss: 0.607254 val_acc: 0.766423 test_loss: 0.594240 test_acc: 0.768856
Epoch: 080 train_loss: 0.004436 val_loss: 0.601128 val_acc: 0.768856 test_loss: 0.587334 test_acc: 0.778589
Epoch: 090 train_loss: 0.004364 val_loss: 0.599558 val_acc: 0.776156 test_loss: 0.580338 test_acc: 0.783455
Epoch: 100 train_loss: 0.004374 val_loss: 0.597302 val_acc: 0.776156 test_loss: 0.588239 test_acc: 0.773723
Epoch: 110 train_loss: 0.004263 val_loss: 0.596951 val_acc: 0.771290 test_loss: 0.578310 test_acc: 0.802920
Epoch: 120 train_loss: 0.004164 val_loss: 0.595175 val_acc: 0.790754 test_loss: 0.573453 test_acc: 0.807786
Epoch: 130 train_loss: 0.004200 val_loss: 0.585624 val_acc: 0.790754 test_loss: 0.580796 test_acc: 0.788321
Epoch: 140 train_loss: 0.004124 val_loss: 0.600579 val_acc: 0.781022 test_loss: 0.587459 test_acc: 0.793187
Epoch: 150 train_loss: 0.004063 val_loss: 0.589505 val_acc: 0.771290 test_loss: 0.581468 test_acc: 0.785888
Epoch: 160 train_loss: 0.004091 val_loss: 0.592498 val_acc: 0.773723 test_loss: 0.592166 test_acc: 0.783455
Epoch: 170 train_loss: 0.003981 val_loss: 0.599261 val_acc: 0.763990 test_loss: 0.587984 test_acc: 0.788321
Epoch: 180 train_loss: 0.003951 val_loss: 0.608430 val_acc: 0.763990 test_loss: 0.594195 test_acc: 0.778589
Epoch: 190 train_loss: 0.004005 val_loss: 0.607528 val_acc: 0.768856 test_loss: 0.602782 test_acc: 0.778589
Epoch: 200 train_loss: 0.003944 val_loss: 0.603609 val_acc: 0.766423 test_loss: 0.596582 test_acc: 0.778589
Epoch: 210 train_loss: 0.003865 val_loss: 0.589360 val_acc: 0.776156 test_loss: 0.593032 test_acc: 0.773723
Epoch: 220 train_loss: 0.003874 val_loss: 0.612628 val_acc: 0.759124 test_loss: 0.602894 test_acc: 0.766423
Epoch: 230 train_loss: 0.003831 val_loss: 0.581298 val_acc: 0.773723 test_loss: 0.589579 test_acc: 0.778589
Epoch: 240 train_loss: 0.003920 val_loss: 0.589489 val_acc: 0.788321 test_loss: 0.608373 test_acc: 0.754258
Epoch: 250 train_loss: 0.003801 val_loss: 0.599074 val_acc: 0.776156 test_loss: 0.582275 test_acc: 0.776156
Epoch: 260 train_loss: 0.003696 val_loss: 0.594288 val_acc: 0.771290 test_loss: 0.591298 test_acc: 0.771290
Epoch: 270 train_loss: 0.003753 val_loss: 0.605138 val_acc: 0.776156 test_loss: 0.608980 test_acc: 0.766423
Epoch: 280 train_loss: 0.003792 val_loss: 0.596458 val_acc: 0.785888 test_loss: 0.578690 test_acc: 0.776156
Epoch: 290 train_loss: 0.003761 val_loss: 0.595998 val_acc: 0.785888 test_loss: 0.591443 test_acc: 0.776156
Epoch: 300 train_loss: 0.003696 val_loss: 0.601678 val_acc: 0.790754 test_loss: 0.607583 test_acc: 0.763990
Epoch: 310 train_loss: 0.003754 val_loss: 0.587546 val_acc: 0.776156 test_loss: 0.585692 test_acc: 0.785888
Epoch: 320 train_loss: 0.003699 val_loss: 0.583853 val_acc: 0.768856 test_loss: 0.595982 test_acc: 0.763990
Epoch: 330 train_loss: 0.003583 val_loss: 0.613358 val_acc: 0.781022 test_loss: 0.587905 test_acc: 0.790754
Epoch: 340 train_loss: 0.003654 val_loss: 0.617811 val_acc: 0.766423 test_loss: 0.605837 test_acc: 0.768856
Epoch: 350 train_loss: 0.003562 val_loss: 0.600646 val_acc: 0.778589 test_loss: 0.592966 test_acc: 0.776156
Epoch: 360 train_loss: 0.003573 val_loss: 0.605206 val_acc: 0.781022 test_loss: 0.599774 test_acc: 0.788321
Epoch: 370 train_loss: 0.003573 val_loss: 0.624809 val_acc: 0.761557 test_loss: 0.604712 test_acc: 0.776156
Epoch: 380 train_loss: 0.003538 val_loss: 0.604327 val_acc: 0.781022 test_loss: 0.603686 test_acc: 0.778589
Epoch: 390 train_loss: 0.003570 val_loss: 0.617540 val_acc: 0.776156 test_loss: 0.611968 test_acc: 0.773723
Epoch: 400 train_loss: 0.003485 val_loss: 0.614048 val_acc: 0.778589 test_loss: 0.620532 test_acc: 0.771290
Epoch: 410 train_loss: 0.003555 val_loss: 0.609174 val_acc: 0.768856 test_loss: 0.614709 test_acc: 0.763990
Epoch: 420 train_loss: 0.003512 val_loss: 0.622031 val_acc: 0.771290 test_loss: 0.609396 test_acc: 0.773723
Epoch: 430 train_loss: 0.003487 val_loss: 0.592714 val_acc: 0.793187 test_loss: 0.608106 test_acc: 0.773723
Epoch: 440 train_loss: 0.003462 val_loss: 0.603610 val_acc: 0.754258 test_loss: 0.615267 test_acc: 0.771290
Epoch: 450 train_loss: 0.003453 val_loss: 0.597211 val_acc: 0.778589 test_loss: 0.613962 test_acc: 0.763990
Epoch: 460 train_loss: 0.003499 val_loss: 0.600637 val_acc: 0.778589 test_loss: 0.601853 test_acc: 0.781022
Epoch: 470 train_loss: 0.003430 val_loss: 0.592226 val_acc: 0.773723 test_loss: 0.613423 test_acc: 0.761557
Epoch: 480 train_loss: 0.003508 val_loss: 0.603794 val_acc: 0.768856 test_loss: 0.603559 test_acc: 0.773723
Epoch: 490 train_loss: 0.003473 val_loss: 0.577865 val_acc: 0.795620 test_loss: 0.603156 test_acc: 0.783455
Epoch: 500 train_loss: 0.003467 val_loss: 0.600897 val_acc: 0.793187 test_loss: 0.608106 test_acc: 0.793187
Epoch: 510 train_loss: 0.003437 val_loss: 0.597604 val_acc: 0.776156 test_loss: 0.616283 test_acc: 0.768856
Epoch: 520 train_loss: 0.003445 val_loss: 0.618188 val_acc: 0.763990 test_loss: 0.630694 test_acc: 0.761557
Epoch: 530 train_loss: 0.003472 val_loss: 0.608066 val_acc: 0.773723 test_loss: 0.620413 test_acc: 0.768856
Epoch: 540 train_loss: 0.003488 val_loss: 0.596877 val_acc: 0.771290 test_loss: 0.621206 test_acc: 0.751825
Epoch: 550 train_loss: 0.003421 val_loss: 0.612842 val_acc: 0.761557 test_loss: 0.627404 test_acc: 0.763990
Epoch: 560 train_loss: 0.003419 val_loss: 0.618947 val_acc: 0.768856 test_loss: 0.605666 test_acc: 0.781022
Epoch: 570 train_loss: 0.003434 val_loss: 0.594003 val_acc: 0.781022 test_loss: 0.612207 test_acc: 0.756691
Epoch: 580 train_loss: 0.003534 val_loss: 0.610768 val_acc: 0.776156 test_loss: 0.623957 test_acc: 0.749392
Epoch: 590 train_loss: 0.003405 val_loss: 0.602413 val_acc: 0.788321 test_loss: 0.622299 test_acc: 0.756691
Epoch: 600 train_loss: 0.003430 val_loss: 0.619603 val_acc: 0.776156 test_loss: 0.634142 test_acc: 0.761557
Epoch: 610 train_loss: 0.003461 val_loss: 0.606744 val_acc: 0.768856 test_loss: 0.606155 test_acc: 0.778589
Epoch: 620 train_loss: 0.003385 val_loss: 0.607585 val_acc: 0.773723 test_loss: 0.615710 test_acc: 0.763990
Epoch: 630 train_loss: 0.003470 val_loss: 0.648532 val_acc: 0.744526 test_loss: 0.630917 test_acc: 0.756691
Epoch: 640 train_loss: 0.003405 val_loss: 0.610134 val_acc: 0.749392 test_loss: 0.639480 test_acc: 0.742092
Epoch: 650 train_loss: 0.003365 val_loss: 0.609160 val_acc: 0.776156 test_loss: 0.626198 test_acc: 0.759124
Epoch: 660 train_loss: 0.003406 val_loss: 0.603523 val_acc: 0.783455 test_loss: 0.635868 test_acc: 0.737226
Epoch: 670 train_loss: 0.003413 val_loss: 0.611626 val_acc: 0.766423 test_loss: 0.650345 test_acc: 0.742092
Epoch: 680 train_loss: 0.003383 val_loss: 0.592667 val_acc: 0.793187 test_loss: 0.623114 test_acc: 0.768856
Epoch: 690 train_loss: 0.003364 val_loss: 0.592033 val_acc: 0.798054 test_loss: 0.635278 test_acc: 0.754258
Epoch: 700 train_loss: 0.003421 val_loss: 0.611154 val_acc: 0.776156 test_loss: 0.618050 test_acc: 0.778589
Epoch: 710 train_loss: 0.003366 val_loss: 0.596591 val_acc: 0.773723 test_loss: 0.612163 test_acc: 0.771290
Epoch: 720 train_loss: 0.003358 val_loss: 0.618377 val_acc: 0.771290 test_loss: 0.634407 test_acc: 0.754258
Epoch: 730 train_loss: 0.003373 val_loss: 0.607940 val_acc: 0.768856 test_loss: 0.611938 test_acc: 0.778589
Epoch: 740 train_loss: 0.003443 val_loss: 0.609549 val_acc: 0.763990 test_loss: 0.611291 test_acc: 0.773723
Epoch: 750 train_loss: 0.003363 val_loss: 0.614998 val_acc: 0.781022 test_loss: 0.635925 test_acc: 0.771290
Epoch: 760 train_loss: 0.003439 val_loss: 0.606593 val_acc: 0.776156 test_loss: 0.622929 test_acc: 0.766423
Epoch: 770 train_loss: 0.003385 val_loss: 0.599079 val_acc: 0.778589 test_loss: 0.603852 test_acc: 0.785888
Epoch: 780 train_loss: 0.003332 val_loss: 0.605377 val_acc: 0.773723 test_loss: 0.617826 test_acc: 0.766423
Epoch: 790 train_loss: 0.003410 val_loss: 0.620716 val_acc: 0.761557 test_loss: 0.615050 test_acc: 0.771290
Epoch: 800 train_loss: 0.003326 val_loss: 0.619260 val_acc: 0.766423 test_loss: 0.637566 test_acc: 0.759124
Epoch: 810 train_loss: 0.003378 val_loss: 0.636554 val_acc: 0.751825 test_loss: 0.624812 test_acc: 0.768856
Epoch: 820 train_loss: 0.003342 val_loss: 0.622123 val_acc: 0.759124 test_loss: 0.621435 test_acc: 0.771290
Epoch: 830 train_loss: 0.003352 val_loss: 0.608362 val_acc: 0.788321 test_loss: 0.627706 test_acc: 0.776156
Epoch: 840 train_loss: 0.003401 val_loss: 0.612990 val_acc: 0.768856 test_loss: 0.614209 test_acc: 0.776156
Epoch: 850 train_loss: 0.003317 val_loss: 0.610008 val_acc: 0.778589 test_loss: 0.634353 test_acc: 0.763990
Epoch: 860 train_loss: 0.003315 val_loss: 0.620830 val_acc: 0.763990 test_loss: 0.651861 test_acc: 0.749392
Epoch: 870 train_loss: 0.003300 val_loss: 0.609757 val_acc: 0.781022 test_loss: 0.630882 test_acc: 0.766423
Epoch: 880 train_loss: 0.003301 val_loss: 0.602231 val_acc: 0.788321 test_loss: 0.634992 test_acc: 0.754258
Epoch: 890 train_loss: 0.003338 val_loss: 0.610109 val_acc: 0.778589 test_loss: 0.643114 test_acc: 0.739659
Epoch: 900 train_loss: 0.003360 val_loss: 0.616916 val_acc: 0.766423 test_loss: 0.646610 test_acc: 0.744526
Epoch: 910 train_loss: 0.003289 val_loss: 0.624442 val_acc: 0.761557 test_loss: 0.625558 test_acc: 0.761557
Epoch: 920 train_loss: 0.003287 val_loss: 0.620603 val_acc: 0.773723 test_loss: 0.627545 test_acc: 0.766423
Epoch: 930 train_loss: 0.003377 val_loss: 0.631311 val_acc: 0.756691 test_loss: 0.640546 test_acc: 0.751825
Epoch: 940 train_loss: 0.003336 val_loss: 0.624497 val_acc: 0.776156 test_loss: 0.618140 test_acc: 0.778589
Epoch: 950 train_loss: 0.003296 val_loss: 0.617907 val_acc: 0.771290 test_loss: 0.642728 test_acc: 0.756691
Epoch: 960 train_loss: 0.003417 val_loss: 0.590231 val_acc: 0.783455 test_loss: 0.613871 test_acc: 0.776156
Epoch: 970 train_loss: 0.003374 val_loss: 0.615601 val_acc: 0.773723 test_loss: 0.653834 test_acc: 0.739659
Epoch: 980 train_loss: 0.003292 val_loss: 0.610338 val_acc: 0.778589 test_loss: 0.650391 test_acc: 0.754258
Epoch: 990 train_loss: 0.003361 val_loss: 0.616201 val_acc: 0.771290 test_loss: 0.652653 test_acc: 0.742092
Fold: 3
Epoch: 000 train_loss: 0.005691 val_loss: 0.686899 val_acc: 0.540146 test_loss: 0.695686 test_acc: 0.506083
Epoch: 010 train_loss: 0.005181 val_loss: 0.654913 val_acc: 0.625304 test_loss: 0.667122 test_acc: 0.588808
Epoch: 020 train_loss: 0.005049 val_loss: 0.644719 val_acc: 0.673966 test_loss: 0.648555 test_acc: 0.688564
Epoch: 030 train_loss: 0.004916 val_loss: 0.632434 val_acc: 0.695864 test_loss: 0.632589 test_acc: 0.676399
Epoch: 040 train_loss: 0.004764 val_loss: 0.617838 val_acc: 0.725061 test_loss: 0.607981 test_acc: 0.751825
Epoch: 050 train_loss: 0.004708 val_loss: 0.634044 val_acc: 0.700730 test_loss: 0.619399 test_acc: 0.759124
Epoch: 060 train_loss: 0.004563 val_loss: 0.601207 val_acc: 0.737226 test_loss: 0.602820 test_acc: 0.749392
Epoch: 070 train_loss: 0.004468 val_loss: 0.609313 val_acc: 0.737226 test_loss: 0.611335 test_acc: 0.742092
Epoch: 080 train_loss: 0.004392 val_loss: 0.602760 val_acc: 0.746959 test_loss: 0.593578 test_acc: 0.771290
Epoch: 090 train_loss: 0.004312 val_loss: 0.605043 val_acc: 0.749392 test_loss: 0.595245 test_acc: 0.771290
Epoch: 100 train_loss: 0.004315 val_loss: 0.593587 val_acc: 0.761557 test_loss: 0.586830 test_acc: 0.785888
Epoch: 110 train_loss: 0.004225 val_loss: 0.608527 val_acc: 0.749392 test_loss: 0.587182 test_acc: 0.781022
Epoch: 120 train_loss: 0.004216 val_loss: 0.600696 val_acc: 0.749392 test_loss: 0.582035 test_acc: 0.798054
Epoch: 130 train_loss: 0.004158 val_loss: 0.597803 val_acc: 0.759124 test_loss: 0.593266 test_acc: 0.768856
Epoch: 140 train_loss: 0.004136 val_loss: 0.584115 val_acc: 0.771290 test_loss: 0.579898 test_acc: 0.783455
Epoch: 150 train_loss: 0.004068 val_loss: 0.598008 val_acc: 0.771290 test_loss: 0.594144 test_acc: 0.785888
Epoch: 160 train_loss: 0.004056 val_loss: 0.601898 val_acc: 0.759124 test_loss: 0.595564 test_acc: 0.781022
Epoch: 170 train_loss: 0.004092 val_loss: 0.580060 val_acc: 0.778589 test_loss: 0.580908 test_acc: 0.793187
Epoch: 180 train_loss: 0.003960 val_loss: 0.575618 val_acc: 0.778589 test_loss: 0.580106 test_acc: 0.776156
Epoch: 190 train_loss: 0.004039 val_loss: 0.588804 val_acc: 0.761557 test_loss: 0.577687 test_acc: 0.783455
Epoch: 200 train_loss: 0.003900 val_loss: 0.593583 val_acc: 0.763990 test_loss: 0.571337 test_acc: 0.815085
Epoch: 210 train_loss: 0.003918 val_loss: 0.588571 val_acc: 0.761557 test_loss: 0.583727 test_acc: 0.773723
Epoch: 220 train_loss: 0.003912 val_loss: 0.595902 val_acc: 0.744526 test_loss: 0.578509 test_acc: 0.781022
Epoch: 230 train_loss: 0.003840 val_loss: 0.582732 val_acc: 0.773723 test_loss: 0.574078 test_acc: 0.802920
Epoch: 240 train_loss: 0.003956 val_loss: 0.590312 val_acc: 0.783455 test_loss: 0.586248 test_acc: 0.785888
Epoch: 250 train_loss: 0.003781 val_loss: 0.601109 val_acc: 0.763990 test_loss: 0.597722 test_acc: 0.781022
Epoch: 260 train_loss: 0.003854 val_loss: 0.586990 val_acc: 0.771290 test_loss: 0.592148 test_acc: 0.773723
