/home/dongrui/anaconda3/envs/dr/lib/python3.9/site-packages/torch_geometric/data/in_memory_dataset.py:284: UserWarning: It is not recommended to directly access the internal storage format `data` of an 'InMemoryDataset'. If you are absolutely certain what you are doing, access the internal storage via `InMemoryDataset._data` instead to suppress this warning. Alternatively, you can access stacked individual attributes of every graph via `dataset.{attr_name}`.
  warnings.warn(msg)
Namespace(device='cuda:1', dataset='PROTEINS', in_size=3, num_classes=2, fusion_type='early', gcn_channels=3, gcn_hidden=128, gcn_layers=4, gcn_dropout=0.1, trans_num_layers=4, input_node_dim=3, hidden_node_dim=32, input_edge_dim=0, hidden_edge_dim=32, ouput_dim=None, n_heads=4, max_in_degree=5, max_out_degree=5, max_path_distance=5, hidden_dim=128, num_layers=4, num_features=3, num_heads=8, dropout=0.1, pos_encoding='gcn', att_dropout=0.1, d_k=64, d_v=64, pos_embed_type='s', alpha=0.4, num_fusion_layers=4, eta=0.5, ffn_dim=128, lam1=0.2, lam2=0.2, theta1=0.1, theta2=0.45, theta3=0.45, gamma=0.7, loss_log=2, folds=10, lr=0.0001, weight_decay=0.0005, batch_size=64, epoches=500, output_dim=2)
/home/dongrui/anaconda3/envs/dr/lib/python3.9/site-packages/torch_geometric/data/in_memory_dataset.py:284: UserWarning: It is not recommended to directly access the internal storage format `data` of an 'InMemoryDataset'. The given 'InMemoryDataset' only references a subset of examples of the full dataset, but 'data' will contain information of the full dataset. The data of the dataset is already cached, so any modifications to `data` will not be reflected when accessing its elements. Clearing the cache now by removing all elements in `dataset._data_list`. If you are absolutely certain what you are doing, access the internal storage via `InMemoryDataset._data` instead to suppress this warning. Alternatively, you can access stacked individual attributes of every graph via `dataset.{attr_name}`.
  warnings.warn(msg)
Fold: 0
Epoch: 000 train_loss: 0.010770 val_loss: 0.457952 val_acc: 0.648649 test_loss: 0.579412 test_acc: 0.535714
Epoch: 010 train_loss: 0.006591 val_loss: 0.400157 val_acc: 0.666667 test_loss: 0.434614 test_acc: 0.571429
Epoch: 020 train_loss: 0.006519 val_loss: 0.391071 val_acc: 0.693694 test_loss: 0.418926 test_acc: 0.696429
Epoch: 030 train_loss: 0.006477 val_loss: 0.401161 val_acc: 0.729730 test_loss: 0.439481 test_acc: 0.705357
Epoch: 040 train_loss: 0.006440 val_loss: 0.391519 val_acc: 0.702703 test_loss: 0.411103 test_acc: 0.714286
Epoch: 050 train_loss: 0.006440 val_loss: 0.389974 val_acc: 0.720721 test_loss: 0.422283 test_acc: 0.714286
Epoch: 060 train_loss: 0.006317 val_loss: 0.391381 val_acc: 0.711712 test_loss: 0.414199 test_acc: 0.723214
Epoch: 070 train_loss: 0.006333 val_loss: 0.393128 val_acc: 0.747748 test_loss: 0.423132 test_acc: 0.696429
Epoch: 080 train_loss: 0.006276 val_loss: 0.392556 val_acc: 0.756757 test_loss: 0.427011 test_acc: 0.714286
Epoch: 090 train_loss: 0.006290 val_loss: 0.389097 val_acc: 0.738739 test_loss: 0.401432 test_acc: 0.705357
Epoch: 100 train_loss: 0.006206 val_loss: 0.391827 val_acc: 0.747748 test_loss: 0.416097 test_acc: 0.723214
Epoch: 110 train_loss: 0.006228 val_loss: 0.396157 val_acc: 0.738739 test_loss: 0.411538 test_acc: 0.714286
Epoch: 120 train_loss: 0.006160 val_loss: 0.388748 val_acc: 0.756757 test_loss: 0.408484 test_acc: 0.723214
Epoch: 130 train_loss: 0.006219 val_loss: 0.386010 val_acc: 0.711712 test_loss: 0.405889 test_acc: 0.696429
Epoch: 140 train_loss: 0.006155 val_loss: 0.393858 val_acc: 0.756757 test_loss: 0.415091 test_acc: 0.732143
Epoch: 150 train_loss: 0.006093 val_loss: 0.399989 val_acc: 0.747748 test_loss: 0.407051 test_acc: 0.750000
Epoch: 160 train_loss: 0.006086 val_loss: 0.400612 val_acc: 0.729730 test_loss: 0.406270 test_acc: 0.758929
Epoch: 170 train_loss: 0.005992 val_loss: 0.411488 val_acc: 0.738739 test_loss: 0.428137 test_acc: 0.741071
Epoch: 180 train_loss: 0.005965 val_loss: 0.409032 val_acc: 0.747748 test_loss: 0.414917 test_acc: 0.732143
Epoch: 190 train_loss: 0.006024 val_loss: 0.416148 val_acc: 0.729730 test_loss: 0.433837 test_acc: 0.750000
Epoch: 200 train_loss: 0.005930 val_loss: 0.407830 val_acc: 0.756757 test_loss: 0.412645 test_acc: 0.767857
Epoch: 210 train_loss: 0.005917 val_loss: 0.396415 val_acc: 0.720721 test_loss: 0.421687 test_acc: 0.741071
Epoch: 220 train_loss: 0.005886 val_loss: 0.409283 val_acc: 0.774775 test_loss: 0.455972 test_acc: 0.750000
Epoch: 230 train_loss: 0.005895 val_loss: 0.407175 val_acc: 0.738739 test_loss: 0.418739 test_acc: 0.723214
Epoch: 240 train_loss: 0.005878 val_loss: 0.402262 val_acc: 0.774775 test_loss: 0.414169 test_acc: 0.750000
Epoch: 250 train_loss: 0.005871 val_loss: 0.410158 val_acc: 0.738739 test_loss: 0.428916 test_acc: 0.767857
Epoch: 260 train_loss: 0.005857 val_loss: 0.410377 val_acc: 0.774775 test_loss: 0.417036 test_acc: 0.723214
Epoch: 270 train_loss: 0.005730 val_loss: 0.409340 val_acc: 0.774775 test_loss: 0.449727 test_acc: 0.714286
Epoch: 280 train_loss: 0.005710 val_loss: 0.417553 val_acc: 0.729730 test_loss: 0.509896 test_acc: 0.678571
Epoch: 290 train_loss: 0.005933 val_loss: 0.400041 val_acc: 0.792793 test_loss: 0.414477 test_acc: 0.732143
Epoch: 300 train_loss: 0.005780 val_loss: 0.411342 val_acc: 0.729730 test_loss: 0.444045 test_acc: 0.732143
Epoch: 310 train_loss: 0.005641 val_loss: 0.410510 val_acc: 0.738739 test_loss: 0.449261 test_acc: 0.714286
Epoch: 320 train_loss: 0.005624 val_loss: 0.406051 val_acc: 0.738739 test_loss: 0.438366 test_acc: 0.750000
Epoch: 330 train_loss: 0.005720 val_loss: 0.407329 val_acc: 0.747748 test_loss: 0.446648 test_acc: 0.714286
Epoch: 340 train_loss: 0.005675 val_loss: 0.414899 val_acc: 0.720721 test_loss: 0.524647 test_acc: 0.696429
Epoch: 350 train_loss: 0.005580 val_loss: 0.412619 val_acc: 0.747748 test_loss: 0.422686 test_acc: 0.696429
Epoch: 360 train_loss: 0.005598 val_loss: 0.411916 val_acc: 0.729730 test_loss: 0.478495 test_acc: 0.714286
Epoch: 370 train_loss: 0.005522 val_loss: 0.412793 val_acc: 0.747748 test_loss: 0.454379 test_acc: 0.687500
Epoch: 380 train_loss: 0.005561 val_loss: 0.408780 val_acc: 0.729730 test_loss: 0.474902 test_acc: 0.705357
Epoch: 390 train_loss: 0.005526 val_loss: 0.408611 val_acc: 0.774775 test_loss: 0.484154 test_acc: 0.714286
Epoch: 400 train_loss: 0.005424 val_loss: 0.414080 val_acc: 0.756757 test_loss: 0.453167 test_acc: 0.687500
Epoch: 410 train_loss: 0.005401 val_loss: 0.405801 val_acc: 0.756757 test_loss: 0.468830 test_acc: 0.705357
Epoch: 420 train_loss: 0.005387 val_loss: 0.425729 val_acc: 0.720721 test_loss: 0.502923 test_acc: 0.723214
Epoch: 430 train_loss: 0.005339 val_loss: 0.421873 val_acc: 0.747748 test_loss: 0.457695 test_acc: 0.714286
Epoch: 440 train_loss: 0.005400 val_loss: 0.429561 val_acc: 0.738739 test_loss: 0.492831 test_acc: 0.687500
Epoch: 450 train_loss: 0.005293 val_loss: 0.431533 val_acc: 0.738739 test_loss: 0.519457 test_acc: 0.678571
Epoch: 460 train_loss: 0.005282 val_loss: 0.419695 val_acc: 0.756757 test_loss: 0.448282 test_acc: 0.723214
Epoch: 470 train_loss: 0.005324 val_loss: 0.427595 val_acc: 0.729730 test_loss: 0.565266 test_acc: 0.714286
Epoch: 480 train_loss: 0.005322 val_loss: 0.438711 val_acc: 0.738739 test_loss: 0.472829 test_acc: 0.714286
Epoch: 490 train_loss: 0.005338 val_loss: 0.435283 val_acc: 0.756757 test_loss: 0.453392 test_acc: 0.714286
------------- 0 val_acc: 0.7928 test_acc: 0.7857 best_test: 0.7857 -----------------
Fold: 1
Epoch: 000 train_loss: 0.018220 val_loss: 0.606867 val_acc: 0.535714 test_loss: 0.507314 test_acc: 0.589286
Epoch: 010 train_loss: 0.006590 val_loss: 0.459885 val_acc: 0.678571 test_loss: 0.431107 test_acc: 0.669643
Epoch: 020 train_loss: 0.006432 val_loss: 0.418692 val_acc: 0.714286 test_loss: 0.422721 test_acc: 0.687500
Epoch: 030 train_loss: 0.006412 val_loss: 0.426317 val_acc: 0.696429 test_loss: 0.426517 test_acc: 0.696429
Epoch: 040 train_loss: 0.006525 val_loss: 0.458643 val_acc: 0.714286 test_loss: 0.434648 test_acc: 0.696429
Epoch: 050 train_loss: 0.006384 val_loss: 0.421035 val_acc: 0.705357 test_loss: 0.420054 test_acc: 0.714286
Epoch: 060 train_loss: 0.006364 val_loss: 0.411510 val_acc: 0.723214 test_loss: 0.420323 test_acc: 0.723214
Epoch: 070 train_loss: 0.006347 val_loss: 0.425346 val_acc: 0.723214 test_loss: 0.418888 test_acc: 0.714286
Epoch: 080 train_loss: 0.006254 val_loss: 0.421741 val_acc: 0.732143 test_loss: 0.416704 test_acc: 0.705357
Epoch: 090 train_loss: 0.006235 val_loss: 0.426858 val_acc: 0.723214 test_loss: 0.420226 test_acc: 0.732143
Epoch: 100 train_loss: 0.006406 val_loss: 0.439897 val_acc: 0.750000 test_loss: 0.421364 test_acc: 0.723214
Epoch: 110 train_loss: 0.006161 val_loss: 0.420209 val_acc: 0.750000 test_loss: 0.414606 test_acc: 0.696429
Epoch: 120 train_loss: 0.006166 val_loss: 0.410191 val_acc: 0.758929 test_loss: 0.410165 test_acc: 0.714286
Epoch: 130 train_loss: 0.006209 val_loss: 0.412414 val_acc: 0.758929 test_loss: 0.416295 test_acc: 0.705357
Epoch: 140 train_loss: 0.006216 val_loss: 0.431584 val_acc: 0.767857 test_loss: 0.418575 test_acc: 0.723214
Epoch: 150 train_loss: 0.006072 val_loss: 0.400093 val_acc: 0.785714 test_loss: 0.408718 test_acc: 0.723214
Epoch: 160 train_loss: 0.006113 val_loss: 0.402620 val_acc: 0.750000 test_loss: 0.410370 test_acc: 0.696429
Epoch: 170 train_loss: 0.006108 val_loss: 0.404397 val_acc: 0.741071 test_loss: 0.413186 test_acc: 0.714286
Epoch: 180 train_loss: 0.006040 val_loss: 0.401337 val_acc: 0.776786 test_loss: 0.403816 test_acc: 0.714286
Epoch: 190 train_loss: 0.006055 val_loss: 0.420542 val_acc: 0.767857 test_loss: 0.410612 test_acc: 0.723214
Epoch: 200 train_loss: 0.006072 val_loss: 0.409594 val_acc: 0.785714 test_loss: 0.405678 test_acc: 0.732143
Epoch: 210 train_loss: 0.005975 val_loss: 0.418689 val_acc: 0.776786 test_loss: 0.407713 test_acc: 0.732143
Epoch: 220 train_loss: 0.005916 val_loss: 0.402373 val_acc: 0.767857 test_loss: 0.406276 test_acc: 0.750000
Epoch: 230 train_loss: 0.006041 val_loss: 0.407928 val_acc: 0.750000 test_loss: 0.399646 test_acc: 0.732143
Epoch: 240 train_loss: 0.005866 val_loss: 0.404184 val_acc: 0.776786 test_loss: 0.406090 test_acc: 0.732143
Epoch: 250 train_loss: 0.005905 val_loss: 0.411919 val_acc: 0.696429 test_loss: 0.410837 test_acc: 0.705357
Epoch: 260 train_loss: 0.005839 val_loss: 0.411572 val_acc: 0.776786 test_loss: 0.404119 test_acc: 0.723214
Epoch: 270 train_loss: 0.005945 val_loss: 0.411969 val_acc: 0.750000 test_loss: 0.408237 test_acc: 0.714286
Epoch: 280 train_loss: 0.005850 val_loss: 0.409116 val_acc: 0.767857 test_loss: 0.401782 test_acc: 0.741071
Epoch: 290 train_loss: 0.005989 val_loss: 0.408943 val_acc: 0.741071 test_loss: 0.410816 test_acc: 0.705357
Epoch: 300 train_loss: 0.005810 val_loss: 0.417025 val_acc: 0.732143 test_loss: 0.406767 test_acc: 0.714286
Epoch: 310 train_loss: 0.005780 val_loss: 0.413287 val_acc: 0.750000 test_loss: 0.402348 test_acc: 0.741071
Epoch: 320 train_loss: 0.005758 val_loss: 0.406959 val_acc: 0.750000 test_loss: 0.410631 test_acc: 0.741071
Epoch: 330 train_loss: 0.005771 val_loss: 0.415162 val_acc: 0.758929 test_loss: 0.404207 test_acc: 0.723214
Epoch: 340 train_loss: 0.005748 val_loss: 0.416262 val_acc: 0.741071 test_loss: 0.410276 test_acc: 0.741071
Epoch: 350 train_loss: 0.005706 val_loss: 0.408641 val_acc: 0.741071 test_loss: 0.405443 test_acc: 0.741071
Epoch: 360 train_loss: 0.005732 val_loss: 0.414364 val_acc: 0.741071 test_loss: 0.406259 test_acc: 0.776786
Epoch: 370 train_loss: 0.005671 val_loss: 0.427966 val_acc: 0.750000 test_loss: 0.414698 test_acc: 0.732143
Epoch: 380 train_loss: 0.005707 val_loss: 0.433515 val_acc: 0.741071 test_loss: 0.407597 test_acc: 0.723214
Epoch: 390 train_loss: 0.005703 val_loss: 0.415625 val_acc: 0.750000 test_loss: 0.411367 test_acc: 0.723214
Epoch: 400 train_loss: 0.005655 val_loss: 0.435076 val_acc: 0.750000 test_loss: 0.417500 test_acc: 0.723214
Epoch: 410 train_loss: 0.005635 val_loss: 0.469775 val_acc: 0.741071 test_loss: 0.406962 test_acc: 0.732143
Epoch: 420 train_loss: 0.005576 val_loss: 0.418712 val_acc: 0.723214 test_loss: 0.424416 test_acc: 0.714286
Epoch: 430 train_loss: 0.005613 val_loss: 0.488703 val_acc: 0.741071 test_loss: 0.424548 test_acc: 0.741071
Epoch: 440 train_loss: 0.005631 val_loss: 0.443186 val_acc: 0.741071 test_loss: 0.433046 test_acc: 0.723214
Epoch: 450 train_loss: 0.005552 val_loss: 0.465945 val_acc: 0.714286 test_loss: 0.428884 test_acc: 0.741071
Epoch: 460 train_loss: 0.005567 val_loss: 0.436695 val_acc: 0.723214 test_loss: 0.426194 test_acc: 0.696429
Epoch: 470 train_loss: 0.005529 val_loss: 0.452234 val_acc: 0.723214 test_loss: 0.426125 test_acc: 0.750000
Epoch: 480 train_loss: 0.005560 val_loss: 0.473364 val_acc: 0.714286 test_loss: 0.430589 test_acc: 0.714286
Epoch: 490 train_loss: 0.005565 val_loss: 0.472776 val_acc: 0.723214 test_loss: 0.422202 test_acc: 0.705357
------------- 1 val_acc: 0.7946 test_acc: 0.7143 best_test: 0.7768 -----------------
Fold: 2
Epoch: 000 train_loss: 0.009346 val_loss: 0.444703 val_acc: 0.589286 test_loss: 0.463061 test_acc: 0.544643
Epoch: 010 train_loss: 0.006533 val_loss: 0.429873 val_acc: 0.714286 test_loss: 0.436617 test_acc: 0.651786
Epoch: 020 train_loss: 0.006909 val_loss: 0.422533 val_acc: 0.705357 test_loss: 0.426567 test_acc: 0.651786
Epoch: 030 train_loss: 0.006276 val_loss: 0.419539 val_acc: 0.723214 test_loss: 0.419698 test_acc: 0.705357
Epoch: 040 train_loss: 0.006363 val_loss: 0.421197 val_acc: 0.714286 test_loss: 0.426118 test_acc: 0.678571
Epoch: 050 train_loss: 0.006292 val_loss: 0.423126 val_acc: 0.705357 test_loss: 0.416633 test_acc: 0.705357
Epoch: 060 train_loss: 0.006223 val_loss: 0.416310 val_acc: 0.705357 test_loss: 0.412837 test_acc: 0.723214
Epoch: 070 train_loss: 0.006206 val_loss: 0.414414 val_acc: 0.723214 test_loss: 0.414694 test_acc: 0.723214
Epoch: 080 train_loss: 0.006189 val_loss: 0.414282 val_acc: 0.723214 test_loss: 0.416645 test_acc: 0.696429
Epoch: 090 train_loss: 0.006193 val_loss: 0.413842 val_acc: 0.732143 test_loss: 0.416105 test_acc: 0.732143
Epoch: 100 train_loss: 0.006166 val_loss: 0.413962 val_acc: 0.732143 test_loss: 0.414104 test_acc: 0.723214
Epoch: 110 train_loss: 0.006122 val_loss: 0.412507 val_acc: 0.732143 test_loss: 0.412701 test_acc: 0.732143
Epoch: 120 train_loss: 0.006090 val_loss: 0.413557 val_acc: 0.723214 test_loss: 0.414674 test_acc: 0.758929
Epoch: 130 train_loss: 0.006181 val_loss: 0.412891 val_acc: 0.714286 test_loss: 0.412991 test_acc: 0.758929
Epoch: 140 train_loss: 0.006085 val_loss: 0.411338 val_acc: 0.723214 test_loss: 0.414064 test_acc: 0.741071
Epoch: 150 train_loss: 0.006074 val_loss: 0.413294 val_acc: 0.723214 test_loss: 0.411290 test_acc: 0.776786
Epoch: 160 train_loss: 0.006062 val_loss: 0.412512 val_acc: 0.723214 test_loss: 0.416598 test_acc: 0.714286
Epoch: 170 train_loss: 0.006028 val_loss: 0.412077 val_acc: 0.723214 test_loss: 0.415378 test_acc: 0.687500
Epoch: 180 train_loss: 0.006092 val_loss: 0.408629 val_acc: 0.714286 test_loss: 0.412130 test_acc: 0.758929
Epoch: 190 train_loss: 0.006014 val_loss: 0.410633 val_acc: 0.714286 test_loss: 0.413946 test_acc: 0.714286
Epoch: 200 train_loss: 0.006001 val_loss: 0.410804 val_acc: 0.723214 test_loss: 0.415910 test_acc: 0.723214
Epoch: 210 train_loss: 0.005938 val_loss: 0.412333 val_acc: 0.723214 test_loss: 0.415580 test_acc: 0.732143
Epoch: 220 train_loss: 0.005923 val_loss: 0.414647 val_acc: 0.723214 test_loss: 0.420291 test_acc: 0.732143
Epoch: 230 train_loss: 0.006004 val_loss: 0.413241 val_acc: 0.723214 test_loss: 0.415188 test_acc: 0.750000
Epoch: 240 train_loss: 0.005935 val_loss: 0.419839 val_acc: 0.723214 test_loss: 0.425934 test_acc: 0.696429
Epoch: 250 train_loss: 0.005921 val_loss: 0.413275 val_acc: 0.714286 test_loss: 0.415701 test_acc: 0.732143
Epoch: 260 train_loss: 0.005929 val_loss: 0.411521 val_acc: 0.714286 test_loss: 0.419008 test_acc: 0.750000
Epoch: 270 train_loss: 0.005887 val_loss: 0.412114 val_acc: 0.714286 test_loss: 0.418288 test_acc: 0.741071
Epoch: 280 train_loss: 0.005857 val_loss: 0.417993 val_acc: 0.714286 test_loss: 0.421685 test_acc: 0.687500
Epoch: 290 train_loss: 0.005882 val_loss: 0.414958 val_acc: 0.696429 test_loss: 0.421913 test_acc: 0.660714
Epoch: 300 train_loss: 0.005847 val_loss: 0.417971 val_acc: 0.732143 test_loss: 0.421704 test_acc: 0.750000
Epoch: 310 train_loss: 0.005833 val_loss: 0.421843 val_acc: 0.705357 test_loss: 0.425765 test_acc: 0.696429
Epoch: 320 train_loss: 0.005810 val_loss: 0.418310 val_acc: 0.758929 test_loss: 0.420506 test_acc: 0.741071
Epoch: 330 train_loss: 0.005784 val_loss: 0.418643 val_acc: 0.705357 test_loss: 0.423755 test_acc: 0.669643
Epoch: 340 train_loss: 0.005790 val_loss: 0.410863 val_acc: 0.714286 test_loss: 0.418804 test_acc: 0.714286
Epoch: 350 train_loss: 0.005805 val_loss: 0.418542 val_acc: 0.714286 test_loss: 0.418889 test_acc: 0.732143
Epoch: 360 train_loss: 0.005886 val_loss: 0.418028 val_acc: 0.732143 test_loss: 0.416354 test_acc: 0.750000
Epoch: 370 train_loss: 0.005745 val_loss: 0.420309 val_acc: 0.696429 test_loss: 0.423502 test_acc: 0.705357
Epoch: 380 train_loss: 0.005705 val_loss: 0.420774 val_acc: 0.723214 test_loss: 0.423310 test_acc: 0.714286
Epoch: 390 train_loss: 0.005750 val_loss: 0.419037 val_acc: 0.714286 test_loss: 0.418851 test_acc: 0.678571
Epoch: 400 train_loss: 0.005709 val_loss: 0.423618 val_acc: 0.758929 test_loss: 0.420436 test_acc: 0.714286
Epoch: 410 train_loss: 0.005702 val_loss: 0.416599 val_acc: 0.723214 test_loss: 0.420635 test_acc: 0.714286
Epoch: 420 train_loss: 0.005692 val_loss: 0.419845 val_acc: 0.723214 test_loss: 0.418557 test_acc: 0.723214
Epoch: 430 train_loss: 0.005662 val_loss: 0.423342 val_acc: 0.750000 test_loss: 0.424511 test_acc: 0.705357
Epoch: 440 train_loss: 0.005655 val_loss: 0.424689 val_acc: 0.732143 test_loss: 0.421497 test_acc: 0.714286
Epoch: 450 train_loss: 0.005621 val_loss: 0.421841 val_acc: 0.723214 test_loss: 0.427515 test_acc: 0.705357
Epoch: 460 train_loss: 0.005647 val_loss: 0.422044 val_acc: 0.714286 test_loss: 0.423652 test_acc: 0.687500
Epoch: 470 train_loss: 0.005687 val_loss: 0.428332 val_acc: 0.723214 test_loss: 0.425907 test_acc: 0.732143
Epoch: 480 train_loss: 0.005610 val_loss: 0.424448 val_acc: 0.723214 test_loss: 0.424848 test_acc: 0.705357
Epoch: 490 train_loss: 0.005600 val_loss: 0.424519 val_acc: 0.723214 test_loss: 0.425920 test_acc: 0.687500
------------- 2 val_acc: 0.7679 test_acc: 0.7321 best_test: 0.7857 -----------------
Fold: 3
Epoch: 000 train_loss: 0.009939 val_loss: 0.468330 val_acc: 0.544643 test_loss: 0.432390 test_acc: 0.612613
Epoch: 010 train_loss: 0.006630 val_loss: 0.444156 val_acc: 0.580357 test_loss: 0.404806 test_acc: 0.603604
Epoch: 020 train_loss: 0.006454 val_loss: 0.424670 val_acc: 0.642857 test_loss: 0.404560 test_acc: 0.612613
Epoch: 030 train_loss: 0.006685 val_loss: 0.424373 val_acc: 0.660714 test_loss: 0.408541 test_acc: 0.657658
Epoch: 040 train_loss: 0.006573 val_loss: 0.416786 val_acc: 0.714286 test_loss: 0.401817 test_acc: 0.702703
Epoch: 050 train_loss: 0.006464 val_loss: 0.421510 val_acc: 0.669643 test_loss: 0.399310 test_acc: 0.684685
Epoch: 060 train_loss: 0.006324 val_loss: 0.427606 val_acc: 0.678571 test_loss: 0.394250 test_acc: 0.675676
Epoch: 070 train_loss: 0.006365 val_loss: 0.415166 val_acc: 0.696429 test_loss: 0.392345 test_acc: 0.684685
Epoch: 080 train_loss: 0.006267 val_loss: 0.418130 val_acc: 0.687500 test_loss: 0.390375 test_acc: 0.684685
Epoch: 090 train_loss: 0.006251 val_loss: 0.414577 val_acc: 0.696429 test_loss: 0.389437 test_acc: 0.684685
Epoch: 100 train_loss: 0.006238 val_loss: 0.408587 val_acc: 0.732143 test_loss: 0.387665 test_acc: 0.720721
Epoch: 110 train_loss: 0.006210 val_loss: 0.406526 val_acc: 0.750000 test_loss: 0.393154 test_acc: 0.711712
Epoch: 120 train_loss: 0.006183 val_loss: 0.410441 val_acc: 0.714286 test_loss: 0.386940 test_acc: 0.747748
Epoch: 130 train_loss: 0.006253 val_loss: 0.416928 val_acc: 0.723214 test_loss: 0.385094 test_acc: 0.738739
Epoch: 140 train_loss: 0.006270 val_loss: 0.402165 val_acc: 0.741071 test_loss: 0.389191 test_acc: 0.747748
Epoch: 150 train_loss: 0.006189 val_loss: 0.413255 val_acc: 0.696429 test_loss: 0.384754 test_acc: 0.756757
Epoch: 160 train_loss: 0.006116 val_loss: 0.403709 val_acc: 0.741071 test_loss: 0.381124 test_acc: 0.747748
Epoch: 170 train_loss: 0.006090 val_loss: 0.402602 val_acc: 0.732143 test_loss: 0.380426 test_acc: 0.738739
Epoch: 180 train_loss: 0.006145 val_loss: 0.406623 val_acc: 0.732143 test_loss: 0.378750 test_acc: 0.765766
Epoch: 190 train_loss: 0.006136 val_loss: 0.405125 val_acc: 0.705357 test_loss: 0.379053 test_acc: 0.765766
Epoch: 200 train_loss: 0.006071 val_loss: 0.403187 val_acc: 0.732143 test_loss: 0.378516 test_acc: 0.765766
Epoch: 210 train_loss: 0.006040 val_loss: 0.408886 val_acc: 0.696429 test_loss: 0.377644 test_acc: 0.747748
Epoch: 220 train_loss: 0.006027 val_loss: 0.406089 val_acc: 0.732143 test_loss: 0.377639 test_acc: 0.765766
Epoch: 230 train_loss: 0.006039 val_loss: 0.404734 val_acc: 0.732143 test_loss: 0.380337 test_acc: 0.747748
Epoch: 240 train_loss: 0.006011 val_loss: 0.405772 val_acc: 0.705357 test_loss: 0.375078 test_acc: 0.774775
Epoch: 250 train_loss: 0.006059 val_loss: 0.402170 val_acc: 0.723214 test_loss: 0.378421 test_acc: 0.747748
Epoch: 260 train_loss: 0.005987 val_loss: 0.403877 val_acc: 0.714286 test_loss: 0.373453 test_acc: 0.765766
Epoch: 270 train_loss: 0.005958 val_loss: 0.408353 val_acc: 0.687500 test_loss: 0.374294 test_acc: 0.747748
Epoch: 280 train_loss: 0.006068 val_loss: 0.408514 val_acc: 0.758929 test_loss: 0.376562 test_acc: 0.729730
Epoch: 290 train_loss: 0.005955 val_loss: 0.411851 val_acc: 0.678571 test_loss: 0.373820 test_acc: 0.738739
Epoch: 300 train_loss: 0.005937 val_loss: 0.406550 val_acc: 0.705357 test_loss: 0.373859 test_acc: 0.756757
Epoch: 310 train_loss: 0.005940 val_loss: 0.407951 val_acc: 0.705357 test_loss: 0.373411 test_acc: 0.774775
Epoch: 320 train_loss: 0.005914 val_loss: 0.415098 val_acc: 0.696429 test_loss: 0.372152 test_acc: 0.756757
Epoch: 330 train_loss: 0.005885 val_loss: 0.412160 val_acc: 0.705357 test_loss: 0.370790 test_acc: 0.747748
Epoch: 340 train_loss: 0.005893 val_loss: 0.415980 val_acc: 0.678571 test_loss: 0.372735 test_acc: 0.765766
Epoch: 350 train_loss: 0.005885 val_loss: 0.412644 val_acc: 0.705357 test_loss: 0.371320 test_acc: 0.765766
Epoch: 360 train_loss: 0.005844 val_loss: 0.421430 val_acc: 0.705357 test_loss: 0.370549 test_acc: 0.756757
Epoch: 370 train_loss: 0.005852 val_loss: 0.420671 val_acc: 0.732143 test_loss: 0.372220 test_acc: 0.774775
Epoch: 380 train_loss: 0.005829 val_loss: 0.414359 val_acc: 0.714286 test_loss: 0.369006 test_acc: 0.747748
Epoch: 390 train_loss: 0.005830 val_loss: 0.416640 val_acc: 0.696429 test_loss: 0.370990 test_acc: 0.765766
Epoch: 400 train_loss: 0.005802 val_loss: 0.424898 val_acc: 0.705357 test_loss: 0.367870 test_acc: 0.765766
Epoch: 410 train_loss: 0.005856 val_loss: 0.419575 val_acc: 0.732143 test_loss: 0.369303 test_acc: 0.756757
Epoch: 420 train_loss: 0.005797 val_loss: 0.424610 val_acc: 0.714286 test_loss: 0.369864 test_acc: 0.756757
Epoch: 430 train_loss: 0.005767 val_loss: 0.423975 val_acc: 0.723214 test_loss: 0.370334 test_acc: 0.756757
Epoch: 440 train_loss: 0.005765 val_loss: 0.419781 val_acc: 0.678571 test_loss: 0.369091 test_acc: 0.765766
Epoch: 450 train_loss: 0.005734 val_loss: 0.426474 val_acc: 0.714286 test_loss: 0.369261 test_acc: 0.756757
Epoch: 460 train_loss: 0.005744 val_loss: 0.428622 val_acc: 0.696429 test_loss: 0.368154 test_acc: 0.756757
Epoch: 470 train_loss: 0.005776 val_loss: 0.425608 val_acc: 0.723214 test_loss: 0.369236 test_acc: 0.747748
Epoch: 480 train_loss: 0.005698 val_loss: 0.428312 val_acc: 0.705357 test_loss: 0.367905 test_acc: 0.756757
Epoch: 490 train_loss: 0.005726 val_loss: 0.430872 val_acc: 0.705357 test_loss: 0.369266 test_acc: 0.747748
------------- 3 val_acc: 0.7679 test_acc: 0.7387 best_test: 0.7838 -----------------
Fold: 4
Epoch: 000 train_loss: 0.013466 val_loss: 0.441827 val_acc: 0.612613 test_loss: 0.444930 test_acc: 0.621622
Epoch: 010 train_loss: 0.007117 val_loss: 0.428915 val_acc: 0.612613 test_loss: 0.428082 test_acc: 0.621622
Epoch: 020 train_loss: 0.007764 val_loss: 0.426200 val_acc: 0.612613 test_loss: 0.412733 test_acc: 0.612613
Epoch: 030 train_loss: 0.006611 val_loss: 0.409478 val_acc: 0.612613 test_loss: 0.401202 test_acc: 0.657658
Epoch: 040 train_loss: 0.007115 val_loss: 0.460521 val_acc: 0.603604 test_loss: 0.447354 test_acc: 0.639640
Epoch: 050 train_loss: 0.006457 val_loss: 0.401830 val_acc: 0.648649 test_loss: 0.395270 test_acc: 0.684685
Epoch: 060 train_loss: 0.006411 val_loss: 0.399445 val_acc: 0.693694 test_loss: 0.394180 test_acc: 0.711712
Epoch: 070 train_loss: 0.006426 val_loss: 0.400187 val_acc: 0.702703 test_loss: 0.396954 test_acc: 0.720721
Epoch: 080 train_loss: 0.006576 val_loss: 0.401077 val_acc: 0.666667 test_loss: 0.393404 test_acc: 0.720721
Epoch: 090 train_loss: 0.006455 val_loss: 0.407519 val_acc: 0.702703 test_loss: 0.401791 test_acc: 0.729730
Epoch: 100 train_loss: 0.006349 val_loss: 0.408050 val_acc: 0.702703 test_loss: 0.416582 test_acc: 0.747748
Epoch: 110 train_loss: 0.006363 val_loss: 0.393349 val_acc: 0.702703 test_loss: 0.390363 test_acc: 0.729730
Epoch: 120 train_loss: 0.006327 val_loss: 0.395361 val_acc: 0.702703 test_loss: 0.401368 test_acc: 0.738739
Epoch: 130 train_loss: 0.006311 val_loss: 0.394611 val_acc: 0.693694 test_loss: 0.400175 test_acc: 0.756757
Epoch: 140 train_loss: 0.006361 val_loss: 0.396753 val_acc: 0.693694 test_loss: 0.398063 test_acc: 0.756757
Epoch: 150 train_loss: 0.006331 val_loss: 0.397513 val_acc: 0.684685 test_loss: 0.396397 test_acc: 0.738739
Epoch: 160 train_loss: 0.006236 val_loss: 0.390742 val_acc: 0.720721 test_loss: 0.388616 test_acc: 0.765766
Epoch: 170 train_loss: 0.006230 val_loss: 0.388927 val_acc: 0.729730 test_loss: 0.389784 test_acc: 0.756757
Epoch: 180 train_loss: 0.006250 val_loss: 0.388292 val_acc: 0.738739 test_loss: 0.392508 test_acc: 0.756757
Epoch: 190 train_loss: 0.006265 val_loss: 0.389494 val_acc: 0.756757 test_loss: 0.383642 test_acc: 0.756757
Epoch: 200 train_loss: 0.006241 val_loss: 0.390123 val_acc: 0.747748 test_loss: 0.392399 test_acc: 0.756757
Epoch: 210 train_loss: 0.006201 val_loss: 0.385481 val_acc: 0.756757 test_loss: 0.388985 test_acc: 0.747748
Epoch: 220 train_loss: 0.006178 val_loss: 0.384516 val_acc: 0.756757 test_loss: 0.387416 test_acc: 0.747748
Epoch: 230 train_loss: 0.006175 val_loss: 0.387350 val_acc: 0.738739 test_loss: 0.395714 test_acc: 0.756757
Epoch: 240 train_loss: 0.006186 val_loss: 0.384650 val_acc: 0.747748 test_loss: 0.377168 test_acc: 0.765766
Epoch: 250 train_loss: 0.006101 val_loss: 0.383817 val_acc: 0.756757 test_loss: 0.387287 test_acc: 0.756757
Epoch: 260 train_loss: 0.006144 val_loss: 0.387309 val_acc: 0.729730 test_loss: 0.395778 test_acc: 0.774775
Epoch: 270 train_loss: 0.006155 val_loss: 0.382650 val_acc: 0.756757 test_loss: 0.382296 test_acc: 0.756757
Epoch: 280 train_loss: 0.006170 val_loss: 0.384964 val_acc: 0.756757 test_loss: 0.378217 test_acc: 0.756757
Epoch: 290 train_loss: 0.006122 val_loss: 0.383214 val_acc: 0.756757 test_loss: 0.378191 test_acc: 0.738739
Epoch: 300 train_loss: 0.006091 val_loss: 0.384518 val_acc: 0.738739 test_loss: 0.399208 test_acc: 0.783784
Epoch: 310 train_loss: 0.006046 val_loss: 0.381340 val_acc: 0.765766 test_loss: 0.381135 test_acc: 0.747748
Epoch: 320 train_loss: 0.006098 val_loss: 0.382916 val_acc: 0.729730 test_loss: 0.392032 test_acc: 0.765766
Epoch: 330 train_loss: 0.006047 val_loss: 0.378192 val_acc: 0.738739 test_loss: 0.381491 test_acc: 0.765766
Epoch: 340 train_loss: 0.006049 val_loss: 0.376882 val_acc: 0.774775 test_loss: 0.379785 test_acc: 0.756757
Epoch: 350 train_loss: 0.006031 val_loss: 0.381290 val_acc: 0.774775 test_loss: 0.377869 test_acc: 0.738739
Epoch: 360 train_loss: 0.006032 val_loss: 0.378958 val_acc: 0.783784 test_loss: 0.377722 test_acc: 0.747748
Epoch: 370 train_loss: 0.006008 val_loss: 0.377260 val_acc: 0.756757 test_loss: 0.378651 test_acc: 0.765766
Epoch: 380 train_loss: 0.006023 val_loss: 0.379709 val_acc: 0.738739 test_loss: 0.389867 test_acc: 0.783784
Epoch: 390 train_loss: 0.005992 val_loss: 0.376503 val_acc: 0.747748 test_loss: 0.384730 test_acc: 0.765766
Epoch: 400 train_loss: 0.005980 val_loss: 0.374692 val_acc: 0.756757 test_loss: 0.381278 test_acc: 0.774775
Epoch: 410 train_loss: 0.005938 val_loss: 0.375573 val_acc: 0.774775 test_loss: 0.378281 test_acc: 0.783784
Epoch: 420 train_loss: 0.005943 val_loss: 0.377444 val_acc: 0.756757 test_loss: 0.383951 test_acc: 0.783784
Epoch: 430 train_loss: 0.005963 val_loss: 0.374256 val_acc: 0.765766 test_loss: 0.381873 test_acc: 0.774775
Epoch: 440 train_loss: 0.005948 val_loss: 0.375200 val_acc: 0.765766 test_loss: 0.384995 test_acc: 0.774775
Epoch: 450 train_loss: 0.005944 val_loss: 0.374675 val_acc: 0.747748 test_loss: 0.378082 test_acc: 0.774775
Epoch: 460 train_loss: 0.005907 val_loss: 0.378362 val_acc: 0.756757 test_loss: 0.389633 test_acc: 0.765766
Epoch: 470 train_loss: 0.005884 val_loss: 0.375764 val_acc: 0.756757 test_loss: 0.383107 test_acc: 0.774775
Epoch: 480 train_loss: 0.005965 val_loss: 0.372444 val_acc: 0.774775 test_loss: 0.376240 test_acc: 0.765766
Epoch: 490 train_loss: 0.005942 val_loss: 0.371546 val_acc: 0.765766 test_loss: 0.375927 test_acc: 0.774775
------------- 4 val_acc: 0.7838 test_acc: 0.7658 best_test: 0.7838 -----------------
Fold: 5
Epoch: 000 train_loss: 0.008834 val_loss: 0.457096 val_acc: 0.747748 test_loss: 0.446154 test_acc: 0.729730
Epoch: 010 train_loss: 0.006621 val_loss: 0.402520 val_acc: 0.774775 test_loss: 0.389961 test_acc: 0.729730
Epoch: 020 train_loss: 0.006514 val_loss: 0.397941 val_acc: 0.738739 test_loss: 0.380737 test_acc: 0.729730
Epoch: 030 train_loss: 0.006438 val_loss: 0.387575 val_acc: 0.747748 test_loss: 0.374453 test_acc: 0.747748
Epoch: 040 train_loss: 0.006546 val_loss: 0.396803 val_acc: 0.756757 test_loss: 0.376514 test_acc: 0.765766
Epoch: 050 train_loss: 0.006427 val_loss: 0.391516 val_acc: 0.738739 test_loss: 0.376540 test_acc: 0.747748
Epoch: 060 train_loss: 0.006468 val_loss: 0.384015 val_acc: 0.783784 test_loss: 0.369391 test_acc: 0.756757
Epoch: 070 train_loss: 0.006345 val_loss: 0.384388 val_acc: 0.774775 test_loss: 0.365495 test_acc: 0.756757
Epoch: 080 train_loss: 0.006324 val_loss: 0.378815 val_acc: 0.774775 test_loss: 0.364442 test_acc: 0.756757
Epoch: 090 train_loss: 0.006347 val_loss: 0.398951 val_acc: 0.765766 test_loss: 0.365198 test_acc: 0.792793
Epoch: 100 train_loss: 0.006329 val_loss: 0.383658 val_acc: 0.783784 test_loss: 0.363916 test_acc: 0.765766
Epoch: 110 train_loss: 0.006250 val_loss: 0.388316 val_acc: 0.774775 test_loss: 0.364038 test_acc: 0.792793
Epoch: 120 train_loss: 0.006245 val_loss: 0.386298 val_acc: 0.774775 test_loss: 0.363044 test_acc: 0.783784
Epoch: 130 train_loss: 0.006254 val_loss: 0.372899 val_acc: 0.783784 test_loss: 0.364460 test_acc: 0.756757
Epoch: 140 train_loss: 0.006266 val_loss: 0.378942 val_acc: 0.765766 test_loss: 0.362350 test_acc: 0.792793
Epoch: 150 train_loss: 0.006781 val_loss: 0.404020 val_acc: 0.756757 test_loss: 0.385707 test_acc: 0.765766
Epoch: 160 train_loss: 0.006164 val_loss: 0.370900 val_acc: 0.783784 test_loss: 0.362044 test_acc: 0.756757
Epoch: 170 train_loss: 0.006245 val_loss: 0.370738 val_acc: 0.792793 test_loss: 0.359082 test_acc: 0.765766
Epoch: 180 train_loss: 0.006173 val_loss: 0.369423 val_acc: 0.783784 test_loss: 0.360621 test_acc: 0.765766
Epoch: 190 train_loss: 0.006168 val_loss: 0.371889 val_acc: 0.792793 test_loss: 0.360244 test_acc: 0.747748
Epoch: 200 train_loss: 0.006122 val_loss: 0.375899 val_acc: 0.792793 test_loss: 0.357790 test_acc: 0.765766
Epoch: 210 train_loss: 0.006093 val_loss: 0.391036 val_acc: 0.783784 test_loss: 0.359069 test_acc: 0.783784
Epoch: 220 train_loss: 0.006107 val_loss: 0.371100 val_acc: 0.774775 test_loss: 0.358734 test_acc: 0.747748
Epoch: 230 train_loss: 0.006126 val_loss: 0.370218 val_acc: 0.774775 test_loss: 0.353763 test_acc: 0.756757
Epoch: 240 train_loss: 0.006121 val_loss: 0.364569 val_acc: 0.783784 test_loss: 0.362463 test_acc: 0.765766
Epoch: 250 train_loss: 0.006076 val_loss: 0.371707 val_acc: 0.801802 test_loss: 0.352978 test_acc: 0.765766
Epoch: 260 train_loss: 0.006054 val_loss: 0.368761 val_acc: 0.774775 test_loss: 0.357623 test_acc: 0.738739
Epoch: 270 train_loss: 0.006066 val_loss: 0.372637 val_acc: 0.792793 test_loss: 0.353276 test_acc: 0.774775
Epoch: 280 train_loss: 0.006034 val_loss: 0.376330 val_acc: 0.765766 test_loss: 0.351170 test_acc: 0.765766
Epoch: 290 train_loss: 0.006015 val_loss: 0.386324 val_acc: 0.765766 test_loss: 0.357347 test_acc: 0.792793
Epoch: 300 train_loss: 0.006003 val_loss: 0.365746 val_acc: 0.792793 test_loss: 0.352030 test_acc: 0.774775
Epoch: 310 train_loss: 0.006000 val_loss: 0.366445 val_acc: 0.792793 test_loss: 0.351013 test_acc: 0.765766
Epoch: 320 train_loss: 0.005976 val_loss: 0.377563 val_acc: 0.774775 test_loss: 0.349627 test_acc: 0.783784
Epoch: 330 train_loss: 0.005946 val_loss: 0.368839 val_acc: 0.792793 test_loss: 0.352125 test_acc: 0.774775
Epoch: 340 train_loss: 0.005973 val_loss: 0.365354 val_acc: 0.756757 test_loss: 0.352373 test_acc: 0.774775
Epoch: 350 train_loss: 0.005935 val_loss: 0.368247 val_acc: 0.792793 test_loss: 0.351654 test_acc: 0.765766
Epoch: 360 train_loss: 0.005951 val_loss: 0.364281 val_acc: 0.783784 test_loss: 0.349432 test_acc: 0.765766
Epoch: 370 train_loss: 0.005921 val_loss: 0.366051 val_acc: 0.765766 test_loss: 0.350182 test_acc: 0.756757
Epoch: 380 train_loss: 0.005927 val_loss: 0.364841 val_acc: 0.765766 test_loss: 0.350570 test_acc: 0.765766
Epoch: 390 train_loss: 0.005884 val_loss: 0.364617 val_acc: 0.765766 test_loss: 0.347813 test_acc: 0.765766
Epoch: 400 train_loss: 0.005845 val_loss: 0.367668 val_acc: 0.756757 test_loss: 0.349541 test_acc: 0.765766
Epoch: 410 train_loss: 0.005855 val_loss: 0.366292 val_acc: 0.783784 test_loss: 0.345332 test_acc: 0.783784
Epoch: 420 train_loss: 0.005826 val_loss: 0.370938 val_acc: 0.774775 test_loss: 0.351244 test_acc: 0.774775
Epoch: 430 train_loss: 0.005871 val_loss: 0.363513 val_acc: 0.783784 test_loss: 0.350967 test_acc: 0.774775
Epoch: 440 train_loss: 0.005854 val_loss: 0.361400 val_acc: 0.783784 test_loss: 0.342889 test_acc: 0.765766
Epoch: 450 train_loss: 0.005791 val_loss: 0.367526 val_acc: 0.774775 test_loss: 0.348446 test_acc: 0.774775
Epoch: 460 train_loss: 0.005775 val_loss: 0.367985 val_acc: 0.783784 test_loss: 0.346320 test_acc: 0.774775
Epoch: 470 train_loss: 0.005839 val_loss: 0.369419 val_acc: 0.774775 test_loss: 0.344262 test_acc: 0.774775
Epoch: 480 train_loss: 0.005841 val_loss: 0.363405 val_acc: 0.783784 test_loss: 0.345017 test_acc: 0.783784
Epoch: 490 train_loss: 0.005768 val_loss: 0.365726 val_acc: 0.801802 test_loss: 0.345711 test_acc: 0.774775
------------- 5 val_acc: 0.8108 test_acc: 0.7658 best_test: 0.8108 -----------------
Fold: 6
Epoch: 000 train_loss: 0.010198 val_loss: 0.421203 val_acc: 0.693694 test_loss: 0.439404 test_acc: 0.702703
Epoch: 010 train_loss: 0.007807 val_loss: 0.395925 val_acc: 0.720721 test_loss: 0.413155 test_acc: 0.711712
Epoch: 020 train_loss: 0.006606 val_loss: 0.382232 val_acc: 0.756757 test_loss: 0.413745 test_acc: 0.666667
Epoch: 030 train_loss: 0.006497 val_loss: 0.368325 val_acc: 0.756757 test_loss: 0.397337 test_acc: 0.675676
Epoch: 040 train_loss: 0.006497 val_loss: 0.364917 val_acc: 0.747748 test_loss: 0.397718 test_acc: 0.684685
Epoch: 050 train_loss: 0.006431 val_loss: 0.370209 val_acc: 0.792793 test_loss: 0.410600 test_acc: 0.702703
Epoch: 060 train_loss: 0.006430 val_loss: 0.368665 val_acc: 0.756757 test_loss: 0.406022 test_acc: 0.702703
Epoch: 070 train_loss: 0.006362 val_loss: 0.356935 val_acc: 0.774775 test_loss: 0.395316 test_acc: 0.693694
Epoch: 080 train_loss: 0.006306 val_loss: 0.360030 val_acc: 0.774775 test_loss: 0.403257 test_acc: 0.711712
Epoch: 090 train_loss: 0.006303 val_loss: 0.355224 val_acc: 0.783784 test_loss: 0.399491 test_acc: 0.738739
Epoch: 100 train_loss: 0.006281 val_loss: 0.357687 val_acc: 0.765766 test_loss: 0.411163 test_acc: 0.702703
Epoch: 110 train_loss: 0.006288 val_loss: 0.358560 val_acc: 0.774775 test_loss: 0.427898 test_acc: 0.702703
Epoch: 120 train_loss: 0.006203 val_loss: 0.365061 val_acc: 0.765766 test_loss: 0.441951 test_acc: 0.702703
Epoch: 130 train_loss: 0.006297 val_loss: 0.358588 val_acc: 0.801802 test_loss: 0.436131 test_acc: 0.702703
Epoch: 140 train_loss: 0.006220 val_loss: 0.360804 val_acc: 0.792793 test_loss: 0.441264 test_acc: 0.711712
Epoch: 150 train_loss: 0.006208 val_loss: 0.365619 val_acc: 0.801802 test_loss: 0.450004 test_acc: 0.702703
Epoch: 160 train_loss: 0.006143 val_loss: 0.366065 val_acc: 0.774775 test_loss: 0.456043 test_acc: 0.675676
Epoch: 170 train_loss: 0.006194 val_loss: 0.358236 val_acc: 0.783784 test_loss: 0.443112 test_acc: 0.693694
Epoch: 180 train_loss: 0.006763 val_loss: 0.421785 val_acc: 0.810811 test_loss: 0.503101 test_acc: 0.711712
Epoch: 190 train_loss: 0.006129 val_loss: 0.363770 val_acc: 0.801802 test_loss: 0.452279 test_acc: 0.702703
Epoch: 200 train_loss: 0.006127 val_loss: 0.352226 val_acc: 0.783784 test_loss: 0.432486 test_acc: 0.693694
Epoch: 210 train_loss: 0.006094 val_loss: 0.356258 val_acc: 0.792793 test_loss: 0.455293 test_acc: 0.693694
Epoch: 220 train_loss: 0.006082 val_loss: 0.354987 val_acc: 0.783784 test_loss: 0.449444 test_acc: 0.702703
Epoch: 230 train_loss: 0.006057 val_loss: 0.357350 val_acc: 0.801802 test_loss: 0.456328 test_acc: 0.720721
Epoch: 240 train_loss: 0.006025 val_loss: 0.352881 val_acc: 0.792793 test_loss: 0.451093 test_acc: 0.720721
Epoch: 250 train_loss: 0.006002 val_loss: 0.357182 val_acc: 0.774775 test_loss: 0.448348 test_acc: 0.720721
Epoch: 260 train_loss: 0.006025 val_loss: 0.352916 val_acc: 0.783784 test_loss: 0.443369 test_acc: 0.702703
Epoch: 270 train_loss: 0.006018 val_loss: 0.361481 val_acc: 0.801802 test_loss: 0.454247 test_acc: 0.729730
Epoch: 280 train_loss: 0.006007 val_loss: 0.358420 val_acc: 0.774775 test_loss: 0.462816 test_acc: 0.720721
Epoch: 290 train_loss: 0.005997 val_loss: 0.365768 val_acc: 0.801802 test_loss: 0.463147 test_acc: 0.675676
Epoch: 300 train_loss: 0.005959 val_loss: 0.360059 val_acc: 0.792793 test_loss: 0.461347 test_acc: 0.720721
Epoch: 310 train_loss: 0.005918 val_loss: 0.358498 val_acc: 0.801802 test_loss: 0.464267 test_acc: 0.693694
Epoch: 320 train_loss: 0.005961 val_loss: 0.357045 val_acc: 0.783784 test_loss: 0.465286 test_acc: 0.729730
Epoch: 330 train_loss: 0.005941 val_loss: 0.351268 val_acc: 0.792793 test_loss: 0.419886 test_acc: 0.711712
Epoch: 340 train_loss: 0.005915 val_loss: 0.354658 val_acc: 0.783784 test_loss: 0.460011 test_acc: 0.675676
Epoch: 350 train_loss: 0.005896 val_loss: 0.352928 val_acc: 0.783784 test_loss: 0.451949 test_acc: 0.702703
Epoch: 360 train_loss: 0.005859 val_loss: 0.355576 val_acc: 0.801802 test_loss: 0.459923 test_acc: 0.702703
Epoch: 370 train_loss: 0.005902 val_loss: 0.353807 val_acc: 0.774775 test_loss: 0.438550 test_acc: 0.711712
Epoch: 380 train_loss: 0.005900 val_loss: 0.363432 val_acc: 0.792793 test_loss: 0.472682 test_acc: 0.666667
Epoch: 390 train_loss: 0.005879 val_loss: 0.355356 val_acc: 0.783784 test_loss: 0.460159 test_acc: 0.675676
Epoch: 400 train_loss: 0.005844 val_loss: 0.352628 val_acc: 0.792793 test_loss: 0.457322 test_acc: 0.684685
Epoch: 410 train_loss: 0.005889 val_loss: 0.350783 val_acc: 0.783784 test_loss: 0.455659 test_acc: 0.702703
Epoch: 420 train_loss: 0.005790 val_loss: 0.355708 val_acc: 0.801802 test_loss: 0.458760 test_acc: 0.657658
Epoch: 430 train_loss: 0.005841 val_loss: 0.351049 val_acc: 0.810811 test_loss: 0.459407 test_acc: 0.657658
Epoch: 440 train_loss: 0.005796 val_loss: 0.352190 val_acc: 0.801802 test_loss: 0.468030 test_acc: 0.639640
Epoch: 450 train_loss: 0.005771 val_loss: 0.356852 val_acc: 0.792793 test_loss: 0.469904 test_acc: 0.657658
Epoch: 460 train_loss: 0.005755 val_loss: 0.352290 val_acc: 0.801802 test_loss: 0.458413 test_acc: 0.666667
Epoch: 470 train_loss: 0.005756 val_loss: 0.356249 val_acc: 0.801802 test_loss: 0.461835 test_acc: 0.666667
Epoch: 480 train_loss: 0.005747 val_loss: 0.352574 val_acc: 0.792793 test_loss: 0.460378 test_acc: 0.675676
Epoch: 490 train_loss: 0.005715 val_loss: 0.352276 val_acc: 0.801802 test_loss: 0.464801 test_acc: 0.648649
------------- 6 val_acc: 0.8198 test_acc: 0.6847 best_test: 0.7568 -----------------
Fold: 7
Epoch: 000 train_loss: 0.010987 val_loss: 0.452761 val_acc: 0.648649 test_loss: 0.470016 test_acc: 0.639640
Epoch: 010 train_loss: 0.006606 val_loss: 0.393438 val_acc: 0.675676 test_loss: 0.420879 test_acc: 0.675676
Epoch: 020 train_loss: 0.007175 val_loss: 0.445225 val_acc: 0.711712 test_loss: 0.466504 test_acc: 0.729730
Epoch: 030 train_loss: 0.006512 val_loss: 0.401978 val_acc: 0.711712 test_loss: 0.425159 test_acc: 0.720721
Epoch: 040 train_loss: 0.006331 val_loss: 0.398463 val_acc: 0.711712 test_loss: 0.422713 test_acc: 0.738739
Epoch: 050 train_loss: 0.006314 val_loss: 0.413511 val_acc: 0.684685 test_loss: 0.422356 test_acc: 0.747748
Epoch: 060 train_loss: 0.006400 val_loss: 0.405732 val_acc: 0.702703 test_loss: 0.420986 test_acc: 0.729730
Epoch: 070 train_loss: 0.006226 val_loss: 0.418110 val_acc: 0.666667 test_loss: 0.418963 test_acc: 0.765766
Epoch: 080 train_loss: 0.006331 val_loss: 0.431422 val_acc: 0.684685 test_loss: 0.422532 test_acc: 0.738739
Epoch: 090 train_loss: 0.006206 val_loss: 0.429241 val_acc: 0.657658 test_loss: 0.418409 test_acc: 0.729730
Epoch: 100 train_loss: 0.006213 val_loss: 0.420113 val_acc: 0.684685 test_loss: 0.419956 test_acc: 0.720721
Epoch: 110 train_loss: 0.006112 val_loss: 0.440565 val_acc: 0.684685 test_loss: 0.419688 test_acc: 0.729730
Epoch: 120 train_loss: 0.006120 val_loss: 0.449682 val_acc: 0.711712 test_loss: 0.420811 test_acc: 0.720721
Epoch: 130 train_loss: 0.006107 val_loss: 0.470616 val_acc: 0.684685 test_loss: 0.417712 test_acc: 0.729730
Epoch: 140 train_loss: 0.006117 val_loss: 0.488690 val_acc: 0.693694 test_loss: 0.416427 test_acc: 0.711712
Epoch: 150 train_loss: 0.006051 val_loss: 0.470173 val_acc: 0.684685 test_loss: 0.417808 test_acc: 0.729730
Epoch: 160 train_loss: 0.005959 val_loss: 0.463359 val_acc: 0.693694 test_loss: 0.416851 test_acc: 0.738739
Epoch: 170 train_loss: 0.006004 val_loss: 0.435941 val_acc: 0.675676 test_loss: 0.417823 test_acc: 0.720721
Epoch: 180 train_loss: 0.005954 val_loss: 0.471717 val_acc: 0.711712 test_loss: 0.416883 test_acc: 0.729730
Epoch: 190 train_loss: 0.005990 val_loss: 0.481158 val_acc: 0.702703 test_loss: 0.421961 test_acc: 0.738739
Epoch: 200 train_loss: 0.005888 val_loss: 0.477404 val_acc: 0.675676 test_loss: 0.416114 test_acc: 0.729730
Epoch: 210 train_loss: 0.005895 val_loss: 0.467305 val_acc: 0.702703 test_loss: 0.411826 test_acc: 0.738739
Epoch: 220 train_loss: 0.005814 val_loss: 0.490364 val_acc: 0.702703 test_loss: 0.414714 test_acc: 0.720721
Epoch: 230 train_loss: 0.005812 val_loss: 0.486569 val_acc: 0.675676 test_loss: 0.417638 test_acc: 0.738739
Epoch: 240 train_loss: 0.005826 val_loss: 0.492984 val_acc: 0.693694 test_loss: 0.419699 test_acc: 0.747748
Epoch: 250 train_loss: 0.005811 val_loss: 0.491343 val_acc: 0.693694 test_loss: 0.415983 test_acc: 0.738739
Epoch: 260 train_loss: 0.005799 val_loss: 0.511906 val_acc: 0.693694 test_loss: 0.416013 test_acc: 0.756757
Epoch: 270 train_loss: 0.005718 val_loss: 0.482276 val_acc: 0.693694 test_loss: 0.410153 test_acc: 0.747748
Epoch: 280 train_loss: 0.005800 val_loss: 0.473878 val_acc: 0.684685 test_loss: 0.408501 test_acc: 0.738739
Epoch: 290 train_loss: 0.005793 val_loss: 0.492854 val_acc: 0.684685 test_loss: 0.408140 test_acc: 0.756757
Epoch: 300 train_loss: 0.005707 val_loss: 0.485754 val_acc: 0.702703 test_loss: 0.414808 test_acc: 0.747748
Epoch: 310 train_loss: 0.005675 val_loss: 0.480736 val_acc: 0.693694 test_loss: 0.410516 test_acc: 0.747748
Epoch: 320 train_loss: 0.005660 val_loss: 0.487340 val_acc: 0.684685 test_loss: 0.410059 test_acc: 0.774775
Epoch: 330 train_loss: 0.005642 val_loss: 0.483087 val_acc: 0.675676 test_loss: 0.413107 test_acc: 0.747748
Epoch: 340 train_loss: 0.005687 val_loss: 0.477669 val_acc: 0.684685 test_loss: 0.405830 test_acc: 0.747748
Epoch: 350 train_loss: 0.005582 val_loss: 0.466625 val_acc: 0.684685 test_loss: 0.408189 test_acc: 0.774775
Epoch: 360 train_loss: 0.005566 val_loss: 0.485334 val_acc: 0.684685 test_loss: 0.413126 test_acc: 0.738739
Epoch: 370 train_loss: 0.005512 val_loss: 0.501235 val_acc: 0.711712 test_loss: 0.415324 test_acc: 0.765766
Epoch: 380 train_loss: 0.005633 val_loss: 0.499654 val_acc: 0.666667 test_loss: 0.404680 test_acc: 0.747748
Epoch: 390 train_loss: 0.005545 val_loss: 0.489290 val_acc: 0.657658 test_loss: 0.409591 test_acc: 0.738739
Epoch: 400 train_loss: 0.005456 val_loss: 0.488470 val_acc: 0.639640 test_loss: 0.419424 test_acc: 0.765766
Epoch: 410 train_loss: 0.005430 val_loss: 0.495036 val_acc: 0.639640 test_loss: 0.415520 test_acc: 0.756757
Epoch: 420 train_loss: 0.005467 val_loss: 0.500580 val_acc: 0.639640 test_loss: 0.424949 test_acc: 0.747748
Epoch: 430 train_loss: 0.005472 val_loss: 0.501635 val_acc: 0.639640 test_loss: 0.420826 test_acc: 0.747748
Epoch: 440 train_loss: 0.005324 val_loss: 0.499473 val_acc: 0.648649 test_loss: 0.429049 test_acc: 0.747748
Epoch: 450 train_loss: 0.005353 val_loss: 0.486270 val_acc: 0.666667 test_loss: 0.419629 test_acc: 0.765766
Epoch: 460 train_loss: 0.005300 val_loss: 0.506281 val_acc: 0.675676 test_loss: 0.431080 test_acc: 0.765766
Epoch: 470 train_loss: 0.005354 val_loss: 0.552290 val_acc: 0.630631 test_loss: 0.442739 test_acc: 0.747748
Epoch: 480 train_loss: 0.005236 val_loss: 0.512789 val_acc: 0.648649 test_loss: 0.429484 test_acc: 0.765766
Epoch: 490 train_loss: 0.005188 val_loss: 0.523629 val_acc: 0.684685 test_loss: 0.427913 test_acc: 0.756757
------------- 7 val_acc: 0.7207 test_acc: 0.7207 best_test: 0.7838 -----------------
Fold: 8
Epoch: 000 train_loss: 0.013935 val_loss: 0.462688 val_acc: 0.675676 test_loss: 0.496343 test_acc: 0.567568
Epoch: 010 train_loss: 0.006423 val_loss: 0.420795 val_acc: 0.738739 test_loss: 0.459846 test_acc: 0.684685
Epoch: 020 train_loss: 0.006764 val_loss: 0.437683 val_acc: 0.747748 test_loss: 0.486373 test_acc: 0.684685
Epoch: 030 train_loss: 0.006296 val_loss: 0.417553 val_acc: 0.738739 test_loss: 0.463810 test_acc: 0.666667
Epoch: 040 train_loss: 0.006863 val_loss: 0.419735 val_acc: 0.720721 test_loss: 0.469426 test_acc: 0.639640
Epoch: 050 train_loss: 0.006204 val_loss: 0.418095 val_acc: 0.747748 test_loss: 0.464073 test_acc: 0.693694
Epoch: 060 train_loss: 0.006614 val_loss: 0.419262 val_acc: 0.747748 test_loss: 0.462903 test_acc: 0.711712
Epoch: 070 train_loss: 0.006164 val_loss: 0.417749 val_acc: 0.747748 test_loss: 0.457565 test_acc: 0.711712
Epoch: 080 train_loss: 0.006150 val_loss: 0.420541 val_acc: 0.738739 test_loss: 0.454657 test_acc: 0.702703
Epoch: 090 train_loss: 0.006189 val_loss: 0.420848 val_acc: 0.738739 test_loss: 0.455353 test_acc: 0.747748
Epoch: 100 train_loss: 0.006126 val_loss: 0.420994 val_acc: 0.729730 test_loss: 0.463632 test_acc: 0.657658
Epoch: 110 train_loss: 0.006085 val_loss: 0.416706 val_acc: 0.729730 test_loss: 0.450743 test_acc: 0.720721
Epoch: 120 train_loss: 0.006096 val_loss: 0.414844 val_acc: 0.720721 test_loss: 0.449897 test_acc: 0.711712
Epoch: 130 train_loss: 0.006139 val_loss: 0.416601 val_acc: 0.738739 test_loss: 0.458235 test_acc: 0.693694
Epoch: 140 train_loss: 0.006113 val_loss: 0.418858 val_acc: 0.747748 test_loss: 0.455605 test_acc: 0.693694
Epoch: 150 train_loss: 0.006054 val_loss: 0.413960 val_acc: 0.729730 test_loss: 0.449156 test_acc: 0.729730
Epoch: 160 train_loss: 0.006047 val_loss: 0.415025 val_acc: 0.729730 test_loss: 0.451871 test_acc: 0.738739
Epoch: 170 train_loss: 0.006099 val_loss: 0.423353 val_acc: 0.738739 test_loss: 0.466076 test_acc: 0.711712
Epoch: 180 train_loss: 0.006036 val_loss: 0.416045 val_acc: 0.738739 test_loss: 0.452602 test_acc: 0.711712
Epoch: 190 train_loss: 0.006062 val_loss: 0.411425 val_acc: 0.756757 test_loss: 0.447316 test_acc: 0.738739
Epoch: 200 train_loss: 0.006044 val_loss: 0.416342 val_acc: 0.747748 test_loss: 0.447984 test_acc: 0.729730
Epoch: 210 train_loss: 0.006018 val_loss: 0.414075 val_acc: 0.756757 test_loss: 0.446162 test_acc: 0.738739
Epoch: 220 train_loss: 0.005988 val_loss: 0.414676 val_acc: 0.738739 test_loss: 0.452146 test_acc: 0.747748
Epoch: 230 train_loss: 0.005991 val_loss: 0.415061 val_acc: 0.747748 test_loss: 0.455361 test_acc: 0.738739
Epoch: 240 train_loss: 0.005972 val_loss: 0.413885 val_acc: 0.756757 test_loss: 0.448384 test_acc: 0.729730
Epoch: 250 train_loss: 0.006018 val_loss: 0.413634 val_acc: 0.747748 test_loss: 0.448655 test_acc: 0.729730
Epoch: 260 train_loss: 0.005919 val_loss: 0.415752 val_acc: 0.738739 test_loss: 0.449777 test_acc: 0.738739
Epoch: 270 train_loss: 0.005929 val_loss: 0.411971 val_acc: 0.747748 test_loss: 0.442356 test_acc: 0.738739
Epoch: 280 train_loss: 0.005897 val_loss: 0.413584 val_acc: 0.747748 test_loss: 0.440175 test_acc: 0.729730
Epoch: 290 train_loss: 0.005919 val_loss: 0.413653 val_acc: 0.756757 test_loss: 0.444374 test_acc: 0.729730
Epoch: 300 train_loss: 0.005938 val_loss: 0.413504 val_acc: 0.747748 test_loss: 0.453401 test_acc: 0.738739
Epoch: 310 train_loss: 0.005886 val_loss: 0.413744 val_acc: 0.729730 test_loss: 0.439083 test_acc: 0.747748
Epoch: 320 train_loss: 0.005876 val_loss: 0.412911 val_acc: 0.738739 test_loss: 0.439532 test_acc: 0.747748
Epoch: 330 train_loss: 0.005854 val_loss: 0.412513 val_acc: 0.738739 test_loss: 0.441925 test_acc: 0.747748
Epoch: 340 train_loss: 0.005875 val_loss: 0.413703 val_acc: 0.747748 test_loss: 0.436114 test_acc: 0.729730
Epoch: 350 train_loss: 0.005825 val_loss: 0.411862 val_acc: 0.747748 test_loss: 0.438898 test_acc: 0.738739
Epoch: 360 train_loss: 0.005839 val_loss: 0.411735 val_acc: 0.747748 test_loss: 0.434671 test_acc: 0.738739
Epoch: 370 train_loss: 0.005867 val_loss: 0.411427 val_acc: 0.747748 test_loss: 0.444623 test_acc: 0.738739
Epoch: 380 train_loss: 0.005841 val_loss: 0.410559 val_acc: 0.756757 test_loss: 0.433647 test_acc: 0.765766
Epoch: 390 train_loss: 0.005818 val_loss: 0.411997 val_acc: 0.747748 test_loss: 0.438899 test_acc: 0.747748
Epoch: 400 train_loss: 0.005826 val_loss: 0.410415 val_acc: 0.756757 test_loss: 0.442322 test_acc: 0.747748
Epoch: 410 train_loss: 0.005805 val_loss: 0.411349 val_acc: 0.756757 test_loss: 0.433912 test_acc: 0.765766
Epoch: 420 train_loss: 0.005807 val_loss: 0.411057 val_acc: 0.738739 test_loss: 0.430145 test_acc: 0.765766
Epoch: 430 train_loss: 0.005817 val_loss: 0.413038 val_acc: 0.747748 test_loss: 0.439355 test_acc: 0.729730
Epoch: 440 train_loss: 0.005818 val_loss: 0.412135 val_acc: 0.765766 test_loss: 0.430844 test_acc: 0.756757
Epoch: 450 train_loss: 0.005812 val_loss: 0.410603 val_acc: 0.756757 test_loss: 0.432115 test_acc: 0.756757
Epoch: 460 train_loss: 0.005766 val_loss: 0.411791 val_acc: 0.747748 test_loss: 0.432918 test_acc: 0.783784
Epoch: 470 train_loss: 0.005732 val_loss: 0.409958 val_acc: 0.756757 test_loss: 0.432777 test_acc: 0.765766
Epoch: 480 train_loss: 0.005738 val_loss: 0.412100 val_acc: 0.747748 test_loss: 0.436989 test_acc: 0.783784
Epoch: 490 train_loss: 0.005745 val_loss: 0.411069 val_acc: 0.765766 test_loss: 0.433709 test_acc: 0.765766
------------- 8 val_acc: 0.7748 test_acc: 0.7658 best_test: 0.7928 -----------------
Fold: 9
Epoch: 000 train_loss: 0.012842 val_loss: 0.736206 val_acc: 0.486486 test_loss: 0.559838 test_acc: 0.648649
Epoch: 010 train_loss: 0.006566 val_loss: 0.475342 val_acc: 0.522523 test_loss: 0.404050 test_acc: 0.675676
Epoch: 020 train_loss: 0.006648 val_loss: 0.464727 val_acc: 0.567568 test_loss: 0.408203 test_acc: 0.693694
Epoch: 030 train_loss: 0.006447 val_loss: 0.471116 val_acc: 0.576577 test_loss: 0.395887 test_acc: 0.693694
Epoch: 040 train_loss: 0.006434 val_loss: 0.458127 val_acc: 0.648649 test_loss: 0.397256 test_acc: 0.720721
Epoch: 050 train_loss: 0.006317 val_loss: 0.464953 val_acc: 0.639640 test_loss: 0.392633 test_acc: 0.729730
Epoch: 060 train_loss: 0.006227 val_loss: 0.461881 val_acc: 0.657658 test_loss: 0.386274 test_acc: 0.729730
Epoch: 070 train_loss: 0.006212 val_loss: 0.464683 val_acc: 0.666667 test_loss: 0.391286 test_acc: 0.729730
Epoch: 080 train_loss: 0.006366 val_loss: 0.514007 val_acc: 0.657658 test_loss: 0.416675 test_acc: 0.756757
Epoch: 090 train_loss: 0.006236 val_loss: 0.455352 val_acc: 0.684685 test_loss: 0.393730 test_acc: 0.738739
Epoch: 100 train_loss: 0.006188 val_loss: 0.464238 val_acc: 0.657658 test_loss: 0.390872 test_acc: 0.729730
Epoch: 110 train_loss: 0.006158 val_loss: 0.453727 val_acc: 0.684685 test_loss: 0.389488 test_acc: 0.729730
Epoch: 120 train_loss: 0.006182 val_loss: 0.446343 val_acc: 0.693694 test_loss: 0.389690 test_acc: 0.756757
Epoch: 130 train_loss: 0.006213 val_loss: 0.469654 val_acc: 0.648649 test_loss: 0.393085 test_acc: 0.711712
Epoch: 140 train_loss: 0.006112 val_loss: 0.456917 val_acc: 0.684685 test_loss: 0.390241 test_acc: 0.720721
Epoch: 150 train_loss: 0.006141 val_loss: 0.447682 val_acc: 0.711712 test_loss: 0.388509 test_acc: 0.783784
Epoch: 160 train_loss: 0.006059 val_loss: 0.452152 val_acc: 0.693694 test_loss: 0.385901 test_acc: 0.738739
Epoch: 170 train_loss: 0.006092 val_loss: 0.448544 val_acc: 0.711712 test_loss: 0.387548 test_acc: 0.765766
Epoch: 180 train_loss: 0.006077 val_loss: 0.447228 val_acc: 0.693694 test_loss: 0.387320 test_acc: 0.783784
Epoch: 190 train_loss: 0.006116 val_loss: 0.459666 val_acc: 0.711712 test_loss: 0.390525 test_acc: 0.765766
Epoch: 200 train_loss: 0.006022 val_loss: 0.455676 val_acc: 0.702703 test_loss: 0.387385 test_acc: 0.765766
Epoch: 210 train_loss: 0.006037 val_loss: 0.450371 val_acc: 0.693694 test_loss: 0.388891 test_acc: 0.765766
Epoch: 220 train_loss: 0.006044 val_loss: 0.444065 val_acc: 0.720721 test_loss: 0.384367 test_acc: 0.792793
Epoch: 230 train_loss: 0.006006 val_loss: 0.445947 val_acc: 0.702703 test_loss: 0.388831 test_acc: 0.783784
Epoch: 240 train_loss: 0.006034 val_loss: 0.444521 val_acc: 0.720721 test_loss: 0.384930 test_acc: 0.783784
Epoch: 250 train_loss: 0.006054 val_loss: 0.451656 val_acc: 0.729730 test_loss: 0.395558 test_acc: 0.792793
Epoch: 260 train_loss: 0.005982 val_loss: 0.438210 val_acc: 0.711712 test_loss: 0.383601 test_acc: 0.783784
Epoch: 270 train_loss: 0.005933 val_loss: 0.439190 val_acc: 0.720721 test_loss: 0.389022 test_acc: 0.792793
Epoch: 280 train_loss: 0.005913 val_loss: 0.450504 val_acc: 0.711712 test_loss: 0.385224 test_acc: 0.765766
Epoch: 290 train_loss: 0.005906 val_loss: 0.433121 val_acc: 0.747748 test_loss: 0.385664 test_acc: 0.792793
Epoch: 300 train_loss: 0.005959 val_loss: 0.438051 val_acc: 0.711712 test_loss: 0.387755 test_acc: 0.783784
Epoch: 310 train_loss: 0.005914 val_loss: 0.430789 val_acc: 0.756757 test_loss: 0.385047 test_acc: 0.765766
Epoch: 320 train_loss: 0.005867 val_loss: 0.436296 val_acc: 0.729730 test_loss: 0.386248 test_acc: 0.765766
Epoch: 330 train_loss: 0.005937 val_loss: 0.436799 val_acc: 0.693694 test_loss: 0.388191 test_acc: 0.774775
Epoch: 340 train_loss: 0.005898 val_loss: 0.435352 val_acc: 0.720721 test_loss: 0.391762 test_acc: 0.783784
Epoch: 350 train_loss: 0.005824 val_loss: 0.427099 val_acc: 0.747748 test_loss: 0.388605 test_acc: 0.765766
Epoch: 360 train_loss: 0.005818 val_loss: 0.431144 val_acc: 0.747748 test_loss: 0.388879 test_acc: 0.765766
Epoch: 370 train_loss: 0.005830 val_loss: 0.433814 val_acc: 0.756757 test_loss: 0.389375 test_acc: 0.765766
Epoch: 380 train_loss: 0.005786 val_loss: 0.426883 val_acc: 0.756757 test_loss: 0.387361 test_acc: 0.765766
Epoch: 390 train_loss: 0.005839 val_loss: 0.437316 val_acc: 0.702703 test_loss: 0.387852 test_acc: 0.774775
Epoch: 400 train_loss: 0.005767 val_loss: 0.424505 val_acc: 0.765766 test_loss: 0.397664 test_acc: 0.774775
Epoch: 410 train_loss: 0.005731 val_loss: 0.426268 val_acc: 0.792793 test_loss: 0.395750 test_acc: 0.756757
Epoch: 420 train_loss: 0.005748 val_loss: 0.430355 val_acc: 0.738739 test_loss: 0.391079 test_acc: 0.765766
Epoch: 430 train_loss: 0.005749 val_loss: 0.424039 val_acc: 0.783784 test_loss: 0.395830 test_acc: 0.783784
Epoch: 440 train_loss: 0.005766 val_loss: 0.422844 val_acc: 0.756757 test_loss: 0.394144 test_acc: 0.783784
Epoch: 450 train_loss: 0.005692 val_loss: 0.418420 val_acc: 0.765766 test_loss: 0.396012 test_acc: 0.765766
Epoch: 460 train_loss: 0.005803 val_loss: 0.422565 val_acc: 0.765766 test_loss: 0.390746 test_acc: 0.783784
Epoch: 470 train_loss: 0.005707 val_loss: 0.428671 val_acc: 0.774775 test_loss: 0.397537 test_acc: 0.747748
Epoch: 480 train_loss: 0.005728 val_loss: 0.437682 val_acc: 0.738739 test_loss: 0.393756 test_acc: 0.747748
Epoch: 490 train_loss: 0.005671 val_loss: 0.418554 val_acc: 0.756757 test_loss: 0.397199 test_acc: 0.774775
------------- 9 val_acc: 0.7928 test_acc: 0.7748 best_test: 0.8018 -----------------
[0.7857142857142857, 0.7767857142857143, 0.7857142857142857, 0.7837837837837838, 0.7837837837837838, 0.8108108108108109, 0.7567567567567568, 0.7837837837837838, 0.7927927927927928, 0.8018018018018018]
[0.7857142857142857, 0.7142857142857143, 0.7321428571428571, 0.7387387387387387, 0.7657657657657657, 0.7657657657657657, 0.6846846846846847, 0.7207207207207207, 0.7657657657657657, 0.7747747747747747]
[10 Fold results] data_val:78.26  2.62 data_test:74.48  3.04 best_test:78.62  1.37
