/home/dongrui/anaconda3/envs/dr/lib/python3.9/site-packages/torch_geometric/data/in_memory_dataset.py:284: UserWarning: It is not recommended to directly access the internal storage format `data` of an 'InMemoryDataset'. If you are absolutely certain what you are doing, access the internal storage via `InMemoryDataset._data` instead to suppress this warning. Alternatively, you can access stacked individual attributes of every graph via `dataset.{attr_name}`.
  warnings.warn(msg)
Namespace(device='cuda:2', dataset='PROTEINS', in_size=3, num_classes=2, model_name='fusion', fusion_type='early', gcn_channels=3, gcn_hidden=128, gcn_layers=4, gcn_dropout=0.1, trans_num_layers=4, input_node_dim=3, hidden_node_dim=32, input_edge_dim=0, hidden_edge_dim=32, ouput_dim=None, n_heads=4, max_in_degree=5, max_out_degree=5, max_path_distance=5, hidden_dim=128, num_layers=4, num_features=3, num_heads=8, dropout=0.1, pos_encoding='gcn', att_dropout=0.1, d_k=64, d_v=64, pos_embed_type='s', alpha=0.4, num_fusion_layers=4, eta=0.5, ffn_dim=128, lam1=0.2, lam2=0.2, theta1=0.1, theta2=0.45, theta3=0.45, gamma=0.7, loss_log=2, folds=10, lr=0.0001, weight_decay=0.0005, batch_size=64, epoches=500, output_dim=2)
/home/dongrui/anaconda3/envs/dr/lib/python3.9/site-packages/torch_geometric/data/in_memory_dataset.py:284: UserWarning: It is not recommended to directly access the internal storage format `data` of an 'InMemoryDataset'. The given 'InMemoryDataset' only references a subset of examples of the full dataset, but 'data' will contain information of the full dataset. The data of the dataset is already cached, so any modifications to `data` will not be reflected when accessing its elements. Clearing the cache now by removing all elements in `dataset._data_list`. If you are absolutely certain what you are doing, access the internal storage via `InMemoryDataset._data` instead to suppress this warning. Alternatively, you can access stacked individual attributes of every graph via `dataset.{attr_name}`.
  warnings.warn(msg)
Fold: 0
Epoch: 000 train_loss: 0.010890 val_loss: 0.427375 val_acc: 0.648649 test_loss: 0.467482 test_acc: 0.535714
Epoch: 010 train_loss: 0.006649 val_loss: 0.397536 val_acc: 0.666667 test_loss: 0.431853 test_acc: 0.607143
Epoch: 020 train_loss: 0.006448 val_loss: 0.392697 val_acc: 0.702703 test_loss: 0.423939 test_acc: 0.687500
Epoch: 030 train_loss: 0.006493 val_loss: 0.402165 val_acc: 0.729730 test_loss: 0.434916 test_acc: 0.723214
Epoch: 040 train_loss: 0.006441 val_loss: 0.391141 val_acc: 0.684685 test_loss: 0.413490 test_acc: 0.705357
Epoch: 050 train_loss: 0.006401 val_loss: 0.390045 val_acc: 0.729730 test_loss: 0.414846 test_acc: 0.705357
Epoch: 060 train_loss: 0.006296 val_loss: 0.391695 val_acc: 0.711712 test_loss: 0.410019 test_acc: 0.696429
Epoch: 070 train_loss: 0.006303 val_loss: 0.390463 val_acc: 0.729730 test_loss: 0.417634 test_acc: 0.723214
Epoch: 080 train_loss: 0.006273 val_loss: 0.393151 val_acc: 0.738739 test_loss: 0.422996 test_acc: 0.723214
Epoch: 090 train_loss: 0.006293 val_loss: 0.390703 val_acc: 0.729730 test_loss: 0.406856 test_acc: 0.723214
Epoch: 100 train_loss: 0.006193 val_loss: 0.391414 val_acc: 0.765766 test_loss: 0.414088 test_acc: 0.723214
Epoch: 110 train_loss: 0.006214 val_loss: 0.391850 val_acc: 0.765766 test_loss: 0.405333 test_acc: 0.696429
Epoch: 120 train_loss: 0.006165 val_loss: 0.392379 val_acc: 0.711712 test_loss: 0.410081 test_acc: 0.714286
Epoch: 130 train_loss: 0.006186 val_loss: 0.394482 val_acc: 0.675676 test_loss: 0.403847 test_acc: 0.687500
Epoch: 140 train_loss: 0.006167 val_loss: 0.388911 val_acc: 0.738739 test_loss: 0.404612 test_acc: 0.741071
Epoch: 150 train_loss: 0.006171 val_loss: 0.392694 val_acc: 0.756757 test_loss: 0.402019 test_acc: 0.758929
Epoch: 160 train_loss: 0.006082 val_loss: 0.397941 val_acc: 0.756757 test_loss: 0.410401 test_acc: 0.750000
Epoch: 170 train_loss: 0.005986 val_loss: 0.402010 val_acc: 0.765766 test_loss: 0.410626 test_acc: 0.767857
Epoch: 180 train_loss: 0.005984 val_loss: 0.402710 val_acc: 0.756757 test_loss: 0.408022 test_acc: 0.732143
Epoch: 190 train_loss: 0.006025 val_loss: 0.403287 val_acc: 0.756757 test_loss: 0.427614 test_acc: 0.750000
Epoch: 200 train_loss: 0.005953 val_loss: 0.401784 val_acc: 0.756757 test_loss: 0.406241 test_acc: 0.758929
Epoch: 210 train_loss: 0.005900 val_loss: 0.400478 val_acc: 0.747748 test_loss: 0.405134 test_acc: 0.741071
Epoch: 220 train_loss: 0.005811 val_loss: 0.412529 val_acc: 0.756757 test_loss: 0.418480 test_acc: 0.732143
Epoch: 230 train_loss: 0.005855 val_loss: 0.414846 val_acc: 0.729730 test_loss: 0.441612 test_acc: 0.714286
Epoch: 240 train_loss: 0.005850 val_loss: 0.410614 val_acc: 0.747748 test_loss: 0.409314 test_acc: 0.741071
Epoch: 250 train_loss: 0.005732 val_loss: 0.409547 val_acc: 0.765766 test_loss: 0.438302 test_acc: 0.732143
Epoch: 260 train_loss: 0.005703 val_loss: 0.430720 val_acc: 0.756757 test_loss: 0.420809 test_acc: 0.741071
Epoch: 270 train_loss: 0.005661 val_loss: 0.430294 val_acc: 0.756757 test_loss: 0.415725 test_acc: 0.750000
Epoch: 280 train_loss: 0.005631 val_loss: 0.442907 val_acc: 0.765766 test_loss: 0.466081 test_acc: 0.732143
Epoch: 290 train_loss: 0.005674 val_loss: 0.454187 val_acc: 0.747748 test_loss: 0.530704 test_acc: 0.669643
Epoch: 300 train_loss: 0.005535 val_loss: 0.427243 val_acc: 0.738739 test_loss: 0.445856 test_acc: 0.732143
Epoch: 310 train_loss: 0.005623 val_loss: 0.414623 val_acc: 0.756757 test_loss: 0.436869 test_acc: 0.723214
Epoch: 320 train_loss: 0.005507 val_loss: 0.429216 val_acc: 0.756757 test_loss: 0.422539 test_acc: 0.750000
Epoch: 330 train_loss: 0.005466 val_loss: 0.428504 val_acc: 0.747748 test_loss: 0.414052 test_acc: 0.750000
Epoch: 340 train_loss: 0.005505 val_loss: 0.431714 val_acc: 0.747748 test_loss: 0.463210 test_acc: 0.741071
Epoch: 350 train_loss: 0.005407 val_loss: 0.443620 val_acc: 0.747748 test_loss: 0.414251 test_acc: 0.741071
Epoch: 360 train_loss: 0.005377 val_loss: 0.435167 val_acc: 0.756757 test_loss: 0.418941 test_acc: 0.723214
Epoch: 370 train_loss: 0.005540 val_loss: 0.428907 val_acc: 0.765766 test_loss: 0.413704 test_acc: 0.741071
Epoch: 380 train_loss: 0.005424 val_loss: 0.441657 val_acc: 0.729730 test_loss: 0.440331 test_acc: 0.732143
Epoch: 390 train_loss: 0.005342 val_loss: 0.449211 val_acc: 0.756757 test_loss: 0.408873 test_acc: 0.741071
Epoch: 400 train_loss: 0.005292 val_loss: 0.454460 val_acc: 0.720721 test_loss: 0.408852 test_acc: 0.758929
Epoch: 410 train_loss: 0.005182 val_loss: 0.449717 val_acc: 0.738739 test_loss: 0.445353 test_acc: 0.750000
Epoch: 420 train_loss: 0.005199 val_loss: 0.470142 val_acc: 0.720721 test_loss: 0.456127 test_acc: 0.750000
Epoch: 430 train_loss: 0.005119 val_loss: 0.452240 val_acc: 0.738739 test_loss: 0.433513 test_acc: 0.758929
Epoch: 440 train_loss: 0.005145 val_loss: 0.464392 val_acc: 0.720721 test_loss: 0.453228 test_acc: 0.741071
Epoch: 450 train_loss: 0.005110 val_loss: 0.460293 val_acc: 0.729730 test_loss: 0.449211 test_acc: 0.741071
Epoch: 460 train_loss: 0.005069 val_loss: 0.467316 val_acc: 0.711712 test_loss: 0.419440 test_acc: 0.767857
Epoch: 470 train_loss: 0.005045 val_loss: 0.451550 val_acc: 0.729730 test_loss: 0.452819 test_acc: 0.732143
Epoch: 480 train_loss: 0.005056 val_loss: 0.457878 val_acc: 0.729730 test_loss: 0.471993 test_acc: 0.741071
Epoch: 490 train_loss: 0.005080 val_loss: 0.452176 val_acc: 0.747748 test_loss: 0.428022 test_acc: 0.750000
------------- 0 val_acc: 0.8018 test_acc: 0.7411 best_test: 0.7768 -----------------
Fold: 1
Epoch: 000 train_loss: 0.018030 val_loss: 0.522553 val_acc: 0.535714 test_loss: 0.474053 test_acc: 0.589286
Epoch: 010 train_loss: 0.006783 val_loss: 0.447901 val_acc: 0.669643 test_loss: 0.430598 test_acc: 0.651786
Epoch: 020 train_loss: 0.006397 val_loss: 0.419527 val_acc: 0.696429 test_loss: 0.421655 test_acc: 0.669643
Epoch: 030 train_loss: 0.006384 val_loss: 0.418608 val_acc: 0.705357 test_loss: 0.421676 test_acc: 0.687500
Epoch: 040 train_loss: 0.006521 val_loss: 0.418651 val_acc: 0.741071 test_loss: 0.421858 test_acc: 0.723214
Epoch: 050 train_loss: 0.006316 val_loss: 0.420215 val_acc: 0.696429 test_loss: 0.417758 test_acc: 0.714286
Epoch: 060 train_loss: 0.006385 val_loss: 0.423623 val_acc: 0.687500 test_loss: 0.425683 test_acc: 0.696429
Epoch: 070 train_loss: 0.006299 val_loss: 0.418227 val_acc: 0.732143 test_loss: 0.416313 test_acc: 0.714286
Epoch: 080 train_loss: 0.006293 val_loss: 0.418879 val_acc: 0.732143 test_loss: 0.416509 test_acc: 0.714286
Epoch: 090 train_loss: 0.006229 val_loss: 0.422466 val_acc: 0.714286 test_loss: 0.417242 test_acc: 0.714286
Epoch: 100 train_loss: 0.006353 val_loss: 0.445721 val_acc: 0.714286 test_loss: 0.425809 test_acc: 0.741071
Epoch: 110 train_loss: 0.006183 val_loss: 0.420760 val_acc: 0.732143 test_loss: 0.413935 test_acc: 0.732143
Epoch: 120 train_loss: 0.006198 val_loss: 0.407934 val_acc: 0.732143 test_loss: 0.411864 test_acc: 0.705357
Epoch: 130 train_loss: 0.006218 val_loss: 0.419092 val_acc: 0.723214 test_loss: 0.416045 test_acc: 0.714286
Epoch: 140 train_loss: 0.006202 val_loss: 0.406595 val_acc: 0.741071 test_loss: 0.412050 test_acc: 0.741071
Epoch: 150 train_loss: 0.006111 val_loss: 0.398364 val_acc: 0.785714 test_loss: 0.409089 test_acc: 0.714286
Epoch: 160 train_loss: 0.006146 val_loss: 0.402165 val_acc: 0.741071 test_loss: 0.409190 test_acc: 0.732143
Epoch: 170 train_loss: 0.006089 val_loss: 0.402279 val_acc: 0.723214 test_loss: 0.410925 test_acc: 0.723214
Epoch: 180 train_loss: 0.006093 val_loss: 0.400445 val_acc: 0.750000 test_loss: 0.406681 test_acc: 0.705357
Epoch: 190 train_loss: 0.006053 val_loss: 0.424651 val_acc: 0.776786 test_loss: 0.412913 test_acc: 0.723214
Epoch: 200 train_loss: 0.006070 val_loss: 0.403309 val_acc: 0.767857 test_loss: 0.407673 test_acc: 0.723214
Epoch: 210 train_loss: 0.005988 val_loss: 0.416856 val_acc: 0.776786 test_loss: 0.410299 test_acc: 0.750000
Epoch: 220 train_loss: 0.005942 val_loss: 0.399196 val_acc: 0.750000 test_loss: 0.408626 test_acc: 0.696429
Epoch: 230 train_loss: 0.006136 val_loss: 0.401676 val_acc: 0.741071 test_loss: 0.404181 test_acc: 0.732143
Epoch: 240 train_loss: 0.005922 val_loss: 0.401782 val_acc: 0.776786 test_loss: 0.406986 test_acc: 0.705357
Epoch: 250 train_loss: 0.005918 val_loss: 0.412038 val_acc: 0.714286 test_loss: 0.411126 test_acc: 0.741071
Epoch: 260 train_loss: 0.005870 val_loss: 0.403598 val_acc: 0.776786 test_loss: 0.405043 test_acc: 0.723214
Epoch: 270 train_loss: 0.005916 val_loss: 0.400488 val_acc: 0.750000 test_loss: 0.408791 test_acc: 0.714286
Epoch: 280 train_loss: 0.005927 val_loss: 0.410272 val_acc: 0.776786 test_loss: 0.407422 test_acc: 0.732143
Epoch: 290 train_loss: 0.006014 val_loss: 0.396794 val_acc: 0.758929 test_loss: 0.410853 test_acc: 0.705357
Epoch: 300 train_loss: 0.005895 val_loss: 0.403320 val_acc: 0.750000 test_loss: 0.405465 test_acc: 0.732143
Epoch: 310 train_loss: 0.005793 val_loss: 0.402695 val_acc: 0.758929 test_loss: 0.406236 test_acc: 0.714286
Epoch: 320 train_loss: 0.005821 val_loss: 0.388163 val_acc: 0.758929 test_loss: 0.407409 test_acc: 0.732143
Epoch: 330 train_loss: 0.005726 val_loss: 0.401797 val_acc: 0.750000 test_loss: 0.403935 test_acc: 0.714286
Epoch: 340 train_loss: 0.005763 val_loss: 0.408616 val_acc: 0.732143 test_loss: 0.408140 test_acc: 0.723214
Epoch: 350 train_loss: 0.005736 val_loss: 0.397963 val_acc: 0.732143 test_loss: 0.408481 test_acc: 0.732143
Epoch: 360 train_loss: 0.005756 val_loss: 0.413905 val_acc: 0.741071 test_loss: 0.411352 test_acc: 0.705357
Epoch: 370 train_loss: 0.005678 val_loss: 0.401024 val_acc: 0.741071 test_loss: 0.418256 test_acc: 0.705357
Epoch: 380 train_loss: 0.005713 val_loss: 0.401376 val_acc: 0.723214 test_loss: 0.421413 test_acc: 0.741071
Epoch: 390 train_loss: 0.005680 val_loss: 0.410785 val_acc: 0.741071 test_loss: 0.413238 test_acc: 0.696429
Epoch: 400 train_loss: 0.005683 val_loss: 0.424924 val_acc: 0.750000 test_loss: 0.416457 test_acc: 0.714286
Epoch: 410 train_loss: 0.005675 val_loss: 0.412492 val_acc: 0.741071 test_loss: 0.411942 test_acc: 0.732143
Epoch: 420 train_loss: 0.005557 val_loss: 0.396986 val_acc: 0.732143 test_loss: 0.418175 test_acc: 0.723214
Epoch: 430 train_loss: 0.005534 val_loss: 0.434201 val_acc: 0.750000 test_loss: 0.427353 test_acc: 0.723214
Epoch: 440 train_loss: 0.005647 val_loss: 0.441432 val_acc: 0.750000 test_loss: 0.432044 test_acc: 0.723214
Epoch: 450 train_loss: 0.005478 val_loss: 0.450233 val_acc: 0.714286 test_loss: 0.438311 test_acc: 0.723214
Epoch: 460 train_loss: 0.005516 val_loss: 0.430984 val_acc: 0.714286 test_loss: 0.428748 test_acc: 0.714286
Epoch: 470 train_loss: 0.005501 val_loss: 0.447999 val_acc: 0.696429 test_loss: 0.431346 test_acc: 0.696429
Epoch: 480 train_loss: 0.005504 val_loss: 0.523901 val_acc: 0.723214 test_loss: 0.438481 test_acc: 0.696429
Epoch: 490 train_loss: 0.005496 val_loss: 0.447611 val_acc: 0.723214 test_loss: 0.425082 test_acc: 0.696429
------------- 1 val_acc: 0.7857 test_acc: 0.7500 best_test: 0.7679 -----------------
Fold: 2
Epoch: 000 train_loss: 0.009474 val_loss: 0.455120 val_acc: 0.589286 test_loss: 0.465562 test_acc: 0.544643
Epoch: 010 train_loss: 0.006831 val_loss: 0.435051 val_acc: 0.598214 test_loss: 0.444279 test_acc: 0.544643
Epoch: 020 train_loss: 0.006786 val_loss: 0.439406 val_acc: 0.642857 test_loss: 0.452975 test_acc: 0.589286
Epoch: 030 train_loss: 0.006315 val_loss: 0.420048 val_acc: 0.696429 test_loss: 0.422427 test_acc: 0.687500
Epoch: 040 train_loss: 0.006454 val_loss: 0.430505 val_acc: 0.696429 test_loss: 0.439278 test_acc: 0.625000
Epoch: 050 train_loss: 0.006293 val_loss: 0.420292 val_acc: 0.723214 test_loss: 0.421285 test_acc: 0.714286
Epoch: 060 train_loss: 0.006270 val_loss: 0.418149 val_acc: 0.732143 test_loss: 0.416369 test_acc: 0.714286
Epoch: 070 train_loss: 0.006235 val_loss: 0.416592 val_acc: 0.723214 test_loss: 0.421144 test_acc: 0.723214
Epoch: 080 train_loss: 0.006210 val_loss: 0.417146 val_acc: 0.732143 test_loss: 0.422879 test_acc: 0.678571
Epoch: 090 train_loss: 0.006197 val_loss: 0.415000 val_acc: 0.741071 test_loss: 0.419361 test_acc: 0.705357
Epoch: 100 train_loss: 0.006175 val_loss: 0.416209 val_acc: 0.732143 test_loss: 0.421089 test_acc: 0.687500
Epoch: 110 train_loss: 0.006112 val_loss: 0.412872 val_acc: 0.732143 test_loss: 0.420335 test_acc: 0.705357
Epoch: 120 train_loss: 0.006096 val_loss: 0.412889 val_acc: 0.714286 test_loss: 0.419558 test_acc: 0.687500
Epoch: 130 train_loss: 0.006205 val_loss: 0.414014 val_acc: 0.705357 test_loss: 0.418417 test_acc: 0.723214
Epoch: 140 train_loss: 0.006064 val_loss: 0.409593 val_acc: 0.723214 test_loss: 0.419624 test_acc: 0.705357
Epoch: 150 train_loss: 0.006066 val_loss: 0.409754 val_acc: 0.723214 test_loss: 0.420084 test_acc: 0.705357
Epoch: 160 train_loss: 0.006008 val_loss: 0.408648 val_acc: 0.741071 test_loss: 0.427797 test_acc: 0.687500
Epoch: 170 train_loss: 0.005995 val_loss: 0.412483 val_acc: 0.741071 test_loss: 0.428851 test_acc: 0.678571
Epoch: 180 train_loss: 0.006105 val_loss: 0.415303 val_acc: 0.723214 test_loss: 0.426385 test_acc: 0.705357
Epoch: 190 train_loss: 0.006022 val_loss: 0.406197 val_acc: 0.758929 test_loss: 0.420420 test_acc: 0.687500
Epoch: 200 train_loss: 0.005975 val_loss: 0.409503 val_acc: 0.750000 test_loss: 0.424893 test_acc: 0.660714
Epoch: 210 train_loss: 0.005887 val_loss: 0.413979 val_acc: 0.732143 test_loss: 0.427121 test_acc: 0.696429
Epoch: 220 train_loss: 0.005867 val_loss: 0.414406 val_acc: 0.741071 test_loss: 0.425274 test_acc: 0.696429
Epoch: 230 train_loss: 0.005895 val_loss: 0.411611 val_acc: 0.723214 test_loss: 0.427500 test_acc: 0.669643
Epoch: 240 train_loss: 0.005862 val_loss: 0.416390 val_acc: 0.723214 test_loss: 0.429837 test_acc: 0.687500
Epoch: 250 train_loss: 0.005861 val_loss: 0.409629 val_acc: 0.741071 test_loss: 0.428838 test_acc: 0.669643
Epoch: 260 train_loss: 0.005874 val_loss: 0.410956 val_acc: 0.723214 test_loss: 0.426816 test_acc: 0.687500
Epoch: 270 train_loss: 0.005787 val_loss: 0.412177 val_acc: 0.723214 test_loss: 0.435396 test_acc: 0.705357
Epoch: 280 train_loss: 0.005773 val_loss: 0.409519 val_acc: 0.732143 test_loss: 0.432054 test_acc: 0.660714
Epoch: 290 train_loss: 0.005795 val_loss: 0.420941 val_acc: 0.714286 test_loss: 0.447151 test_acc: 0.642857
Epoch: 300 train_loss: 0.005789 val_loss: 0.414539 val_acc: 0.750000 test_loss: 0.431998 test_acc: 0.714286
Epoch: 310 train_loss: 0.005723 val_loss: 0.411291 val_acc: 0.732143 test_loss: 0.434474 test_acc: 0.687500
Epoch: 320 train_loss: 0.005724 val_loss: 0.412964 val_acc: 0.741071 test_loss: 0.432414 test_acc: 0.723214
Epoch: 330 train_loss: 0.005719 val_loss: 0.405556 val_acc: 0.732143 test_loss: 0.435020 test_acc: 0.678571
Epoch: 340 train_loss: 0.005692 val_loss: 0.411976 val_acc: 0.741071 test_loss: 0.445324 test_acc: 0.678571
Epoch: 350 train_loss: 0.005675 val_loss: 0.407897 val_acc: 0.750000 test_loss: 0.443996 test_acc: 0.660714
Epoch: 360 train_loss: 0.005700 val_loss: 0.411509 val_acc: 0.732143 test_loss: 0.440683 test_acc: 0.696429
Epoch: 370 train_loss: 0.005556 val_loss: 0.417471 val_acc: 0.723214 test_loss: 0.466505 test_acc: 0.678571
Epoch: 380 train_loss: 0.005565 val_loss: 0.416877 val_acc: 0.741071 test_loss: 0.461991 test_acc: 0.723214
Epoch: 390 train_loss: 0.005525 val_loss: 0.414147 val_acc: 0.741071 test_loss: 0.457402 test_acc: 0.678571
Epoch: 400 train_loss: 0.005562 val_loss: 0.417483 val_acc: 0.750000 test_loss: 0.462265 test_acc: 0.705357
Epoch: 410 train_loss: 0.005574 val_loss: 0.413739 val_acc: 0.758929 test_loss: 0.447100 test_acc: 0.669643
Epoch: 420 train_loss: 0.005594 val_loss: 0.424600 val_acc: 0.705357 test_loss: 0.463082 test_acc: 0.660714
Epoch: 430 train_loss: 0.005455 val_loss: 0.418439 val_acc: 0.732143 test_loss: 0.473427 test_acc: 0.705357
Epoch: 440 train_loss: 0.005492 val_loss: 0.421097 val_acc: 0.741071 test_loss: 0.474250 test_acc: 0.732143
Epoch: 450 train_loss: 0.005431 val_loss: 0.422318 val_acc: 0.723214 test_loss: 0.477605 test_acc: 0.687500
Epoch: 460 train_loss: 0.005379 val_loss: 0.419538 val_acc: 0.723214 test_loss: 0.486211 test_acc: 0.714286
Epoch: 470 train_loss: 0.005501 val_loss: 0.418196 val_acc: 0.741071 test_loss: 0.458648 test_acc: 0.723214
Epoch: 480 train_loss: 0.005359 val_loss: 0.420414 val_acc: 0.705357 test_loss: 0.508419 test_acc: 0.687500
Epoch: 490 train_loss: 0.005349 val_loss: 0.411679 val_acc: 0.732143 test_loss: 0.494178 test_acc: 0.705357
------------- 2 val_acc: 0.7768 test_acc: 0.7411 best_test: 0.7589 -----------------
Fold: 3
Epoch: 000 train_loss: 0.009319 val_loss: 0.510760 val_acc: 0.544643 test_loss: 0.460260 test_acc: 0.612613
Epoch: 010 train_loss: 0.006559 val_loss: 0.439147 val_acc: 0.607143 test_loss: 0.404880 test_acc: 0.639640
Epoch: 020 train_loss: 0.006464 val_loss: 0.423298 val_acc: 0.660714 test_loss: 0.404107 test_acc: 0.630631
Epoch: 030 train_loss: 0.006541 val_loss: 0.416291 val_acc: 0.696429 test_loss: 0.400415 test_acc: 0.693694
Epoch: 040 train_loss: 0.006504 val_loss: 0.417607 val_acc: 0.714286 test_loss: 0.405295 test_acc: 0.702703
Epoch: 050 train_loss: 0.006848 val_loss: 0.426374 val_acc: 0.714286 test_loss: 0.415725 test_acc: 0.702703
Epoch: 060 train_loss: 0.006385 val_loss: 0.427164 val_acc: 0.687500 test_loss: 0.397888 test_acc: 0.666667
Epoch: 070 train_loss: 0.006319 val_loss: 0.415759 val_acc: 0.687500 test_loss: 0.391503 test_acc: 0.675676
Epoch: 080 train_loss: 0.006308 val_loss: 0.419426 val_acc: 0.696429 test_loss: 0.390968 test_acc: 0.675676
Epoch: 090 train_loss: 0.006249 val_loss: 0.411929 val_acc: 0.705357 test_loss: 0.389246 test_acc: 0.702703
Epoch: 100 train_loss: 0.006407 val_loss: 0.419823 val_acc: 0.696429 test_loss: 0.396306 test_acc: 0.738739
Epoch: 110 train_loss: 0.006233 val_loss: 0.409950 val_acc: 0.732143 test_loss: 0.393903 test_acc: 0.738739
Epoch: 120 train_loss: 0.006318 val_loss: 0.413609 val_acc: 0.767857 test_loss: 0.397083 test_acc: 0.747748
Epoch: 130 train_loss: 0.006282 val_loss: 0.416836 val_acc: 0.696429 test_loss: 0.389089 test_acc: 0.747748
Epoch: 140 train_loss: 0.006209 val_loss: 0.408706 val_acc: 0.723214 test_loss: 0.386439 test_acc: 0.774775
Epoch: 150 train_loss: 0.006210 val_loss: 0.416811 val_acc: 0.705357 test_loss: 0.388884 test_acc: 0.756757
Epoch: 160 train_loss: 0.006200 val_loss: 0.409882 val_acc: 0.732143 test_loss: 0.386885 test_acc: 0.756757
Epoch: 170 train_loss: 0.006175 val_loss: 0.409184 val_acc: 0.758929 test_loss: 0.385212 test_acc: 0.747748
Epoch: 180 train_loss: 0.006180 val_loss: 0.408588 val_acc: 0.758929 test_loss: 0.383404 test_acc: 0.774775
Epoch: 190 train_loss: 0.006211 val_loss: 0.409511 val_acc: 0.714286 test_loss: 0.383354 test_acc: 0.774775
Epoch: 200 train_loss: 0.006111 val_loss: 0.405808 val_acc: 0.767857 test_loss: 0.383297 test_acc: 0.765766
Epoch: 210 train_loss: 0.006190 val_loss: 0.417503 val_acc: 0.696429 test_loss: 0.388669 test_acc: 0.756757
Epoch: 220 train_loss: 0.006110 val_loss: 0.412002 val_acc: 0.714286 test_loss: 0.382837 test_acc: 0.765766
Epoch: 230 train_loss: 0.006174 val_loss: 0.408190 val_acc: 0.741071 test_loss: 0.385707 test_acc: 0.747748
Epoch: 240 train_loss: 0.006111 val_loss: 0.410957 val_acc: 0.723214 test_loss: 0.382716 test_acc: 0.765766
Epoch: 250 train_loss: 0.006132 val_loss: 0.405652 val_acc: 0.750000 test_loss: 0.382760 test_acc: 0.729730
Epoch: 260 train_loss: 0.006079 val_loss: 0.406480 val_acc: 0.750000 test_loss: 0.381243 test_acc: 0.756757
Epoch: 270 train_loss: 0.006081 val_loss: 0.413560 val_acc: 0.678571 test_loss: 0.383558 test_acc: 0.765766
Epoch: 280 train_loss: 0.006117 val_loss: 0.411324 val_acc: 0.741071 test_loss: 0.386589 test_acc: 0.720721
Epoch: 290 train_loss: 0.006060 val_loss: 0.413631 val_acc: 0.696429 test_loss: 0.381376 test_acc: 0.756757
Epoch: 300 train_loss: 0.006067 val_loss: 0.408190 val_acc: 0.723214 test_loss: 0.379956 test_acc: 0.738739
Epoch: 310 train_loss: 0.006085 val_loss: 0.412275 val_acc: 0.714286 test_loss: 0.379805 test_acc: 0.765766
Epoch: 320 train_loss: 0.006111 val_loss: 0.414575 val_acc: 0.723214 test_loss: 0.381638 test_acc: 0.729730
Epoch: 330 train_loss: 0.006016 val_loss: 0.412594 val_acc: 0.696429 test_loss: 0.377011 test_acc: 0.765766
Epoch: 340 train_loss: 0.006000 val_loss: 0.414812 val_acc: 0.687500 test_loss: 0.379338 test_acc: 0.756757
Epoch: 350 train_loss: 0.006018 val_loss: 0.417323 val_acc: 0.687500 test_loss: 0.377149 test_acc: 0.765766
Epoch: 360 train_loss: 0.005974 val_loss: 0.416482 val_acc: 0.714286 test_loss: 0.379951 test_acc: 0.756757
Epoch: 370 train_loss: 0.005977 val_loss: 0.423049 val_acc: 0.714286 test_loss: 0.380495 test_acc: 0.738739
Epoch: 380 train_loss: 0.005974 val_loss: 0.420229 val_acc: 0.723214 test_loss: 0.379683 test_acc: 0.720721
Epoch: 390 train_loss: 0.005974 val_loss: 0.420818 val_acc: 0.714286 test_loss: 0.378446 test_acc: 0.756757
Epoch: 400 train_loss: 0.005939 val_loss: 0.422515 val_acc: 0.732143 test_loss: 0.378800 test_acc: 0.729730
Epoch: 410 train_loss: 0.005962 val_loss: 0.425272 val_acc: 0.732143 test_loss: 0.381356 test_acc: 0.738739
Epoch: 420 train_loss: 0.005920 val_loss: 0.421191 val_acc: 0.660714 test_loss: 0.377435 test_acc: 0.747748
Epoch: 430 train_loss: 0.005971 val_loss: 0.421018 val_acc: 0.723214 test_loss: 0.377619 test_acc: 0.765766
Epoch: 440 train_loss: 0.005924 val_loss: 0.420761 val_acc: 0.705357 test_loss: 0.376935 test_acc: 0.747748
Epoch: 450 train_loss: 0.005887 val_loss: 0.428526 val_acc: 0.714286 test_loss: 0.379249 test_acc: 0.738739
Epoch: 460 train_loss: 0.005882 val_loss: 0.429963 val_acc: 0.705357 test_loss: 0.378081 test_acc: 0.738739
Epoch: 470 train_loss: 0.005874 val_loss: 0.431635 val_acc: 0.705357 test_loss: 0.381201 test_acc: 0.747748
Epoch: 480 train_loss: 0.005871 val_loss: 0.425598 val_acc: 0.696429 test_loss: 0.375916 test_acc: 0.747748
Epoch: 490 train_loss: 0.005854 val_loss: 0.434220 val_acc: 0.705357 test_loss: 0.379310 test_acc: 0.738739
------------- 3 val_acc: 0.7768 test_acc: 0.7477 best_test: 0.7838 -----------------
Fold: 4
Epoch: 000 train_loss: 0.013552 val_loss: 0.450998 val_acc: 0.612613 test_loss: 0.450817 test_acc: 0.621622
Epoch: 010 train_loss: 0.006737 val_loss: 0.422953 val_acc: 0.612613 test_loss: 0.415972 test_acc: 0.603604
Epoch: 020 train_loss: 0.006889 val_loss: 0.428043 val_acc: 0.630631 test_loss: 0.425822 test_acc: 0.648649
Epoch: 030 train_loss: 0.006490 val_loss: 0.406023 val_acc: 0.621622 test_loss: 0.397255 test_acc: 0.648649
Epoch: 040 train_loss: 0.006507 val_loss: 0.407770 val_acc: 0.675676 test_loss: 0.401170 test_acc: 0.702703
Epoch: 050 train_loss: 0.006434 val_loss: 0.403000 val_acc: 0.693694 test_loss: 0.392622 test_acc: 0.711712
Epoch: 060 train_loss: 0.006411 val_loss: 0.400720 val_acc: 0.693694 test_loss: 0.392580 test_acc: 0.729730
Epoch: 070 train_loss: 0.006425 val_loss: 0.400705 val_acc: 0.702703 test_loss: 0.395339 test_acc: 0.720721
Epoch: 080 train_loss: 0.006395 val_loss: 0.397115 val_acc: 0.702703 test_loss: 0.394279 test_acc: 0.720721
Epoch: 090 train_loss: 0.006492 val_loss: 0.420499 val_acc: 0.693694 test_loss: 0.416928 test_acc: 0.738739
Epoch: 100 train_loss: 0.006298 val_loss: 0.399560 val_acc: 0.702703 test_loss: 0.403417 test_acc: 0.747748
Epoch: 110 train_loss: 0.006347 val_loss: 0.393337 val_acc: 0.720721 test_loss: 0.387514 test_acc: 0.747748
Epoch: 120 train_loss: 0.006290 val_loss: 0.397669 val_acc: 0.702703 test_loss: 0.399762 test_acc: 0.756757
Epoch: 130 train_loss: 0.006292 val_loss: 0.397883 val_acc: 0.720721 test_loss: 0.401933 test_acc: 0.756757
Epoch: 140 train_loss: 0.006278 val_loss: 0.393848 val_acc: 0.702703 test_loss: 0.393967 test_acc: 0.765766
Epoch: 150 train_loss: 0.006282 val_loss: 0.394633 val_acc: 0.720721 test_loss: 0.394126 test_acc: 0.747748
Epoch: 160 train_loss: 0.006186 val_loss: 0.389152 val_acc: 0.756757 test_loss: 0.388129 test_acc: 0.765766
Epoch: 170 train_loss: 0.006197 val_loss: 0.388849 val_acc: 0.756757 test_loss: 0.389048 test_acc: 0.765766
Epoch: 180 train_loss: 0.006196 val_loss: 0.388406 val_acc: 0.729730 test_loss: 0.389895 test_acc: 0.756757
Epoch: 190 train_loss: 0.006282 val_loss: 0.388575 val_acc: 0.738739 test_loss: 0.380239 test_acc: 0.765766
Epoch: 200 train_loss: 0.006204 val_loss: 0.387858 val_acc: 0.756757 test_loss: 0.389009 test_acc: 0.756757
Epoch: 210 train_loss: 0.006108 val_loss: 0.385414 val_acc: 0.738739 test_loss: 0.388694 test_acc: 0.756757
Epoch: 220 train_loss: 0.006145 val_loss: 0.384209 val_acc: 0.774775 test_loss: 0.380647 test_acc: 0.738739
Epoch: 230 train_loss: 0.006103 val_loss: 0.390498 val_acc: 0.756757 test_loss: 0.396402 test_acc: 0.774775
Epoch: 240 train_loss: 0.006206 val_loss: 0.385742 val_acc: 0.756757 test_loss: 0.385701 test_acc: 0.774775
Epoch: 250 train_loss: 0.006061 val_loss: 0.383127 val_acc: 0.747748 test_loss: 0.384391 test_acc: 0.774775
Epoch: 260 train_loss: 0.006181 val_loss: 0.388002 val_acc: 0.729730 test_loss: 0.392313 test_acc: 0.783784
Epoch: 270 train_loss: 0.006046 val_loss: 0.380599 val_acc: 0.765766 test_loss: 0.378358 test_acc: 0.765766
Epoch: 280 train_loss: 0.006036 val_loss: 0.382868 val_acc: 0.774775 test_loss: 0.378653 test_acc: 0.756757
Epoch: 290 train_loss: 0.006131 val_loss: 0.383011 val_acc: 0.765766 test_loss: 0.377580 test_acc: 0.756757
Epoch: 300 train_loss: 0.006041 val_loss: 0.382276 val_acc: 0.738739 test_loss: 0.388251 test_acc: 0.774775
Epoch: 310 train_loss: 0.005989 val_loss: 0.381409 val_acc: 0.774775 test_loss: 0.378313 test_acc: 0.765766
Epoch: 320 train_loss: 0.005998 val_loss: 0.377701 val_acc: 0.765766 test_loss: 0.381395 test_acc: 0.765766
Epoch: 330 train_loss: 0.005964 val_loss: 0.376583 val_acc: 0.747748 test_loss: 0.377533 test_acc: 0.756757
Epoch: 340 train_loss: 0.005966 val_loss: 0.378576 val_acc: 0.765766 test_loss: 0.377945 test_acc: 0.765766
Epoch: 350 train_loss: 0.005934 val_loss: 0.383537 val_acc: 0.765766 test_loss: 0.376988 test_acc: 0.747748
Epoch: 360 train_loss: 0.005953 val_loss: 0.379126 val_acc: 0.774775 test_loss: 0.376983 test_acc: 0.747748
Epoch: 370 train_loss: 0.005905 val_loss: 0.377417 val_acc: 0.774775 test_loss: 0.375042 test_acc: 0.756757
Epoch: 380 train_loss: 0.005911 val_loss: 0.375697 val_acc: 0.774775 test_loss: 0.381094 test_acc: 0.756757
Epoch: 390 train_loss: 0.005981 val_loss: 0.377682 val_acc: 0.756757 test_loss: 0.381841 test_acc: 0.765766
Epoch: 400 train_loss: 0.005876 val_loss: 0.376319 val_acc: 0.774775 test_loss: 0.383010 test_acc: 0.774775
Epoch: 410 train_loss: 0.005831 val_loss: 0.378554 val_acc: 0.765766 test_loss: 0.379322 test_acc: 0.774775
Epoch: 420 train_loss: 0.005828 val_loss: 0.379798 val_acc: 0.738739 test_loss: 0.385402 test_acc: 0.747748
Epoch: 430 train_loss: 0.005837 val_loss: 0.378113 val_acc: 0.765766 test_loss: 0.380712 test_acc: 0.774775
Epoch: 440 train_loss: 0.005830 val_loss: 0.373304 val_acc: 0.783784 test_loss: 0.376235 test_acc: 0.765766
Epoch: 450 train_loss: 0.005788 val_loss: 0.375534 val_acc: 0.774775 test_loss: 0.381080 test_acc: 0.774775
Epoch: 460 train_loss: 0.005785 val_loss: 0.375620 val_acc: 0.738739 test_loss: 0.386107 test_acc: 0.765766
Epoch: 470 train_loss: 0.005768 val_loss: 0.376425 val_acc: 0.765766 test_loss: 0.383985 test_acc: 0.765766
Epoch: 480 train_loss: 0.005781 val_loss: 0.374424 val_acc: 0.783784 test_loss: 0.380776 test_acc: 0.774775
Epoch: 490 train_loss: 0.005804 val_loss: 0.375167 val_acc: 0.783784 test_loss: 0.379494 test_acc: 0.756757
------------- 4 val_acc: 0.7928 test_acc: 0.7568 best_test: 0.7928 -----------------
Fold: 5
Epoch: 000 train_loss: 0.008434 val_loss: 0.570129 val_acc: 0.621622 test_loss: 0.570450 test_acc: 0.630631
Epoch: 010 train_loss: 0.007154 val_loss: 0.495826 val_acc: 0.738739 test_loss: 0.470248 test_acc: 0.774775
Epoch: 020 train_loss: 0.006629 val_loss: 0.397454 val_acc: 0.693694 test_loss: 0.372171 test_acc: 0.783784
Epoch: 030 train_loss: 0.006437 val_loss: 0.389796 val_acc: 0.765766 test_loss: 0.371687 test_acc: 0.729730
Epoch: 040 train_loss: 0.006563 val_loss: 0.401333 val_acc: 0.756757 test_loss: 0.381665 test_acc: 0.774775
Epoch: 050 train_loss: 0.006806 val_loss: 0.399484 val_acc: 0.756757 test_loss: 0.386888 test_acc: 0.783784
Epoch: 060 train_loss: 0.006491 val_loss: 0.387096 val_acc: 0.783784 test_loss: 0.362978 test_acc: 0.747748
Epoch: 070 train_loss: 0.006393 val_loss: 0.386638 val_acc: 0.774775 test_loss: 0.363485 test_acc: 0.747748
Epoch: 080 train_loss: 0.006338 val_loss: 0.380950 val_acc: 0.783784 test_loss: 0.365884 test_acc: 0.747748
Epoch: 090 train_loss: 0.006361 val_loss: 0.396294 val_acc: 0.756757 test_loss: 0.365869 test_acc: 0.783784
Epoch: 100 train_loss: 0.006339 val_loss: 0.384798 val_acc: 0.765766 test_loss: 0.364755 test_acc: 0.756757
Epoch: 110 train_loss: 0.006288 val_loss: 0.388925 val_acc: 0.756757 test_loss: 0.364905 test_acc: 0.792793
Epoch: 120 train_loss: 0.006273 val_loss: 0.382084 val_acc: 0.765766 test_loss: 0.363881 test_acc: 0.765766
Epoch: 130 train_loss: 0.006295 val_loss: 0.377513 val_acc: 0.774775 test_loss: 0.362175 test_acc: 0.756757
Epoch: 140 train_loss: 0.006279 val_loss: 0.381377 val_acc: 0.783784 test_loss: 0.362973 test_acc: 0.783784
Epoch: 150 train_loss: 0.006259 val_loss: 0.389539 val_acc: 0.774775 test_loss: 0.362146 test_acc: 0.792793
Epoch: 160 train_loss: 0.006254 val_loss: 0.375876 val_acc: 0.765766 test_loss: 0.360032 test_acc: 0.756757
Epoch: 170 train_loss: 0.006302 val_loss: 0.375111 val_acc: 0.765766 test_loss: 0.362080 test_acc: 0.774775
Epoch: 180 train_loss: 0.006196 val_loss: 0.374035 val_acc: 0.774775 test_loss: 0.359496 test_acc: 0.765766
Epoch: 190 train_loss: 0.006212 val_loss: 0.375140 val_acc: 0.783784 test_loss: 0.361041 test_acc: 0.765766
Epoch: 200 train_loss: 0.006172 val_loss: 0.379432 val_acc: 0.774775 test_loss: 0.358313 test_acc: 0.783784
Epoch: 210 train_loss: 0.006177 val_loss: 0.382514 val_acc: 0.774775 test_loss: 0.361038 test_acc: 0.783784
Epoch: 220 train_loss: 0.006144 val_loss: 0.372140 val_acc: 0.774775 test_loss: 0.357096 test_acc: 0.756757
Epoch: 230 train_loss: 0.006190 val_loss: 0.371478 val_acc: 0.774775 test_loss: 0.356718 test_acc: 0.774775
Epoch: 240 train_loss: 0.006167 val_loss: 0.371037 val_acc: 0.783784 test_loss: 0.356044 test_acc: 0.765766
Epoch: 250 train_loss: 0.006161 val_loss: 0.379740 val_acc: 0.783784 test_loss: 0.356655 test_acc: 0.783784
Epoch: 260 train_loss: 0.006126 val_loss: 0.368459 val_acc: 0.765766 test_loss: 0.359850 test_acc: 0.756757
Epoch: 270 train_loss: 0.006132 val_loss: 0.370407 val_acc: 0.792793 test_loss: 0.354206 test_acc: 0.756757
Epoch: 280 train_loss: 0.006121 val_loss: 0.382384 val_acc: 0.774775 test_loss: 0.355462 test_acc: 0.774775
Epoch: 290 train_loss: 0.006112 val_loss: 0.393145 val_acc: 0.783784 test_loss: 0.361250 test_acc: 0.792793
Epoch: 300 train_loss: 0.006097 val_loss: 0.370758 val_acc: 0.783784 test_loss: 0.352964 test_acc: 0.765766
Epoch: 310 train_loss: 0.006079 val_loss: 0.368353 val_acc: 0.783784 test_loss: 0.354686 test_acc: 0.756757
Epoch: 320 train_loss: 0.006083 val_loss: 0.371467 val_acc: 0.774775 test_loss: 0.356356 test_acc: 0.765766
Epoch: 330 train_loss: 0.006066 val_loss: 0.371334 val_acc: 0.801802 test_loss: 0.360121 test_acc: 0.765766
Epoch: 340 train_loss: 0.006074 val_loss: 0.368063 val_acc: 0.783784 test_loss: 0.356754 test_acc: 0.747748
Epoch: 350 train_loss: 0.006050 val_loss: 0.372566 val_acc: 0.792793 test_loss: 0.356708 test_acc: 0.765766
Epoch: 360 train_loss: 0.006051 val_loss: 0.366972 val_acc: 0.774775 test_loss: 0.355739 test_acc: 0.765766
Epoch: 370 train_loss: 0.006031 val_loss: 0.365450 val_acc: 0.774775 test_loss: 0.354886 test_acc: 0.747748
Epoch: 380 train_loss: 0.006051 val_loss: 0.367242 val_acc: 0.783784 test_loss: 0.354383 test_acc: 0.765766
Epoch: 390 train_loss: 0.006012 val_loss: 0.368298 val_acc: 0.792793 test_loss: 0.355757 test_acc: 0.774775
Epoch: 400 train_loss: 0.005989 val_loss: 0.366760 val_acc: 0.792793 test_loss: 0.357999 test_acc: 0.747748
Epoch: 410 train_loss: 0.005992 val_loss: 0.368609 val_acc: 0.792793 test_loss: 0.353119 test_acc: 0.765766
Epoch: 420 train_loss: 0.005998 val_loss: 0.373087 val_acc: 0.792793 test_loss: 0.358926 test_acc: 0.774775
Epoch: 430 train_loss: 0.005987 val_loss: 0.366745 val_acc: 0.783784 test_loss: 0.356516 test_acc: 0.747748
Epoch: 440 train_loss: 0.005989 val_loss: 0.365395 val_acc: 0.801802 test_loss: 0.351531 test_acc: 0.765766
Epoch: 450 train_loss: 0.005969 val_loss: 0.367672 val_acc: 0.792793 test_loss: 0.350714 test_acc: 0.774775
Epoch: 460 train_loss: 0.005959 val_loss: 0.368053 val_acc: 0.792793 test_loss: 0.353364 test_acc: 0.765766
Epoch: 470 train_loss: 0.005924 val_loss: 0.374775 val_acc: 0.756757 test_loss: 0.352213 test_acc: 0.765766
Epoch: 480 train_loss: 0.005982 val_loss: 0.369411 val_acc: 0.801802 test_loss: 0.350481 test_acc: 0.756757
Epoch: 490 train_loss: 0.005930 val_loss: 0.368226 val_acc: 0.792793 test_loss: 0.352428 test_acc: 0.774775
------------- 5 val_acc: 0.8018 test_acc: 0.7568 best_test: 0.8018 -----------------
Fold: 6
Epoch: 000 train_loss: 0.010493 val_loss: 0.401114 val_acc: 0.648649 test_loss: 0.413533 test_acc: 0.657658
Epoch: 010 train_loss: 0.006698 val_loss: 0.378144 val_acc: 0.711712 test_loss: 0.397205 test_acc: 0.702703
Epoch: 020 train_loss: 0.006547 val_loss: 0.372422 val_acc: 0.747748 test_loss: 0.400098 test_acc: 0.675676
Epoch: 030 train_loss: 0.006547 val_loss: 0.371564 val_acc: 0.756757 test_loss: 0.395786 test_acc: 0.729730
Epoch: 040 train_loss: 0.006566 val_loss: 0.366167 val_acc: 0.747748 test_loss: 0.391786 test_acc: 0.702703
Epoch: 050 train_loss: 0.006388 val_loss: 0.371626 val_acc: 0.774775 test_loss: 0.405403 test_acc: 0.720721
Epoch: 060 train_loss: 0.006414 val_loss: 0.378109 val_acc: 0.756757 test_loss: 0.413056 test_acc: 0.684685
Epoch: 070 train_loss: 0.006328 val_loss: 0.360344 val_acc: 0.783784 test_loss: 0.394674 test_acc: 0.702703
Epoch: 080 train_loss: 0.006319 val_loss: 0.359875 val_acc: 0.765766 test_loss: 0.398314 test_acc: 0.711712
Epoch: 090 train_loss: 0.006305 val_loss: 0.359038 val_acc: 0.774775 test_loss: 0.402089 test_acc: 0.675676
Epoch: 100 train_loss: 0.006307 val_loss: 0.357685 val_acc: 0.765766 test_loss: 0.398874 test_acc: 0.693694
Epoch: 110 train_loss: 0.006444 val_loss: 0.365406 val_acc: 0.765766 test_loss: 0.419162 test_acc: 0.711712
Epoch: 120 train_loss: 0.006223 val_loss: 0.362879 val_acc: 0.765766 test_loss: 0.420726 test_acc: 0.720721
Epoch: 130 train_loss: 0.006277 val_loss: 0.360357 val_acc: 0.765766 test_loss: 0.422808 test_acc: 0.693694
Epoch: 140 train_loss: 0.006258 val_loss: 0.362510 val_acc: 0.783784 test_loss: 0.430538 test_acc: 0.693694
Epoch: 150 train_loss: 0.006234 val_loss: 0.360295 val_acc: 0.801802 test_loss: 0.429416 test_acc: 0.684685
Epoch: 160 train_loss: 0.006169 val_loss: 0.364770 val_acc: 0.765766 test_loss: 0.448815 test_acc: 0.666667
Epoch: 170 train_loss: 0.006194 val_loss: 0.364861 val_acc: 0.783784 test_loss: 0.447720 test_acc: 0.675676
Epoch: 180 train_loss: 0.006544 val_loss: 0.406297 val_acc: 0.756757 test_loss: 0.503482 test_acc: 0.693694
Epoch: 190 train_loss: 0.006138 val_loss: 0.364544 val_acc: 0.783784 test_loss: 0.463397 test_acc: 0.702703
Epoch: 200 train_loss: 0.006204 val_loss: 0.354195 val_acc: 0.774775 test_loss: 0.449867 test_acc: 0.684685
Epoch: 210 train_loss: 0.006111 val_loss: 0.361004 val_acc: 0.765766 test_loss: 0.474745 test_acc: 0.684685
Epoch: 220 train_loss: 0.006121 val_loss: 0.360735 val_acc: 0.774775 test_loss: 0.468450 test_acc: 0.702703
Epoch: 230 train_loss: 0.006094 val_loss: 0.360460 val_acc: 0.801802 test_loss: 0.471935 test_acc: 0.693694
Epoch: 240 train_loss: 0.006054 val_loss: 0.353307 val_acc: 0.792793 test_loss: 0.459067 test_acc: 0.693694
Epoch: 250 train_loss: 0.006048 val_loss: 0.365026 val_acc: 0.765766 test_loss: 0.468155 test_acc: 0.702703
Epoch: 260 train_loss: 0.006052 val_loss: 0.352099 val_acc: 0.783784 test_loss: 0.465430 test_acc: 0.684685
Epoch: 270 train_loss: 0.006043 val_loss: 0.357373 val_acc: 0.774775 test_loss: 0.462508 test_acc: 0.693694
Epoch: 280 train_loss: 0.006003 val_loss: 0.357985 val_acc: 0.810811 test_loss: 0.478904 test_acc: 0.666667
Epoch: 290 train_loss: 0.006018 val_loss: 0.365441 val_acc: 0.783784 test_loss: 0.478158 test_acc: 0.684685
Epoch: 300 train_loss: 0.005925 val_loss: 0.359679 val_acc: 0.774775 test_loss: 0.486163 test_acc: 0.684685
Epoch: 310 train_loss: 0.005933 val_loss: 0.360950 val_acc: 0.792793 test_loss: 0.474849 test_acc: 0.666667
Epoch: 320 train_loss: 0.005991 val_loss: 0.362738 val_acc: 0.765766 test_loss: 0.461643 test_acc: 0.711712
Epoch: 330 train_loss: 0.005979 val_loss: 0.369502 val_acc: 0.765766 test_loss: 0.403939 test_acc: 0.675676
Epoch: 340 train_loss: 0.005964 val_loss: 0.355324 val_acc: 0.774775 test_loss: 0.469512 test_acc: 0.675676
Epoch: 350 train_loss: 0.005861 val_loss: 0.355237 val_acc: 0.783784 test_loss: 0.473326 test_acc: 0.684685
Epoch: 360 train_loss: 0.005847 val_loss: 0.361733 val_acc: 0.774775 test_loss: 0.479081 test_acc: 0.657658
Epoch: 370 train_loss: 0.005855 val_loss: 0.357416 val_acc: 0.774775 test_loss: 0.458394 test_acc: 0.702703
Epoch: 380 train_loss: 0.005896 val_loss: 0.362431 val_acc: 0.774775 test_loss: 0.484073 test_acc: 0.657658
Epoch: 390 train_loss: 0.005867 val_loss: 0.363125 val_acc: 0.774775 test_loss: 0.489682 test_acc: 0.675676
Epoch: 400 train_loss: 0.005824 val_loss: 0.354694 val_acc: 0.765766 test_loss: 0.477842 test_acc: 0.657658
Epoch: 410 train_loss: 0.005828 val_loss: 0.359693 val_acc: 0.774775 test_loss: 0.482960 test_acc: 0.666667
Epoch: 420 train_loss: 0.005835 val_loss: 0.363183 val_acc: 0.774775 test_loss: 0.478525 test_acc: 0.693694
Epoch: 430 train_loss: 0.005814 val_loss: 0.365146 val_acc: 0.774775 test_loss: 0.478632 test_acc: 0.693694
Epoch: 440 train_loss: 0.005728 val_loss: 0.365416 val_acc: 0.783784 test_loss: 0.483688 test_acc: 0.675676
Epoch: 450 train_loss: 0.005735 val_loss: 0.365755 val_acc: 0.765766 test_loss: 0.478302 test_acc: 0.666667
Epoch: 460 train_loss: 0.005716 val_loss: 0.363131 val_acc: 0.765766 test_loss: 0.479986 test_acc: 0.666667
Epoch: 470 train_loss: 0.005747 val_loss: 0.361894 val_acc: 0.774775 test_loss: 0.464163 test_acc: 0.702703
Epoch: 480 train_loss: 0.005719 val_loss: 0.358484 val_acc: 0.774775 test_loss: 0.476746 test_acc: 0.675676
Epoch: 490 train_loss: 0.005675 val_loss: 0.364079 val_acc: 0.783784 test_loss: 0.492529 test_acc: 0.684685
------------- 6 val_acc: 0.8198 test_acc: 0.6937 best_test: 0.7387 -----------------
Fold: 7
Epoch: 000 train_loss: 0.012082 val_loss: 0.583242 val_acc: 0.648649 test_loss: 0.556771 test_acc: 0.639640
Epoch: 010 train_loss: 0.006770 val_loss: 0.405234 val_acc: 0.684685 test_loss: 0.429855 test_acc: 0.693694
Epoch: 020 train_loss: 0.007470 val_loss: 0.447877 val_acc: 0.675676 test_loss: 0.467387 test_acc: 0.648649
Epoch: 030 train_loss: 0.006451 val_loss: 0.403596 val_acc: 0.720721 test_loss: 0.434749 test_acc: 0.693694
Epoch: 040 train_loss: 0.006414 val_loss: 0.406923 val_acc: 0.711712 test_loss: 0.426521 test_acc: 0.720721
Epoch: 050 train_loss: 0.006347 val_loss: 0.417378 val_acc: 0.666667 test_loss: 0.424178 test_acc: 0.747748
Epoch: 060 train_loss: 0.006372 val_loss: 0.405129 val_acc: 0.702703 test_loss: 0.419230 test_acc: 0.756757
Epoch: 070 train_loss: 0.006244 val_loss: 0.416451 val_acc: 0.675676 test_loss: 0.419085 test_acc: 0.756757
Epoch: 080 train_loss: 0.006321 val_loss: 0.426100 val_acc: 0.675676 test_loss: 0.420598 test_acc: 0.756757
Epoch: 090 train_loss: 0.006317 val_loss: 0.419034 val_acc: 0.675676 test_loss: 0.420469 test_acc: 0.747748
Epoch: 100 train_loss: 0.006225 val_loss: 0.428800 val_acc: 0.666667 test_loss: 0.420909 test_acc: 0.756757
Epoch: 110 train_loss: 0.006148 val_loss: 0.441409 val_acc: 0.657658 test_loss: 0.417272 test_acc: 0.747748
Epoch: 120 train_loss: 0.006141 val_loss: 0.444823 val_acc: 0.675676 test_loss: 0.420456 test_acc: 0.729730
Epoch: 130 train_loss: 0.006160 val_loss: 0.457575 val_acc: 0.684685 test_loss: 0.418019 test_acc: 0.729730
Epoch: 140 train_loss: 0.006146 val_loss: 0.464217 val_acc: 0.684685 test_loss: 0.417509 test_acc: 0.729730
Epoch: 150 train_loss: 0.006095 val_loss: 0.469642 val_acc: 0.684685 test_loss: 0.417274 test_acc: 0.711712
Epoch: 160 train_loss: 0.006052 val_loss: 0.468951 val_acc: 0.693694 test_loss: 0.418686 test_acc: 0.720721
Epoch: 170 train_loss: 0.006083 val_loss: 0.465802 val_acc: 0.693694 test_loss: 0.417125 test_acc: 0.738739
Epoch: 180 train_loss: 0.006021 val_loss: 0.460377 val_acc: 0.711712 test_loss: 0.418375 test_acc: 0.729730
Epoch: 190 train_loss: 0.006108 val_loss: 0.483603 val_acc: 0.693694 test_loss: 0.422370 test_acc: 0.747748
Epoch: 200 train_loss: 0.005926 val_loss: 0.482139 val_acc: 0.684685 test_loss: 0.414378 test_acc: 0.738739
Epoch: 210 train_loss: 0.005971 val_loss: 0.477559 val_acc: 0.693694 test_loss: 0.415548 test_acc: 0.747748
Epoch: 220 train_loss: 0.005873 val_loss: 0.490832 val_acc: 0.666667 test_loss: 0.411652 test_acc: 0.729730
Epoch: 230 train_loss: 0.005907 val_loss: 0.482188 val_acc: 0.657658 test_loss: 0.415874 test_acc: 0.711712
Epoch: 240 train_loss: 0.005951 val_loss: 0.516545 val_acc: 0.693694 test_loss: 0.417565 test_acc: 0.729730
Epoch: 250 train_loss: 0.005858 val_loss: 0.493235 val_acc: 0.666667 test_loss: 0.414427 test_acc: 0.738739
Epoch: 260 train_loss: 0.005835 val_loss: 0.493972 val_acc: 0.675676 test_loss: 0.419506 test_acc: 0.738739
Epoch: 270 train_loss: 0.005817 val_loss: 0.489644 val_acc: 0.657658 test_loss: 0.412756 test_acc: 0.765766
Epoch: 280 train_loss: 0.005745 val_loss: 0.484487 val_acc: 0.675676 test_loss: 0.407457 test_acc: 0.747748
Epoch: 290 train_loss: 0.005829 val_loss: 0.484706 val_acc: 0.666667 test_loss: 0.413808 test_acc: 0.738739
Epoch: 300 train_loss: 0.005733 val_loss: 0.486928 val_acc: 0.684685 test_loss: 0.421939 test_acc: 0.729730
Epoch: 310 train_loss: 0.005699 val_loss: 0.478822 val_acc: 0.684685 test_loss: 0.415748 test_acc: 0.738739
Epoch: 320 train_loss: 0.005680 val_loss: 0.509534 val_acc: 0.675676 test_loss: 0.418683 test_acc: 0.738739
Epoch: 330 train_loss: 0.005656 val_loss: 0.500717 val_acc: 0.675676 test_loss: 0.415493 test_acc: 0.747748
Epoch: 340 train_loss: 0.005741 val_loss: 0.478282 val_acc: 0.675676 test_loss: 0.405000 test_acc: 0.783784
Epoch: 350 train_loss: 0.005613 val_loss: 0.487974 val_acc: 0.675676 test_loss: 0.418089 test_acc: 0.765766
Epoch: 360 train_loss: 0.005601 val_loss: 0.499990 val_acc: 0.702703 test_loss: 0.419096 test_acc: 0.756757
Epoch: 370 train_loss: 0.005507 val_loss: 0.518767 val_acc: 0.657658 test_loss: 0.435561 test_acc: 0.747748
Epoch: 380 train_loss: 0.005734 val_loss: 0.503122 val_acc: 0.666667 test_loss: 0.415461 test_acc: 0.729730
Epoch: 390 train_loss: 0.005531 val_loss: 0.490060 val_acc: 0.684685 test_loss: 0.412850 test_acc: 0.747748
Epoch: 400 train_loss: 0.005614 val_loss: 0.472703 val_acc: 0.675676 test_loss: 0.430100 test_acc: 0.756757
Epoch: 410 train_loss: 0.005470 val_loss: 0.492519 val_acc: 0.657658 test_loss: 0.425037 test_acc: 0.738739
Epoch: 420 train_loss: 0.005514 val_loss: 0.514295 val_acc: 0.657658 test_loss: 0.429224 test_acc: 0.711712
Epoch: 430 train_loss: 0.005474 val_loss: 0.490314 val_acc: 0.693694 test_loss: 0.424220 test_acc: 0.738739
Epoch: 440 train_loss: 0.005344 val_loss: 0.515190 val_acc: 0.675676 test_loss: 0.437196 test_acc: 0.729730
Epoch: 450 train_loss: 0.005343 val_loss: 0.546501 val_acc: 0.639640 test_loss: 0.447102 test_acc: 0.702703
Epoch: 460 train_loss: 0.005337 val_loss: 0.534931 val_acc: 0.675676 test_loss: 0.459273 test_acc: 0.738739
Epoch: 470 train_loss: 0.005271 val_loss: 0.518893 val_acc: 0.675676 test_loss: 0.439746 test_acc: 0.747748
Epoch: 480 train_loss: 0.005276 val_loss: 0.519757 val_acc: 0.693694 test_loss: 0.434067 test_acc: 0.720721
Epoch: 490 train_loss: 0.005244 val_loss: 0.530601 val_acc: 0.684685 test_loss: 0.435812 test_acc: 0.738739
------------- 7 val_acc: 0.7297 test_acc: 0.6667 best_test: 0.7838 -----------------
Fold: 8
Epoch: 000 train_loss: 0.011813 val_loss: 0.446839 val_acc: 0.666667 test_loss: 0.504878 test_acc: 0.522523
Epoch: 010 train_loss: 0.006586 val_loss: 0.427844 val_acc: 0.711712 test_loss: 0.474807 test_acc: 0.639640
Epoch: 020 train_loss: 0.006321 val_loss: 0.417332 val_acc: 0.756757 test_loss: 0.464095 test_acc: 0.666667
Epoch: 030 train_loss: 0.006596 val_loss: 0.451375 val_acc: 0.720721 test_loss: 0.523941 test_acc: 0.639640
Epoch: 040 train_loss: 0.006367 val_loss: 0.419812 val_acc: 0.729730 test_loss: 0.458265 test_acc: 0.675676
Epoch: 050 train_loss: 0.006197 val_loss: 0.417219 val_acc: 0.729730 test_loss: 0.463790 test_acc: 0.675676
Epoch: 060 train_loss: 0.006182 val_loss: 0.414958 val_acc: 0.729730 test_loss: 0.453269 test_acc: 0.684685
Epoch: 070 train_loss: 0.006166 val_loss: 0.417934 val_acc: 0.747748 test_loss: 0.453927 test_acc: 0.693694
Epoch: 080 train_loss: 0.006132 val_loss: 0.421030 val_acc: 0.738739 test_loss: 0.453790 test_acc: 0.666667
Epoch: 090 train_loss: 0.006186 val_loss: 0.417352 val_acc: 0.729730 test_loss: 0.452201 test_acc: 0.711712
Epoch: 100 train_loss: 0.006143 val_loss: 0.423133 val_acc: 0.738739 test_loss: 0.464550 test_acc: 0.666667
Epoch: 110 train_loss: 0.006084 val_loss: 0.417237 val_acc: 0.729730 test_loss: 0.449227 test_acc: 0.720721
Epoch: 120 train_loss: 0.006093 val_loss: 0.416335 val_acc: 0.729730 test_loss: 0.451216 test_acc: 0.693694
Epoch: 130 train_loss: 0.006125 val_loss: 0.417147 val_acc: 0.738739 test_loss: 0.452653 test_acc: 0.675676
Epoch: 140 train_loss: 0.006058 val_loss: 0.417255 val_acc: 0.747748 test_loss: 0.449233 test_acc: 0.720721
Epoch: 150 train_loss: 0.006059 val_loss: 0.415830 val_acc: 0.738739 test_loss: 0.444755 test_acc: 0.747748
Epoch: 160 train_loss: 0.006035 val_loss: 0.416498 val_acc: 0.738739 test_loss: 0.449531 test_acc: 0.729730
Epoch: 170 train_loss: 0.006050 val_loss: 0.419348 val_acc: 0.729730 test_loss: 0.452535 test_acc: 0.720721
Epoch: 180 train_loss: 0.006014 val_loss: 0.418839 val_acc: 0.738739 test_loss: 0.448224 test_acc: 0.720721
Epoch: 190 train_loss: 0.006053 val_loss: 0.412600 val_acc: 0.738739 test_loss: 0.443863 test_acc: 0.738739
Epoch: 200 train_loss: 0.006024 val_loss: 0.420269 val_acc: 0.729730 test_loss: 0.442505 test_acc: 0.756757
Epoch: 210 train_loss: 0.005975 val_loss: 0.416181 val_acc: 0.729730 test_loss: 0.440058 test_acc: 0.747748
Epoch: 220 train_loss: 0.005967 val_loss: 0.416422 val_acc: 0.720721 test_loss: 0.443045 test_acc: 0.756757
Epoch: 230 train_loss: 0.005948 val_loss: 0.417291 val_acc: 0.720721 test_loss: 0.447295 test_acc: 0.756757
Epoch: 240 train_loss: 0.005932 val_loss: 0.416097 val_acc: 0.720721 test_loss: 0.441445 test_acc: 0.747748
Epoch: 250 train_loss: 0.005978 val_loss: 0.415651 val_acc: 0.720721 test_loss: 0.444124 test_acc: 0.738739
Epoch: 260 train_loss: 0.005917 val_loss: 0.416516 val_acc: 0.720721 test_loss: 0.444019 test_acc: 0.747748
Epoch: 270 train_loss: 0.005916 val_loss: 0.414035 val_acc: 0.729730 test_loss: 0.441834 test_acc: 0.747748
Epoch: 280 train_loss: 0.005933 val_loss: 0.415307 val_acc: 0.729730 test_loss: 0.432511 test_acc: 0.738739
Epoch: 290 train_loss: 0.005880 val_loss: 0.413691 val_acc: 0.738739 test_loss: 0.445021 test_acc: 0.738739
Epoch: 300 train_loss: 0.005884 val_loss: 0.414611 val_acc: 0.729730 test_loss: 0.441849 test_acc: 0.756757
Epoch: 310 train_loss: 0.005856 val_loss: 0.416834 val_acc: 0.711712 test_loss: 0.432163 test_acc: 0.747748
Epoch: 320 train_loss: 0.005881 val_loss: 0.414541 val_acc: 0.747748 test_loss: 0.439284 test_acc: 0.747748
Epoch: 330 train_loss: 0.005846 val_loss: 0.413918 val_acc: 0.729730 test_loss: 0.438033 test_acc: 0.747748
Epoch: 340 train_loss: 0.005863 val_loss: 0.415358 val_acc: 0.729730 test_loss: 0.432812 test_acc: 0.747748
Epoch: 350 train_loss: 0.005820 val_loss: 0.415770 val_acc: 0.729730 test_loss: 0.433975 test_acc: 0.756757
Epoch: 360 train_loss: 0.005816 val_loss: 0.413728 val_acc: 0.729730 test_loss: 0.432047 test_acc: 0.765766
Epoch: 370 train_loss: 0.005807 val_loss: 0.416452 val_acc: 0.747748 test_loss: 0.442554 test_acc: 0.747748
Epoch: 380 train_loss: 0.005797 val_loss: 0.412177 val_acc: 0.720721 test_loss: 0.425868 test_acc: 0.765766
Epoch: 390 train_loss: 0.005782 val_loss: 0.413784 val_acc: 0.747748 test_loss: 0.431138 test_acc: 0.756757
Epoch: 400 train_loss: 0.005819 val_loss: 0.413467 val_acc: 0.756757 test_loss: 0.438667 test_acc: 0.756757
Epoch: 410 train_loss: 0.005799 val_loss: 0.413710 val_acc: 0.738739 test_loss: 0.428470 test_acc: 0.765766
Epoch: 420 train_loss: 0.005811 val_loss: 0.411734 val_acc: 0.729730 test_loss: 0.428165 test_acc: 0.765766
Epoch: 430 train_loss: 0.005796 val_loss: 0.410875 val_acc: 0.747748 test_loss: 0.434436 test_acc: 0.747748
Epoch: 440 train_loss: 0.005775 val_loss: 0.412229 val_acc: 0.747748 test_loss: 0.428278 test_acc: 0.765766
Epoch: 450 train_loss: 0.005794 val_loss: 0.413366 val_acc: 0.747748 test_loss: 0.425830 test_acc: 0.765766
Epoch: 460 train_loss: 0.005745 val_loss: 0.416576 val_acc: 0.747748 test_loss: 0.435275 test_acc: 0.756757
Epoch: 470 train_loss: 0.005711 val_loss: 0.414555 val_acc: 0.729730 test_loss: 0.426105 test_acc: 0.756757
Epoch: 480 train_loss: 0.005702 val_loss: 0.412068 val_acc: 0.756757 test_loss: 0.433044 test_acc: 0.765766
Epoch: 490 train_loss: 0.005704 val_loss: 0.414973 val_acc: 0.747748 test_loss: 0.432508 test_acc: 0.765766
------------- 8 val_acc: 0.7838 test_acc: 0.7117 best_test: 0.7748 -----------------
Fold: 9
Epoch: 000 train_loss: 0.012514 val_loss: 0.492032 val_acc: 0.486486 test_loss: 0.441083 test_acc: 0.648649
Epoch: 010 train_loss: 0.007016 val_loss: 0.462511 val_acc: 0.585586 test_loss: 0.406861 test_acc: 0.693694
Epoch: 020 train_loss: 0.006686 val_loss: 0.470895 val_acc: 0.594595 test_loss: 0.403114 test_acc: 0.702703
Epoch: 030 train_loss: 0.006451 val_loss: 0.461419 val_acc: 0.567568 test_loss: 0.394481 test_acc: 0.693694
Epoch: 040 train_loss: 0.006428 val_loss: 0.462491 val_acc: 0.639640 test_loss: 0.401214 test_acc: 0.720721
Epoch: 050 train_loss: 0.006276 val_loss: 0.466608 val_acc: 0.630631 test_loss: 0.391481 test_acc: 0.720721
Epoch: 060 train_loss: 0.006240 val_loss: 0.464902 val_acc: 0.639640 test_loss: 0.389469 test_acc: 0.720721
Epoch: 070 train_loss: 0.006292 val_loss: 0.482522 val_acc: 0.648649 test_loss: 0.400980 test_acc: 0.729730
Epoch: 080 train_loss: 0.006366 val_loss: 0.463082 val_acc: 0.666667 test_loss: 0.392676 test_acc: 0.738739
Epoch: 090 train_loss: 0.006370 val_loss: 0.460832 val_acc: 0.666667 test_loss: 0.396739 test_acc: 0.720721
Epoch: 100 train_loss: 0.006247 val_loss: 0.476153 val_acc: 0.630631 test_loss: 0.396729 test_acc: 0.702703
Epoch: 110 train_loss: 0.006171 val_loss: 0.457241 val_acc: 0.657658 test_loss: 0.390392 test_acc: 0.720721
Epoch: 120 train_loss: 0.006184 val_loss: 0.453126 val_acc: 0.657658 test_loss: 0.392178 test_acc: 0.747748
Epoch: 130 train_loss: 0.006184 val_loss: 0.464669 val_acc: 0.666667 test_loss: 0.389947 test_acc: 0.729730
Epoch: 140 train_loss: 0.006127 val_loss: 0.463533 val_acc: 0.675676 test_loss: 0.391489 test_acc: 0.729730
Epoch: 150 train_loss: 0.006139 val_loss: 0.456853 val_acc: 0.684685 test_loss: 0.388313 test_acc: 0.729730
Epoch: 160 train_loss: 0.006079 val_loss: 0.456322 val_acc: 0.675676 test_loss: 0.387465 test_acc: 0.738739
Epoch: 170 train_loss: 0.006112 val_loss: 0.451371 val_acc: 0.702703 test_loss: 0.387133 test_acc: 0.738739
Epoch: 180 train_loss: 0.006118 val_loss: 0.455525 val_acc: 0.693694 test_loss: 0.386130 test_acc: 0.747748
Epoch: 190 train_loss: 0.006085 val_loss: 0.454038 val_acc: 0.684685 test_loss: 0.386329 test_acc: 0.747748
Epoch: 200 train_loss: 0.006063 val_loss: 0.458879 val_acc: 0.684685 test_loss: 0.388224 test_acc: 0.774775
Epoch: 210 train_loss: 0.006060 val_loss: 0.454330 val_acc: 0.702703 test_loss: 0.387077 test_acc: 0.765766
Epoch: 220 train_loss: 0.006060 val_loss: 0.447801 val_acc: 0.729730 test_loss: 0.384007 test_acc: 0.783784
Epoch: 230 train_loss: 0.006027 val_loss: 0.453389 val_acc: 0.693694 test_loss: 0.387863 test_acc: 0.783784
Epoch: 240 train_loss: 0.006012 val_loss: 0.445963 val_acc: 0.711712 test_loss: 0.382975 test_acc: 0.774775
Epoch: 250 train_loss: 0.006075 val_loss: 0.447574 val_acc: 0.729730 test_loss: 0.389378 test_acc: 0.792793
Epoch: 260 train_loss: 0.006020 val_loss: 0.445407 val_acc: 0.720721 test_loss: 0.384741 test_acc: 0.783784
Epoch: 270 train_loss: 0.005986 val_loss: 0.447974 val_acc: 0.702703 test_loss: 0.389765 test_acc: 0.792793
Epoch: 280 train_loss: 0.005966 val_loss: 0.451376 val_acc: 0.711712 test_loss: 0.384564 test_acc: 0.783784
Epoch: 290 train_loss: 0.005968 val_loss: 0.444836 val_acc: 0.720721 test_loss: 0.383451 test_acc: 0.783784
Epoch: 300 train_loss: 0.005985 val_loss: 0.446096 val_acc: 0.720721 test_loss: 0.384815 test_acc: 0.783784
Epoch: 310 train_loss: 0.005999 val_loss: 0.437967 val_acc: 0.729730 test_loss: 0.385567 test_acc: 0.792793
Epoch: 320 train_loss: 0.006033 val_loss: 0.433885 val_acc: 0.729730 test_loss: 0.386431 test_acc: 0.783784
Epoch: 330 train_loss: 0.005999 val_loss: 0.449098 val_acc: 0.711712 test_loss: 0.383527 test_acc: 0.792793
Epoch: 340 train_loss: 0.006018 val_loss: 0.447232 val_acc: 0.711712 test_loss: 0.384676 test_acc: 0.783784
Epoch: 350 train_loss: 0.005918 val_loss: 0.440714 val_acc: 0.720721 test_loss: 0.384794 test_acc: 0.774775
Epoch: 360 train_loss: 0.005915 val_loss: 0.449030 val_acc: 0.711712 test_loss: 0.383341 test_acc: 0.792793
Epoch: 370 train_loss: 0.005931 val_loss: 0.441635 val_acc: 0.747748 test_loss: 0.385803 test_acc: 0.783784
Epoch: 380 train_loss: 0.005918 val_loss: 0.443034 val_acc: 0.720721 test_loss: 0.384078 test_acc: 0.783784
Epoch: 390 train_loss: 0.005934 val_loss: 0.449925 val_acc: 0.693694 test_loss: 0.383582 test_acc: 0.783784
Epoch: 400 train_loss: 0.005936 val_loss: 0.427939 val_acc: 0.765766 test_loss: 0.384812 test_acc: 0.783784
Epoch: 410 train_loss: 0.005861 val_loss: 0.441940 val_acc: 0.729730 test_loss: 0.386805 test_acc: 0.783784
Epoch: 420 train_loss: 0.005881 val_loss: 0.432716 val_acc: 0.747748 test_loss: 0.384768 test_acc: 0.774775
Epoch: 430 train_loss: 0.005881 val_loss: 0.435884 val_acc: 0.747748 test_loss: 0.387899 test_acc: 0.774775
Epoch: 440 train_loss: 0.005878 val_loss: 0.429192 val_acc: 0.756757 test_loss: 0.386770 test_acc: 0.774775
Epoch: 450 train_loss: 0.005836 val_loss: 0.430651 val_acc: 0.756757 test_loss: 0.387363 test_acc: 0.765766
Epoch: 460 train_loss: 0.005852 val_loss: 0.430284 val_acc: 0.747748 test_loss: 0.389104 test_acc: 0.765766
Epoch: 470 train_loss: 0.005809 val_loss: 0.433946 val_acc: 0.756757 test_loss: 0.390258 test_acc: 0.774775
Epoch: 480 train_loss: 0.005836 val_loss: 0.439610 val_acc: 0.720721 test_loss: 0.391932 test_acc: 0.756757
Epoch: 490 train_loss: 0.005810 val_loss: 0.420369 val_acc: 0.765766 test_loss: 0.390974 test_acc: 0.765766
------------- 9 val_acc: 0.7928 test_acc: 0.7658 best_test: 0.8108 -----------------
[0.7410714285714286, 0.75, 0.7410714285714286, 0.7477477477477478, 0.7567567567567568, 0.7567567567567568, 0.6936936936936937, 0.6666666666666666, 0.7117117117117117, 0.7657657657657657]
[0.7767857142857143, 0.7678571428571429, 0.7589285714285714, 0.7837837837837838, 0.7927927927927928, 0.8018018018018018, 0.7387387387387387, 0.7837837837837838, 0.7747747747747747, 0.8108108108108109]
[10 Fold results] data_val:78.62  2.25 data_test:73.31  3.04 best_test:77.90  1.98
