/home/dongrui/anaconda3/envs/dr/lib/python3.9/site-packages/torch_geometric/data/in_memory_dataset.py:284: UserWarning: It is not recommended to directly access the internal storage format `data` of an 'InMemoryDataset'. If you are absolutely certain what you are doing, access the internal storage via `InMemoryDataset._data` instead to suppress this warning. Alternatively, you can access stacked individual attributes of every graph via `dataset.{attr_name}`.
  warnings.warn(msg)
Namespace(device='cuda:0', dataset='PROTEINS', in_size=3, num_classes=2, model_name='fusion', fusion_type='early', gcn_channels=3, gcn_hidden=128, gcn_layers=4, gcn_dropout=0.1, trans_num_layers=4, input_node_dim=3, hidden_node_dim=32, input_edge_dim=0, hidden_edge_dim=32, ouput_dim=None, n_heads=4, max_in_degree=5, max_out_degree=5, max_path_distance=5, hidden_dim=128, num_layers=4, num_features=3, num_heads=8, dropout=0.1, pos_encoding='gcn', att_dropout=0.1, d_k=64, d_v=64, pos_embed_type='s', alpha=0.4, num_fusion_layers=4, eta=0.5, ffn_dim=128, lam1=0.2, lam2=0.2, theta1=0.2, theta2=0.4, theta3=0.4, gamma=0.7, loss_log=2, folds=10, lr=0.0001, weight_decay=0.0005, batch_size=64, epoches=800, output_dim=2)
/home/dongrui/anaconda3/envs/dr/lib/python3.9/site-packages/torch_geometric/data/in_memory_dataset.py:284: UserWarning: It is not recommended to directly access the internal storage format `data` of an 'InMemoryDataset'. The given 'InMemoryDataset' only references a subset of examples of the full dataset, but 'data' will contain information of the full dataset. The data of the dataset is already cached, so any modifications to `data` will not be reflected when accessing its elements. Clearing the cache now by removing all elements in `dataset._data_list`. If you are absolutely certain what you are doing, access the internal storage via `InMemoryDataset._data` instead to suppress this warning. Alternatively, you can access stacked individual attributes of every graph via `dataset.{attr_name}`.
  warnings.warn(msg)
Fold: 0
Epoch: 000 train_loss: 0.009417 val_loss: 0.453283 val_acc: 0.666667 test_loss: 0.549908 test_acc: 0.580357
Epoch: 010 train_loss: 0.006564 val_loss: 0.395754 val_acc: 0.666667 test_loss: 0.446744 test_acc: 0.562500
Epoch: 020 train_loss: 0.006261 val_loss: 0.378760 val_acc: 0.720721 test_loss: 0.405639 test_acc: 0.723214
Epoch: 030 train_loss: 0.006318 val_loss: 0.390063 val_acc: 0.729730 test_loss: 0.409608 test_acc: 0.723214
Epoch: 040 train_loss: 0.006306 val_loss: 0.379931 val_acc: 0.720721 test_loss: 0.412624 test_acc: 0.687500
Epoch: 050 train_loss: 0.006333 val_loss: 0.374443 val_acc: 0.720721 test_loss: 0.401415 test_acc: 0.714286
Epoch: 060 train_loss: 0.006053 val_loss: 0.370367 val_acc: 0.729730 test_loss: 0.395572 test_acc: 0.723214
Epoch: 070 train_loss: 0.006078 val_loss: 0.373809 val_acc: 0.756757 test_loss: 0.396296 test_acc: 0.705357
Epoch: 080 train_loss: 0.006001 val_loss: 0.378769 val_acc: 0.738739 test_loss: 0.399642 test_acc: 0.732143
Epoch: 090 train_loss: 0.006090 val_loss: 0.376975 val_acc: 0.720721 test_loss: 0.395325 test_acc: 0.714286
Epoch: 100 train_loss: 0.005975 val_loss: 0.379946 val_acc: 0.756757 test_loss: 0.393661 test_acc: 0.750000
Epoch: 110 train_loss: 0.005886 val_loss: 0.374708 val_acc: 0.765766 test_loss: 0.399501 test_acc: 0.750000
Epoch: 120 train_loss: 0.005918 val_loss: 0.378218 val_acc: 0.774775 test_loss: 0.390232 test_acc: 0.750000
Epoch: 130 train_loss: 0.005954 val_loss: 0.379169 val_acc: 0.729730 test_loss: 0.393514 test_acc: 0.705357
Epoch: 140 train_loss: 0.005957 val_loss: 0.388774 val_acc: 0.765766 test_loss: 0.397550 test_acc: 0.741071
Epoch: 150 train_loss: 0.005732 val_loss: 0.406419 val_acc: 0.783784 test_loss: 0.400377 test_acc: 0.767857
Epoch: 160 train_loss: 0.005686 val_loss: 0.409895 val_acc: 0.747748 test_loss: 0.401376 test_acc: 0.741071
Epoch: 170 train_loss: 0.005913 val_loss: 0.379907 val_acc: 0.792793 test_loss: 0.405578 test_acc: 0.750000
Epoch: 180 train_loss: 0.005666 val_loss: 0.418328 val_acc: 0.747748 test_loss: 0.399800 test_acc: 0.732143
Epoch: 190 train_loss: 0.005594 val_loss: 0.422430 val_acc: 0.711712 test_loss: 0.410216 test_acc: 0.723214
Epoch: 200 train_loss: 0.005727 val_loss: 0.415015 val_acc: 0.774775 test_loss: 0.390330 test_acc: 0.750000
Epoch: 210 train_loss: 0.005418 val_loss: 0.458864 val_acc: 0.729730 test_loss: 0.427296 test_acc: 0.723214
Epoch: 220 train_loss: 0.005433 val_loss: 0.491834 val_acc: 0.738739 test_loss: 0.456858 test_acc: 0.723214
Epoch: 230 train_loss: 0.005410 val_loss: 0.436078 val_acc: 0.756757 test_loss: 0.415203 test_acc: 0.758929
Epoch: 240 train_loss: 0.005282 val_loss: 0.493296 val_acc: 0.765766 test_loss: 0.437240 test_acc: 0.732143
Epoch: 250 train_loss: 0.005423 val_loss: 0.471878 val_acc: 0.747748 test_loss: 0.428630 test_acc: 0.741071
Epoch: 260 train_loss: 0.005189 val_loss: 0.555466 val_acc: 0.756757 test_loss: 0.442608 test_acc: 0.758929
Epoch: 270 train_loss: 0.005616 val_loss: 0.427870 val_acc: 0.792793 test_loss: 0.386489 test_acc: 0.776786
Epoch: 280 train_loss: 0.005500 val_loss: 0.479053 val_acc: 0.756757 test_loss: 0.423594 test_acc: 0.750000
Epoch: 290 train_loss: 0.005267 val_loss: 0.502237 val_acc: 0.738739 test_loss: 0.463055 test_acc: 0.732143
Epoch: 300 train_loss: 0.005265 val_loss: 0.488626 val_acc: 0.774775 test_loss: 0.451009 test_acc: 0.741071
Epoch: 310 train_loss: 0.004945 val_loss: 0.558233 val_acc: 0.747748 test_loss: 0.448024 test_acc: 0.723214
Epoch: 320 train_loss: 0.005082 val_loss: 0.557082 val_acc: 0.756757 test_loss: 0.468006 test_acc: 0.714286
Epoch: 330 train_loss: 0.004920 val_loss: 0.535119 val_acc: 0.738739 test_loss: 0.460629 test_acc: 0.714286
Epoch: 340 train_loss: 0.004849 val_loss: 0.555489 val_acc: 0.747748 test_loss: 0.458275 test_acc: 0.732143
Epoch: 350 train_loss: 0.004688 val_loss: 0.647530 val_acc: 0.729730 test_loss: 0.472158 test_acc: 0.741071
Epoch: 360 train_loss: 0.005082 val_loss: 0.567157 val_acc: 0.765766 test_loss: 0.464251 test_acc: 0.714286
Epoch: 370 train_loss: 0.004670 val_loss: 0.653091 val_acc: 0.729730 test_loss: 0.516339 test_acc: 0.714286
Epoch: 380 train_loss: 0.004607 val_loss: 0.654138 val_acc: 0.711712 test_loss: 0.486774 test_acc: 0.732143
Epoch: 390 train_loss: 0.004543 val_loss: 0.723807 val_acc: 0.693694 test_loss: 0.498568 test_acc: 0.723214
Epoch: 400 train_loss: 0.004554 val_loss: 0.704298 val_acc: 0.684685 test_loss: 0.533875 test_acc: 0.705357
Epoch: 410 train_loss: 0.004527 val_loss: 0.844378 val_acc: 0.729730 test_loss: 0.540748 test_acc: 0.732143
Epoch: 420 train_loss: 0.004347 val_loss: 0.783240 val_acc: 0.720721 test_loss: 0.561289 test_acc: 0.732143
Epoch: 430 train_loss: 0.004258 val_loss: 0.816626 val_acc: 0.702703 test_loss: 0.550238 test_acc: 0.732143
Epoch: 440 train_loss: 0.004500 val_loss: 0.746151 val_acc: 0.693694 test_loss: 0.498297 test_acc: 0.758929
Epoch: 450 train_loss: 0.004353 val_loss: 0.862023 val_acc: 0.675676 test_loss: 0.629070 test_acc: 0.732143
Epoch: 460 train_loss: 0.004034 val_loss: 0.824679 val_acc: 0.702703 test_loss: 0.543959 test_acc: 0.741071
Epoch: 470 train_loss: 0.003959 val_loss: 0.924742 val_acc: 0.675676 test_loss: 0.633249 test_acc: 0.732143
Epoch: 480 train_loss: 0.003935 val_loss: 1.074524 val_acc: 0.639640 test_loss: 0.737018 test_acc: 0.723214
Epoch: 490 train_loss: 0.004432 val_loss: 0.703444 val_acc: 0.729730 test_loss: 0.526830 test_acc: 0.741071
Epoch: 500 train_loss: 0.003838 val_loss: 0.854848 val_acc: 0.738739 test_loss: 0.633277 test_acc: 0.723214
Epoch: 510 train_loss: 0.003665 val_loss: 1.065632 val_acc: 0.666667 test_loss: 0.955104 test_acc: 0.714286
Epoch: 520 train_loss: 0.003697 val_loss: 0.994560 val_acc: 0.675676 test_loss: 1.018243 test_acc: 0.732143
Epoch: 530 train_loss: 0.003645 val_loss: 1.168225 val_acc: 0.675676 test_loss: 1.116042 test_acc: 0.687500
Epoch: 540 train_loss: 0.003868 val_loss: 0.938966 val_acc: 0.666667 test_loss: 0.693981 test_acc: 0.723214
Epoch: 550 train_loss: 0.003512 val_loss: 1.135424 val_acc: 0.675676 test_loss: 0.870458 test_acc: 0.741071
Epoch: 560 train_loss: 0.003500 val_loss: 1.075584 val_acc: 0.666667 test_loss: 0.784230 test_acc: 0.750000
Epoch: 570 train_loss: 0.003381 val_loss: 1.279332 val_acc: 0.648649 test_loss: 1.146489 test_acc: 0.696429
Epoch: 580 train_loss: 0.003280 val_loss: 1.292684 val_acc: 0.675676 test_loss: 1.200041 test_acc: 0.723214
Epoch: 590 train_loss: 0.003269 val_loss: 1.292553 val_acc: 0.666667 test_loss: 0.810820 test_acc: 0.723214
Epoch: 600 train_loss: 0.003451 val_loss: 1.288342 val_acc: 0.693694 test_loss: 0.869841 test_acc: 0.741071
Epoch: 610 train_loss: 0.003145 val_loss: 1.456776 val_acc: 0.657658 test_loss: 0.961679 test_acc: 0.723214
Epoch: 620 train_loss: 0.003324 val_loss: 1.381607 val_acc: 0.675676 test_loss: 0.893740 test_acc: 0.723214
Epoch: 630 train_loss: 0.003220 val_loss: 1.468449 val_acc: 0.666667 test_loss: 1.062813 test_acc: 0.741071
Epoch: 640 train_loss: 0.004131 val_loss: 1.325163 val_acc: 0.684685 test_loss: 0.634166 test_acc: 0.732143
Epoch: 650 train_loss: 0.003112 val_loss: 1.531929 val_acc: 0.666667 test_loss: 1.017030 test_acc: 0.750000
Epoch: 660 train_loss: 0.003030 val_loss: 1.687261 val_acc: 0.648649 test_loss: 0.983075 test_acc: 0.723214
Epoch: 670 train_loss: 0.003083 val_loss: 1.629851 val_acc: 0.657658 test_loss: 1.065140 test_acc: 0.696429
Epoch: 680 train_loss: 0.003149 val_loss: 1.422521 val_acc: 0.648649 test_loss: 1.026178 test_acc: 0.732143
Epoch: 690 train_loss: 0.002986 val_loss: 1.626764 val_acc: 0.666667 test_loss: 0.892670 test_acc: 0.723214
Epoch: 700 train_loss: 0.003076 val_loss: 1.727637 val_acc: 0.675676 test_loss: 1.163164 test_acc: 0.723214
Epoch: 710 train_loss: 0.002895 val_loss: 1.766339 val_acc: 0.666667 test_loss: 0.894925 test_acc: 0.723214
Epoch: 720 train_loss: 0.003480 val_loss: 1.699671 val_acc: 0.666667 test_loss: 0.970456 test_acc: 0.741071
Epoch: 730 train_loss: 0.002865 val_loss: 1.800240 val_acc: 0.648649 test_loss: 1.055405 test_acc: 0.705357
Epoch: 740 train_loss: 0.002802 val_loss: 1.837238 val_acc: 0.639640 test_loss: 0.929878 test_acc: 0.732143
Epoch: 750 train_loss: nan val_loss: nan val_acc: 0.648649 test_loss: nan test_acc: 0.535714
Epoch: 760 train_loss: nan val_loss: nan val_acc: 0.648649 test_loss: nan test_acc: 0.535714
Epoch: 770 train_loss: nan val_loss: nan val_acc: 0.648649 test_loss: nan test_acc: 0.535714
Epoch: 780 train_loss: nan val_loss: nan val_acc: 0.648649 test_loss: nan test_acc: 0.535714
Epoch: 790 train_loss: nan val_loss: nan val_acc: 0.648649 test_loss: nan test_acc: 0.535714
------------- 0 val_acc: 0.8108 test_acc: 0.7411 best_test: 0.7768 -----------------
Fold: 1
Epoch: 000 train_loss: 0.010003 val_loss: 0.448556 val_acc: 0.535714 test_loss: 0.440393 test_acc: 0.589286
Epoch: 010 train_loss: 0.006341 val_loss: 0.436128 val_acc: 0.642857 test_loss: 0.431861 test_acc: 0.642857
Epoch: 020 train_loss: 0.006321 val_loss: 0.415537 val_acc: 0.696429 test_loss: 0.417156 test_acc: 0.678571
Epoch: 030 train_loss: 0.006243 val_loss: 0.405009 val_acc: 0.714286 test_loss: 0.414367 test_acc: 0.696429
Epoch: 040 train_loss: 0.006279 val_loss: 0.407296 val_acc: 0.714286 test_loss: 0.418052 test_acc: 0.723214
Epoch: 050 train_loss: 0.006194 val_loss: 0.406575 val_acc: 0.714286 test_loss: 0.419593 test_acc: 0.696429
Epoch: 060 train_loss: 0.006150 val_loss: 0.397809 val_acc: 0.732143 test_loss: 0.407079 test_acc: 0.723214
Epoch: 070 train_loss: 0.006151 val_loss: 0.411081 val_acc: 0.732143 test_loss: 0.413751 test_acc: 0.741071
Epoch: 080 train_loss: 0.006087 val_loss: 0.394172 val_acc: 0.723214 test_loss: 0.408890 test_acc: 0.732143
Epoch: 090 train_loss: 0.006004 val_loss: 0.396301 val_acc: 0.732143 test_loss: 0.405969 test_acc: 0.714286
Epoch: 100 train_loss: 0.006045 val_loss: 0.396578 val_acc: 0.732143 test_loss: 0.410415 test_acc: 0.723214
Epoch: 110 train_loss: 0.006004 val_loss: 0.389404 val_acc: 0.732143 test_loss: 0.402256 test_acc: 0.732143
Epoch: 120 train_loss: 0.006000 val_loss: 0.388311 val_acc: 0.732143 test_loss: 0.401657 test_acc: 0.732143
Epoch: 130 train_loss: 0.006000 val_loss: 0.398849 val_acc: 0.732143 test_loss: 0.405077 test_acc: 0.741071
Epoch: 140 train_loss: 0.006094 val_loss: 0.390153 val_acc: 0.732143 test_loss: 0.406381 test_acc: 0.732143
Epoch: 150 train_loss: 0.005932 val_loss: 0.391125 val_acc: 0.732143 test_loss: 0.405606 test_acc: 0.732143
Epoch: 160 train_loss: 0.005897 val_loss: 0.382499 val_acc: 0.741071 test_loss: 0.397421 test_acc: 0.714286
Epoch: 170 train_loss: 0.005850 val_loss: 0.383920 val_acc: 0.750000 test_loss: 0.398717 test_acc: 0.732143
Epoch: 180 train_loss: 0.005885 val_loss: 0.388414 val_acc: 0.767857 test_loss: 0.398618 test_acc: 0.732143
Epoch: 190 train_loss: 0.005932 val_loss: 0.395594 val_acc: 0.714286 test_loss: 0.402322 test_acc: 0.714286
Epoch: 200 train_loss: 0.005830 val_loss: 0.381270 val_acc: 0.785714 test_loss: 0.392825 test_acc: 0.723214
Epoch: 210 train_loss: 0.005888 val_loss: 0.380791 val_acc: 0.776786 test_loss: 0.394054 test_acc: 0.723214
Epoch: 220 train_loss: 0.005823 val_loss: 0.386675 val_acc: 0.758929 test_loss: 0.393599 test_acc: 0.714286
Epoch: 230 train_loss: 0.005844 val_loss: 0.384386 val_acc: 0.794643 test_loss: 0.393849 test_acc: 0.723214
Epoch: 240 train_loss: 0.005779 val_loss: 0.394154 val_acc: 0.723214 test_loss: 0.393771 test_acc: 0.732143
Epoch: 250 train_loss: 0.005813 val_loss: 0.380970 val_acc: 0.776786 test_loss: 0.391207 test_acc: 0.723214
Epoch: 260 train_loss: 0.005757 val_loss: 0.386238 val_acc: 0.758929 test_loss: 0.399793 test_acc: 0.732143
Epoch: 270 train_loss: 0.005727 val_loss: 0.392050 val_acc: 0.767857 test_loss: 0.388740 test_acc: 0.732143
Epoch: 280 train_loss: 0.005772 val_loss: 0.387715 val_acc: 0.767857 test_loss: 0.384865 test_acc: 0.723214
Epoch: 290 train_loss: 0.005695 val_loss: 0.392956 val_acc: 0.776786 test_loss: 0.388172 test_acc: 0.732143
Epoch: 300 train_loss: 0.005675 val_loss: 0.387967 val_acc: 0.794643 test_loss: 0.389834 test_acc: 0.723214
Epoch: 310 train_loss: 0.005680 val_loss: 0.379038 val_acc: 0.785714 test_loss: 0.384038 test_acc: 0.723214
Epoch: 320 train_loss: 0.005665 val_loss: 0.394985 val_acc: 0.785714 test_loss: 0.387008 test_acc: 0.723214
Epoch: 330 train_loss: 0.005639 val_loss: 0.374480 val_acc: 0.785714 test_loss: 0.383479 test_acc: 0.696429
Epoch: 340 train_loss: 0.005611 val_loss: 0.381264 val_acc: 0.776786 test_loss: 0.384439 test_acc: 0.750000
Epoch: 350 train_loss: 0.005579 val_loss: 0.388096 val_acc: 0.767857 test_loss: 0.386843 test_acc: 0.741071
Epoch: 360 train_loss: 0.005518 val_loss: 0.388863 val_acc: 0.758929 test_loss: 0.383102 test_acc: 0.741071
Epoch: 370 train_loss: 0.005593 val_loss: 0.384287 val_acc: 0.776786 test_loss: 0.384127 test_acc: 0.732143
Epoch: 380 train_loss: 0.005691 val_loss: 0.395110 val_acc: 0.767857 test_loss: 0.384254 test_acc: 0.732143
Epoch: 390 train_loss: 0.005521 val_loss: 0.402086 val_acc: 0.758929 test_loss: 0.386535 test_acc: 0.741071
Epoch: 400 train_loss: 0.005433 val_loss: 0.396666 val_acc: 0.750000 test_loss: 0.384596 test_acc: 0.732143
Epoch: 410 train_loss: 0.005427 val_loss: 0.405624 val_acc: 0.750000 test_loss: 0.388676 test_acc: 0.714286
Epoch: 420 train_loss: 0.005513 val_loss: 0.407763 val_acc: 0.767857 test_loss: 0.390856 test_acc: 0.723214
Epoch: 430 train_loss: 0.005444 val_loss: 0.380390 val_acc: 0.776786 test_loss: 0.387401 test_acc: 0.741071
Epoch: 440 train_loss: 0.005298 val_loss: 0.383731 val_acc: 0.767857 test_loss: 0.394338 test_acc: 0.723214
Epoch: 450 train_loss: 0.005253 val_loss: 0.386270 val_acc: 0.776786 test_loss: 0.399612 test_acc: 0.705357
Epoch: 460 train_loss: 0.005251 val_loss: 0.387211 val_acc: 0.767857 test_loss: 0.401004 test_acc: 0.714286
Epoch: 470 train_loss: 0.005212 val_loss: 0.390734 val_acc: 0.776786 test_loss: 0.422815 test_acc: 0.714286
Epoch: 480 train_loss: 0.005204 val_loss: 0.395743 val_acc: 0.750000 test_loss: 0.414564 test_acc: 0.696429
Epoch: 490 train_loss: 0.005167 val_loss: 0.423024 val_acc: 0.750000 test_loss: 0.456243 test_acc: 0.705357
Epoch: 500 train_loss: 0.005123 val_loss: 0.394291 val_acc: 0.776786 test_loss: 0.436585 test_acc: 0.687500
Epoch: 510 train_loss: 0.005014 val_loss: 0.409479 val_acc: 0.741071 test_loss: 0.468666 test_acc: 0.705357
Epoch: 520 train_loss: 0.005005 val_loss: 0.406941 val_acc: 0.776786 test_loss: 0.480982 test_acc: 0.696429
Epoch: 530 train_loss: 0.005075 val_loss: 0.416751 val_acc: 0.767857 test_loss: 0.421461 test_acc: 0.705357
Epoch: 540 train_loss: 0.004952 val_loss: 0.399209 val_acc: 0.758929 test_loss: 0.497882 test_acc: 0.687500
Epoch: 550 train_loss: 0.004965 val_loss: 0.407641 val_acc: 0.741071 test_loss: 0.510048 test_acc: 0.678571
Epoch: 560 train_loss: 0.004919 val_loss: 0.404666 val_acc: 0.758929 test_loss: 0.518434 test_acc: 0.687500
Epoch: 570 train_loss: 0.004770 val_loss: 0.431732 val_acc: 0.732143 test_loss: 0.531154 test_acc: 0.669643
Epoch: 580 train_loss: 0.004809 val_loss: 0.407056 val_acc: 0.767857 test_loss: 0.549808 test_acc: 0.660714
Epoch: 590 train_loss: 0.004746 val_loss: 0.434078 val_acc: 0.750000 test_loss: 0.539282 test_acc: 0.669643
Epoch: 600 train_loss: 0.004694 val_loss: 0.423543 val_acc: 0.750000 test_loss: 0.559111 test_acc: 0.669643
Epoch: 610 train_loss: 0.004639 val_loss: 0.450365 val_acc: 0.723214 test_loss: 0.564112 test_acc: 0.669643
Epoch: 620 train_loss: 0.004616 val_loss: 0.438495 val_acc: 0.741071 test_loss: 0.571097 test_acc: 0.669643
Epoch: 630 train_loss: 0.004674 val_loss: 0.445384 val_acc: 0.758929 test_loss: 0.571735 test_acc: 0.696429
Epoch: 640 train_loss: 0.004528 val_loss: 0.448375 val_acc: 0.732143 test_loss: 0.593134 test_acc: 0.660714
Epoch: 650 train_loss: 0.004519 val_loss: 0.449465 val_acc: 0.741071 test_loss: 0.593818 test_acc: 0.678571
Epoch: 660 train_loss: 0.004549 val_loss: 0.466984 val_acc: 0.723214 test_loss: 0.599111 test_acc: 0.678571
Epoch: 670 train_loss: 0.004461 val_loss: 0.459959 val_acc: 0.758929 test_loss: 0.615439 test_acc: 0.651786
Epoch: 680 train_loss: 0.004453 val_loss: 0.457986 val_acc: 0.750000 test_loss: 0.613665 test_acc: 0.669643
Epoch: 690 train_loss: 0.004471 val_loss: 0.456284 val_acc: 0.741071 test_loss: 0.626730 test_acc: 0.669643
Epoch: 700 train_loss: 0.004354 val_loss: 0.465141 val_acc: 0.741071 test_loss: 0.622678 test_acc: 0.669643
Epoch: 710 train_loss: 0.004301 val_loss: 0.472022 val_acc: 0.758929 test_loss: 0.642048 test_acc: 0.651786
Epoch: 720 train_loss: 0.004330 val_loss: 0.478512 val_acc: 0.750000 test_loss: 0.647447 test_acc: 0.669643
Epoch: 730 train_loss: 0.004257 val_loss: 0.476962 val_acc: 0.732143 test_loss: 0.654381 test_acc: 0.678571
Epoch: 740 train_loss: 0.004301 val_loss: 0.484652 val_acc: 0.750000 test_loss: 0.685201 test_acc: 0.660714
Epoch: 750 train_loss: 0.004212 val_loss: 0.488011 val_acc: 0.732143 test_loss: 0.668388 test_acc: 0.633929
Epoch: 760 train_loss: nan val_loss: nan val_acc: 0.535714 test_loss: nan test_acc: 0.589286
Epoch: 770 train_loss: nan val_loss: nan val_acc: 0.535714 test_loss: nan test_acc: 0.589286
Epoch: 780 train_loss: nan val_loss: nan val_acc: 0.535714 test_loss: nan test_acc: 0.589286
Epoch: 790 train_loss: nan val_loss: nan val_acc: 0.535714 test_loss: nan test_acc: 0.589286
------------- 1 val_acc: 0.8036 test_acc: 0.7232 best_test: 0.7500 -----------------
Fold: 2
Epoch: 000 train_loss: 0.011223 val_loss: 0.493995 val_acc: 0.589286 test_loss: 0.523187 test_acc: 0.544643
Epoch: 010 train_loss: 0.006512 val_loss: 0.427021 val_acc: 0.642857 test_loss: 0.431039 test_acc: 0.625000
Epoch: 020 train_loss: 0.006270 val_loss: 0.426343 val_acc: 0.687500 test_loss: 0.427068 test_acc: 0.669643
Epoch: 030 train_loss: 0.006210 val_loss: 0.416812 val_acc: 0.714286 test_loss: 0.392434 test_acc: 0.732143
Epoch: 040 train_loss: 0.006512 val_loss: 0.418103 val_acc: 0.714286 test_loss: 0.402345 test_acc: 0.705357
Epoch: 050 train_loss: 0.006106 val_loss: 0.412943 val_acc: 0.723214 test_loss: 0.393455 test_acc: 0.741071
Epoch: 060 train_loss: 0.006074 val_loss: 0.409576 val_acc: 0.732143 test_loss: 0.392872 test_acc: 0.714286
Epoch: 070 train_loss: 0.006169 val_loss: 0.416472 val_acc: 0.732143 test_loss: 0.396430 test_acc: 0.785714
Epoch: 080 train_loss: 0.006088 val_loss: 0.416862 val_acc: 0.741071 test_loss: 0.415560 test_acc: 0.669643
Epoch: 090 train_loss: 0.005994 val_loss: 0.409959 val_acc: 0.741071 test_loss: 0.392473 test_acc: 0.714286
Epoch: 100 train_loss: 0.005977 val_loss: 0.412547 val_acc: 0.741071 test_loss: 0.401368 test_acc: 0.732143
Epoch: 110 train_loss: 0.005988 val_loss: 0.409589 val_acc: 0.714286 test_loss: 0.395600 test_acc: 0.723214
Epoch: 120 train_loss: 0.006007 val_loss: 0.411507 val_acc: 0.705357 test_loss: 0.396842 test_acc: 0.723214
Epoch: 130 train_loss: 0.005957 val_loss: 0.419117 val_acc: 0.714286 test_loss: 0.407181 test_acc: 0.705357
Epoch: 140 train_loss: 0.005936 val_loss: 0.412574 val_acc: 0.714286 test_loss: 0.397025 test_acc: 0.714286
Epoch: 150 train_loss: 0.005898 val_loss: 0.409122 val_acc: 0.714286 test_loss: 0.394924 test_acc: 0.750000
Epoch: 160 train_loss: 0.005858 val_loss: 0.410470 val_acc: 0.714286 test_loss: 0.394578 test_acc: 0.750000
Epoch: 170 train_loss: 0.005844 val_loss: 0.410679 val_acc: 0.741071 test_loss: 0.392042 test_acc: 0.741071
Epoch: 180 train_loss: 0.005866 val_loss: 0.407944 val_acc: 0.705357 test_loss: 0.389840 test_acc: 0.776786
Epoch: 190 train_loss: 0.005823 val_loss: 0.418613 val_acc: 0.732143 test_loss: 0.407273 test_acc: 0.696429
Epoch: 200 train_loss: 0.005824 val_loss: 0.404881 val_acc: 0.723214 test_loss: 0.386328 test_acc: 0.758929
Epoch: 210 train_loss: 0.005793 val_loss: 0.408167 val_acc: 0.714286 test_loss: 0.388402 test_acc: 0.767857
Epoch: 220 train_loss: 0.005853 val_loss: 0.417326 val_acc: 0.723214 test_loss: 0.412172 test_acc: 0.705357
Epoch: 230 train_loss: 0.005797 val_loss: 0.409399 val_acc: 0.714286 test_loss: 0.393462 test_acc: 0.741071
Epoch: 240 train_loss: 0.005793 val_loss: 0.410364 val_acc: 0.714286 test_loss: 0.394506 test_acc: 0.723214
Epoch: 250 train_loss: 0.005822 val_loss: 0.410338 val_acc: 0.750000 test_loss: 0.389601 test_acc: 0.741071
Epoch: 260 train_loss: 0.005761 val_loss: 0.409360 val_acc: 0.705357 test_loss: 0.391649 test_acc: 0.723214
Epoch: 270 train_loss: 0.005790 val_loss: 0.420054 val_acc: 0.723214 test_loss: 0.412529 test_acc: 0.687500
Epoch: 280 train_loss: 0.005678 val_loss: 0.412269 val_acc: 0.714286 test_loss: 0.393423 test_acc: 0.723214
Epoch: 290 train_loss: 0.005660 val_loss: 0.416799 val_acc: 0.750000 test_loss: 0.395610 test_acc: 0.741071
Epoch: 300 train_loss: 0.005742 val_loss: 0.407352 val_acc: 0.741071 test_loss: 0.386336 test_acc: 0.741071
Epoch: 310 train_loss: 0.005653 val_loss: 0.413653 val_acc: 0.732143 test_loss: 0.388971 test_acc: 0.750000
Epoch: 320 train_loss: 0.005644 val_loss: 0.412707 val_acc: 0.714286 test_loss: 0.394445 test_acc: 0.732143
Epoch: 330 train_loss: 0.005605 val_loss: 0.416563 val_acc: 0.714286 test_loss: 0.398811 test_acc: 0.714286
Epoch: 340 train_loss: 0.005621 val_loss: 0.413539 val_acc: 0.741071 test_loss: 0.396869 test_acc: 0.714286
Epoch: 350 train_loss: 0.005670 val_loss: 0.414236 val_acc: 0.714286 test_loss: 0.396222 test_acc: 0.741071
Epoch: 360 train_loss: 0.005573 val_loss: 0.421598 val_acc: 0.732143 test_loss: 0.407603 test_acc: 0.732143
Epoch: 370 train_loss: 0.005609 val_loss: 0.410598 val_acc: 0.723214 test_loss: 0.396650 test_acc: 0.732143
Epoch: 380 train_loss: 0.005600 val_loss: 0.417364 val_acc: 0.741071 test_loss: 0.414828 test_acc: 0.741071
Epoch: 390 train_loss: 0.005510 val_loss: 0.423178 val_acc: 0.723214 test_loss: 0.420482 test_acc: 0.732143
Epoch: 400 train_loss: 0.005519 val_loss: 0.427880 val_acc: 0.714286 test_loss: 0.420876 test_acc: 0.687500
Epoch: 410 train_loss: 0.005528 val_loss: 0.421808 val_acc: 0.758929 test_loss: 0.430403 test_acc: 0.732143
Epoch: 420 train_loss: 0.005458 val_loss: 0.429045 val_acc: 0.741071 test_loss: 0.431829 test_acc: 0.705357
Epoch: 430 train_loss: 0.005475 val_loss: 0.419447 val_acc: 0.705357 test_loss: 0.403308 test_acc: 0.687500
Epoch: 440 train_loss: 0.005418 val_loss: 0.431673 val_acc: 0.723214 test_loss: 0.418156 test_acc: 0.687500
Epoch: 450 train_loss: 0.005437 val_loss: 0.425762 val_acc: 0.758929 test_loss: 0.434953 test_acc: 0.732143
Epoch: 460 train_loss: 0.005324 val_loss: 0.437073 val_acc: 0.705357 test_loss: 0.447177 test_acc: 0.669643
Epoch: 470 train_loss: 0.005320 val_loss: 0.459566 val_acc: 0.714286 test_loss: 0.445012 test_acc: 0.678571
Epoch: 480 train_loss: 0.005341 val_loss: 0.448961 val_acc: 0.714286 test_loss: 0.448246 test_acc: 0.714286
Epoch: 490 train_loss: 0.005257 val_loss: 0.455500 val_acc: 0.705357 test_loss: 0.453663 test_acc: 0.705357
Epoch: 500 train_loss: 0.005323 val_loss: 0.454945 val_acc: 0.776786 test_loss: 0.453885 test_acc: 0.723214
Epoch: 510 train_loss: 0.005267 val_loss: 0.469160 val_acc: 0.687500 test_loss: 0.466406 test_acc: 0.687500
Epoch: 520 train_loss: 0.005196 val_loss: 0.480202 val_acc: 0.714286 test_loss: 0.475284 test_acc: 0.767857
Epoch: 530 train_loss: 0.005131 val_loss: 0.485136 val_acc: 0.696429 test_loss: 0.476899 test_acc: 0.714286
Epoch: 540 train_loss: 0.005101 val_loss: 0.498646 val_acc: 0.705357 test_loss: 0.500846 test_acc: 0.750000
Epoch: 550 train_loss: 0.005034 val_loss: 0.502825 val_acc: 0.696429 test_loss: 0.484069 test_acc: 0.750000
Epoch: 560 train_loss: 0.005051 val_loss: 0.498826 val_acc: 0.696429 test_loss: 0.496560 test_acc: 0.732143
Epoch: 570 train_loss: 0.005003 val_loss: 0.506425 val_acc: 0.714286 test_loss: 0.507610 test_acc: 0.696429
Epoch: 580 train_loss: 0.005034 val_loss: 0.522305 val_acc: 0.696429 test_loss: 0.525179 test_acc: 0.723214
Epoch: 590 train_loss: 0.004893 val_loss: 0.536252 val_acc: 0.678571 test_loss: 0.521433 test_acc: 0.714286
Epoch: 600 train_loss: 0.004915 val_loss: 0.524260 val_acc: 0.705357 test_loss: 0.529089 test_acc: 0.705357
Epoch: 610 train_loss: 0.004891 val_loss: 0.561632 val_acc: 0.660714 test_loss: 0.555751 test_acc: 0.714286
Epoch: 620 train_loss: 0.004856 val_loss: 0.550962 val_acc: 0.696429 test_loss: 0.531782 test_acc: 0.687500
Epoch: 630 train_loss: 0.004778 val_loss: 0.565979 val_acc: 0.678571 test_loss: 0.550382 test_acc: 0.696429
Epoch: 640 train_loss: 0.004858 val_loss: 0.572418 val_acc: 0.669643 test_loss: 0.561178 test_acc: 0.714286
Epoch: 650 train_loss: 0.004678 val_loss: 0.577686 val_acc: 0.669643 test_loss: 0.571727 test_acc: 0.705357
Epoch: 660 train_loss: 0.004673 val_loss: 0.608328 val_acc: 0.669643 test_loss: 0.589531 test_acc: 0.687500
Epoch: 670 train_loss: 0.004659 val_loss: 0.613222 val_acc: 0.687500 test_loss: 0.592452 test_acc: 0.696429
Epoch: 680 train_loss: 0.004642 val_loss: 0.625414 val_acc: 0.660714 test_loss: 0.602682 test_acc: 0.696429
Epoch: 690 train_loss: 0.004624 val_loss: 0.648230 val_acc: 0.660714 test_loss: 0.620052 test_acc: 0.678571
Epoch: 700 train_loss: 0.004580 val_loss: 0.633789 val_acc: 0.660714 test_loss: 0.624784 test_acc: 0.687500
Epoch: 710 train_loss: 0.004518 val_loss: 0.651861 val_acc: 0.651786 test_loss: 0.627100 test_acc: 0.714286
Epoch: 720 train_loss: 0.004558 val_loss: 0.662722 val_acc: 0.642857 test_loss: 0.633066 test_acc: 0.714286
Epoch: 730 train_loss: 0.004462 val_loss: 0.675767 val_acc: 0.660714 test_loss: 0.647505 test_acc: 0.705357
Epoch: 740 train_loss: 0.004645 val_loss: 0.668377 val_acc: 0.678571 test_loss: 0.654871 test_acc: 0.633929
Epoch: 750 train_loss: 0.004456 val_loss: 0.668981 val_acc: 0.687500 test_loss: 0.641478 test_acc: 0.660714
Epoch: 760 train_loss: 0.004434 val_loss: 0.685358 val_acc: 0.669643 test_loss: 0.665125 test_acc: 0.660714
Epoch: 770 train_loss: nan val_loss: nan val_acc: 0.589286 test_loss: nan test_acc: 0.544643
Epoch: 780 train_loss: nan val_loss: nan val_acc: 0.589286 test_loss: nan test_acc: 0.544643
Epoch: 790 train_loss: nan val_loss: nan val_acc: 0.589286 test_loss: nan test_acc: 0.544643
------------- 2 val_acc: 0.7768 test_acc: 0.7411 best_test: 0.7857 -----------------
Fold: 3
Epoch: 000 train_loss: 0.013195 val_loss: 0.454324 val_acc: 0.553571 test_loss: 0.433756 test_acc: 0.612613
Epoch: 010 train_loss: 0.006275 val_loss: 0.398463 val_acc: 0.696429 test_loss: 0.390041 test_acc: 0.684685
Epoch: 020 train_loss: 0.006719 val_loss: 0.401869 val_acc: 0.741071 test_loss: 0.400529 test_acc: 0.702703
Epoch: 030 train_loss: 0.006388 val_loss: 0.413561 val_acc: 0.678571 test_loss: 0.393157 test_acc: 0.675676
Epoch: 040 train_loss: 0.006245 val_loss: 0.405914 val_acc: 0.750000 test_loss: 0.415660 test_acc: 0.702703
Epoch: 050 train_loss: 0.006220 val_loss: 0.401710 val_acc: 0.705357 test_loss: 0.391513 test_acc: 0.684685
Epoch: 060 train_loss: 0.006077 val_loss: 0.403253 val_acc: 0.696429 test_loss: 0.390975 test_acc: 0.684685
Epoch: 070 train_loss: 0.006041 val_loss: 0.399807 val_acc: 0.723214 test_loss: 0.390122 test_acc: 0.720721
Epoch: 080 train_loss: 0.006114 val_loss: 0.393591 val_acc: 0.750000 test_loss: 0.388261 test_acc: 0.729730
Epoch: 090 train_loss: 0.006002 val_loss: 0.391352 val_acc: 0.750000 test_loss: 0.386126 test_acc: 0.693694
Epoch: 100 train_loss: 0.006048 val_loss: 0.411017 val_acc: 0.705357 test_loss: 0.387115 test_acc: 0.702703
Epoch: 110 train_loss: 0.006017 val_loss: 0.394209 val_acc: 0.732143 test_loss: 0.381683 test_acc: 0.756757
Epoch: 120 train_loss: 0.006513 val_loss: 0.418745 val_acc: 0.678571 test_loss: 0.392788 test_acc: 0.765766
Epoch: 130 train_loss: 0.005995 val_loss: 0.391632 val_acc: 0.732143 test_loss: 0.381469 test_acc: 0.738739
Epoch: 140 train_loss: 0.005963 val_loss: 0.401613 val_acc: 0.723214 test_loss: 0.383240 test_acc: 0.756757
Epoch: 150 train_loss: 0.005970 val_loss: 0.392414 val_acc: 0.750000 test_loss: 0.377054 test_acc: 0.756757
Epoch: 160 train_loss: 0.005955 val_loss: 0.390265 val_acc: 0.741071 test_loss: 0.375379 test_acc: 0.756757
Epoch: 170 train_loss: 0.005930 val_loss: 0.393034 val_acc: 0.758929 test_loss: 0.376253 test_acc: 0.747748
Epoch: 180 train_loss: 0.005832 val_loss: 0.407464 val_acc: 0.723214 test_loss: 0.383242 test_acc: 0.756757
Epoch: 190 train_loss: 0.005928 val_loss: 0.418684 val_acc: 0.705357 test_loss: 0.386002 test_acc: 0.756757
Epoch: 200 train_loss: 0.005862 val_loss: 0.390003 val_acc: 0.776786 test_loss: 0.375556 test_acc: 0.747748
Epoch: 210 train_loss: 0.005756 val_loss: 0.394695 val_acc: 0.741071 test_loss: 0.372036 test_acc: 0.756757
Epoch: 220 train_loss: 0.005758 val_loss: 0.401649 val_acc: 0.767857 test_loss: 0.383479 test_acc: 0.756757
Epoch: 230 train_loss: 0.005729 val_loss: 0.399406 val_acc: 0.767857 test_loss: 0.379242 test_acc: 0.747748
Epoch: 240 train_loss: 0.005724 val_loss: 0.393165 val_acc: 0.767857 test_loss: 0.371494 test_acc: 0.747748
Epoch: 250 train_loss: 0.005736 val_loss: 0.396736 val_acc: 0.758929 test_loss: 0.363399 test_acc: 0.765766
Epoch: 260 train_loss: 0.005771 val_loss: 0.394323 val_acc: 0.776786 test_loss: 0.368508 test_acc: 0.774775
Epoch: 270 train_loss: 0.005647 val_loss: 0.405210 val_acc: 0.750000 test_loss: 0.367774 test_acc: 0.747748
Epoch: 280 train_loss: 0.005415 val_loss: 0.435993 val_acc: 0.723214 test_loss: 0.365130 test_acc: 0.765766
Epoch: 290 train_loss: 0.005514 val_loss: 0.430955 val_acc: 0.732143 test_loss: 0.362910 test_acc: 0.738739
Epoch: 300 train_loss: 0.005461 val_loss: 0.434691 val_acc: 0.741071 test_loss: 0.362313 test_acc: 0.783784
Epoch: 310 train_loss: 0.005412 val_loss: 0.467749 val_acc: 0.705357 test_loss: 0.372370 test_acc: 0.783784
Epoch: 320 train_loss: 0.005482 val_loss: 0.419132 val_acc: 0.750000 test_loss: 0.356777 test_acc: 0.783784
Epoch: 330 train_loss: 0.005281 val_loss: 0.475528 val_acc: 0.705357 test_loss: 0.355921 test_acc: 0.756757
Epoch: 340 train_loss: 0.005261 val_loss: 0.482257 val_acc: 0.732143 test_loss: 0.350469 test_acc: 0.774775
Epoch: 350 train_loss: 0.005423 val_loss: 0.443300 val_acc: 0.714286 test_loss: 0.357418 test_acc: 0.774775
Epoch: 360 train_loss: 0.005225 val_loss: 0.468058 val_acc: 0.705357 test_loss: 0.361643 test_acc: 0.792793
Epoch: 370 train_loss: 0.005260 val_loss: 0.487458 val_acc: 0.696429 test_loss: 0.365387 test_acc: 0.801802
Epoch: 380 train_loss: 0.005083 val_loss: 0.504495 val_acc: 0.678571 test_loss: 0.374707 test_acc: 0.765766
Epoch: 390 train_loss: 0.005008 val_loss: 0.518782 val_acc: 0.705357 test_loss: 0.350666 test_acc: 0.783784
Epoch: 400 train_loss: 0.005327 val_loss: 0.495408 val_acc: 0.723214 test_loss: 0.357160 test_acc: 0.792793
Epoch: 410 train_loss: 0.004937 val_loss: 0.525885 val_acc: 0.714286 test_loss: 0.367330 test_acc: 0.774775
Epoch: 420 train_loss: 0.004870 val_loss: 0.541309 val_acc: 0.705357 test_loss: 0.368368 test_acc: 0.774775
Epoch: 430 train_loss: 0.005134 val_loss: 0.534343 val_acc: 0.705357 test_loss: 0.358924 test_acc: 0.774775
Epoch: 440 train_loss: 0.004818 val_loss: 0.552350 val_acc: 0.705357 test_loss: 0.368712 test_acc: 0.756757
Epoch: 450 train_loss: 0.004900 val_loss: 0.542157 val_acc: 0.687500 test_loss: 0.370972 test_acc: 0.774775
Epoch: 460 train_loss: 0.004758 val_loss: 0.601289 val_acc: 0.705357 test_loss: 0.397624 test_acc: 0.756757
Epoch: 470 train_loss: 0.004610 val_loss: 0.637607 val_acc: 0.678571 test_loss: 0.388043 test_acc: 0.747748
Epoch: 480 train_loss: 0.004515 val_loss: 0.645755 val_acc: 0.696429 test_loss: 0.445486 test_acc: 0.720721
Epoch: 490 train_loss: 0.004539 val_loss: 0.654802 val_acc: 0.714286 test_loss: 0.443709 test_acc: 0.747748
Epoch: 500 train_loss: 0.004244 val_loss: 0.745061 val_acc: 0.687500 test_loss: 0.463429 test_acc: 0.720721
Epoch: 510 train_loss: 0.004208 val_loss: 0.705444 val_acc: 0.705357 test_loss: 0.448841 test_acc: 0.720721
Epoch: 520 train_loss: 0.004099 val_loss: 0.803988 val_acc: 0.633929 test_loss: 0.486335 test_acc: 0.711712
Epoch: 530 train_loss: 0.004138 val_loss: 0.730714 val_acc: 0.660714 test_loss: 0.528949 test_acc: 0.720721
Epoch: 540 train_loss: 0.004217 val_loss: 0.827876 val_acc: 0.633929 test_loss: 0.436391 test_acc: 0.720721
Epoch: 550 train_loss: 0.004047 val_loss: 0.801408 val_acc: 0.633929 test_loss: 0.535905 test_acc: 0.720721
Epoch: 560 train_loss: 0.003904 val_loss: 0.849405 val_acc: 0.678571 test_loss: 0.541815 test_acc: 0.720721
Epoch: 570 train_loss: 0.004188 val_loss: 0.839697 val_acc: 0.651786 test_loss: 0.585503 test_acc: 0.684685
Epoch: 580 train_loss: 0.004484 val_loss: 0.778788 val_acc: 0.651786 test_loss: 0.489050 test_acc: 0.720721
Epoch: 590 train_loss: 0.003890 val_loss: 0.866002 val_acc: 0.687500 test_loss: 0.581020 test_acc: 0.702703
Epoch: 600 train_loss: 0.003467 val_loss: 0.922343 val_acc: 0.678571 test_loss: 0.613228 test_acc: 0.684685
Epoch: 610 train_loss: 0.003659 val_loss: 1.003022 val_acc: 0.642857 test_loss: 0.622168 test_acc: 0.702703
Epoch: 620 train_loss: 0.003530 val_loss: 1.035218 val_acc: 0.625000 test_loss: 0.674917 test_acc: 0.657658
Epoch: 630 train_loss: 0.003305 val_loss: 1.042613 val_acc: 0.642857 test_loss: 0.699002 test_acc: 0.657658
Epoch: 640 train_loss: 0.003262 val_loss: 1.024504 val_acc: 0.642857 test_loss: 0.704854 test_acc: 0.666667
Epoch: 650 train_loss: 0.003156 val_loss: 1.059958 val_acc: 0.660714 test_loss: 0.748331 test_acc: 0.666667
Epoch: 660 train_loss: 0.003119 val_loss: 1.175410 val_acc: 0.678571 test_loss: 0.775254 test_acc: 0.657658
Epoch: 670 train_loss: 0.003125 val_loss: 1.134144 val_acc: 0.660714 test_loss: 0.797015 test_acc: 0.675676
Epoch: 680 train_loss: 0.003010 val_loss: 1.173275 val_acc: 0.678571 test_loss: 0.825043 test_acc: 0.675676
Epoch: 690 train_loss: 0.003006 val_loss: 1.194216 val_acc: 0.651786 test_loss: 0.819340 test_acc: 0.657658
Epoch: 700 train_loss: 0.002912 val_loss: 1.181848 val_acc: 0.651786 test_loss: 0.851601 test_acc: 0.666667
Epoch: 710 train_loss: 0.002893 val_loss: 1.166749 val_acc: 0.660714 test_loss: 0.858705 test_acc: 0.666667
Epoch: 720 train_loss: 0.002848 val_loss: 1.255467 val_acc: 0.651786 test_loss: 0.927849 test_acc: 0.675676
Epoch: 730 train_loss: 0.003044 val_loss: 1.184364 val_acc: 0.651786 test_loss: 0.880101 test_acc: 0.639640
Epoch: 740 train_loss: 0.002805 val_loss: 1.206782 val_acc: 0.616071 test_loss: 0.897826 test_acc: 0.657658
Epoch: 750 train_loss: 0.002773 val_loss: 1.291889 val_acc: 0.633929 test_loss: 0.945228 test_acc: 0.657658
Epoch: 760 train_loss: 0.002695 val_loss: 1.298152 val_acc: 0.633929 test_loss: 0.970449 test_acc: 0.675676
Epoch: 770 train_loss: 0.002656 val_loss: 1.324912 val_acc: 0.633929 test_loss: 0.935091 test_acc: 0.666667
Epoch: 780 train_loss: 0.002691 val_loss: 1.314693 val_acc: 0.625000 test_loss: 0.948930 test_acc: 0.684685
Epoch: 790 train_loss: 0.002816 val_loss: 1.320693 val_acc: 0.642857 test_loss: 0.971823 test_acc: 0.675676
------------- 3 val_acc: 0.7946 test_acc: 0.7387 best_test: 0.8108 -----------------
Fold: 4
Epoch: 000 train_loss: 0.009897 val_loss: 0.437027 val_acc: 0.612613 test_loss: 0.441777 test_acc: 0.621622
Epoch: 010 train_loss: 0.006546 val_loss: 0.418753 val_acc: 0.675676 test_loss: 0.410233 test_acc: 0.657658
Epoch: 020 train_loss: 0.008432 val_loss: 0.793560 val_acc: 0.621622 test_loss: 0.741547 test_acc: 0.684685
Epoch: 030 train_loss: 0.006302 val_loss: 0.400538 val_acc: 0.684685 test_loss: 0.383602 test_acc: 0.693694
Epoch: 040 train_loss: 0.006450 val_loss: 0.408467 val_acc: 0.684685 test_loss: 0.401760 test_acc: 0.702703
Epoch: 050 train_loss: 0.006353 val_loss: 0.392206 val_acc: 0.675676 test_loss: 0.380481 test_acc: 0.711712
Epoch: 060 train_loss: 0.006257 val_loss: 0.400495 val_acc: 0.693694 test_loss: 0.387787 test_acc: 0.720721
Epoch: 070 train_loss: 0.006145 val_loss: 0.393072 val_acc: 0.711712 test_loss: 0.383491 test_acc: 0.720721
Epoch: 080 train_loss: 0.006160 val_loss: 0.397982 val_acc: 0.702703 test_loss: 0.396279 test_acc: 0.738739
Epoch: 090 train_loss: 0.006147 val_loss: 0.388585 val_acc: 0.693694 test_loss: 0.387072 test_acc: 0.738739
Epoch: 100 train_loss: 0.006069 val_loss: 0.385538 val_acc: 0.711712 test_loss: 0.386974 test_acc: 0.765766
Epoch: 110 train_loss: 0.005998 val_loss: 0.384031 val_acc: 0.729730 test_loss: 0.375102 test_acc: 0.756757
Epoch: 120 train_loss: 0.005984 val_loss: 0.384616 val_acc: 0.720721 test_loss: 0.389774 test_acc: 0.738739
Epoch: 130 train_loss: 0.005955 val_loss: 0.382567 val_acc: 0.720721 test_loss: 0.376020 test_acc: 0.756757
Epoch: 140 train_loss: 0.005993 val_loss: 0.381951 val_acc: 0.720721 test_loss: 0.382498 test_acc: 0.747748
Epoch: 150 train_loss: 0.005955 val_loss: 0.378780 val_acc: 0.747748 test_loss: 0.378317 test_acc: 0.765766
Epoch: 160 train_loss: 0.005922 val_loss: 0.379233 val_acc: 0.765766 test_loss: 0.372178 test_acc: 0.765766
Epoch: 170 train_loss: 0.005933 val_loss: 0.384177 val_acc: 0.729730 test_loss: 0.398534 test_acc: 0.765766
Epoch: 180 train_loss: 0.005982 val_loss: 0.376358 val_acc: 0.747748 test_loss: 0.369900 test_acc: 0.774775
Epoch: 190 train_loss: 0.005845 val_loss: 0.375608 val_acc: 0.738739 test_loss: 0.381520 test_acc: 0.765766
Epoch: 200 train_loss: 0.005847 val_loss: 0.377102 val_acc: 0.738739 test_loss: 0.386180 test_acc: 0.783784
Epoch: 210 train_loss: 0.005796 val_loss: 0.375418 val_acc: 0.738739 test_loss: 0.388428 test_acc: 0.774775
Epoch: 220 train_loss: 0.005723 val_loss: 0.377271 val_acc: 0.747748 test_loss: 0.389082 test_acc: 0.783784
Epoch: 230 train_loss: 0.005750 val_loss: 0.372672 val_acc: 0.756757 test_loss: 0.386360 test_acc: 0.774775
Epoch: 240 train_loss: 0.005720 val_loss: 0.375470 val_acc: 0.747748 test_loss: 0.368161 test_acc: 0.765766
Epoch: 250 train_loss: 0.005692 val_loss: 0.373204 val_acc: 0.756757 test_loss: 0.387205 test_acc: 0.774775
Epoch: 260 train_loss: 0.005665 val_loss: 0.377014 val_acc: 0.738739 test_loss: 0.397672 test_acc: 0.765766
Epoch: 270 train_loss: 0.005771 val_loss: 0.368546 val_acc: 0.756757 test_loss: 0.383137 test_acc: 0.774775
Epoch: 280 train_loss: 0.005615 val_loss: 0.366964 val_acc: 0.756757 test_loss: 0.378749 test_acc: 0.774775
Epoch: 290 train_loss: 0.005678 val_loss: 0.369738 val_acc: 0.756757 test_loss: 0.384830 test_acc: 0.756757
Epoch: 300 train_loss: 0.005565 val_loss: 0.369537 val_acc: 0.756757 test_loss: 0.381944 test_acc: 0.765766
Epoch: 310 train_loss: 0.005578 val_loss: 0.373357 val_acc: 0.756757 test_loss: 0.371474 test_acc: 0.765766
Epoch: 320 train_loss: 0.005606 val_loss: 0.363124 val_acc: 0.747748 test_loss: 0.387085 test_acc: 0.765766
Epoch: 330 train_loss: 0.005527 val_loss: 0.361061 val_acc: 0.765766 test_loss: 0.379137 test_acc: 0.756757
Epoch: 340 train_loss: 0.005568 val_loss: 0.365705 val_acc: 0.756757 test_loss: 0.388696 test_acc: 0.765766
Epoch: 350 train_loss: 0.005431 val_loss: 0.365756 val_acc: 0.747748 test_loss: 0.385253 test_acc: 0.756757
Epoch: 360 train_loss: 0.005496 val_loss: 0.366837 val_acc: 0.738739 test_loss: 0.405319 test_acc: 0.747748
Epoch: 370 train_loss: 0.005385 val_loss: 0.369466 val_acc: 0.747748 test_loss: 0.400907 test_acc: 0.756757
Epoch: 380 train_loss: 0.005349 val_loss: 0.367519 val_acc: 0.747748 test_loss: 0.387585 test_acc: 0.756757
Epoch: 390 train_loss: 0.005372 val_loss: 0.371183 val_acc: 0.747748 test_loss: 0.402793 test_acc: 0.747748
Epoch: 400 train_loss: 0.005327 val_loss: 0.375791 val_acc: 0.747748 test_loss: 0.421354 test_acc: 0.729730
Epoch: 410 train_loss: 0.005213 val_loss: 0.372413 val_acc: 0.747748 test_loss: 0.415889 test_acc: 0.756757
Epoch: 420 train_loss: 0.005182 val_loss: 0.364305 val_acc: 0.756757 test_loss: 0.401320 test_acc: 0.747748
Epoch: 430 train_loss: 0.005180 val_loss: 0.371304 val_acc: 0.738739 test_loss: 0.412115 test_acc: 0.756757
Epoch: 440 train_loss: 0.005154 val_loss: 0.372552 val_acc: 0.756757 test_loss: 0.419147 test_acc: 0.738739
Epoch: 450 train_loss: 0.005180 val_loss: 0.374021 val_acc: 0.756757 test_loss: 0.425613 test_acc: 0.729730
Epoch: 460 train_loss: 0.005111 val_loss: 0.371739 val_acc: 0.756757 test_loss: 0.421984 test_acc: 0.738739
Epoch: 470 train_loss: 0.005140 val_loss: 0.371840 val_acc: 0.756757 test_loss: 0.423946 test_acc: 0.720721
Epoch: 480 train_loss: 0.005079 val_loss: 0.366094 val_acc: 0.756757 test_loss: 0.419884 test_acc: 0.747748
Epoch: 490 train_loss: 0.005043 val_loss: 0.373548 val_acc: 0.756757 test_loss: 0.446848 test_acc: 0.729730
Epoch: 500 train_loss: 0.005052 val_loss: 0.368128 val_acc: 0.765766 test_loss: 0.425831 test_acc: 0.756757
Epoch: 510 train_loss: 0.005066 val_loss: 0.366790 val_acc: 0.756757 test_loss: 0.422313 test_acc: 0.756757
Epoch: 520 train_loss: 0.004973 val_loss: 0.375735 val_acc: 0.756757 test_loss: 0.442082 test_acc: 0.747748
Epoch: 530 train_loss: 0.004961 val_loss: 0.370174 val_acc: 0.765766 test_loss: 0.432920 test_acc: 0.720721
Epoch: 540 train_loss: 0.005240 val_loss: 0.356088 val_acc: 0.774775 test_loss: 0.428178 test_acc: 0.738739
Epoch: 550 train_loss: 0.004955 val_loss: 0.375586 val_acc: 0.756757 test_loss: 0.443092 test_acc: 0.747748
Epoch: 560 train_loss: 0.004892 val_loss: 0.371804 val_acc: 0.765766 test_loss: 0.445101 test_acc: 0.738739
Epoch: 570 train_loss: 0.004903 val_loss: 0.381741 val_acc: 0.756757 test_loss: 0.477296 test_acc: 0.729730
Epoch: 580 train_loss: 0.004887 val_loss: 0.373245 val_acc: 0.765766 test_loss: 0.452608 test_acc: 0.738739
Epoch: 590 train_loss: 0.004865 val_loss: 0.372795 val_acc: 0.756757 test_loss: 0.453428 test_acc: 0.747748
Epoch: 600 train_loss: 0.004835 val_loss: 0.376256 val_acc: 0.765766 test_loss: 0.463299 test_acc: 0.720721
Epoch: 610 train_loss: 0.004817 val_loss: 0.370318 val_acc: 0.756757 test_loss: 0.441728 test_acc: 0.747748
Epoch: 620 train_loss: 0.004823 val_loss: 0.375368 val_acc: 0.756757 test_loss: 0.459262 test_acc: 0.765766
Epoch: 630 train_loss: 0.004772 val_loss: 0.369487 val_acc: 0.765766 test_loss: 0.446313 test_acc: 0.747748
Epoch: 640 train_loss: 0.004819 val_loss: 0.382684 val_acc: 0.765766 test_loss: 0.465745 test_acc: 0.747748
Epoch: 650 train_loss: 0.004795 val_loss: 0.379890 val_acc: 0.756757 test_loss: 0.470085 test_acc: 0.738739
Epoch: 660 train_loss: 0.004731 val_loss: 0.378442 val_acc: 0.747748 test_loss: 0.463474 test_acc: 0.729730
Epoch: 670 train_loss: 0.004752 val_loss: 0.384854 val_acc: 0.765766 test_loss: 0.478321 test_acc: 0.738739
Epoch: 680 train_loss: 0.004702 val_loss: 0.390680 val_acc: 0.756757 test_loss: 0.489088 test_acc: 0.729730
Epoch: 690 train_loss: 0.004716 val_loss: 0.383464 val_acc: 0.747748 test_loss: 0.461763 test_acc: 0.738739
Epoch: 700 train_loss: 0.004705 val_loss: 0.393765 val_acc: 0.756757 test_loss: 0.498562 test_acc: 0.738739
Epoch: 710 train_loss: 0.004675 val_loss: 0.388254 val_acc: 0.747748 test_loss: 0.487572 test_acc: 0.729730
Epoch: 720 train_loss: 0.004666 val_loss: 0.386776 val_acc: 0.756757 test_loss: 0.486165 test_acc: 0.756757
Epoch: 730 train_loss: 0.004650 val_loss: 0.389505 val_acc: 0.738739 test_loss: 0.492802 test_acc: 0.738739
Epoch: 740 train_loss: 0.004662 val_loss: 0.390816 val_acc: 0.747748 test_loss: 0.496458 test_acc: 0.738739
Epoch: 750 train_loss: 0.004608 val_loss: 0.392612 val_acc: 0.738739 test_loss: 0.503212 test_acc: 0.747748
Epoch: 760 train_loss: 0.004571 val_loss: 0.379386 val_acc: 0.747748 test_loss: 0.487996 test_acc: 0.756757
Epoch: 770 train_loss: 0.004582 val_loss: 0.384189 val_acc: 0.729730 test_loss: 0.488568 test_acc: 0.747748
Epoch: 780 train_loss: 0.004539 val_loss: 0.388076 val_acc: 0.729730 test_loss: 0.500232 test_acc: 0.747748
Epoch: 790 train_loss: nan val_loss: nan val_acc: 0.612613 test_loss: nan test_acc: 0.621622
------------- 4 val_acc: 0.7748 test_acc: 0.7748 best_test: 0.7928 -----------------
Fold: 5
Epoch: 000 train_loss: 0.009578 val_loss: 0.441867 val_acc: 0.621622 test_loss: 0.428954 test_acc: 0.630631
Epoch: 010 train_loss: 0.006665 val_loss: 0.408380 val_acc: 0.621622 test_loss: 0.380924 test_acc: 0.648649
Epoch: 020 train_loss: 0.006648 val_loss: 0.390359 val_acc: 0.693694 test_loss: 0.370536 test_acc: 0.675676
Epoch: 030 train_loss: 0.006474 val_loss: 0.394579 val_acc: 0.684685 test_loss: 0.367148 test_acc: 0.702703
Epoch: 040 train_loss: 0.006432 val_loss: 0.401298 val_acc: 0.720721 test_loss: 0.367443 test_acc: 0.747748
Epoch: 050 train_loss: 0.006314 val_loss: 0.393172 val_acc: 0.711712 test_loss: 0.359443 test_acc: 0.756757
Epoch: 060 train_loss: 0.006252 val_loss: 0.388072 val_acc: 0.711712 test_loss: 0.356811 test_acc: 0.756757
Epoch: 070 train_loss: 0.006295 val_loss: 0.413445 val_acc: 0.729730 test_loss: 0.369330 test_acc: 0.783784
Epoch: 080 train_loss: 0.006238 val_loss: 0.388342 val_acc: 0.738739 test_loss: 0.349017 test_acc: 0.765766
Epoch: 090 train_loss: 0.006164 val_loss: 0.377784 val_acc: 0.765766 test_loss: 0.343829 test_acc: 0.747748
Epoch: 100 train_loss: 0.006146 val_loss: 0.378661 val_acc: 0.747748 test_loss: 0.349066 test_acc: 0.774775
Epoch: 110 train_loss: 0.006216 val_loss: 0.375837 val_acc: 0.774775 test_loss: 0.343661 test_acc: 0.747748
Epoch: 120 train_loss: 0.006087 val_loss: 0.374361 val_acc: 0.765766 test_loss: 0.339723 test_acc: 0.756757
Epoch: 130 train_loss: 0.006297 val_loss: 0.376599 val_acc: 0.765766 test_loss: 0.346360 test_acc: 0.747748
Epoch: 140 train_loss: 0.006076 val_loss: 0.368786 val_acc: 0.765766 test_loss: 0.339339 test_acc: 0.756757
Epoch: 150 train_loss: 0.006089 val_loss: 0.377263 val_acc: 0.765766 test_loss: 0.338790 test_acc: 0.774775
Epoch: 160 train_loss: 0.005998 val_loss: 0.373540 val_acc: 0.774775 test_loss: 0.341058 test_acc: 0.765766
Epoch: 170 train_loss: 0.006064 val_loss: 0.369214 val_acc: 0.774775 test_loss: 0.340019 test_acc: 0.756757
Epoch: 180 train_loss: 0.006058 val_loss: 0.393704 val_acc: 0.765766 test_loss: 0.344780 test_acc: 0.792793
Epoch: 190 train_loss: 0.005982 val_loss: 0.374672 val_acc: 0.747748 test_loss: 0.345621 test_acc: 0.774775
Epoch: 200 train_loss: 0.006097 val_loss: 0.371493 val_acc: 0.774775 test_loss: 0.347140 test_acc: 0.747748
Epoch: 210 train_loss: 0.005904 val_loss: 0.381836 val_acc: 0.774775 test_loss: 0.330440 test_acc: 0.792793
Epoch: 220 train_loss: 0.005957 val_loss: 0.381596 val_acc: 0.774775 test_loss: 0.331107 test_acc: 0.792793
Epoch: 230 train_loss: 0.005900 val_loss: 0.373943 val_acc: 0.783784 test_loss: 0.331359 test_acc: 0.774775
Epoch: 240 train_loss: 0.005878 val_loss: 0.387316 val_acc: 0.774775 test_loss: 0.336784 test_acc: 0.765766
Epoch: 250 train_loss: 0.005838 val_loss: 0.371982 val_acc: 0.774775 test_loss: 0.327218 test_acc: 0.765766
Epoch: 260 train_loss: 0.005778 val_loss: 0.387058 val_acc: 0.774775 test_loss: 0.330332 test_acc: 0.783784
Epoch: 270 train_loss: 0.005827 val_loss: 0.396186 val_acc: 0.765766 test_loss: 0.332307 test_acc: 0.792793
Epoch: 280 train_loss: 0.005793 val_loss: 0.390512 val_acc: 0.765766 test_loss: 0.318905 test_acc: 0.774775
Epoch: 290 train_loss: 0.005793 val_loss: 0.388561 val_acc: 0.783784 test_loss: 0.321712 test_acc: 0.747748
Epoch: 300 train_loss: 0.005694 val_loss: 0.386282 val_acc: 0.783784 test_loss: 0.325012 test_acc: 0.765766
Epoch: 310 train_loss: 0.005765 val_loss: 0.381271 val_acc: 0.774775 test_loss: 0.325980 test_acc: 0.747748
Epoch: 320 train_loss: 0.005677 val_loss: 0.392679 val_acc: 0.792793 test_loss: 0.321483 test_acc: 0.783784
Epoch: 330 train_loss: 0.005847 val_loss: 0.389735 val_acc: 0.792793 test_loss: 0.321071 test_acc: 0.774775
Epoch: 340 train_loss: 0.005778 val_loss: 0.396420 val_acc: 0.783784 test_loss: 0.318797 test_acc: 0.783784
Epoch: 350 train_loss: 0.005593 val_loss: 0.405840 val_acc: 0.765766 test_loss: 0.322297 test_acc: 0.792793
Epoch: 360 train_loss: 0.005632 val_loss: 0.394491 val_acc: 0.774775 test_loss: 0.320802 test_acc: 0.765766
Epoch: 370 train_loss: 0.005540 val_loss: 0.415412 val_acc: 0.756757 test_loss: 0.320284 test_acc: 0.783784
Epoch: 380 train_loss: 0.005531 val_loss: 0.414098 val_acc: 0.774775 test_loss: 0.323164 test_acc: 0.765766
Epoch: 390 train_loss: 0.005437 val_loss: 0.422641 val_acc: 0.765766 test_loss: 0.327047 test_acc: 0.774775
Epoch: 400 train_loss: 0.005467 val_loss: 0.404831 val_acc: 0.774775 test_loss: 0.325106 test_acc: 0.756757
Epoch: 410 train_loss: 0.005349 val_loss: 0.411054 val_acc: 0.756757 test_loss: 0.319895 test_acc: 0.783784
Epoch: 420 train_loss: 0.005368 val_loss: 0.428675 val_acc: 0.774775 test_loss: 0.321752 test_acc: 0.774775
Epoch: 430 train_loss: 0.005429 val_loss: 0.427554 val_acc: 0.765766 test_loss: 0.324861 test_acc: 0.774775
Epoch: 440 train_loss: 0.005442 val_loss: 0.414167 val_acc: 0.765766 test_loss: 0.319809 test_acc: 0.783784
Epoch: 450 train_loss: 0.005223 val_loss: 0.429468 val_acc: 0.747748 test_loss: 0.327484 test_acc: 0.765766
Epoch: 460 train_loss: 0.005172 val_loss: 0.425055 val_acc: 0.747748 test_loss: 0.329433 test_acc: 0.756757
Epoch: 470 train_loss: 0.005128 val_loss: 0.426118 val_acc: 0.738739 test_loss: 0.326453 test_acc: 0.756757
Epoch: 480 train_loss: 0.005111 val_loss: 0.430654 val_acc: 0.738739 test_loss: 0.328190 test_acc: 0.738739
Epoch: 490 train_loss: 0.005445 val_loss: 0.414476 val_acc: 0.765766 test_loss: 0.344514 test_acc: 0.738739
Epoch: 500 train_loss: 0.004983 val_loss: 0.437956 val_acc: 0.738739 test_loss: 0.336254 test_acc: 0.747748
Epoch: 510 train_loss: 0.004959 val_loss: 0.441328 val_acc: 0.747748 test_loss: 0.342930 test_acc: 0.738739
Epoch: 520 train_loss: 0.004946 val_loss: 0.459964 val_acc: 0.729730 test_loss: 0.351839 test_acc: 0.756757
Epoch: 530 train_loss: 0.004962 val_loss: 0.465360 val_acc: 0.738739 test_loss: 0.351920 test_acc: 0.747748
Epoch: 540 train_loss: 0.004875 val_loss: 0.462937 val_acc: 0.729730 test_loss: 0.368546 test_acc: 0.738739
Epoch: 550 train_loss: 0.004806 val_loss: 0.466785 val_acc: 0.747748 test_loss: 0.350666 test_acc: 0.747748
Epoch: 560 train_loss: 0.004829 val_loss: 0.487916 val_acc: 0.738739 test_loss: 0.349198 test_acc: 0.765766
Epoch: 570 train_loss: 0.004802 val_loss: 0.451788 val_acc: 0.765766 test_loss: 0.352740 test_acc: 0.765766
Epoch: 580 train_loss: 0.004749 val_loss: 0.505291 val_acc: 0.738739 test_loss: 0.361520 test_acc: 0.765766
Epoch: 590 train_loss: 0.004641 val_loss: 0.492190 val_acc: 0.729730 test_loss: 0.364841 test_acc: 0.747748
Epoch: 600 train_loss: 0.004619 val_loss: 0.482553 val_acc: 0.765766 test_loss: 0.358401 test_acc: 0.765766
Epoch: 610 train_loss: 0.004612 val_loss: 0.489327 val_acc: 0.729730 test_loss: 0.372858 test_acc: 0.756757
Epoch: 620 train_loss: 0.004612 val_loss: 0.517238 val_acc: 0.711712 test_loss: 0.368911 test_acc: 0.765766
Epoch: 630 train_loss: 0.004526 val_loss: 0.510147 val_acc: 0.747748 test_loss: 0.377478 test_acc: 0.747748
Epoch: 640 train_loss: 0.004607 val_loss: 0.519201 val_acc: 0.738739 test_loss: 0.370415 test_acc: 0.765766
Epoch: 650 train_loss: 0.004572 val_loss: 0.538311 val_acc: 0.684685 test_loss: 0.385393 test_acc: 0.738739
Epoch: 660 train_loss: 0.004437 val_loss: 0.535996 val_acc: 0.729730 test_loss: 0.382992 test_acc: 0.747748
Epoch: 670 train_loss: 0.004478 val_loss: 0.559342 val_acc: 0.702703 test_loss: 0.377607 test_acc: 0.774775
Epoch: 680 train_loss: 0.004403 val_loss: 0.549428 val_acc: 0.711712 test_loss: 0.383847 test_acc: 0.756757
Epoch: 690 train_loss: 0.004407 val_loss: 0.538889 val_acc: 0.729730 test_loss: 0.390076 test_acc: 0.729730
Epoch: 700 train_loss: 0.004335 val_loss: 0.545722 val_acc: 0.729730 test_loss: 0.390005 test_acc: 0.756757
Epoch: 710 train_loss: 0.004330 val_loss: 0.589629 val_acc: 0.693694 test_loss: 0.389662 test_acc: 0.774775
Epoch: 720 train_loss: 0.004251 val_loss: 0.570714 val_acc: 0.729730 test_loss: 0.389520 test_acc: 0.765766
Epoch: 730 train_loss: 0.004312 val_loss: 0.585255 val_acc: 0.711712 test_loss: 0.392744 test_acc: 0.774775
Epoch: 740 train_loss: 0.004279 val_loss: 0.616511 val_acc: 0.702703 test_loss: 0.401560 test_acc: 0.756757
Epoch: 750 train_loss: 0.004242 val_loss: 0.598303 val_acc: 0.720721 test_loss: 0.399219 test_acc: 0.765766
Epoch: 760 train_loss: 0.004137 val_loss: 0.620527 val_acc: 0.684685 test_loss: 0.417877 test_acc: 0.738739
Epoch: 770 train_loss: nan val_loss: nan val_acc: 0.621622 test_loss: nan test_acc: 0.630631
Epoch: 780 train_loss: nan val_loss: nan val_acc: 0.621622 test_loss: nan test_acc: 0.630631
Epoch: 790 train_loss: nan val_loss: nan val_acc: 0.621622 test_loss: nan test_acc: 0.630631
------------- 5 val_acc: 0.8018 test_acc: 0.7568 best_test: 0.8198 -----------------
Fold: 6
Epoch: 000 train_loss: 0.014928 val_loss: 0.423250 val_acc: 0.630631 test_loss: 0.434138 test_acc: 0.648649
Epoch: 010 train_loss: 0.006647 val_loss: 0.365260 val_acc: 0.675676 test_loss: 0.385393 test_acc: 0.666667
Epoch: 020 train_loss: 0.006697 val_loss: 0.386806 val_acc: 0.711712 test_loss: 0.404263 test_acc: 0.738739
Epoch: 030 train_loss: 0.006576 val_loss: 0.368010 val_acc: 0.765766 test_loss: 0.387601 test_acc: 0.738739
Epoch: 040 train_loss: 0.006422 val_loss: 0.350067 val_acc: 0.720721 test_loss: 0.380123 test_acc: 0.720721
Epoch: 050 train_loss: 0.006366 val_loss: 0.355649 val_acc: 0.729730 test_loss: 0.387451 test_acc: 0.693694
Epoch: 060 train_loss: 0.006350 val_loss: 0.348514 val_acc: 0.738739 test_loss: 0.383891 test_acc: 0.684685
Epoch: 070 train_loss: 0.006330 val_loss: 0.352689 val_acc: 0.756757 test_loss: 0.394794 test_acc: 0.693694
Epoch: 080 train_loss: 0.006202 val_loss: 0.345439 val_acc: 0.747748 test_loss: 0.390931 test_acc: 0.675676
Epoch: 090 train_loss: 0.006206 val_loss: 0.342432 val_acc: 0.783784 test_loss: 0.388466 test_acc: 0.693694
Epoch: 100 train_loss: 0.006088 val_loss: 0.349704 val_acc: 0.792793 test_loss: 0.405430 test_acc: 0.693694
Epoch: 110 train_loss: 0.006096 val_loss: 0.336108 val_acc: 0.765766 test_loss: 0.396803 test_acc: 0.675676
Epoch: 120 train_loss: 0.006124 val_loss: 0.339227 val_acc: 0.774775 test_loss: 0.408652 test_acc: 0.702703
Epoch: 130 train_loss: 0.006125 val_loss: 0.349287 val_acc: 0.765766 test_loss: 0.422257 test_acc: 0.729730
Epoch: 140 train_loss: 0.006110 val_loss: 0.338100 val_acc: 0.756757 test_loss: 0.407753 test_acc: 0.720721
Epoch: 150 train_loss: 0.006037 val_loss: 0.333404 val_acc: 0.765766 test_loss: 0.422994 test_acc: 0.702703
Epoch: 160 train_loss: 0.006030 val_loss: 0.342945 val_acc: 0.765766 test_loss: 0.434393 test_acc: 0.702703
Epoch: 170 train_loss: 0.006052 val_loss: 0.338333 val_acc: 0.765766 test_loss: 0.441760 test_acc: 0.693694
Epoch: 180 train_loss: 0.005972 val_loss: 0.338681 val_acc: 0.792793 test_loss: 0.436536 test_acc: 0.720721
Epoch: 190 train_loss: 0.006054 val_loss: 0.338048 val_acc: 0.792793 test_loss: 0.453353 test_acc: 0.702703
Epoch: 200 train_loss: 0.005931 val_loss: 0.337521 val_acc: 0.774775 test_loss: 0.428484 test_acc: 0.702703
Epoch: 210 train_loss: 0.006026 val_loss: 0.340023 val_acc: 0.792793 test_loss: 0.470477 test_acc: 0.711712
Epoch: 220 train_loss: 0.005884 val_loss: 0.323050 val_acc: 0.765766 test_loss: 0.460637 test_acc: 0.711712
Epoch: 230 train_loss: 0.005902 val_loss: 0.327122 val_acc: 0.801802 test_loss: 0.474477 test_acc: 0.702703
Epoch: 240 train_loss: 0.005849 val_loss: 0.330450 val_acc: 0.801802 test_loss: 0.474187 test_acc: 0.684685
Epoch: 250 train_loss: 0.005886 val_loss: 0.328182 val_acc: 0.819820 test_loss: 0.483538 test_acc: 0.711712
Epoch: 260 train_loss: 0.005815 val_loss: 0.337716 val_acc: 0.792793 test_loss: 0.509362 test_acc: 0.675676
Epoch: 270 train_loss: 0.005874 val_loss: 0.342779 val_acc: 0.765766 test_loss: 0.380531 test_acc: 0.702703
Epoch: 280 train_loss: 0.005815 val_loss: 0.327150 val_acc: 0.810811 test_loss: 0.501210 test_acc: 0.702703
Epoch: 290 train_loss: 0.005804 val_loss: 0.331527 val_acc: 0.810811 test_loss: 0.509992 test_acc: 0.693694
Epoch: 300 train_loss: 0.005823 val_loss: 0.319394 val_acc: 0.819820 test_loss: 0.506096 test_acc: 0.684685
Epoch: 310 train_loss: 0.005673 val_loss: 0.327321 val_acc: 0.774775 test_loss: 0.520515 test_acc: 0.684685
Epoch: 320 train_loss: 0.005783 val_loss: 0.331891 val_acc: 0.756757 test_loss: 0.387444 test_acc: 0.720721
Epoch: 330 train_loss: 0.005666 val_loss: 0.329884 val_acc: 0.765766 test_loss: 0.394166 test_acc: 0.684685
Epoch: 340 train_loss: 0.005606 val_loss: 0.328692 val_acc: 0.801802 test_loss: 0.501248 test_acc: 0.693694
Epoch: 350 train_loss: 0.005618 val_loss: 0.320447 val_acc: 0.792793 test_loss: 0.525035 test_acc: 0.675676
Epoch: 360 train_loss: 0.005703 val_loss: 0.324090 val_acc: 0.783784 test_loss: 0.526381 test_acc: 0.657658
Epoch: 370 train_loss: 0.005471 val_loss: 0.332498 val_acc: 0.765766 test_loss: 0.565483 test_acc: 0.666667
Epoch: 380 train_loss: 0.005576 val_loss: 0.320255 val_acc: 0.783784 test_loss: 0.540403 test_acc: 0.666667
Epoch: 390 train_loss: 0.005374 val_loss: 0.326881 val_acc: 0.774775 test_loss: 0.542485 test_acc: 0.684685
Epoch: 400 train_loss: 0.005374 val_loss: 0.324780 val_acc: 0.774775 test_loss: 0.566195 test_acc: 0.675676
Epoch: 410 train_loss: 0.005362 val_loss: 0.336403 val_acc: 0.774775 test_loss: 0.564890 test_acc: 0.693694
Epoch: 420 train_loss: 0.005408 val_loss: 0.337630 val_acc: 0.783784 test_loss: 0.588445 test_acc: 0.666667
Epoch: 430 train_loss: 0.005278 val_loss: 0.338282 val_acc: 0.765766 test_loss: 0.589456 test_acc: 0.675676
Epoch: 440 train_loss: 0.005268 val_loss: 0.334387 val_acc: 0.756757 test_loss: 0.574386 test_acc: 0.684685
Epoch: 450 train_loss: 0.005195 val_loss: 0.343499 val_acc: 0.765766 test_loss: 0.588516 test_acc: 0.675676
Epoch: 460 train_loss: 0.005068 val_loss: 0.333534 val_acc: 0.783784 test_loss: 0.610682 test_acc: 0.684685
Epoch: 470 train_loss: 0.005132 val_loss: 0.359870 val_acc: 0.774775 test_loss: 0.643217 test_acc: 0.666667
Epoch: 480 train_loss: 0.005039 val_loss: 0.353871 val_acc: 0.765766 test_loss: 0.641647 test_acc: 0.684685
Epoch: 490 train_loss: 0.005045 val_loss: 0.352251 val_acc: 0.738739 test_loss: 0.646267 test_acc: 0.666667
Epoch: 500 train_loss: 0.005216 val_loss: 0.348246 val_acc: 0.765766 test_loss: 0.621808 test_acc: 0.666667
Epoch: 510 train_loss: 0.005064 val_loss: 0.340913 val_acc: 0.756757 test_loss: 0.626441 test_acc: 0.684685
Epoch: 520 train_loss: 0.004952 val_loss: 0.358813 val_acc: 0.765766 test_loss: 0.669272 test_acc: 0.657658
Epoch: 530 train_loss: 0.004912 val_loss: 0.354538 val_acc: 0.774775 test_loss: 0.684170 test_acc: 0.684685
Epoch: 540 train_loss: 0.004958 val_loss: 0.352149 val_acc: 0.756757 test_loss: 0.618479 test_acc: 0.693694
Epoch: 550 train_loss: 0.004789 val_loss: 0.353124 val_acc: 0.765766 test_loss: 0.693923 test_acc: 0.684685
Epoch: 560 train_loss: 0.004832 val_loss: 0.361543 val_acc: 0.747748 test_loss: 0.709750 test_acc: 0.693694
Epoch: 570 train_loss: 0.004782 val_loss: 0.370955 val_acc: 0.747748 test_loss: 0.714374 test_acc: 0.648649
Epoch: 580 train_loss: 0.004754 val_loss: 0.371639 val_acc: 0.747748 test_loss: 0.734333 test_acc: 0.684685
Epoch: 590 train_loss: 0.004701 val_loss: 0.375043 val_acc: 0.747748 test_loss: 0.754365 test_acc: 0.684685
Epoch: 600 train_loss: 0.004718 val_loss: 0.372787 val_acc: 0.747748 test_loss: 0.744809 test_acc: 0.666667
Epoch: 610 train_loss: 0.004889 val_loss: 0.357211 val_acc: 0.756757 test_loss: 0.720140 test_acc: 0.702703
Epoch: 620 train_loss: 0.004612 val_loss: 0.362361 val_acc: 0.756757 test_loss: 0.737171 test_acc: 0.711712
Epoch: 630 train_loss: 0.004647 val_loss: 0.383898 val_acc: 0.756757 test_loss: 0.782770 test_acc: 0.639640
Epoch: 640 train_loss: 0.004539 val_loss: 0.381629 val_acc: 0.747748 test_loss: 0.773218 test_acc: 0.684685
Epoch: 650 train_loss: 0.004542 val_loss: 0.385880 val_acc: 0.747748 test_loss: 0.803716 test_acc: 0.675676
Epoch: 660 train_loss: 0.004557 val_loss: 0.370052 val_acc: 0.747748 test_loss: 0.773226 test_acc: 0.675676
Epoch: 670 train_loss: 0.004484 val_loss: 0.385860 val_acc: 0.756757 test_loss: 0.798952 test_acc: 0.675676
Epoch: 680 train_loss: 0.004688 val_loss: 0.386218 val_acc: 0.747748 test_loss: 0.772505 test_acc: 0.675676
Epoch: 690 train_loss: 0.004446 val_loss: 0.389329 val_acc: 0.738739 test_loss: 0.803806 test_acc: 0.666667
Epoch: 700 train_loss: 0.004701 val_loss: 0.393162 val_acc: 0.756757 test_loss: 0.810368 test_acc: 0.684685
Epoch: 710 train_loss: 0.004347 val_loss: 0.402116 val_acc: 0.738739 test_loss: 0.815743 test_acc: 0.684685
Epoch: 720 train_loss: 0.004395 val_loss: 0.395546 val_acc: 0.738739 test_loss: 0.810033 test_acc: 0.666667
Epoch: 730 train_loss: 0.004511 val_loss: 0.392466 val_acc: 0.738739 test_loss: 0.821147 test_acc: 0.666667
Epoch: 740 train_loss: 0.004394 val_loss: 0.396216 val_acc: 0.747748 test_loss: 0.841995 test_acc: 0.684685
Epoch: 750 train_loss: 0.004298 val_loss: 0.393342 val_acc: 0.747748 test_loss: 0.840638 test_acc: 0.693694
Epoch: 760 train_loss: 0.004268 val_loss: 0.399273 val_acc: 0.738739 test_loss: 0.856068 test_acc: 0.684685
Epoch: 770 train_loss: 0.004345 val_loss: 0.404526 val_acc: 0.738739 test_loss: 0.867296 test_acc: 0.666667
Epoch: 780 train_loss: 0.004300 val_loss: 0.411789 val_acc: 0.729730 test_loss: 0.901329 test_acc: 0.666667
Epoch: 790 train_loss: nan val_loss: nan val_acc: 0.630631 test_loss: nan test_acc: 0.648649
------------- 6 val_acc: 0.8198 test_acc: 0.7027 best_test: 0.7387 -----------------
Fold: 7
Epoch: 000 train_loss: 0.012671 val_loss: 0.449549 val_acc: 0.648649 test_loss: 0.466819 test_acc: 0.639640
Epoch: 010 train_loss: 0.006346 val_loss: 0.398028 val_acc: 0.693694 test_loss: 0.412417 test_acc: 0.738739
Epoch: 020 train_loss: 0.006270 val_loss: 0.410038 val_acc: 0.666667 test_loss: 0.414026 test_acc: 0.756757
Epoch: 030 train_loss: 0.006204 val_loss: 0.424376 val_acc: 0.657658 test_loss: 0.425472 test_acc: 0.738739
Epoch: 040 train_loss: 0.006155 val_loss: 0.398073 val_acc: 0.675676 test_loss: 0.409093 test_acc: 0.747748
Epoch: 050 train_loss: 0.006299 val_loss: 0.432501 val_acc: 0.684685 test_loss: 0.429568 test_acc: 0.738739
Epoch: 060 train_loss: 0.006056 val_loss: 0.437506 val_acc: 0.693694 test_loss: 0.411280 test_acc: 0.747748
Epoch: 070 train_loss: 0.006090 val_loss: 0.442122 val_acc: 0.657658 test_loss: 0.409918 test_acc: 0.747748
Epoch: 080 train_loss: 0.005995 val_loss: 0.463656 val_acc: 0.648649 test_loss: 0.413134 test_acc: 0.747748
Epoch: 090 train_loss: 0.005902 val_loss: 0.494231 val_acc: 0.666667 test_loss: 0.411292 test_acc: 0.738739
Epoch: 100 train_loss: 0.005873 val_loss: 0.489464 val_acc: 0.675676 test_loss: 0.407926 test_acc: 0.756757
Epoch: 110 train_loss: 0.005851 val_loss: 0.728449 val_acc: 0.657658 test_loss: 0.414115 test_acc: 0.720721
Epoch: 120 train_loss: 0.005889 val_loss: 0.385181 val_acc: 0.684685 test_loss: 0.409743 test_acc: 0.720721
Epoch: 130 train_loss: 0.005837 val_loss: 0.723598 val_acc: 0.675676 test_loss: 0.406337 test_acc: 0.756757
Epoch: 140 train_loss: 0.005775 val_loss: 0.803260 val_acc: 0.666667 test_loss: 0.412171 test_acc: 0.738739
Epoch: 150 train_loss: 0.005870 val_loss: 0.583057 val_acc: 0.684685 test_loss: 0.409492 test_acc: 0.729730
Epoch: 160 train_loss: 0.005650 val_loss: 0.971033 val_acc: 0.693694 test_loss: 0.407429 test_acc: 0.747748
Epoch: 170 train_loss: 0.005592 val_loss: 0.904696 val_acc: 0.666667 test_loss: 0.404911 test_acc: 0.729730
Epoch: 180 train_loss: 0.005597 val_loss: 0.977285 val_acc: 0.684685 test_loss: 0.403898 test_acc: 0.738739
Epoch: 190 train_loss: 0.005520 val_loss: 1.043499 val_acc: 0.675676 test_loss: 0.409829 test_acc: 0.711712
Epoch: 200 train_loss: 0.005539 val_loss: 0.544492 val_acc: 0.675676 test_loss: 0.403139 test_acc: 0.747748
Epoch: 210 train_loss: 0.005584 val_loss: 0.577710 val_acc: 0.657658 test_loss: 0.408611 test_acc: 0.720721
Epoch: 220 train_loss: 0.005822 val_loss: 0.406717 val_acc: 0.684685 test_loss: 0.422062 test_acc: 0.693694
Epoch: 230 train_loss: 0.005426 val_loss: 0.947079 val_acc: 0.657658 test_loss: 0.421724 test_acc: 0.720721
Epoch: 240 train_loss: 0.005505 val_loss: 0.625783 val_acc: 0.684685 test_loss: 0.423890 test_acc: 0.729730
Epoch: 250 train_loss: 0.005352 val_loss: 1.051816 val_acc: 0.666667 test_loss: 0.415871 test_acc: 0.738739
Epoch: 260 train_loss: 0.005284 val_loss: 1.145519 val_acc: 0.657658 test_loss: 0.405438 test_acc: 0.738739
Epoch: 270 train_loss: 0.005199 val_loss: 1.109103 val_acc: 0.684685 test_loss: 0.406814 test_acc: 0.747748
Epoch: 280 train_loss: 0.005247 val_loss: 1.139849 val_acc: 0.657658 test_loss: 0.437580 test_acc: 0.720721
Epoch: 290 train_loss: 0.005103 val_loss: 1.225261 val_acc: 0.639640 test_loss: 0.513948 test_acc: 0.711712
Epoch: 300 train_loss: 0.005176 val_loss: 0.677272 val_acc: 0.675676 test_loss: 0.411513 test_acc: 0.729730
Epoch: 310 train_loss: 0.005042 val_loss: 1.216961 val_acc: 0.648649 test_loss: 0.494843 test_acc: 0.711712
Epoch: 320 train_loss: 0.005025 val_loss: 1.239507 val_acc: 0.639640 test_loss: 0.566242 test_acc: 0.711712
Epoch: 330 train_loss: 0.005175 val_loss: 1.299324 val_acc: 0.648649 test_loss: 0.563507 test_acc: 0.684685
Epoch: 340 train_loss: 0.005283 val_loss: 0.487559 val_acc: 0.639640 test_loss: 0.440307 test_acc: 0.729730
Epoch: 350 train_loss: 0.004967 val_loss: 0.634078 val_acc: 0.657658 test_loss: 0.458738 test_acc: 0.738739
Epoch: 360 train_loss: 0.004882 val_loss: 0.701642 val_acc: 0.657658 test_loss: 0.520341 test_acc: 0.729730
Epoch: 370 train_loss: 0.004768 val_loss: 0.726671 val_acc: 0.648649 test_loss: 0.534389 test_acc: 0.720721
Epoch: 380 train_loss: 0.004738 val_loss: 1.040785 val_acc: 0.648649 test_loss: 0.638500 test_acc: 0.711712
Epoch: 390 train_loss: 0.004718 val_loss: 0.853234 val_acc: 0.630631 test_loss: 0.639223 test_acc: 0.693694
Epoch: 400 train_loss: 0.004854 val_loss: 0.874434 val_acc: 0.666667 test_loss: 0.614722 test_acc: 0.720721
Epoch: 410 train_loss: 0.004692 val_loss: 0.773205 val_acc: 0.648649 test_loss: 0.604779 test_acc: 0.684685
Epoch: 420 train_loss: 0.004783 val_loss: 0.786146 val_acc: 0.612613 test_loss: 0.580762 test_acc: 0.702703
Epoch: 430 train_loss: 0.004466 val_loss: 0.867150 val_acc: 0.639640 test_loss: 0.705318 test_acc: 0.738739
Epoch: 440 train_loss: 0.004670 val_loss: 1.096186 val_acc: 0.630631 test_loss: 0.691528 test_acc: 0.711712
Epoch: 450 train_loss: 0.004486 val_loss: 0.955025 val_acc: 0.621622 test_loss: 0.791283 test_acc: 0.675676
Epoch: 460 train_loss: 0.004386 val_loss: 1.245189 val_acc: 0.630631 test_loss: 0.822640 test_acc: 0.720721
Epoch: 470 train_loss: 0.004237 val_loss: 1.109629 val_acc: 0.639640 test_loss: 0.858520 test_acc: 0.720721
Epoch: 480 train_loss: 0.004434 val_loss: 1.178663 val_acc: 0.630631 test_loss: 0.867227 test_acc: 0.720721
Epoch: 490 train_loss: 0.004140 val_loss: 1.391095 val_acc: 0.639640 test_loss: 0.973727 test_acc: 0.684685
Epoch: 500 train_loss: 0.004366 val_loss: 1.157118 val_acc: 0.666667 test_loss: 0.828214 test_acc: 0.693694
Epoch: 510 train_loss: 0.003986 val_loss: 1.292580 val_acc: 0.639640 test_loss: 1.047578 test_acc: 0.729730
Epoch: 520 train_loss: 0.004052 val_loss: 1.172304 val_acc: 0.648649 test_loss: 0.838987 test_acc: 0.729730
Epoch: 530 train_loss: 0.003986 val_loss: 1.375649 val_acc: 0.657658 test_loss: 1.023226 test_acc: 0.729730
Epoch: 540 train_loss: 0.003865 val_loss: 1.323614 val_acc: 0.639640 test_loss: 1.106093 test_acc: 0.639640
Epoch: 550 train_loss: 0.003832 val_loss: 1.317546 val_acc: 0.630631 test_loss: 1.114019 test_acc: 0.711712
Epoch: 560 train_loss: 0.003782 val_loss: 1.414473 val_acc: 0.639640 test_loss: 1.154345 test_acc: 0.729730
Epoch: 570 train_loss: 0.003695 val_loss: 1.373057 val_acc: 0.693694 test_loss: 1.192256 test_acc: 0.729730
Epoch: 580 train_loss: 0.004180 val_loss: 1.375009 val_acc: 0.657658 test_loss: 1.221366 test_acc: 0.666667
Epoch: 590 train_loss: 0.003573 val_loss: 1.413111 val_acc: 0.675676 test_loss: 1.281600 test_acc: 0.720721
Epoch: 600 train_loss: 0.003567 val_loss: 1.515647 val_acc: 0.666667 test_loss: 1.341278 test_acc: 0.711712
Epoch: 610 train_loss: 0.003431 val_loss: 1.452028 val_acc: 0.684685 test_loss: 1.448454 test_acc: 0.738739
Epoch: 620 train_loss: 0.003439 val_loss: 1.133458 val_acc: 0.639640 test_loss: 1.327858 test_acc: 0.720721
Epoch: 630 train_loss: 0.003368 val_loss: 1.395762 val_acc: 0.666667 test_loss: 1.471456 test_acc: 0.738739
Epoch: 640 train_loss: 0.003337 val_loss: 1.266192 val_acc: 0.666667 test_loss: 1.421832 test_acc: 0.720721
Epoch: 650 train_loss: 0.003320 val_loss: 1.168340 val_acc: 0.693694 test_loss: 1.506435 test_acc: 0.711712
Epoch: 660 train_loss: 0.003197 val_loss: 1.192347 val_acc: 0.684685 test_loss: 1.578746 test_acc: 0.729730
Epoch: 670 train_loss: 0.003310 val_loss: 1.218745 val_acc: 0.693694 test_loss: 1.678786 test_acc: 0.693694
Epoch: 680 train_loss: 0.003179 val_loss: 1.221498 val_acc: 0.684685 test_loss: 1.649994 test_acc: 0.711712
Epoch: 690 train_loss: 0.003215 val_loss: 1.239270 val_acc: 0.693694 test_loss: 1.674243 test_acc: 0.711712
Epoch: 700 train_loss: 0.003082 val_loss: 1.273307 val_acc: 0.693694 test_loss: 1.752164 test_acc: 0.711712
Epoch: 710 train_loss: 0.003062 val_loss: 1.301794 val_acc: 0.702703 test_loss: 1.812845 test_acc: 0.684685
Epoch: 720 train_loss: 0.003036 val_loss: 1.355097 val_acc: 0.657658 test_loss: 1.911643 test_acc: 0.711712
Epoch: 730 train_loss: 0.003011 val_loss: 1.399624 val_acc: 0.666667 test_loss: 1.968635 test_acc: 0.693694
Epoch: 740 train_loss: 0.002979 val_loss: 1.395073 val_acc: 0.657658 test_loss: 2.001365 test_acc: 0.693694
Epoch: 750 train_loss: 0.002943 val_loss: 1.369271 val_acc: 0.675676 test_loss: 2.014963 test_acc: 0.702703
Epoch: 760 train_loss: 0.003043 val_loss: 1.404735 val_acc: 0.657658 test_loss: 2.021217 test_acc: 0.684685
Epoch: 770 train_loss: 0.002907 val_loss: 1.424701 val_acc: 0.648649 test_loss: 2.108126 test_acc: 0.675676
Epoch: 780 train_loss: 0.002933 val_loss: 1.385586 val_acc: 0.657658 test_loss: 2.138433 test_acc: 0.693694
Epoch: 790 train_loss: nan val_loss: nan val_acc: 0.648649 test_loss: nan test_acc: 0.639640
------------- 7 val_acc: 0.7207 test_acc: 0.7658 best_test: 0.7748 -----------------
Fold: 8
Epoch: 000 train_loss: 0.015873 val_loss: 0.455682 val_acc: 0.639640 test_loss: 0.510421 test_acc: 0.486486
Epoch: 010 train_loss: 0.006872 val_loss: 0.423021 val_acc: 0.675676 test_loss: 0.472786 test_acc: 0.549550
Epoch: 020 train_loss: 0.006482 val_loss: 0.418540 val_acc: 0.756757 test_loss: 0.468776 test_acc: 0.639640
Epoch: 030 train_loss: 0.006129 val_loss: 0.408502 val_acc: 0.774775 test_loss: 0.457757 test_acc: 0.639640
Epoch: 040 train_loss: 0.006278 val_loss: 0.415566 val_acc: 0.738739 test_loss: 0.439132 test_acc: 0.711712
Epoch: 050 train_loss: 0.006154 val_loss: 0.417837 val_acc: 0.756757 test_loss: 0.471472 test_acc: 0.657658
Epoch: 060 train_loss: 0.006008 val_loss: 0.406844 val_acc: 0.756757 test_loss: 0.458576 test_acc: 0.666667
Epoch: 070 train_loss: 0.006002 val_loss: 0.409997 val_acc: 0.765766 test_loss: 0.447043 test_acc: 0.720721
Epoch: 080 train_loss: 0.005957 val_loss: 0.405246 val_acc: 0.756757 test_loss: 0.454396 test_acc: 0.675676
Epoch: 090 train_loss: 0.006039 val_loss: 0.417525 val_acc: 0.720721 test_loss: 0.468097 test_acc: 0.657658
Epoch: 100 train_loss: 0.005990 val_loss: 0.412874 val_acc: 0.765766 test_loss: 0.453281 test_acc: 0.711712
Epoch: 110 train_loss: 0.005877 val_loss: 0.420139 val_acc: 0.720721 test_loss: 0.471696 test_acc: 0.657658
Epoch: 120 train_loss: 0.005869 val_loss: 0.408442 val_acc: 0.729730 test_loss: 0.454097 test_acc: 0.684685
Epoch: 130 train_loss: 0.005848 val_loss: 0.408637 val_acc: 0.747748 test_loss: 0.437705 test_acc: 0.702703
Epoch: 140 train_loss: 0.005847 val_loss: 0.411128 val_acc: 0.774775 test_loss: 0.447996 test_acc: 0.738739
Epoch: 150 train_loss: 0.005767 val_loss: 0.408305 val_acc: 0.738739 test_loss: 0.451748 test_acc: 0.720721
Epoch: 160 train_loss: 0.005820 val_loss: 0.404069 val_acc: 0.774775 test_loss: 0.438266 test_acc: 0.720721
Epoch: 170 train_loss: 0.005844 val_loss: 0.406321 val_acc: 0.765766 test_loss: 0.441428 test_acc: 0.729730
Epoch: 180 train_loss: 0.005869 val_loss: 0.407823 val_acc: 0.738739 test_loss: 0.435444 test_acc: 0.720721
Epoch: 190 train_loss: 0.005923 val_loss: 0.425698 val_acc: 0.747748 test_loss: 0.478375 test_acc: 0.675676
Epoch: 200 train_loss: 0.005720 val_loss: 0.405960 val_acc: 0.756757 test_loss: 0.441934 test_acc: 0.738739
Epoch: 210 train_loss: 0.005713 val_loss: 0.405043 val_acc: 0.774775 test_loss: 0.442942 test_acc: 0.738739
Epoch: 220 train_loss: 0.005714 val_loss: 0.400230 val_acc: 0.765766 test_loss: 0.445926 test_acc: 0.729730
Epoch: 230 train_loss: 0.005745 val_loss: 0.415628 val_acc: 0.756757 test_loss: 0.463476 test_acc: 0.711712
Epoch: 240 train_loss: 0.005691 val_loss: 0.410548 val_acc: 0.756757 test_loss: 0.457743 test_acc: 0.738739
Epoch: 250 train_loss: 0.005673 val_loss: 0.397326 val_acc: 0.756757 test_loss: 0.448114 test_acc: 0.747748
Epoch: 260 train_loss: 0.005687 val_loss: 0.401872 val_acc: 0.747748 test_loss: 0.444477 test_acc: 0.765766
Epoch: 270 train_loss: 0.005661 val_loss: 0.409193 val_acc: 0.756757 test_loss: 0.460864 test_acc: 0.738739
Epoch: 280 train_loss: 0.005652 val_loss: 0.406086 val_acc: 0.738739 test_loss: 0.452353 test_acc: 0.756757
Epoch: 290 train_loss: 0.005752 val_loss: 0.403171 val_acc: 0.729730 test_loss: 0.439640 test_acc: 0.756757
Epoch: 300 train_loss: 0.005663 val_loss: 0.397607 val_acc: 0.747748 test_loss: 0.440240 test_acc: 0.765766
Epoch: 310 train_loss: 0.005594 val_loss: 0.400512 val_acc: 0.729730 test_loss: 0.448933 test_acc: 0.756757
Epoch: 320 train_loss: 0.005594 val_loss: 0.408452 val_acc: 0.738739 test_loss: 0.460725 test_acc: 0.765766
Epoch: 330 train_loss: 0.005677 val_loss: 0.411658 val_acc: 0.738739 test_loss: 0.461287 test_acc: 0.765766
Epoch: 340 train_loss: 0.005655 val_loss: 0.407048 val_acc: 0.738739 test_loss: 0.450406 test_acc: 0.765766
Epoch: 350 train_loss: 0.005548 val_loss: 0.423467 val_acc: 0.729730 test_loss: 0.479524 test_acc: 0.747748
Epoch: 360 train_loss: 0.005569 val_loss: 0.407886 val_acc: 0.729730 test_loss: 0.461304 test_acc: 0.765766
Epoch: 370 train_loss: 0.005525 val_loss: 0.399085 val_acc: 0.738739 test_loss: 0.448725 test_acc: 0.774775
Epoch: 380 train_loss: 0.005480 val_loss: 0.409025 val_acc: 0.729730 test_loss: 0.464390 test_acc: 0.765766
Epoch: 390 train_loss: 0.005531 val_loss: 0.403308 val_acc: 0.720721 test_loss: 0.454282 test_acc: 0.774775
Epoch: 400 train_loss: 0.005485 val_loss: 0.407735 val_acc: 0.729730 test_loss: 0.462028 test_acc: 0.774775
Epoch: 410 train_loss: 0.005496 val_loss: 0.406438 val_acc: 0.738739 test_loss: 0.468778 test_acc: 0.747748
Epoch: 420 train_loss: 0.005520 val_loss: 0.403157 val_acc: 0.738739 test_loss: 0.457184 test_acc: 0.774775
Epoch: 430 train_loss: 0.005351 val_loss: 0.395227 val_acc: 0.729730 test_loss: 0.447264 test_acc: 0.765766
Epoch: 440 train_loss: 0.005418 val_loss: 0.406035 val_acc: 0.747748 test_loss: 0.461497 test_acc: 0.756757
Epoch: 450 train_loss: 0.005373 val_loss: 0.397393 val_acc: 0.747748 test_loss: 0.458825 test_acc: 0.765766
Epoch: 460 train_loss: 0.005316 val_loss: 0.399827 val_acc: 0.747748 test_loss: 0.456891 test_acc: 0.774775
Epoch: 470 train_loss: 0.005315 val_loss: 0.397422 val_acc: 0.720721 test_loss: 0.452135 test_acc: 0.783784
Epoch: 480 train_loss: 0.005306 val_loss: 0.406118 val_acc: 0.765766 test_loss: 0.472162 test_acc: 0.747748
Epoch: 490 train_loss: 0.005292 val_loss: 0.392683 val_acc: 0.765766 test_loss: 0.459360 test_acc: 0.783784
Epoch: 500 train_loss: 0.005312 val_loss: 0.396762 val_acc: 0.756757 test_loss: 0.451231 test_acc: 0.756757
Epoch: 510 train_loss: 0.005319 val_loss: 0.417895 val_acc: 0.765766 test_loss: 0.487959 test_acc: 0.756757
Epoch: 520 train_loss: 0.005193 val_loss: 0.399339 val_acc: 0.756757 test_loss: 0.477004 test_acc: 0.765766
Epoch: 530 train_loss: 0.005154 val_loss: 0.416740 val_acc: 0.765766 test_loss: 0.514510 test_acc: 0.747748
Epoch: 540 train_loss: 0.005250 val_loss: 0.404180 val_acc: 0.756757 test_loss: 0.501068 test_acc: 0.756757
Epoch: 550 train_loss: 0.005199 val_loss: 0.397560 val_acc: 0.756757 test_loss: 0.480554 test_acc: 0.756757
Epoch: 560 train_loss: 0.005173 val_loss: 0.397330 val_acc: 0.774775 test_loss: 0.481522 test_acc: 0.765766
Epoch: 570 train_loss: 0.005181 val_loss: 0.412646 val_acc: 0.765766 test_loss: 0.503432 test_acc: 0.765766
Epoch: 580 train_loss: 0.005113 val_loss: 0.396328 val_acc: 0.765766 test_loss: 0.486239 test_acc: 0.756757
Epoch: 590 train_loss: 0.005113 val_loss: 0.398680 val_acc: 0.783784 test_loss: 0.487624 test_acc: 0.756757
Epoch: 600 train_loss: 0.005060 val_loss: 0.405411 val_acc: 0.765766 test_loss: 0.510457 test_acc: 0.747748
Epoch: 610 train_loss: 0.005028 val_loss: 0.394673 val_acc: 0.774775 test_loss: 0.517711 test_acc: 0.747748
Epoch: 620 train_loss: 0.005011 val_loss: 0.401950 val_acc: 0.765766 test_loss: 0.516601 test_acc: 0.765766
Epoch: 630 train_loss: 0.005005 val_loss: 0.412539 val_acc: 0.774775 test_loss: 0.536695 test_acc: 0.756757
Epoch: 640 train_loss: 0.004997 val_loss: 0.413673 val_acc: 0.738739 test_loss: 0.538865 test_acc: 0.738739
Epoch: 650 train_loss: 0.004999 val_loss: 0.411701 val_acc: 0.756757 test_loss: 0.531765 test_acc: 0.756757
Epoch: 660 train_loss: 0.004962 val_loss: 0.408042 val_acc: 0.756757 test_loss: 0.539896 test_acc: 0.738739
Epoch: 670 train_loss: 0.004921 val_loss: 0.404817 val_acc: 0.765766 test_loss: 0.561403 test_acc: 0.720721
Epoch: 680 train_loss: 0.004930 val_loss: 0.416724 val_acc: 0.747748 test_loss: 0.568514 test_acc: 0.729730
Epoch: 690 train_loss: 0.004890 val_loss: 0.410499 val_acc: 0.756757 test_loss: 0.568388 test_acc: 0.729730
Epoch: 700 train_loss: 0.004911 val_loss: 0.401523 val_acc: 0.783784 test_loss: 0.575413 test_acc: 0.729730
Epoch: 710 train_loss: 0.004933 val_loss: 0.415359 val_acc: 0.756757 test_loss: 0.541854 test_acc: 0.738739
Epoch: 720 train_loss: 0.004851 val_loss: 0.420362 val_acc: 0.747748 test_loss: 0.580123 test_acc: 0.693694
Epoch: 730 train_loss: 0.004820 val_loss: 0.414792 val_acc: 0.747748 test_loss: 0.571424 test_acc: 0.729730
Epoch: 740 train_loss: 0.004848 val_loss: 0.425826 val_acc: 0.729730 test_loss: 0.562578 test_acc: 0.720721
Epoch: 750 train_loss: 0.004797 val_loss: 0.414774 val_acc: 0.747748 test_loss: 0.591271 test_acc: 0.720721
Epoch: 760 train_loss: 0.004796 val_loss: 0.423644 val_acc: 0.747748 test_loss: 0.597753 test_acc: 0.693694
Epoch: 770 train_loss: 0.004825 val_loss: 0.419248 val_acc: 0.747748 test_loss: 0.582124 test_acc: 0.738739
Epoch: 780 train_loss: 0.004812 val_loss: 0.421458 val_acc: 0.747748 test_loss: 0.600223 test_acc: 0.729730
Epoch: 790 train_loss: nan val_loss: nan val_acc: 0.639640 test_loss: nan test_acc: 0.486486
------------- 8 val_acc: 0.7928 test_acc: 0.7658 best_test: 0.8018 -----------------
Fold: 9
Epoch: 000 train_loss: 0.009381 val_loss: 0.485954 val_acc: 0.486486 test_loss: 0.434272 test_acc: 0.648649
Epoch: 010 train_loss: 0.006398 val_loss: 0.463928 val_acc: 0.612613 test_loss: 0.374723 test_acc: 0.711712
Epoch: 020 train_loss: 0.006504 val_loss: 0.479660 val_acc: 0.576577 test_loss: 0.392481 test_acc: 0.711712
Epoch: 030 train_loss: 0.006143 val_loss: 0.462381 val_acc: 0.630631 test_loss: 0.373960 test_acc: 0.711712
Epoch: 040 train_loss: 0.006113 val_loss: 0.459335 val_acc: 0.657658 test_loss: 0.370769 test_acc: 0.729730
Epoch: 050 train_loss: 0.006033 val_loss: 0.448666 val_acc: 0.666667 test_loss: 0.376707 test_acc: 0.738739
Epoch: 060 train_loss: 0.006096 val_loss: 0.463307 val_acc: 0.657658 test_loss: 0.379820 test_acc: 0.738739
Epoch: 070 train_loss: 0.006009 val_loss: 0.465071 val_acc: 0.648649 test_loss: 0.373500 test_acc: 0.711712
Epoch: 080 train_loss: 0.006050 val_loss: 0.445109 val_acc: 0.675676 test_loss: 0.371981 test_acc: 0.720721
Epoch: 090 train_loss: 0.006033 val_loss: 0.450692 val_acc: 0.657658 test_loss: 0.372376 test_acc: 0.729730
Epoch: 100 train_loss: 0.005984 val_loss: 0.433396 val_acc: 0.711712 test_loss: 0.370860 test_acc: 0.783784
Epoch: 110 train_loss: 0.005964 val_loss: 0.440988 val_acc: 0.711712 test_loss: 0.371180 test_acc: 0.765766
Epoch: 120 train_loss: 0.005836 val_loss: 0.439030 val_acc: 0.720721 test_loss: 0.367920 test_acc: 0.765766
Epoch: 130 train_loss: 0.005850 val_loss: 0.445750 val_acc: 0.702703 test_loss: 0.367853 test_acc: 0.765766
Epoch: 140 train_loss: 0.005854 val_loss: 0.479977 val_acc: 0.684685 test_loss: 0.370539 test_acc: 0.765766
Epoch: 150 train_loss: 0.005792 val_loss: 0.448057 val_acc: 0.720721 test_loss: 0.364118 test_acc: 0.783784
Epoch: 160 train_loss: 0.005833 val_loss: 0.449839 val_acc: 0.720721 test_loss: 0.365820 test_acc: 0.756757
Epoch: 170 train_loss: 0.005736 val_loss: 0.452562 val_acc: 0.747748 test_loss: 0.366997 test_acc: 0.792793
Epoch: 180 train_loss: 0.005741 val_loss: 0.445532 val_acc: 0.738739 test_loss: 0.368433 test_acc: 0.765766
Epoch: 190 train_loss: 0.005793 val_loss: 0.470931 val_acc: 0.702703 test_loss: 0.371851 test_acc: 0.774775
Epoch: 200 train_loss: 0.005745 val_loss: 0.451910 val_acc: 0.729730 test_loss: 0.373531 test_acc: 0.774775
Epoch: 210 train_loss: 0.005760 val_loss: 0.445456 val_acc: 0.765766 test_loss: 0.371158 test_acc: 0.774775
Epoch: 220 train_loss: 0.005694 val_loss: 0.466842 val_acc: 0.738739 test_loss: 0.374239 test_acc: 0.783784
Epoch: 230 train_loss: 0.005690 val_loss: 0.442061 val_acc: 0.765766 test_loss: 0.371614 test_acc: 0.765766
Epoch: 240 train_loss: 0.005627 val_loss: 0.443714 val_acc: 0.774775 test_loss: 0.377185 test_acc: 0.774775
Epoch: 250 train_loss: 0.005602 val_loss: 0.459424 val_acc: 0.747748 test_loss: 0.373773 test_acc: 0.774775
Epoch: 260 train_loss: 0.005651 val_loss: 0.450596 val_acc: 0.738739 test_loss: 0.376890 test_acc: 0.765766
Epoch: 270 train_loss: 0.005606 val_loss: 0.459415 val_acc: 0.756757 test_loss: 0.389620 test_acc: 0.738739
Epoch: 280 train_loss: 0.005569 val_loss: 0.445510 val_acc: 0.774775 test_loss: 0.371116 test_acc: 0.747748
Epoch: 290 train_loss: 0.005539 val_loss: 0.452708 val_acc: 0.765766 test_loss: 0.379112 test_acc: 0.783784
Epoch: 300 train_loss: 0.005593 val_loss: 0.449900 val_acc: 0.783784 test_loss: 0.373917 test_acc: 0.765766
Epoch: 310 train_loss: 0.005516 val_loss: 0.468209 val_acc: 0.747748 test_loss: 0.379100 test_acc: 0.774775
Epoch: 320 train_loss: 0.005486 val_loss: 0.455852 val_acc: 0.756757 test_loss: 0.390126 test_acc: 0.747748
Epoch: 330 train_loss: 0.005476 val_loss: 0.458695 val_acc: 0.756757 test_loss: 0.385741 test_acc: 0.756757
Epoch: 340 train_loss: 0.005454 val_loss: 0.444973 val_acc: 0.792793 test_loss: 0.392792 test_acc: 0.729730
Epoch: 350 train_loss: 0.005363 val_loss: 0.461342 val_acc: 0.765766 test_loss: 0.391941 test_acc: 0.774775
Epoch: 360 train_loss: 0.005367 val_loss: 0.437993 val_acc: 0.774775 test_loss: 0.402512 test_acc: 0.765766
Epoch: 370 train_loss: 0.005369 val_loss: 0.453241 val_acc: 0.756757 test_loss: 0.408647 test_acc: 0.765766
Epoch: 380 train_loss: 0.005295 val_loss: 0.491465 val_acc: 0.729730 test_loss: 0.397090 test_acc: 0.792793
Epoch: 390 train_loss: 0.005281 val_loss: 0.469163 val_acc: 0.756757 test_loss: 0.405149 test_acc: 0.765766
Epoch: 400 train_loss: 0.005203 val_loss: 0.455473 val_acc: 0.738739 test_loss: 0.407212 test_acc: 0.801802
Epoch: 410 train_loss: 0.005191 val_loss: 0.464981 val_acc: 0.738739 test_loss: 0.408405 test_acc: 0.801802
Epoch: 420 train_loss: 0.005185 val_loss: 0.450442 val_acc: 0.747748 test_loss: 0.425655 test_acc: 0.783784
Epoch: 430 train_loss: 0.005230 val_loss: 0.449602 val_acc: 0.765766 test_loss: 0.406249 test_acc: 0.765766
Epoch: 440 train_loss: 0.005117 val_loss: 0.445619 val_acc: 0.783784 test_loss: 0.404849 test_acc: 0.765766
Epoch: 450 train_loss: 0.005064 val_loss: 0.465552 val_acc: 0.747748 test_loss: 0.470458 test_acc: 0.783784
Epoch: 460 train_loss: 0.005081 val_loss: 0.459400 val_acc: 0.747748 test_loss: 0.452342 test_acc: 0.765766
Epoch: 470 train_loss: 0.004988 val_loss: 0.464988 val_acc: 0.747748 test_loss: 0.458902 test_acc: 0.765766
Epoch: 480 train_loss: 0.004969 val_loss: 0.495206 val_acc: 0.720721 test_loss: 0.492148 test_acc: 0.774775
Epoch: 490 train_loss: 0.005209 val_loss: 0.522649 val_acc: 0.720721 test_loss: 0.429216 test_acc: 0.783784
Epoch: 500 train_loss: 0.004995 val_loss: 0.470883 val_acc: 0.738739 test_loss: 0.463974 test_acc: 0.783784
Epoch: 510 train_loss: 0.004883 val_loss: 0.491937 val_acc: 0.738739 test_loss: 0.478370 test_acc: 0.783784
Epoch: 520 train_loss: 0.004927 val_loss: 0.477338 val_acc: 0.729730 test_loss: 0.469064 test_acc: 0.765766
Epoch: 530 train_loss: 0.004831 val_loss: 0.501034 val_acc: 0.720721 test_loss: 0.493587 test_acc: 0.738739
Epoch: 540 train_loss: 0.004841 val_loss: 0.469316 val_acc: 0.729730 test_loss: 0.521958 test_acc: 0.729730
Epoch: 550 train_loss: 0.004803 val_loss: 0.505115 val_acc: 0.702703 test_loss: 0.486552 test_acc: 0.774775
Epoch: 560 train_loss: 0.004863 val_loss: 0.493424 val_acc: 0.720721 test_loss: 0.491701 test_acc: 0.774775
Epoch: 570 train_loss: 0.004692 val_loss: 0.538797 val_acc: 0.711712 test_loss: 0.474925 test_acc: 0.756757
Epoch: 580 train_loss: 0.004789 val_loss: 0.517865 val_acc: 0.720721 test_loss: 0.517227 test_acc: 0.783784
Epoch: 590 train_loss: 0.004682 val_loss: 0.530238 val_acc: 0.684685 test_loss: 0.506369 test_acc: 0.747748
Epoch: 600 train_loss: 0.004613 val_loss: 0.545845 val_acc: 0.666667 test_loss: 0.509574 test_acc: 0.738739
Epoch: 610 train_loss: 0.004623 val_loss: 0.505748 val_acc: 0.711712 test_loss: 0.552552 test_acc: 0.720721
Epoch: 620 train_loss: 0.004652 val_loss: 0.550104 val_acc: 0.684685 test_loss: 0.494849 test_acc: 0.720721
Epoch: 630 train_loss: 0.004589 val_loss: 0.577137 val_acc: 0.666667 test_loss: 0.514308 test_acc: 0.738739
Epoch: 640 train_loss: 0.004503 val_loss: 0.570560 val_acc: 0.720721 test_loss: 0.615947 test_acc: 0.747748
Epoch: 650 train_loss: 0.004515 val_loss: 0.569775 val_acc: 0.684685 test_loss: 0.564484 test_acc: 0.756757
Epoch: 660 train_loss: 0.004484 val_loss: 0.545926 val_acc: 0.702703 test_loss: 0.583688 test_acc: 0.738739
Epoch: 670 train_loss: 0.004474 val_loss: 0.598883 val_acc: 0.684685 test_loss: 0.531147 test_acc: 0.738739
Epoch: 680 train_loss: 0.004446 val_loss: 0.555961 val_acc: 0.666667 test_loss: 0.591015 test_acc: 0.729730
Epoch: 690 train_loss: 0.004476 val_loss: 0.528426 val_acc: 0.693694 test_loss: 0.606924 test_acc: 0.720721
Epoch: 700 train_loss: 0.004422 val_loss: 0.558788 val_acc: 0.675676 test_loss: 0.604833 test_acc: 0.720721
Epoch: 710 train_loss: 0.004339 val_loss: 0.582064 val_acc: 0.702703 test_loss: 0.606464 test_acc: 0.711712
Epoch: 720 train_loss: 0.004356 val_loss: 0.585608 val_acc: 0.702703 test_loss: 0.628098 test_acc: 0.720721
Epoch: 730 train_loss: 0.004336 val_loss: 0.607164 val_acc: 0.684685 test_loss: 0.604805 test_acc: 0.720721
Epoch: 740 train_loss: 0.004270 val_loss: 0.607944 val_acc: 0.666667 test_loss: 0.659860 test_acc: 0.720721
Epoch: 750 train_loss: nan val_loss: nan val_acc: 0.486486 test_loss: nan test_acc: 0.648649
Epoch: 760 train_loss: nan val_loss: nan val_acc: 0.486486 test_loss: nan test_acc: 0.648649
Epoch: 770 train_loss: nan val_loss: nan val_acc: 0.486486 test_loss: nan test_acc: 0.648649
Epoch: 780 train_loss: nan val_loss: nan val_acc: 0.486486 test_loss: nan test_acc: 0.648649
Epoch: 790 train_loss: nan val_loss: nan val_acc: 0.486486 test_loss: nan test_acc: 0.648649
------------- 9 val_acc: 0.8018 test_acc: 0.7928 best_test: 0.8108 -----------------
[0.7410714285714286, 0.7232142857142857, 0.7410714285714286, 0.7387387387387387, 0.7747747747747747, 0.7567567567567568, 0.7027027027027027, 0.7657657657657657, 0.7657657657657657, 0.7927927927927928]
[0.7767857142857143, 0.75, 0.7857142857142857, 0.8108108108108109, 0.7927927927927928, 0.8198198198198198, 0.7387387387387387, 0.7747747747747747, 0.8018018018018018, 0.8108108108108109]
[10 Fold results] data_val:78.98  2.65 data_test:75.03  2.50 best_test:78.62  2.53
