/home/dongrui/anaconda3/envs/dr/lib/python3.9/site-packages/torch_geometric/data/in_memory_dataset.py:284: UserWarning: It is not recommended to directly access the internal storage format `data` of an 'InMemoryDataset'. If you are absolutely certain what you are doing, access the internal storage via `InMemoryDataset._data` instead to suppress this warning. Alternatively, you can access stacked individual attributes of every graph via `dataset.{attr_name}`.
  warnings.warn(msg)
Namespace(device='cuda:1', dataset='PTC_FR', in_size=19, num_classes=2, model_name='fusion_tm', fusion_type='early', gcn_channels=3, gcn_hidden=128, gcn_layers=4, gcn_dropout=0.1, trans_num_layers=4, input_node_dim=19, hidden_node_dim=32, input_edge_dim=4, hidden_edge_dim=32, ouput_dim=None, n_heads=4, max_in_degree=5, max_out_degree=5, max_path_distance=5, hidden_dim=128, num_layers=4, num_features=19, num_heads=8, dropout=0.1, pos_encoding='gcn', att_dropout=0.1, d_k=64, d_v=64, pos_embed_type='s', alpha=0.6, num_fusion_layers=6, eta=0.5, ffn_dim=128, num_trans_layers=3, lam1=0.2, lam2=0.2, theta1=0.15, theta2=0.4, theta3=0.4, gamma=0.7, loss_log=2, folds=10, lr=1e-05, weight_decay=5e-05, batch_size=128, epoches=800, output_dim=2)
/home/dongrui/anaconda3/envs/dr/lib/python3.9/site-packages/torch_geometric/data/in_memory_dataset.py:284: UserWarning: It is not recommended to directly access the internal storage format `data` of an 'InMemoryDataset'. The given 'InMemoryDataset' only references a subset of examples of the full dataset, but 'data' will contain information of the full dataset. The data of the dataset is already cached, so any modifications to `data` will not be reflected when accessing its elements. Clearing the cache now by removing all elements in `dataset._data_list`. If you are absolutely certain what you are doing, access the internal storage via `InMemoryDataset._data` instead to suppress this warning. Alternatively, you can access stacked individual attributes of every graph via `dataset.{attr_name}`.
  warnings.warn(msg)
Fold: 0
Epoch: 000 train_loss: 0.005428 val_loss: 0.513069 val_acc: 0.514286 test_loss: 0.447119 test_acc: 0.638889
Epoch: 010 train_loss: 0.004888 val_loss: 0.526485 val_acc: 0.485714 test_loss: 0.429729 test_acc: 0.722222
Epoch: 020 train_loss: 0.004823 val_loss: 0.523283 val_acc: 0.485714 test_loss: 0.419095 test_acc: 0.750000
Epoch: 030 train_loss: 0.004611 val_loss: 0.516520 val_acc: 0.485714 test_loss: 0.418163 test_acc: 0.750000
Epoch: 040 train_loss: 0.004590 val_loss: 0.517306 val_acc: 0.514286 test_loss: 0.440493 test_acc: 0.694444
Epoch: 050 train_loss: 0.004586 val_loss: 0.518363 val_acc: 0.542857 test_loss: 0.445876 test_acc: 0.638889
Epoch: 060 train_loss: 0.004342 val_loss: 0.531040 val_acc: 0.571429 test_loss: 0.428767 test_acc: 0.722222
Epoch: 070 train_loss: 0.004374 val_loss: 0.565776 val_acc: 0.571429 test_loss: 0.449270 test_acc: 0.722222
Epoch: 080 train_loss: 0.004503 val_loss: 0.539611 val_acc: 0.600000 test_loss: 0.426704 test_acc: 0.694444
Epoch: 090 train_loss: 0.004371 val_loss: 0.549951 val_acc: 0.542857 test_loss: 0.441022 test_acc: 0.722222
Epoch: 100 train_loss: 0.004239 val_loss: 0.553775 val_acc: 0.600000 test_loss: 0.442421 test_acc: 0.694444
Epoch: 110 train_loss: 0.004240 val_loss: 0.579296 val_acc: 0.571429 test_loss: 0.456098 test_acc: 0.694444
Epoch: 120 train_loss: 0.004093 val_loss: 0.592724 val_acc: 0.600000 test_loss: 0.447577 test_acc: 0.694444
Epoch: 130 train_loss: 0.004114 val_loss: 0.585429 val_acc: 0.571429 test_loss: 0.452697 test_acc: 0.694444
Epoch: 140 train_loss: 0.003998 val_loss: 0.589310 val_acc: 0.600000 test_loss: 0.467168 test_acc: 0.611111
Epoch: 150 train_loss: 0.004106 val_loss: 0.608233 val_acc: 0.600000 test_loss: 0.451353 test_acc: 0.694444
Epoch: 160 train_loss: 0.004025 val_loss: 0.555110 val_acc: 0.600000 test_loss: 0.464197 test_acc: 0.555556
Epoch: 170 train_loss: 0.003912 val_loss: 0.591080 val_acc: 0.600000 test_loss: 0.451262 test_acc: 0.694444
Epoch: 180 train_loss: 0.003781 val_loss: 0.605115 val_acc: 0.571429 test_loss: 0.434000 test_acc: 0.666667
Epoch: 190 train_loss: 0.004171 val_loss: 0.590467 val_acc: 0.542857 test_loss: 0.462262 test_acc: 0.555556
Epoch: 200 train_loss: 0.003924 val_loss: 0.613414 val_acc: 0.571429 test_loss: 0.477041 test_acc: 0.611111
Epoch: 210 train_loss: 0.003782 val_loss: 0.578749 val_acc: 0.600000 test_loss: 0.457330 test_acc: 0.638889
Epoch: 220 train_loss: 0.003710 val_loss: 0.627668 val_acc: 0.542857 test_loss: 0.477266 test_acc: 0.722222
Epoch: 230 train_loss: 0.003917 val_loss: 0.592484 val_acc: 0.600000 test_loss: 0.468384 test_acc: 0.666667
Epoch: 240 train_loss: 0.003883 val_loss: 0.636314 val_acc: 0.571429 test_loss: 0.455889 test_acc: 0.611111
Epoch: 250 train_loss: 0.003844 val_loss: 0.620181 val_acc: 0.657143 test_loss: 0.465110 test_acc: 0.722222
Epoch: 260 train_loss: 0.003771 val_loss: 0.616699 val_acc: 0.628571 test_loss: 0.466890 test_acc: 0.666667
Epoch: 270 train_loss: 0.003674 val_loss: 0.621248 val_acc: 0.571429 test_loss: 0.496155 test_acc: 0.638889
Epoch: 280 train_loss: 0.003693 val_loss: 0.646134 val_acc: 0.571429 test_loss: 0.497185 test_acc: 0.694444
Epoch: 290 train_loss: 0.003500 val_loss: 0.650637 val_acc: 0.571429 test_loss: 0.484748 test_acc: 0.611111
Epoch: 300 train_loss: 0.003698 val_loss: 0.634453 val_acc: 0.600000 test_loss: 0.477046 test_acc: 0.694444
Epoch: 310 train_loss: 0.003532 val_loss: 0.624902 val_acc: 0.657143 test_loss: 0.474330 test_acc: 0.694444
Epoch: 320 train_loss: 0.003663 val_loss: 0.646060 val_acc: 0.600000 test_loss: 0.503203 test_acc: 0.638889
Epoch: 330 train_loss: 0.003972 val_loss: 0.642497 val_acc: 0.657143 test_loss: 0.526243 test_acc: 0.722222
Epoch: 340 train_loss: 0.003637 val_loss: 0.627607 val_acc: 0.600000 test_loss: 0.475586 test_acc: 0.694444
Epoch: 350 train_loss: 0.003915 val_loss: 0.650073 val_acc: 0.514286 test_loss: 0.510456 test_acc: 0.638889
Epoch: 360 train_loss: 0.003598 val_loss: 0.644181 val_acc: 0.657143 test_loss: 0.498217 test_acc: 0.666667
Epoch: 370 train_loss: 0.003477 val_loss: 0.648691 val_acc: 0.628571 test_loss: 0.495815 test_acc: 0.666667
Epoch: 380 train_loss: 0.003429 val_loss: 0.663608 val_acc: 0.600000 test_loss: 0.520397 test_acc: 0.638889
Epoch: 390 train_loss: 0.003612 val_loss: 0.641320 val_acc: 0.542857 test_loss: 0.492137 test_acc: 0.583333
Epoch: 400 train_loss: 0.003565 val_loss: 0.639758 val_acc: 0.542857 test_loss: 0.494200 test_acc: 0.638889
Epoch: 410 train_loss: 0.003502 val_loss: 0.666548 val_acc: 0.657143 test_loss: 0.510776 test_acc: 0.666667
Epoch: 420 train_loss: 0.003545 val_loss: 0.649997 val_acc: 0.657143 test_loss: 0.513472 test_acc: 0.666667
Epoch: 430 train_loss: 0.003454 val_loss: 0.667099 val_acc: 0.628571 test_loss: 0.507371 test_acc: 0.638889
Epoch: 440 train_loss: 0.003434 val_loss: 0.653686 val_acc: 0.600000 test_loss: 0.529602 test_acc: 0.666667
Epoch: 450 train_loss: 0.003307 val_loss: 0.610171 val_acc: 0.628571 test_loss: 0.457225 test_acc: 0.694444
Epoch: 460 train_loss: 0.003455 val_loss: 0.636486 val_acc: 0.628571 test_loss: 0.514514 test_acc: 0.694444
Epoch: 470 train_loss: 0.003440 val_loss: 0.628243 val_acc: 0.628571 test_loss: 0.505988 test_acc: 0.694444
Epoch: 480 train_loss: 0.003375 val_loss: 0.630929 val_acc: 0.628571 test_loss: 0.532092 test_acc: 0.666667
Epoch: 490 train_loss: 0.003591 val_loss: 0.648875 val_acc: 0.542857 test_loss: 0.521528 test_acc: 0.638889
Epoch: 500 train_loss: 0.003310 val_loss: 0.650912 val_acc: 0.600000 test_loss: 0.522924 test_acc: 0.694444
Epoch: 510 train_loss: 0.003299 val_loss: 0.648879 val_acc: 0.542857 test_loss: 0.526707 test_acc: 0.638889
Epoch: 520 train_loss: 0.003464 val_loss: 0.652995 val_acc: 0.571429 test_loss: 0.506456 test_acc: 0.666667
Epoch: 530 train_loss: 0.003421 val_loss: 0.651966 val_acc: 0.571429 test_loss: 0.511985 test_acc: 0.638889
Epoch: 540 train_loss: 0.003378 val_loss: 0.639879 val_acc: 0.628571 test_loss: 0.536249 test_acc: 0.666667
Epoch: 550 train_loss: 0.003427 val_loss: 0.635541 val_acc: 0.600000 test_loss: 0.502858 test_acc: 0.666667
Epoch: 560 train_loss: 0.003734 val_loss: 0.644681 val_acc: 0.571429 test_loss: 0.512404 test_acc: 0.638889
Epoch: 570 train_loss: 0.003303 val_loss: 0.646061 val_acc: 0.600000 test_loss: 0.486393 test_acc: 0.694444
Epoch: 580 train_loss: 0.003538 val_loss: 0.643294 val_acc: 0.571429 test_loss: 0.506075 test_acc: 0.666667
Epoch: 590 train_loss: 0.003400 val_loss: 0.630183 val_acc: 0.600000 test_loss: 0.509415 test_acc: 0.750000
Epoch: 600 train_loss: 0.003285 val_loss: 0.643759 val_acc: 0.571429 test_loss: 0.508399 test_acc: 0.722222
Epoch: 610 train_loss: 0.003423 val_loss: 0.655178 val_acc: 0.571429 test_loss: 0.508232 test_acc: 0.666667
Epoch: 620 train_loss: 0.003665 val_loss: 0.649510 val_acc: 0.600000 test_loss: 0.522267 test_acc: 0.638889
Epoch: 630 train_loss: 0.003464 val_loss: 0.644770 val_acc: 0.600000 test_loss: 0.521012 test_acc: 0.694444
Epoch: 640 train_loss: 0.003328 val_loss: 0.638645 val_acc: 0.628571 test_loss: 0.517183 test_acc: 0.638889
Epoch: 650 train_loss: 0.003350 val_loss: 0.641943 val_acc: 0.628571 test_loss: 0.514691 test_acc: 0.666667
Epoch: 660 train_loss: 0.003269 val_loss: 0.634483 val_acc: 0.628571 test_loss: 0.531384 test_acc: 0.638889
Epoch: 670 train_loss: 0.003435 val_loss: 0.632294 val_acc: 0.628571 test_loss: 0.510612 test_acc: 0.666667
Epoch: 680 train_loss: 0.003549 val_loss: 0.633321 val_acc: 0.628571 test_loss: 0.527816 test_acc: 0.694444
Epoch: 690 train_loss: 0.003596 val_loss: 0.632570 val_acc: 0.628571 test_loss: 0.494172 test_acc: 0.694444
Epoch: 700 train_loss: 0.003441 val_loss: 0.638072 val_acc: 0.628571 test_loss: 0.529778 test_acc: 0.666667
Epoch: 710 train_loss: 0.003578 val_loss: 0.644430 val_acc: 0.571429 test_loss: 0.523419 test_acc: 0.611111
Epoch: 720 train_loss: 0.003204 val_loss: 0.639984 val_acc: 0.600000 test_loss: 0.535092 test_acc: 0.638889
Epoch: 730 train_loss: 0.003449 val_loss: 0.632529 val_acc: 0.571429 test_loss: 0.512998 test_acc: 0.666667
Epoch: 740 train_loss: 0.003437 val_loss: 0.635046 val_acc: 0.628571 test_loss: 0.533314 test_acc: 0.694444
Epoch: 750 train_loss: 0.003483 val_loss: 0.631983 val_acc: 0.600000 test_loss: 0.526737 test_acc: 0.694444
Epoch: 760 train_loss: 0.003420 val_loss: 0.636285 val_acc: 0.600000 test_loss: 0.529160 test_acc: 0.694444
Epoch: 770 train_loss: 0.003324 val_loss: 0.637025 val_acc: 0.600000 test_loss: 0.524825 test_acc: 0.611111
Epoch: 780 train_loss: 0.003325 val_loss: 0.635489 val_acc: 0.628571 test_loss: 0.530181 test_acc: 0.666667
Epoch: 790 train_loss: 0.003300 val_loss: 0.637563 val_acc: 0.571429 test_loss: 0.516030 test_acc: 0.638889
------------- 0 val_acc: 0.6857 test_acc: 0.6667 best_test: 0.8056 -----------------
Fold: 1
Epoch: 000 train_loss: 0.005950 val_loss: 0.528203 val_acc: 0.416667 test_loss: 0.507405 test_acc: 0.400000
Epoch: 010 train_loss: 0.004906 val_loss: 0.433992 val_acc: 0.750000 test_loss: 0.472686 test_acc: 0.657143
Epoch: 020 train_loss: 0.004958 val_loss: 0.423858 val_acc: 0.750000 test_loss: 0.485739 test_acc: 0.657143
Epoch: 030 train_loss: 0.004642 val_loss: 0.431613 val_acc: 0.750000 test_loss: 0.481411 test_acc: 0.657143
Epoch: 040 train_loss: 0.004734 val_loss: 0.430039 val_acc: 0.750000 test_loss: 0.500274 test_acc: 0.657143
Epoch: 050 train_loss: 0.004876 val_loss: 0.443342 val_acc: 0.777778 test_loss: 0.515877 test_acc: 0.657143
Epoch: 060 train_loss: 0.004780 val_loss: 0.438637 val_acc: 0.777778 test_loss: 0.506283 test_acc: 0.685714
Epoch: 070 train_loss: 0.004815 val_loss: 0.439372 val_acc: 0.777778 test_loss: 0.509812 test_acc: 0.685714
Epoch: 080 train_loss: 0.004719 val_loss: 0.445101 val_acc: 0.666667 test_loss: 0.523463 test_acc: 0.685714
Epoch: 090 train_loss: 0.004844 val_loss: 0.420585 val_acc: 0.777778 test_loss: 0.501998 test_acc: 0.685714
Epoch: 100 train_loss: 0.004509 val_loss: 0.441683 val_acc: 0.722222 test_loss: 0.505294 test_acc: 0.685714
Epoch: 110 train_loss: 0.004617 val_loss: 0.418409 val_acc: 0.777778 test_loss: 0.504208 test_acc: 0.685714
Epoch: 120 train_loss: 0.004600 val_loss: 0.429737 val_acc: 0.777778 test_loss: 0.517846 test_acc: 0.685714
Epoch: 130 train_loss: 0.004453 val_loss: 0.407172 val_acc: 0.777778 test_loss: 0.505100 test_acc: 0.685714
Epoch: 140 train_loss: 0.004657 val_loss: 0.424594 val_acc: 0.805556 test_loss: 0.517455 test_acc: 0.685714
Epoch: 150 train_loss: 0.004886 val_loss: 0.415783 val_acc: 0.722222 test_loss: 0.471427 test_acc: 0.685714
Epoch: 160 train_loss: 0.004440 val_loss: 0.459178 val_acc: 0.583333 test_loss: 0.481881 test_acc: 0.657143
Epoch: 170 train_loss: 0.004676 val_loss: 0.481473 val_acc: 0.527778 test_loss: 0.521204 test_acc: 0.600000
Epoch: 180 train_loss: 0.004727 val_loss: 0.411986 val_acc: 0.777778 test_loss: 0.490065 test_acc: 0.685714
Epoch: 190 train_loss: 0.004290 val_loss: 0.423233 val_acc: 0.750000 test_loss: 0.499978 test_acc: 0.685714
Epoch: 200 train_loss: 0.004349 val_loss: 0.499932 val_acc: 0.583333 test_loss: 0.530221 test_acc: 0.571429
Epoch: 210 train_loss: 0.004500 val_loss: 0.517208 val_acc: 0.555556 test_loss: 0.535472 test_acc: 0.571429
Epoch: 220 train_loss: 0.004356 val_loss: 0.439158 val_acc: 0.638889 test_loss: 0.491899 test_acc: 0.685714
Epoch: 230 train_loss: 0.004570 val_loss: 0.481726 val_acc: 0.583333 test_loss: 0.497883 test_acc: 0.600000
Epoch: 240 train_loss: 0.004377 val_loss: 0.526187 val_acc: 0.527778 test_loss: 0.520595 test_acc: 0.571429
Epoch: 250 train_loss: 0.004119 val_loss: 0.472821 val_acc: 0.555556 test_loss: 0.523762 test_acc: 0.571429
Epoch: 260 train_loss: 0.004206 val_loss: 0.519124 val_acc: 0.527778 test_loss: 0.532464 test_acc: 0.571429
Epoch: 270 train_loss: 0.004212 val_loss: 0.506486 val_acc: 0.583333 test_loss: 0.556827 test_acc: 0.571429
Epoch: 280 train_loss: 0.004036 val_loss: 0.523725 val_acc: 0.583333 test_loss: 0.583426 test_acc: 0.571429
Epoch: 290 train_loss: 0.003863 val_loss: 0.480030 val_acc: 0.583333 test_loss: 0.539524 test_acc: 0.628571
Epoch: 300 train_loss: 0.004121 val_loss: 0.536643 val_acc: 0.555556 test_loss: 0.514441 test_acc: 0.628571
Epoch: 310 train_loss: 0.004016 val_loss: 0.494398 val_acc: 0.583333 test_loss: 0.583203 test_acc: 0.600000
Epoch: 320 train_loss: 0.003965 val_loss: 0.542493 val_acc: 0.555556 test_loss: 0.576273 test_acc: 0.600000
Epoch: 330 train_loss: 0.003899 val_loss: 0.526887 val_acc: 0.527778 test_loss: 0.517723 test_acc: 0.685714
Epoch: 340 train_loss: 0.003846 val_loss: 0.545226 val_acc: 0.527778 test_loss: 0.528180 test_acc: 0.600000
Epoch: 350 train_loss: 0.004015 val_loss: 0.502269 val_acc: 0.583333 test_loss: 0.495345 test_acc: 0.685714
Epoch: 360 train_loss: 0.004289 val_loss: 0.509051 val_acc: 0.555556 test_loss: 0.533488 test_acc: 0.685714
Epoch: 370 train_loss: 0.003835 val_loss: 0.556098 val_acc: 0.583333 test_loss: 0.570669 test_acc: 0.571429
Epoch: 380 train_loss: 0.003794 val_loss: 0.633269 val_acc: 0.527778 test_loss: 0.542977 test_acc: 0.657143
Epoch: 390 train_loss: 0.004135 val_loss: 0.541501 val_acc: 0.555556 test_loss: 0.550125 test_acc: 0.628571
Epoch: 400 train_loss: 0.004101 val_loss: 0.514496 val_acc: 0.583333 test_loss: 0.527548 test_acc: 0.714286
Epoch: 410 train_loss: 0.003801 val_loss: 0.572505 val_acc: 0.555556 test_loss: 0.564181 test_acc: 0.657143
Epoch: 420 train_loss: 0.003835 val_loss: 0.519413 val_acc: 0.555556 test_loss: 0.564679 test_acc: 0.657143
Epoch: 430 train_loss: 0.003761 val_loss: 0.550003 val_acc: 0.583333 test_loss: 0.597215 test_acc: 0.600000
Epoch: 440 train_loss: 0.003945 val_loss: 0.533708 val_acc: 0.583333 test_loss: 0.555108 test_acc: 0.628571
Epoch: 450 train_loss: 0.004082 val_loss: 0.548979 val_acc: 0.555556 test_loss: 0.536911 test_acc: 0.657143
Epoch: 460 train_loss: 0.003914 val_loss: 0.559357 val_acc: 0.555556 test_loss: 0.576961 test_acc: 0.628571
Epoch: 470 train_loss: 0.003965 val_loss: 0.502906 val_acc: 0.555556 test_loss: 0.528432 test_acc: 0.685714
Epoch: 480 train_loss: 0.003865 val_loss: 0.507169 val_acc: 0.583333 test_loss: 0.548382 test_acc: 0.657143
Epoch: 490 train_loss: 0.003837 val_loss: 0.565907 val_acc: 0.500000 test_loss: 0.501730 test_acc: 0.685714
Epoch: 500 train_loss: 0.003966 val_loss: 0.533432 val_acc: 0.583333 test_loss: 0.522348 test_acc: 0.685714
Epoch: 510 train_loss: 0.003920 val_loss: 0.547418 val_acc: 0.583333 test_loss: 0.574780 test_acc: 0.628571
Epoch: 520 train_loss: 0.003798 val_loss: 0.569590 val_acc: 0.527778 test_loss: 0.544641 test_acc: 0.657143
Epoch: 530 train_loss: 0.003829 val_loss: 0.607401 val_acc: 0.500000 test_loss: 0.568744 test_acc: 0.628571
Epoch: 540 train_loss: 0.003903 val_loss: 0.521501 val_acc: 0.555556 test_loss: 0.604558 test_acc: 0.657143
Epoch: 550 train_loss: 0.003810 val_loss: 0.574664 val_acc: 0.472222 test_loss: 0.524189 test_acc: 0.628571
Epoch: 560 train_loss: 0.003558 val_loss: 0.521292 val_acc: 0.527778 test_loss: 0.512073 test_acc: 0.657143
Epoch: 570 train_loss: 0.003790 val_loss: 0.542364 val_acc: 0.527778 test_loss: 0.498385 test_acc: 0.657143
Epoch: 580 train_loss: 0.003793 val_loss: 0.549035 val_acc: 0.555556 test_loss: 0.556958 test_acc: 0.657143
Epoch: 590 train_loss: 0.004045 val_loss: 0.575220 val_acc: 0.527778 test_loss: 0.581242 test_acc: 0.600000
Epoch: 600 train_loss: 0.003756 val_loss: 0.551140 val_acc: 0.527778 test_loss: 0.539476 test_acc: 0.685714
Epoch: 610 train_loss: 0.003760 val_loss: 0.559396 val_acc: 0.555556 test_loss: 0.557904 test_acc: 0.628571
Epoch: 620 train_loss: 0.003826 val_loss: 0.544988 val_acc: 0.555556 test_loss: 0.564896 test_acc: 0.685714
Epoch: 630 train_loss: 0.003899 val_loss: 0.583259 val_acc: 0.527778 test_loss: 0.570590 test_acc: 0.571429
Epoch: 640 train_loss: 0.003699 val_loss: 0.565786 val_acc: 0.555556 test_loss: 0.559232 test_acc: 0.657143
Epoch: 650 train_loss: 0.004042 val_loss: 0.547492 val_acc: 0.555556 test_loss: 0.579920 test_acc: 0.628571
Epoch: 660 train_loss: 0.003909 val_loss: 0.529174 val_acc: 0.555556 test_loss: 0.568896 test_acc: 0.657143
Epoch: 670 train_loss: 0.003645 val_loss: 0.556666 val_acc: 0.555556 test_loss: 0.542421 test_acc: 0.628571
Epoch: 680 train_loss: 0.003664 val_loss: 0.568712 val_acc: 0.527778 test_loss: 0.580548 test_acc: 0.571429
Epoch: 690 train_loss: 0.003747 val_loss: 0.540067 val_acc: 0.527778 test_loss: 0.557801 test_acc: 0.657143
Epoch: 700 train_loss: 0.003825 val_loss: 0.553939 val_acc: 0.555556 test_loss: 0.575764 test_acc: 0.657143
Epoch: 710 train_loss: 0.003924 val_loss: 0.547452 val_acc: 0.527778 test_loss: 0.571851 test_acc: 0.628571
Epoch: 720 train_loss: 0.003822 val_loss: 0.550645 val_acc: 0.555556 test_loss: 0.582154 test_acc: 0.628571
Epoch: 730 train_loss: 0.003545 val_loss: 0.555102 val_acc: 0.555556 test_loss: 0.580402 test_acc: 0.628571
Epoch: 740 train_loss: 0.003691 val_loss: 0.546622 val_acc: 0.555556 test_loss: 0.578376 test_acc: 0.657143
Epoch: 750 train_loss: 0.003405 val_loss: 0.547906 val_acc: 0.527778 test_loss: 0.565888 test_acc: 0.628571
Epoch: 760 train_loss: 0.003846 val_loss: 0.557001 val_acc: 0.527778 test_loss: 0.536385 test_acc: 0.657143
Epoch: 770 train_loss: 0.003892 val_loss: 0.561667 val_acc: 0.527778 test_loss: 0.553953 test_acc: 0.628571
Epoch: 780 train_loss: 0.003844 val_loss: 0.561814 val_acc: 0.527778 test_loss: 0.556925 test_acc: 0.657143
Epoch: 790 train_loss: 0.003797 val_loss: 0.553093 val_acc: 0.555556 test_loss: 0.549019 test_acc: 0.628571
------------- 1 val_acc: 0.8056 test_acc: 0.6857 best_test: 0.7429 -----------------
Fold: 2
Epoch: 000 train_loss: 0.006448 val_loss: 0.499939 val_acc: 0.571429 test_loss: 0.471996 test_acc: 0.685714
Epoch: 010 train_loss: 0.005008 val_loss: 0.484755 val_acc: 0.600000 test_loss: 0.457166 test_acc: 0.685714
Epoch: 020 train_loss: 0.004953 val_loss: 0.482540 val_acc: 0.657143 test_loss: 0.448974 test_acc: 0.628571
Epoch: 030 train_loss: 0.004851 val_loss: 0.484816 val_acc: 0.657143 test_loss: 0.437809 test_acc: 0.685714
Epoch: 040 train_loss: 0.004938 val_loss: 0.478544 val_acc: 0.657143 test_loss: 0.438314 test_acc: 0.685714
Epoch: 050 train_loss: 0.004925 val_loss: 0.479926 val_acc: 0.685714 test_loss: 0.434886 test_acc: 0.685714
Epoch: 060 train_loss: 0.004807 val_loss: 0.487998 val_acc: 0.685714 test_loss: 0.437985 test_acc: 0.685714
Epoch: 070 train_loss: 0.004851 val_loss: 0.487058 val_acc: 0.657143 test_loss: 0.449602 test_acc: 0.600000
Epoch: 080 train_loss: 0.004705 val_loss: 0.484591 val_acc: 0.685714 test_loss: 0.439234 test_acc: 0.714286
Epoch: 090 train_loss: 0.004615 val_loss: 0.487427 val_acc: 0.714286 test_loss: 0.430136 test_acc: 0.685714
Epoch: 100 train_loss: 0.004498 val_loss: 0.487008 val_acc: 0.685714 test_loss: 0.437149 test_acc: 0.628571
Epoch: 110 train_loss: 0.004625 val_loss: 0.483015 val_acc: 0.714286 test_loss: 0.426441 test_acc: 0.685714
Epoch: 120 train_loss: 0.004735 val_loss: 0.487661 val_acc: 0.685714 test_loss: 0.444485 test_acc: 0.628571
Epoch: 130 train_loss: 0.004504 val_loss: 0.493300 val_acc: 0.685714 test_loss: 0.445357 test_acc: 0.657143
Epoch: 140 train_loss: 0.004792 val_loss: 0.492977 val_acc: 0.714286 test_loss: 0.431168 test_acc: 0.685714
Epoch: 150 train_loss: 0.004477 val_loss: 0.489241 val_acc: 0.685714 test_loss: 0.437479 test_acc: 0.628571
Epoch: 160 train_loss: 0.004589 val_loss: 0.479336 val_acc: 0.714286 test_loss: 0.440378 test_acc: 0.685714
Epoch: 170 train_loss: 0.004510 val_loss: 0.483057 val_acc: 0.714286 test_loss: 0.443609 test_acc: 0.685714
Epoch: 180 train_loss: 0.004383 val_loss: 0.489940 val_acc: 0.714286 test_loss: 0.430198 test_acc: 0.685714
Epoch: 190 train_loss: 0.004517 val_loss: 0.487679 val_acc: 0.685714 test_loss: 0.437220 test_acc: 0.685714
Epoch: 200 train_loss: 0.004684 val_loss: 0.480729 val_acc: 0.714286 test_loss: 0.437549 test_acc: 0.685714
Epoch: 210 train_loss: 0.004482 val_loss: 0.486225 val_acc: 0.685714 test_loss: 0.443944 test_acc: 0.657143
Epoch: 220 train_loss: 0.004287 val_loss: 0.491168 val_acc: 0.685714 test_loss: 0.416890 test_acc: 0.685714
Epoch: 230 train_loss: 0.004584 val_loss: 0.485030 val_acc: 0.685714 test_loss: 0.437675 test_acc: 0.628571
Epoch: 240 train_loss: 0.004564 val_loss: 0.471286 val_acc: 0.685714 test_loss: 0.445146 test_acc: 0.657143
Epoch: 250 train_loss: 0.004362 val_loss: 0.470719 val_acc: 0.685714 test_loss: 0.424983 test_acc: 0.657143
Epoch: 260 train_loss: 0.004325 val_loss: 0.493204 val_acc: 0.685714 test_loss: 0.436750 test_acc: 0.657143
Epoch: 270 train_loss: 0.004550 val_loss: 0.477392 val_acc: 0.657143 test_loss: 0.451493 test_acc: 0.657143
Epoch: 280 train_loss: 0.004431 val_loss: 0.500618 val_acc: 0.628571 test_loss: 0.448067 test_acc: 0.628571
Epoch: 290 train_loss: 0.004429 val_loss: 0.485857 val_acc: 0.714286 test_loss: 0.428365 test_acc: 0.685714
Epoch: 300 train_loss: 0.004503 val_loss: 0.471519 val_acc: 0.657143 test_loss: 0.448224 test_acc: 0.685714
Epoch: 310 train_loss: 0.004273 val_loss: 0.479198 val_acc: 0.657143 test_loss: 0.446379 test_acc: 0.628571
Epoch: 320 train_loss: 0.004295 val_loss: 0.494897 val_acc: 0.657143 test_loss: 0.437297 test_acc: 0.628571
Epoch: 330 train_loss: 0.004244 val_loss: 0.494313 val_acc: 0.685714 test_loss: 0.430319 test_acc: 0.628571
Epoch: 340 train_loss: 0.004285 val_loss: 0.486835 val_acc: 0.685714 test_loss: 0.435337 test_acc: 0.657143
Epoch: 350 train_loss: 0.004307 val_loss: 0.476923 val_acc: 0.685714 test_loss: 0.432043 test_acc: 0.657143
Epoch: 360 train_loss: 0.004331 val_loss: 0.502630 val_acc: 0.657143 test_loss: 0.438797 test_acc: 0.685714
Epoch: 370 train_loss: 0.004102 val_loss: 0.488978 val_acc: 0.685714 test_loss: 0.419148 test_acc: 0.628571
Epoch: 380 train_loss: 0.004160 val_loss: 0.481920 val_acc: 0.657143 test_loss: 0.431659 test_acc: 0.628571
Epoch: 390 train_loss: 0.004373 val_loss: 0.517286 val_acc: 0.657143 test_loss: 0.423142 test_acc: 0.657143
Epoch: 400 train_loss: 0.004274 val_loss: 0.498861 val_acc: 0.685714 test_loss: 0.434936 test_acc: 0.685714
Epoch: 410 train_loss: 0.004183 val_loss: 0.517544 val_acc: 0.628571 test_loss: 0.418016 test_acc: 0.657143
Epoch: 420 train_loss: 0.004405 val_loss: 0.504575 val_acc: 0.657143 test_loss: 0.425173 test_acc: 0.685714
Epoch: 430 train_loss: 0.004406 val_loss: 0.520714 val_acc: 0.628571 test_loss: 0.429763 test_acc: 0.657143
Epoch: 440 train_loss: 0.004319 val_loss: 0.478335 val_acc: 0.657143 test_loss: 0.446619 test_acc: 0.657143
Epoch: 450 train_loss: 0.004365 val_loss: 0.497652 val_acc: 0.628571 test_loss: 0.428445 test_acc: 0.685714
Epoch: 460 train_loss: 0.004207 val_loss: 0.512873 val_acc: 0.657143 test_loss: 0.430626 test_acc: 0.657143
Epoch: 470 train_loss: 0.003938 val_loss: 0.512991 val_acc: 0.657143 test_loss: 0.425232 test_acc: 0.685714
Epoch: 480 train_loss: 0.004163 val_loss: 0.507194 val_acc: 0.657143 test_loss: 0.421250 test_acc: 0.685714
Epoch: 490 train_loss: 0.004275 val_loss: 0.482647 val_acc: 0.657143 test_loss: 0.436331 test_acc: 0.685714
Epoch: 500 train_loss: 0.004188 val_loss: 0.545638 val_acc: 0.685714 test_loss: 0.422107 test_acc: 0.685714
Epoch: 510 train_loss: 0.004286 val_loss: 0.537594 val_acc: 0.657143 test_loss: 0.419174 test_acc: 0.685714
Epoch: 520 train_loss: 0.003890 val_loss: 0.523200 val_acc: 0.628571 test_loss: 0.421348 test_acc: 0.685714
Epoch: 530 train_loss: 0.004098 val_loss: 0.493500 val_acc: 0.657143 test_loss: 0.429313 test_acc: 0.685714
Epoch: 540 train_loss: 0.004148 val_loss: 0.524913 val_acc: 0.657143 test_loss: 0.429186 test_acc: 0.685714
Epoch: 550 train_loss: 0.004221 val_loss: 0.504864 val_acc: 0.628571 test_loss: 0.432998 test_acc: 0.685714
Epoch: 560 train_loss: 0.004117 val_loss: 0.525854 val_acc: 0.657143 test_loss: 0.422894 test_acc: 0.685714
Epoch: 570 train_loss: 0.004097 val_loss: 0.490407 val_acc: 0.628571 test_loss: 0.438359 test_acc: 0.685714
Epoch: 580 train_loss: 0.004036 val_loss: 0.548591 val_acc: 0.657143 test_loss: 0.423622 test_acc: 0.657143
Epoch: 590 train_loss: 0.004135 val_loss: 0.533688 val_acc: 0.628571 test_loss: 0.421752 test_acc: 0.685714
Epoch: 600 train_loss: 0.004261 val_loss: 0.546125 val_acc: 0.657143 test_loss: 0.420636 test_acc: 0.657143
Epoch: 610 train_loss: 0.003889 val_loss: 0.528621 val_acc: 0.628571 test_loss: 0.426729 test_acc: 0.657143
Epoch: 620 train_loss: 0.004200 val_loss: 0.513563 val_acc: 0.657143 test_loss: 0.429396 test_acc: 0.685714
Epoch: 630 train_loss: 0.004110 val_loss: 0.506864 val_acc: 0.628571 test_loss: 0.429853 test_acc: 0.685714
Epoch: 640 train_loss: 0.004125 val_loss: 0.491972 val_acc: 0.685714 test_loss: 0.433971 test_acc: 0.685714
Epoch: 650 train_loss: 0.004058 val_loss: 0.508307 val_acc: 0.685714 test_loss: 0.431596 test_acc: 0.685714
Epoch: 660 train_loss: 0.004212 val_loss: 0.521031 val_acc: 0.657143 test_loss: 0.429540 test_acc: 0.657143
Epoch: 670 train_loss: 0.004056 val_loss: 0.526376 val_acc: 0.628571 test_loss: 0.425041 test_acc: 0.685714
Epoch: 680 train_loss: 0.004041 val_loss: 0.514086 val_acc: 0.685714 test_loss: 0.427116 test_acc: 0.685714
Epoch: 690 train_loss: 0.004269 val_loss: 0.506865 val_acc: 0.685714 test_loss: 0.427501 test_acc: 0.685714
Epoch: 700 train_loss: 0.004188 val_loss: 0.506972 val_acc: 0.685714 test_loss: 0.428631 test_acc: 0.685714
Epoch: 710 train_loss: 0.003986 val_loss: 0.519868 val_acc: 0.685714 test_loss: 0.426520 test_acc: 0.685714
Epoch: 720 train_loss: 0.004271 val_loss: 0.526928 val_acc: 0.657143 test_loss: 0.427928 test_acc: 0.657143
Epoch: 730 train_loss: 0.004153 val_loss: 0.522468 val_acc: 0.685714 test_loss: 0.430574 test_acc: 0.685714
Epoch: 740 train_loss: 0.003923 val_loss: 0.517098 val_acc: 0.685714 test_loss: 0.427613 test_acc: 0.685714
Epoch: 750 train_loss: 0.004022 val_loss: 0.490343 val_acc: 0.685714 test_loss: 0.436704 test_acc: 0.685714
Epoch: 760 train_loss: 0.004091 val_loss: 0.532943 val_acc: 0.685714 test_loss: 0.424508 test_acc: 0.685714
Epoch: 770 train_loss: 0.004246 val_loss: 0.519624 val_acc: 0.685714 test_loss: 0.429697 test_acc: 0.685714
Epoch: 780 train_loss: 0.004122 val_loss: 0.522112 val_acc: 0.685714 test_loss: 0.423558 test_acc: 0.685714
Epoch: 790 train_loss: 0.004208 val_loss: 0.532963 val_acc: 0.685714 test_loss: 0.428208 test_acc: 0.685714
------------- 2 val_acc: 0.7143 test_acc: 0.6857 best_test: 0.7714 -----------------
Fold: 3
Epoch: 000 train_loss: 0.007862 val_loss: 0.553948 val_acc: 0.342857 test_loss: 0.584598 test_acc: 0.371429
Epoch: 010 train_loss: 0.004845 val_loss: 0.450929 val_acc: 0.685714 test_loss: 0.462954 test_acc: 0.628571
Epoch: 020 train_loss: 0.004989 val_loss: 0.455683 val_acc: 0.685714 test_loss: 0.452541 test_acc: 0.628571
Epoch: 030 train_loss: 0.004783 val_loss: 0.445871 val_acc: 0.685714 test_loss: 0.444070 test_acc: 0.657143
Epoch: 040 train_loss: 0.004829 val_loss: 0.455305 val_acc: 0.685714 test_loss: 0.443047 test_acc: 0.685714
Epoch: 050 train_loss: 0.004624 val_loss: 0.452703 val_acc: 0.685714 test_loss: 0.440040 test_acc: 0.657143
Epoch: 060 train_loss: 0.004905 val_loss: 0.480566 val_acc: 0.457143 test_loss: 0.463470 test_acc: 0.600000
Epoch: 070 train_loss: 0.004730 val_loss: 0.457226 val_acc: 0.628571 test_loss: 0.440714 test_acc: 0.628571
Epoch: 080 train_loss: 0.004686 val_loss: 0.451228 val_acc: 0.657143 test_loss: 0.433591 test_acc: 0.628571
Epoch: 090 train_loss: 0.004671 val_loss: 0.467235 val_acc: 0.600000 test_loss: 0.449401 test_acc: 0.628571
Epoch: 100 train_loss: 0.004581 val_loss: 0.452526 val_acc: 0.657143 test_loss: 0.431071 test_acc: 0.628571
Epoch: 110 train_loss: 0.004370 val_loss: 0.447958 val_acc: 0.685714 test_loss: 0.438513 test_acc: 0.685714
Epoch: 120 train_loss: 0.004460 val_loss: 0.467966 val_acc: 0.657143 test_loss: 0.434285 test_acc: 0.657143
Epoch: 130 train_loss: 0.004600 val_loss: 0.457694 val_acc: 0.685714 test_loss: 0.436100 test_acc: 0.685714
Epoch: 140 train_loss: 0.004239 val_loss: 0.452993 val_acc: 0.628571 test_loss: 0.427485 test_acc: 0.714286
Epoch: 150 train_loss: 0.004415 val_loss: 0.472424 val_acc: 0.685714 test_loss: 0.435823 test_acc: 0.657143
Epoch: 160 train_loss: 0.004512 val_loss: 0.465945 val_acc: 0.657143 test_loss: 0.430308 test_acc: 0.657143
Epoch: 170 train_loss: 0.004785 val_loss: 0.461759 val_acc: 0.685714 test_loss: 0.428180 test_acc: 0.657143
Epoch: 180 train_loss: 0.004469 val_loss: 0.467527 val_acc: 0.685714 test_loss: 0.433106 test_acc: 0.657143
Epoch: 190 train_loss: 0.004236 val_loss: 0.458383 val_acc: 0.657143 test_loss: 0.433117 test_acc: 0.685714
Epoch: 200 train_loss: 0.004376 val_loss: 0.479844 val_acc: 0.657143 test_loss: 0.440110 test_acc: 0.657143
Epoch: 210 train_loss: 0.004241 val_loss: 0.477733 val_acc: 0.628571 test_loss: 0.429983 test_acc: 0.685714
Epoch: 220 train_loss: 0.004242 val_loss: 0.476271 val_acc: 0.657143 test_loss: 0.420702 test_acc: 0.685714
Epoch: 230 train_loss: 0.004266 val_loss: 0.504005 val_acc: 0.600000 test_loss: 0.430827 test_acc: 0.628571
Epoch: 240 train_loss: 0.004203 val_loss: 0.474788 val_acc: 0.657143 test_loss: 0.438295 test_acc: 0.657143
Epoch: 250 train_loss: 0.004238 val_loss: 0.509125 val_acc: 0.571429 test_loss: 0.442386 test_acc: 0.628571
Epoch: 260 train_loss: 0.004064 val_loss: 0.521264 val_acc: 0.542857 test_loss: 0.468714 test_acc: 0.657143
Epoch: 270 train_loss: 0.004235 val_loss: 0.513129 val_acc: 0.600000 test_loss: 0.432760 test_acc: 0.657143
Epoch: 280 train_loss: 0.003884 val_loss: 0.500836 val_acc: 0.571429 test_loss: 0.446553 test_acc: 0.657143
Epoch: 290 train_loss: 0.004343 val_loss: 0.513997 val_acc: 0.542857 test_loss: 0.443843 test_acc: 0.600000
Epoch: 300 train_loss: 0.004067 val_loss: 0.496317 val_acc: 0.600000 test_loss: 0.444311 test_acc: 0.657143
Epoch: 310 train_loss: 0.004102 val_loss: 0.489624 val_acc: 0.628571 test_loss: 0.454623 test_acc: 0.657143
Epoch: 320 train_loss: 0.004167 val_loss: 0.513453 val_acc: 0.628571 test_loss: 0.474488 test_acc: 0.628571
Epoch: 330 train_loss: 0.004009 val_loss: 0.501992 val_acc: 0.600000 test_loss: 0.439779 test_acc: 0.657143
Epoch: 340 train_loss: 0.003948 val_loss: 0.523696 val_acc: 0.542857 test_loss: 0.450796 test_acc: 0.628571
Epoch: 350 train_loss: 0.004024 val_loss: 0.501703 val_acc: 0.600000 test_loss: 0.419285 test_acc: 0.628571
Epoch: 360 train_loss: 0.003913 val_loss: 0.497581 val_acc: 0.600000 test_loss: 0.450490 test_acc: 0.628571
Epoch: 370 train_loss: 0.004004 val_loss: 0.510216 val_acc: 0.485714 test_loss: 0.469635 test_acc: 0.685714
Epoch: 380 train_loss: 0.004205 val_loss: 0.521660 val_acc: 0.542857 test_loss: 0.489697 test_acc: 0.685714
Epoch: 390 train_loss: 0.004055 val_loss: 0.514543 val_acc: 0.600000 test_loss: 0.454560 test_acc: 0.628571
Epoch: 400 train_loss: 0.003938 val_loss: 0.530670 val_acc: 0.542857 test_loss: 0.471257 test_acc: 0.657143
Epoch: 410 train_loss: 0.003924 val_loss: 0.516107 val_acc: 0.514286 test_loss: 0.466502 test_acc: 0.628571
Epoch: 420 train_loss: 0.004116 val_loss: 0.515263 val_acc: 0.542857 test_loss: 0.471008 test_acc: 0.628571
Epoch: 430 train_loss: 0.003935 val_loss: 0.516098 val_acc: 0.514286 test_loss: 0.468129 test_acc: 0.600000
Epoch: 440 train_loss: 0.003846 val_loss: 0.502650 val_acc: 0.542857 test_loss: 0.460268 test_acc: 0.628571
Epoch: 450 train_loss: 0.003983 val_loss: 0.530571 val_acc: 0.542857 test_loss: 0.468027 test_acc: 0.657143
Epoch: 460 train_loss: 0.003840 val_loss: 0.526301 val_acc: 0.514286 test_loss: 0.469974 test_acc: 0.628571
Epoch: 470 train_loss: 0.003910 val_loss: 0.517303 val_acc: 0.571429 test_loss: 0.469425 test_acc: 0.600000
Epoch: 480 train_loss: 0.004002 val_loss: 0.514611 val_acc: 0.542857 test_loss: 0.460835 test_acc: 0.628571
Epoch: 490 train_loss: 0.003940 val_loss: 0.515468 val_acc: 0.514286 test_loss: 0.474837 test_acc: 0.628571
Epoch: 500 train_loss: 0.003993 val_loss: 0.527132 val_acc: 0.542857 test_loss: 0.458537 test_acc: 0.628571
Epoch: 510 train_loss: 0.004014 val_loss: 0.514857 val_acc: 0.571429 test_loss: 0.472333 test_acc: 0.628571
Epoch: 520 train_loss: 0.003837 val_loss: 0.511816 val_acc: 0.542857 test_loss: 0.469970 test_acc: 0.600000
Epoch: 530 train_loss: 0.003966 val_loss: 0.525908 val_acc: 0.571429 test_loss: 0.479468 test_acc: 0.600000
Epoch: 540 train_loss: 0.003672 val_loss: 0.522724 val_acc: 0.571429 test_loss: 0.476732 test_acc: 0.657143
Epoch: 550 train_loss: 0.003718 val_loss: 0.524951 val_acc: 0.542857 test_loss: 0.471891 test_acc: 0.600000
Epoch: 560 train_loss: 0.003860 val_loss: 0.515795 val_acc: 0.571429 test_loss: 0.473916 test_acc: 0.600000
Epoch: 570 train_loss: 0.003930 val_loss: 0.530384 val_acc: 0.542857 test_loss: 0.478528 test_acc: 0.628571
Epoch: 580 train_loss: 0.003979 val_loss: 0.520965 val_acc: 0.542857 test_loss: 0.470118 test_acc: 0.628571
Epoch: 590 train_loss: 0.003874 val_loss: 0.526600 val_acc: 0.542857 test_loss: 0.479777 test_acc: 0.628571
Epoch: 600 train_loss: 0.003736 val_loss: 0.531453 val_acc: 0.542857 test_loss: 0.476703 test_acc: 0.628571
Epoch: 610 train_loss: 0.004042 val_loss: 0.527457 val_acc: 0.571429 test_loss: 0.483285 test_acc: 0.628571
Epoch: 620 train_loss: 0.003776 val_loss: 0.534586 val_acc: 0.542857 test_loss: 0.470562 test_acc: 0.628571
Epoch: 630 train_loss: 0.003849 val_loss: 0.539460 val_acc: 0.600000 test_loss: 0.482943 test_acc: 0.657143
Epoch: 640 train_loss: 0.003749 val_loss: 0.526713 val_acc: 0.600000 test_loss: 0.492801 test_acc: 0.657143
Epoch: 650 train_loss: 0.004323 val_loss: 0.518328 val_acc: 0.571429 test_loss: 0.483627 test_acc: 0.600000
Epoch: 660 train_loss: 0.003642 val_loss: 0.526130 val_acc: 0.542857 test_loss: 0.468492 test_acc: 0.628571
Epoch: 670 train_loss: 0.004012 val_loss: 0.541480 val_acc: 0.571429 test_loss: 0.478783 test_acc: 0.657143
Epoch: 680 train_loss: 0.003725 val_loss: 0.527501 val_acc: 0.514286 test_loss: 0.484195 test_acc: 0.628571
Epoch: 690 train_loss: 0.003967 val_loss: 0.533718 val_acc: 0.571429 test_loss: 0.476070 test_acc: 0.657143
Epoch: 700 train_loss: 0.003831 val_loss: 0.517039 val_acc: 0.571429 test_loss: 0.480659 test_acc: 0.600000
Epoch: 710 train_loss: 0.003745 val_loss: 0.531031 val_acc: 0.514286 test_loss: 0.463325 test_acc: 0.600000
Epoch: 720 train_loss: 0.003782 val_loss: 0.537057 val_acc: 0.542857 test_loss: 0.483673 test_acc: 0.628571
Epoch: 730 train_loss: 0.003625 val_loss: 0.530230 val_acc: 0.542857 test_loss: 0.481697 test_acc: 0.600000
Epoch: 740 train_loss: 0.003709 val_loss: 0.541457 val_acc: 0.542857 test_loss: 0.482034 test_acc: 0.657143
Epoch: 750 train_loss: 0.003932 val_loss: 0.528626 val_acc: 0.571429 test_loss: 0.483594 test_acc: 0.628571
Epoch: 760 train_loss: 0.003669 val_loss: 0.534019 val_acc: 0.542857 test_loss: 0.489610 test_acc: 0.628571
Epoch: 770 train_loss: 0.003781 val_loss: 0.539341 val_acc: 0.542857 test_loss: 0.489402 test_acc: 0.628571
Epoch: 780 train_loss: 0.003592 val_loss: 0.535754 val_acc: 0.571429 test_loss: 0.493378 test_acc: 0.628571
Epoch: 790 train_loss: 0.003933 val_loss: 0.537075 val_acc: 0.571429 test_loss: 0.494469 test_acc: 0.657143
------------- 3 val_acc: 0.7429 test_acc: 0.6286 best_test: 0.7143 -----------------
Fold: 4
Epoch: 000 train_loss: 0.005641 val_loss: 0.469348 val_acc: 0.628571 test_loss: 0.476515 test_acc: 0.685714
Epoch: 010 train_loss: 0.005064 val_loss: 0.453140 val_acc: 0.628571 test_loss: 0.456007 test_acc: 0.685714
Epoch: 020 train_loss: 0.004810 val_loss: 0.450650 val_acc: 0.628571 test_loss: 0.452648 test_acc: 0.685714
Epoch: 030 train_loss: 0.004825 val_loss: 0.444889 val_acc: 0.628571 test_loss: 0.443011 test_acc: 0.685714
Epoch: 040 train_loss: 0.004815 val_loss: 0.463563 val_acc: 0.571429 test_loss: 0.441645 test_acc: 0.714286
Epoch: 050 train_loss: 0.004749 val_loss: 0.453482 val_acc: 0.628571 test_loss: 0.441059 test_acc: 0.742857
Epoch: 060 train_loss: 0.004762 val_loss: 0.463836 val_acc: 0.628571 test_loss: 0.432774 test_acc: 0.742857
Epoch: 070 train_loss: 0.004787 val_loss: 0.449785 val_acc: 0.628571 test_loss: 0.428388 test_acc: 0.742857
Epoch: 080 train_loss: 0.004622 val_loss: 0.457406 val_acc: 0.600000 test_loss: 0.429739 test_acc: 0.714286
Epoch: 090 train_loss: 0.004647 val_loss: 0.433988 val_acc: 0.600000 test_loss: 0.424728 test_acc: 0.771429
Epoch: 100 train_loss: 0.004585 val_loss: 0.473828 val_acc: 0.428571 test_loss: 0.425074 test_acc: 0.685714
Epoch: 110 train_loss: 0.004578 val_loss: 0.431056 val_acc: 0.628571 test_loss: 0.422813 test_acc: 0.742857
Epoch: 120 train_loss: 0.004494 val_loss: 0.443549 val_acc: 0.628571 test_loss: 0.438113 test_acc: 0.685714
Epoch: 130 train_loss: 0.004365 val_loss: 0.421178 val_acc: 0.657143 test_loss: 0.427256 test_acc: 0.742857
Epoch: 140 train_loss: 0.004366 val_loss: 0.438249 val_acc: 0.657143 test_loss: 0.463101 test_acc: 0.714286
Epoch: 150 train_loss: 0.004367 val_loss: 0.422892 val_acc: 0.600000 test_loss: 0.454588 test_acc: 0.742857
Epoch: 160 train_loss: 0.004321 val_loss: 0.437774 val_acc: 0.657143 test_loss: 0.454850 test_acc: 0.742857
Epoch: 170 train_loss: 0.004208 val_loss: 0.431128 val_acc: 0.600000 test_loss: 0.463289 test_acc: 0.714286
Epoch: 180 train_loss: 0.004650 val_loss: 0.474447 val_acc: 0.600000 test_loss: 0.461649 test_acc: 0.771429
Epoch: 190 train_loss: 0.004076 val_loss: 0.416983 val_acc: 0.628571 test_loss: 0.481953 test_acc: 0.742857
Epoch: 200 train_loss: 0.004110 val_loss: 0.425936 val_acc: 0.628571 test_loss: 0.463625 test_acc: 0.800000
Epoch: 210 train_loss: 0.004091 val_loss: 0.446389 val_acc: 0.600000 test_loss: 0.475728 test_acc: 0.771429
Epoch: 220 train_loss: 0.003966 val_loss: 0.422488 val_acc: 0.685714 test_loss: 0.484316 test_acc: 0.714286
Epoch: 230 train_loss: 0.003920 val_loss: 0.433174 val_acc: 0.714286 test_loss: 0.480113 test_acc: 0.742857
Epoch: 240 train_loss: 0.003927 val_loss: 0.434597 val_acc: 0.685714 test_loss: 0.491701 test_acc: 0.742857
Epoch: 250 train_loss: 0.003967 val_loss: 0.435061 val_acc: 0.628571 test_loss: 0.489066 test_acc: 0.714286
Epoch: 260 train_loss: 0.003772 val_loss: 0.428478 val_acc: 0.685714 test_loss: 0.515080 test_acc: 0.685714
Epoch: 270 train_loss: 0.004070 val_loss: 0.482178 val_acc: 0.628571 test_loss: 0.487666 test_acc: 0.742857
Epoch: 280 train_loss: 0.003856 val_loss: 0.520257 val_acc: 0.600000 test_loss: 0.512687 test_acc: 0.685714
Epoch: 290 train_loss: 0.004127 val_loss: 0.503503 val_acc: 0.657143 test_loss: 0.521484 test_acc: 0.685714
Epoch: 300 train_loss: 0.003972 val_loss: 0.442250 val_acc: 0.685714 test_loss: 0.520649 test_acc: 0.771429
Epoch: 310 train_loss: 0.003910 val_loss: 0.475649 val_acc: 0.628571 test_loss: 0.506262 test_acc: 0.742857
Epoch: 320 train_loss: 0.003908 val_loss: 0.445486 val_acc: 0.657143 test_loss: 0.518093 test_acc: 0.771429
Epoch: 330 train_loss: 0.003927 val_loss: 0.443166 val_acc: 0.628571 test_loss: 0.527116 test_acc: 0.714286
Epoch: 340 train_loss: 0.004098 val_loss: 0.474326 val_acc: 0.600000 test_loss: 0.508041 test_acc: 0.714286
Epoch: 350 train_loss: 0.003705 val_loss: 0.440098 val_acc: 0.657143 test_loss: 0.526387 test_acc: 0.742857
Epoch: 360 train_loss: 0.003657 val_loss: 0.449461 val_acc: 0.657143 test_loss: 0.514765 test_acc: 0.742857
Epoch: 370 train_loss: 0.003757 val_loss: 0.445486 val_acc: 0.657143 test_loss: 0.525924 test_acc: 0.771429
Epoch: 380 train_loss: 0.003661 val_loss: 0.429403 val_acc: 0.657143 test_loss: 0.522956 test_acc: 0.771429
Epoch: 390 train_loss: 0.003649 val_loss: 0.436165 val_acc: 0.657143 test_loss: 0.540308 test_acc: 0.685714
Epoch: 400 train_loss: 0.003452 val_loss: 0.477353 val_acc: 0.628571 test_loss: 0.535580 test_acc: 0.742857
Epoch: 410 train_loss: 0.003896 val_loss: 0.449754 val_acc: 0.600000 test_loss: 0.550574 test_acc: 0.685714
Epoch: 420 train_loss: 0.003656 val_loss: 0.451295 val_acc: 0.657143 test_loss: 0.547955 test_acc: 0.714286
Epoch: 430 train_loss: 0.003759 val_loss: 0.445886 val_acc: 0.657143 test_loss: 0.562377 test_acc: 0.742857
Epoch: 440 train_loss: 0.003572 val_loss: 0.445527 val_acc: 0.628571 test_loss: 0.569022 test_acc: 0.742857
Epoch: 450 train_loss: 0.003791 val_loss: 0.473418 val_acc: 0.571429 test_loss: 0.578781 test_acc: 0.742857
Epoch: 460 train_loss: 0.003876 val_loss: 0.458457 val_acc: 0.657143 test_loss: 0.559174 test_acc: 0.742857
Epoch: 470 train_loss: 0.003764 val_loss: 0.453130 val_acc: 0.685714 test_loss: 0.559967 test_acc: 0.800000
Epoch: 480 train_loss: 0.003706 val_loss: 0.451807 val_acc: 0.657143 test_loss: 0.541183 test_acc: 0.714286
Epoch: 490 train_loss: 0.003786 val_loss: 0.448741 val_acc: 0.628571 test_loss: 0.552863 test_acc: 0.742857
Epoch: 500 train_loss: 0.003654 val_loss: 0.455259 val_acc: 0.628571 test_loss: 0.566154 test_acc: 0.714286
Epoch: 510 train_loss: 0.004081 val_loss: 0.449561 val_acc: 0.628571 test_loss: 0.573543 test_acc: 0.742857
Epoch: 520 train_loss: 0.003578 val_loss: 0.441714 val_acc: 0.685714 test_loss: 0.562911 test_acc: 0.742857
Epoch: 530 train_loss: 0.003724 val_loss: 0.461706 val_acc: 0.571429 test_loss: 0.586059 test_acc: 0.714286
Epoch: 540 train_loss: 0.003682 val_loss: 0.447196 val_acc: 0.657143 test_loss: 0.563637 test_acc: 0.742857
Epoch: 550 train_loss: 0.003517 val_loss: 0.438435 val_acc: 0.628571 test_loss: 0.557589 test_acc: 0.714286
Epoch: 560 train_loss: 0.003414 val_loss: 0.448518 val_acc: 0.685714 test_loss: 0.581809 test_acc: 0.742857
Epoch: 570 train_loss: 0.003569 val_loss: 0.446060 val_acc: 0.657143 test_loss: 0.574663 test_acc: 0.685714
Epoch: 580 train_loss: 0.003763 val_loss: 0.444896 val_acc: 0.657143 test_loss: 0.582628 test_acc: 0.685714
Epoch: 590 train_loss: 0.003673 val_loss: 0.447580 val_acc: 0.685714 test_loss: 0.579734 test_acc: 0.714286
Epoch: 600 train_loss: 0.003583 val_loss: 0.442392 val_acc: 0.657143 test_loss: 0.590187 test_acc: 0.685714
Epoch: 610 train_loss: 0.003538 val_loss: 0.449731 val_acc: 0.657143 test_loss: 0.600211 test_acc: 0.685714
Epoch: 620 train_loss: 0.003781 val_loss: 0.444748 val_acc: 0.657143 test_loss: 0.556496 test_acc: 0.714286
Epoch: 630 train_loss: 0.003548 val_loss: 0.451793 val_acc: 0.657143 test_loss: 0.590370 test_acc: 0.685714
Epoch: 640 train_loss: 0.003628 val_loss: 0.451622 val_acc: 0.657143 test_loss: 0.586781 test_acc: 0.771429
Epoch: 650 train_loss: 0.003677 val_loss: 0.450395 val_acc: 0.657143 test_loss: 0.595616 test_acc: 0.714286
Epoch: 660 train_loss: 0.003366 val_loss: 0.451895 val_acc: 0.657143 test_loss: 0.588051 test_acc: 0.714286
Epoch: 670 train_loss: 0.003546 val_loss: 0.454742 val_acc: 0.628571 test_loss: 0.594647 test_acc: 0.714286
Epoch: 680 train_loss: 0.003502 val_loss: 0.452108 val_acc: 0.657143 test_loss: 0.584225 test_acc: 0.714286
Epoch: 690 train_loss: 0.003907 val_loss: 0.451995 val_acc: 0.657143 test_loss: 0.582424 test_acc: 0.714286
Epoch: 700 train_loss: 0.003487 val_loss: 0.454161 val_acc: 0.657143 test_loss: 0.586829 test_acc: 0.714286
Epoch: 710 train_loss: 0.003642 val_loss: 0.449298 val_acc: 0.657143 test_loss: 0.580482 test_acc: 0.714286
Epoch: 720 train_loss: 0.003358 val_loss: 0.448835 val_acc: 0.657143 test_loss: 0.589707 test_acc: 0.714286
Epoch: 730 train_loss: 0.003466 val_loss: 0.452612 val_acc: 0.657143 test_loss: 0.597503 test_acc: 0.685714
Epoch: 740 train_loss: 0.003403 val_loss: 0.456038 val_acc: 0.628571 test_loss: 0.596520 test_acc: 0.685714
Epoch: 750 train_loss: 0.003470 val_loss: 0.450369 val_acc: 0.657143 test_loss: 0.595228 test_acc: 0.714286
Epoch: 760 train_loss: 0.003677 val_loss: 0.453259 val_acc: 0.685714 test_loss: 0.603081 test_acc: 0.685714
Epoch: 770 train_loss: 0.003729 val_loss: 0.451583 val_acc: 0.657143 test_loss: 0.594828 test_acc: 0.685714
Epoch: 780 train_loss: 0.003425 val_loss: 0.446428 val_acc: 0.685714 test_loss: 0.593374 test_acc: 0.714286
Epoch: 790 train_loss: 0.003687 val_loss: 0.446595 val_acc: 0.657143 test_loss: 0.593110 test_acc: 0.685714
------------- 4 val_acc: 0.7143 test_acc: 0.7143 best_test: 0.8286 -----------------
Fold: 5
Epoch: 000 train_loss: 0.005561 val_loss: 0.466751 val_acc: 0.742857 test_loss: 0.480086 test_acc: 0.685714
Epoch: 010 train_loss: 0.004960 val_loss: 0.460842 val_acc: 0.685714 test_loss: 0.458325 test_acc: 0.628571
Epoch: 020 train_loss: 0.004871 val_loss: 0.454640 val_acc: 0.685714 test_loss: 0.463266 test_acc: 0.628571
Epoch: 030 train_loss: 0.004906 val_loss: 0.447946 val_acc: 0.685714 test_loss: 0.447434 test_acc: 0.628571
Epoch: 040 train_loss: 0.004901 val_loss: 0.437181 val_acc: 0.685714 test_loss: 0.455340 test_acc: 0.657143
Epoch: 050 train_loss: 0.004750 val_loss: 0.435182 val_acc: 0.685714 test_loss: 0.442634 test_acc: 0.657143
Epoch: 060 train_loss: 0.004801 val_loss: 0.419935 val_acc: 0.685714 test_loss: 0.462931 test_acc: 0.657143
Epoch: 070 train_loss: 0.004752 val_loss: 0.428853 val_acc: 0.714286 test_loss: 0.454688 test_acc: 0.685714
Epoch: 080 train_loss: 0.004859 val_loss: 0.429023 val_acc: 0.771429 test_loss: 0.457627 test_acc: 0.714286
Epoch: 090 train_loss: 0.004600 val_loss: 0.423478 val_acc: 0.742857 test_loss: 0.445435 test_acc: 0.685714
Epoch: 100 train_loss: 0.004838 val_loss: 0.429472 val_acc: 0.771429 test_loss: 0.433701 test_acc: 0.685714
Epoch: 110 train_loss: 0.004668 val_loss: 0.425150 val_acc: 0.742857 test_loss: 0.446562 test_acc: 0.714286
Epoch: 120 train_loss: 0.004681 val_loss: 0.414471 val_acc: 0.742857 test_loss: 0.431363 test_acc: 0.685714
Epoch: 130 train_loss: 0.004632 val_loss: 0.422448 val_acc: 0.742857 test_loss: 0.420570 test_acc: 0.685714
Epoch: 140 train_loss: 0.004700 val_loss: 0.408903 val_acc: 0.771429 test_loss: 0.439385 test_acc: 0.742857
Epoch: 150 train_loss: 0.004780 val_loss: 0.401048 val_acc: 0.800000 test_loss: 0.480187 test_acc: 0.685714
Epoch: 160 train_loss: 0.004657 val_loss: 0.398526 val_acc: 0.800000 test_loss: 0.461102 test_acc: 0.714286
Epoch: 170 train_loss: 0.004226 val_loss: 0.404918 val_acc: 0.800000 test_loss: 0.486696 test_acc: 0.714286
Epoch: 180 train_loss: 0.004625 val_loss: 0.397799 val_acc: 0.800000 test_loss: 0.426962 test_acc: 0.742857
Epoch: 190 train_loss: 0.004470 val_loss: 0.401154 val_acc: 0.828571 test_loss: 0.440798 test_acc: 0.685714
Epoch: 200 train_loss: 0.004299 val_loss: 0.388885 val_acc: 0.800000 test_loss: 0.484783 test_acc: 0.685714
Epoch: 210 train_loss: 0.004297 val_loss: 0.402749 val_acc: 0.742857 test_loss: 0.466641 test_acc: 0.685714
Epoch: 220 train_loss: 0.004440 val_loss: 0.400057 val_acc: 0.800000 test_loss: 0.453061 test_acc: 0.685714
Epoch: 230 train_loss: 0.004263 val_loss: 0.411535 val_acc: 0.771429 test_loss: 0.455098 test_acc: 0.685714
Epoch: 240 train_loss: 0.004171 val_loss: 0.394832 val_acc: 0.800000 test_loss: 0.444630 test_acc: 0.657143
Epoch: 250 train_loss: 0.004168 val_loss: 0.407981 val_acc: 0.742857 test_loss: 0.478710 test_acc: 0.657143
Epoch: 260 train_loss: 0.004115 val_loss: 0.423703 val_acc: 0.714286 test_loss: 0.468582 test_acc: 0.657143
Epoch: 270 train_loss: 0.004230 val_loss: 0.408008 val_acc: 0.800000 test_loss: 0.473834 test_acc: 0.714286
Epoch: 280 train_loss: 0.004167 val_loss: 0.426414 val_acc: 0.714286 test_loss: 0.439554 test_acc: 0.685714
Epoch: 290 train_loss: 0.004006 val_loss: 0.445274 val_acc: 0.742857 test_loss: 0.464599 test_acc: 0.714286
Epoch: 300 train_loss: 0.004052 val_loss: 0.442652 val_acc: 0.742857 test_loss: 0.424830 test_acc: 0.742857
Epoch: 310 train_loss: 0.003935 val_loss: 0.424143 val_acc: 0.742857 test_loss: 0.454902 test_acc: 0.657143
Epoch: 320 train_loss: 0.003955 val_loss: 0.431499 val_acc: 0.771429 test_loss: 0.466642 test_acc: 0.685714
Epoch: 330 train_loss: 0.003692 val_loss: 0.408587 val_acc: 0.800000 test_loss: 0.447875 test_acc: 0.685714
Epoch: 340 train_loss: 0.003795 val_loss: 0.428273 val_acc: 0.771429 test_loss: 0.462378 test_acc: 0.714286
Epoch: 350 train_loss: 0.003979 val_loss: 0.421496 val_acc: 0.828571 test_loss: 0.458262 test_acc: 0.742857
Epoch: 360 train_loss: 0.003787 val_loss: 0.427373 val_acc: 0.800000 test_loss: 0.460502 test_acc: 0.685714
Epoch: 370 train_loss: 0.003917 val_loss: 0.434087 val_acc: 0.742857 test_loss: 0.459523 test_acc: 0.685714
Epoch: 380 train_loss: 0.003931 val_loss: 0.436052 val_acc: 0.714286 test_loss: 0.443975 test_acc: 0.685714
Epoch: 390 train_loss: 0.003726 val_loss: 0.446571 val_acc: 0.771429 test_loss: 0.450611 test_acc: 0.685714
Epoch: 400 train_loss: 0.003852 val_loss: 0.450214 val_acc: 0.714286 test_loss: 0.496454 test_acc: 0.657143
Epoch: 410 train_loss: 0.003925 val_loss: 0.429465 val_acc: 0.800000 test_loss: 0.457468 test_acc: 0.742857
Epoch: 420 train_loss: 0.003761 val_loss: 0.441768 val_acc: 0.771429 test_loss: 0.449641 test_acc: 0.685714
Epoch: 430 train_loss: 0.003697 val_loss: 0.437388 val_acc: 0.800000 test_loss: 0.481161 test_acc: 0.657143
Epoch: 440 train_loss: 0.003819 val_loss: 0.447807 val_acc: 0.800000 test_loss: 0.485712 test_acc: 0.657143
Epoch: 450 train_loss: 0.003901 val_loss: 0.457059 val_acc: 0.714286 test_loss: 0.442700 test_acc: 0.714286
Epoch: 460 train_loss: 0.003818 val_loss: 0.448044 val_acc: 0.714286 test_loss: 0.486071 test_acc: 0.628571
Epoch: 470 train_loss: 0.003889 val_loss: 0.452785 val_acc: 0.742857 test_loss: 0.487925 test_acc: 0.600000
Epoch: 480 train_loss: 0.003675 val_loss: 0.450918 val_acc: 0.742857 test_loss: 0.473383 test_acc: 0.657143
Epoch: 490 train_loss: 0.003752 val_loss: 0.460681 val_acc: 0.685714 test_loss: 0.478756 test_acc: 0.685714
Epoch: 500 train_loss: 0.003936 val_loss: 0.460130 val_acc: 0.714286 test_loss: 0.460556 test_acc: 0.657143
Epoch: 510 train_loss: 0.003835 val_loss: 0.448696 val_acc: 0.742857 test_loss: 0.475805 test_acc: 0.657143
Epoch: 520 train_loss: 0.003603 val_loss: 0.461156 val_acc: 0.742857 test_loss: 0.466284 test_acc: 0.685714
Epoch: 530 train_loss: 0.003598 val_loss: 0.454362 val_acc: 0.742857 test_loss: 0.492478 test_acc: 0.571429
Epoch: 540 train_loss: 0.003861 val_loss: 0.439640 val_acc: 0.742857 test_loss: 0.478382 test_acc: 0.685714
Epoch: 550 train_loss: 0.003634 val_loss: 0.459434 val_acc: 0.742857 test_loss: 0.479809 test_acc: 0.600000
Epoch: 560 train_loss: 0.003998 val_loss: 0.436670 val_acc: 0.800000 test_loss: 0.480519 test_acc: 0.657143
Epoch: 570 train_loss: 0.003762 val_loss: 0.452062 val_acc: 0.742857 test_loss: 0.484620 test_acc: 0.657143
Epoch: 580 train_loss: 0.003650 val_loss: 0.444494 val_acc: 0.771429 test_loss: 0.486818 test_acc: 0.657143
Epoch: 590 train_loss: 0.003773 val_loss: 0.440034 val_acc: 0.800000 test_loss: 0.487879 test_acc: 0.628571
Epoch: 600 train_loss: 0.003897 val_loss: 0.445493 val_acc: 0.771429 test_loss: 0.494559 test_acc: 0.600000
Epoch: 610 train_loss: 0.003606 val_loss: 0.454369 val_acc: 0.742857 test_loss: 0.471242 test_acc: 0.685714
Epoch: 620 train_loss: 0.003645 val_loss: 0.444259 val_acc: 0.771429 test_loss: 0.500376 test_acc: 0.600000
Epoch: 630 train_loss: 0.003753 val_loss: 0.444567 val_acc: 0.771429 test_loss: 0.483445 test_acc: 0.600000
Epoch: 640 train_loss: 0.003692 val_loss: 0.448991 val_acc: 0.771429 test_loss: 0.487164 test_acc: 0.657143
Epoch: 650 train_loss: 0.003885 val_loss: 0.463080 val_acc: 0.771429 test_loss: 0.489663 test_acc: 0.571429
Epoch: 660 train_loss: 0.003798 val_loss: 0.458016 val_acc: 0.742857 test_loss: 0.488482 test_acc: 0.657143
Epoch: 670 train_loss: 0.003809 val_loss: 0.458864 val_acc: 0.742857 test_loss: 0.486896 test_acc: 0.628571
Epoch: 680 train_loss: 0.003821 val_loss: 0.451963 val_acc: 0.771429 test_loss: 0.487186 test_acc: 0.571429
Epoch: 690 train_loss: 0.003660 val_loss: 0.461482 val_acc: 0.771429 test_loss: 0.481057 test_acc: 0.657143
Epoch: 700 train_loss: 0.003651 val_loss: 0.449927 val_acc: 0.800000 test_loss: 0.489495 test_acc: 0.628571
Epoch: 710 train_loss: 0.003707 val_loss: 0.451331 val_acc: 0.771429 test_loss: 0.484826 test_acc: 0.628571
Epoch: 720 train_loss: 0.003604 val_loss: 0.454174 val_acc: 0.771429 test_loss: 0.486205 test_acc: 0.571429
Epoch: 730 train_loss: 0.003627 val_loss: 0.446668 val_acc: 0.771429 test_loss: 0.489800 test_acc: 0.600000
Epoch: 740 train_loss: 0.003899 val_loss: 0.444532 val_acc: 0.771429 test_loss: 0.486266 test_acc: 0.685714
Epoch: 750 train_loss: 0.003670 val_loss: 0.456418 val_acc: 0.771429 test_loss: 0.479689 test_acc: 0.628571
Epoch: 760 train_loss: 0.003588 val_loss: 0.458028 val_acc: 0.771429 test_loss: 0.476176 test_acc: 0.628571
Epoch: 770 train_loss: 0.003864 val_loss: 0.459002 val_acc: 0.771429 test_loss: 0.489700 test_acc: 0.571429
Epoch: 780 train_loss: 0.003597 val_loss: 0.452110 val_acc: 0.771429 test_loss: 0.487270 test_acc: 0.600000
Epoch: 790 train_loss: 0.003590 val_loss: 0.452681 val_acc: 0.771429 test_loss: 0.497110 test_acc: 0.571429
------------- 5 val_acc: 0.8571 test_acc: 0.7143 best_test: 0.8000 -----------------
Fold: 6
Epoch: 000 train_loss: 0.005237 val_loss: 0.450594 val_acc: 0.657143 test_loss: 0.477553 test_acc: 0.771429
Epoch: 010 train_loss: 0.004821 val_loss: 0.445406 val_acc: 0.628571 test_loss: 0.448245 test_acc: 0.800000
Epoch: 020 train_loss: 0.004938 val_loss: 0.446103 val_acc: 0.657143 test_loss: 0.441827 test_acc: 0.800000
Epoch: 030 train_loss: 0.004942 val_loss: 0.444856 val_acc: 0.685714 test_loss: 0.442357 test_acc: 0.771429
Epoch: 040 train_loss: 0.004828 val_loss: 0.439002 val_acc: 0.657143 test_loss: 0.437834 test_acc: 0.800000
Epoch: 050 train_loss: 0.004778 val_loss: 0.428868 val_acc: 0.685714 test_loss: 0.434722 test_acc: 0.800000
Epoch: 060 train_loss: 0.004713 val_loss: 0.424270 val_acc: 0.742857 test_loss: 0.446193 test_acc: 0.800000
Epoch: 070 train_loss: 0.004800 val_loss: 0.423892 val_acc: 0.714286 test_loss: 0.433263 test_acc: 0.800000
Epoch: 080 train_loss: 0.004574 val_loss: 0.425023 val_acc: 0.714286 test_loss: 0.428309 test_acc: 0.800000
Epoch: 090 train_loss: 0.004643 val_loss: 0.423507 val_acc: 0.714286 test_loss: 0.431988 test_acc: 0.800000
Epoch: 100 train_loss: 0.004532 val_loss: 0.411134 val_acc: 0.742857 test_loss: 0.466760 test_acc: 0.828571
Epoch: 110 train_loss: 0.004335 val_loss: 0.404398 val_acc: 0.742857 test_loss: 0.463853 test_acc: 0.800000
Epoch: 120 train_loss: 0.004639 val_loss: 0.404916 val_acc: 0.771429 test_loss: 0.443058 test_acc: 0.857143
Epoch: 130 train_loss: 0.004436 val_loss: 0.409378 val_acc: 0.714286 test_loss: 0.480834 test_acc: 0.828571
Epoch: 140 train_loss: 0.004484 val_loss: 0.413540 val_acc: 0.742857 test_loss: 0.450630 test_acc: 0.742857
Epoch: 150 train_loss: 0.004331 val_loss: 0.416340 val_acc: 0.685714 test_loss: 0.479449 test_acc: 0.714286
Epoch: 160 train_loss: 0.004827 val_loss: 0.402913 val_acc: 0.714286 test_loss: 0.456546 test_acc: 0.828571
Epoch: 170 train_loss: 0.004318 val_loss: 0.397245 val_acc: 0.714286 test_loss: 0.473076 test_acc: 0.742857
Epoch: 180 train_loss: 0.004545 val_loss: 0.409237 val_acc: 0.714286 test_loss: 0.428054 test_acc: 0.742857
Epoch: 190 train_loss: 0.004374 val_loss: 0.398684 val_acc: 0.657143 test_loss: 0.500189 test_acc: 0.742857
Epoch: 200 train_loss: 0.004372 val_loss: 0.395428 val_acc: 0.685714 test_loss: 0.493035 test_acc: 0.771429
Epoch: 210 train_loss: 0.004194 val_loss: 0.404847 val_acc: 0.742857 test_loss: 0.521077 test_acc: 0.714286
Epoch: 220 train_loss: 0.004379 val_loss: 0.393057 val_acc: 0.742857 test_loss: 0.500533 test_acc: 0.800000
Epoch: 230 train_loss: 0.004108 val_loss: 0.380061 val_acc: 0.771429 test_loss: 0.506129 test_acc: 0.771429
Epoch: 240 train_loss: 0.004506 val_loss: 0.392357 val_acc: 0.742857 test_loss: 0.519096 test_acc: 0.628571
Epoch: 250 train_loss: 0.004099 val_loss: 0.393010 val_acc: 0.742857 test_loss: 0.520228 test_acc: 0.657143
Epoch: 260 train_loss: 0.004437 val_loss: 0.392756 val_acc: 0.742857 test_loss: 0.499798 test_acc: 0.714286
Epoch: 270 train_loss: 0.004273 val_loss: 0.385976 val_acc: 0.771429 test_loss: 0.501063 test_acc: 0.742857
Epoch: 280 train_loss: 0.004049 val_loss: 0.386483 val_acc: 0.742857 test_loss: 0.489580 test_acc: 0.714286
Epoch: 290 train_loss: 0.004037 val_loss: 0.389168 val_acc: 0.742857 test_loss: 0.545049 test_acc: 0.714286
Epoch: 300 train_loss: 0.004335 val_loss: 0.403551 val_acc: 0.685714 test_loss: 0.479131 test_acc: 0.685714
Epoch: 310 train_loss: 0.003994 val_loss: 0.386711 val_acc: 0.742857 test_loss: 0.519886 test_acc: 0.685714
Epoch: 320 train_loss: 0.004112 val_loss: 0.386332 val_acc: 0.771429 test_loss: 0.494232 test_acc: 0.714286
Epoch: 330 train_loss: 0.003958 val_loss: 0.392863 val_acc: 0.742857 test_loss: 0.531859 test_acc: 0.657143
Epoch: 340 train_loss: 0.004015 val_loss: 0.383301 val_acc: 0.771429 test_loss: 0.510831 test_acc: 0.714286
Epoch: 350 train_loss: 0.004009 val_loss: 0.393215 val_acc: 0.742857 test_loss: 0.525973 test_acc: 0.657143
Epoch: 360 train_loss: 0.003952 val_loss: 0.385646 val_acc: 0.742857 test_loss: 0.569178 test_acc: 0.657143
Epoch: 370 train_loss: 0.004044 val_loss: 0.383252 val_acc: 0.714286 test_loss: 0.534117 test_acc: 0.685714
Epoch: 380 train_loss: 0.003875 val_loss: 0.390738 val_acc: 0.714286 test_loss: 0.524129 test_acc: 0.685714
Epoch: 390 train_loss: 0.003751 val_loss: 0.396779 val_acc: 0.685714 test_loss: 0.545054 test_acc: 0.685714
Epoch: 400 train_loss: 0.003980 val_loss: 0.381971 val_acc: 0.742857 test_loss: 0.551733 test_acc: 0.685714
Epoch: 410 train_loss: 0.003994 val_loss: 0.396261 val_acc: 0.714286 test_loss: 0.555627 test_acc: 0.685714
Epoch: 420 train_loss: 0.003787 val_loss: 0.402528 val_acc: 0.685714 test_loss: 0.563882 test_acc: 0.685714
Epoch: 430 train_loss: 0.003752 val_loss: 0.389406 val_acc: 0.742857 test_loss: 0.562505 test_acc: 0.685714
Epoch: 440 train_loss: 0.004170 val_loss: 0.400664 val_acc: 0.685714 test_loss: 0.559007 test_acc: 0.657143
Epoch: 450 train_loss: 0.004007 val_loss: 0.393619 val_acc: 0.742857 test_loss: 0.569355 test_acc: 0.685714
Epoch: 460 train_loss: 0.003875 val_loss: 0.385100 val_acc: 0.742857 test_loss: 0.563069 test_acc: 0.657143
Epoch: 470 train_loss: 0.003924 val_loss: 0.396584 val_acc: 0.714286 test_loss: 0.566721 test_acc: 0.685714
Epoch: 480 train_loss: 0.004112 val_loss: 0.401177 val_acc: 0.685714 test_loss: 0.565408 test_acc: 0.657143
Epoch: 490 train_loss: 0.003824 val_loss: 0.400161 val_acc: 0.685714 test_loss: 0.567367 test_acc: 0.657143
Epoch: 500 train_loss: 0.003997 val_loss: 0.403456 val_acc: 0.685714 test_loss: 0.571601 test_acc: 0.685714
Epoch: 510 train_loss: 0.003768 val_loss: 0.396565 val_acc: 0.714286 test_loss: 0.568669 test_acc: 0.685714
Epoch: 520 train_loss: 0.003904 val_loss: 0.394725 val_acc: 0.714286 test_loss: 0.557958 test_acc: 0.685714
Epoch: 530 train_loss: 0.003715 val_loss: 0.401991 val_acc: 0.685714 test_loss: 0.579994 test_acc: 0.685714
Epoch: 540 train_loss: 0.003838 val_loss: 0.402038 val_acc: 0.657143 test_loss: 0.569953 test_acc: 0.685714
Epoch: 550 train_loss: 0.004040 val_loss: 0.401460 val_acc: 0.685714 test_loss: 0.573032 test_acc: 0.657143
Epoch: 560 train_loss: 0.003749 val_loss: 0.405999 val_acc: 0.685714 test_loss: 0.580080 test_acc: 0.685714
Epoch: 570 train_loss: 0.003861 val_loss: 0.401699 val_acc: 0.714286 test_loss: 0.575678 test_acc: 0.685714
Epoch: 580 train_loss: 0.003709 val_loss: 0.414624 val_acc: 0.685714 test_loss: 0.575740 test_acc: 0.657143
Epoch: 590 train_loss: 0.003647 val_loss: 0.394743 val_acc: 0.714286 test_loss: 0.555157 test_acc: 0.685714
Epoch: 600 train_loss: 0.003626 val_loss: 0.399982 val_acc: 0.742857 test_loss: 0.582881 test_acc: 0.685714
Epoch: 610 train_loss: 0.003957 val_loss: 0.407218 val_acc: 0.685714 test_loss: 0.591555 test_acc: 0.657143
Epoch: 620 train_loss: 0.003649 val_loss: 0.407868 val_acc: 0.685714 test_loss: 0.579891 test_acc: 0.657143
Epoch: 630 train_loss: 0.003888 val_loss: 0.407629 val_acc: 0.685714 test_loss: 0.583855 test_acc: 0.685714
Epoch: 640 train_loss: 0.003733 val_loss: 0.409314 val_acc: 0.685714 test_loss: 0.571202 test_acc: 0.685714
Epoch: 650 train_loss: 0.003755 val_loss: 0.410556 val_acc: 0.685714 test_loss: 0.593229 test_acc: 0.657143
Epoch: 660 train_loss: 0.003766 val_loss: 0.408836 val_acc: 0.657143 test_loss: 0.581121 test_acc: 0.685714
Epoch: 670 train_loss: 0.004027 val_loss: 0.412164 val_acc: 0.685714 test_loss: 0.580676 test_acc: 0.685714
Epoch: 680 train_loss: 0.003681 val_loss: 0.413632 val_acc: 0.657143 test_loss: 0.577409 test_acc: 0.685714
Epoch: 690 train_loss: 0.003777 val_loss: 0.406000 val_acc: 0.657143 test_loss: 0.573954 test_acc: 0.685714
Epoch: 700 train_loss: 0.003835 val_loss: 0.413529 val_acc: 0.657143 test_loss: 0.575666 test_acc: 0.685714
Epoch: 710 train_loss: 0.003760 val_loss: 0.412937 val_acc: 0.657143 test_loss: 0.584619 test_acc: 0.657143
Epoch: 720 train_loss: 0.003596 val_loss: 0.407298 val_acc: 0.685714 test_loss: 0.586084 test_acc: 0.685714
Epoch: 730 train_loss: 0.003768 val_loss: 0.408030 val_acc: 0.685714 test_loss: 0.588636 test_acc: 0.657143
Epoch: 740 train_loss: 0.003893 val_loss: 0.413416 val_acc: 0.657143 test_loss: 0.577954 test_acc: 0.685714
Epoch: 750 train_loss: 0.003846 val_loss: 0.412997 val_acc: 0.685714 test_loss: 0.570612 test_acc: 0.685714
Epoch: 760 train_loss: 0.003731 val_loss: 0.408916 val_acc: 0.685714 test_loss: 0.583824 test_acc: 0.685714
Epoch: 770 train_loss: 0.003768 val_loss: 0.406706 val_acc: 0.685714 test_loss: 0.580270 test_acc: 0.685714
Epoch: 780 train_loss: 0.003766 val_loss: 0.408399 val_acc: 0.685714 test_loss: 0.575495 test_acc: 0.685714
Epoch: 790 train_loss: 0.003793 val_loss: 0.410798 val_acc: 0.657143 test_loss: 0.575708 test_acc: 0.685714
------------- 6 val_acc: 0.8000 test_acc: 0.6857 best_test: 0.8571 -----------------
Fold: 7
Epoch: 000 train_loss: 0.005165 val_loss: 0.470863 val_acc: 0.742857 test_loss: 0.493083 test_acc: 0.628571
Epoch: 010 train_loss: 0.004810 val_loss: 0.449235 val_acc: 0.800000 test_loss: 0.504596 test_acc: 0.657143
Epoch: 020 train_loss: 0.004672 val_loss: 0.442628 val_acc: 0.800000 test_loss: 0.512647 test_acc: 0.657143
Epoch: 030 train_loss: 0.004964 val_loss: 0.445053 val_acc: 0.742857 test_loss: 0.518892 test_acc: 0.542857
Epoch: 040 train_loss: 0.004693 val_loss: 0.455514 val_acc: 0.600000 test_loss: 0.528242 test_acc: 0.342857
Epoch: 050 train_loss: 0.004915 val_loss: 0.435149 val_acc: 0.800000 test_loss: 0.494430 test_acc: 0.657143
Epoch: 060 train_loss: 0.004761 val_loss: 0.439113 val_acc: 0.742857 test_loss: 0.515709 test_acc: 0.571429
Epoch: 070 train_loss: 0.004625 val_loss: 0.434226 val_acc: 0.742857 test_loss: 0.533240 test_acc: 0.571429
Epoch: 080 train_loss: 0.005043 val_loss: 0.428149 val_acc: 0.800000 test_loss: 0.506757 test_acc: 0.657143
Epoch: 090 train_loss: 0.004780 val_loss: 0.433759 val_acc: 0.714286 test_loss: 0.538273 test_acc: 0.514286
Epoch: 100 train_loss: 0.004527 val_loss: 0.431849 val_acc: 0.800000 test_loss: 0.541249 test_acc: 0.657143
Epoch: 110 train_loss: 0.004542 val_loss: 0.440563 val_acc: 0.657143 test_loss: 0.578127 test_acc: 0.400000
Epoch: 120 train_loss: 0.004565 val_loss: 0.436755 val_acc: 0.742857 test_loss: 0.546688 test_acc: 0.428571
Epoch: 130 train_loss: 0.004442 val_loss: 0.420217 val_acc: 0.800000 test_loss: 0.577136 test_acc: 0.514286
Epoch: 140 train_loss: 0.004758 val_loss: 0.480668 val_acc: 0.542857 test_loss: 0.585094 test_acc: 0.371429
Epoch: 150 train_loss: 0.004295 val_loss: 0.436983 val_acc: 0.800000 test_loss: 0.580557 test_acc: 0.514286
Epoch: 160 train_loss: 0.004435 val_loss: 0.439252 val_acc: 0.714286 test_loss: 0.608347 test_acc: 0.457143
Epoch: 170 train_loss: 0.004227 val_loss: 0.454460 val_acc: 0.600000 test_loss: 0.637678 test_acc: 0.428571
Epoch: 180 train_loss: 0.004536 val_loss: 0.428574 val_acc: 0.771429 test_loss: 0.603178 test_acc: 0.542857
Epoch: 190 train_loss: 0.004276 val_loss: 0.424198 val_acc: 0.685714 test_loss: 0.633984 test_acc: 0.428571
Epoch: 200 train_loss: 0.004293 val_loss: 0.438591 val_acc: 0.685714 test_loss: 0.621363 test_acc: 0.428571
Epoch: 210 train_loss: 0.004363 val_loss: 0.425224 val_acc: 0.742857 test_loss: 0.640858 test_acc: 0.400000
Epoch: 220 train_loss: 0.004274 val_loss: 0.440168 val_acc: 0.714286 test_loss: 0.646334 test_acc: 0.428571
Epoch: 230 train_loss: 0.004234 val_loss: 0.456907 val_acc: 0.657143 test_loss: 0.656224 test_acc: 0.428571
Epoch: 240 train_loss: 0.004183 val_loss: 0.441088 val_acc: 0.685714 test_loss: 0.650227 test_acc: 0.457143
Epoch: 250 train_loss: 0.003973 val_loss: 0.452735 val_acc: 0.685714 test_loss: 0.688543 test_acc: 0.400000
Epoch: 260 train_loss: 0.004533 val_loss: 0.463101 val_acc: 0.742857 test_loss: 0.638981 test_acc: 0.514286
Epoch: 270 train_loss: 0.004241 val_loss: 0.430743 val_acc: 0.685714 test_loss: 0.688582 test_acc: 0.457143
Epoch: 280 train_loss: 0.004304 val_loss: 0.461388 val_acc: 0.628571 test_loss: 0.659615 test_acc: 0.400000
Epoch: 290 train_loss: 0.004065 val_loss: 0.474516 val_acc: 0.657143 test_loss: 0.675089 test_acc: 0.457143
Epoch: 300 train_loss: 0.004115 val_loss: 0.529613 val_acc: 0.742857 test_loss: 0.660913 test_acc: 0.457143
Epoch: 310 train_loss: 0.003810 val_loss: 0.547749 val_acc: 0.714286 test_loss: 0.679774 test_acc: 0.485714
Epoch: 320 train_loss: 0.004248 val_loss: 0.507983 val_acc: 0.628571 test_loss: 0.684329 test_acc: 0.400000
Epoch: 330 train_loss: 0.004272 val_loss: 0.503348 val_acc: 0.628571 test_loss: 0.669796 test_acc: 0.457143
Epoch: 340 train_loss: 0.003936 val_loss: 0.531356 val_acc: 0.628571 test_loss: 0.668270 test_acc: 0.457143
Epoch: 350 train_loss: 0.004031 val_loss: 0.508374 val_acc: 0.628571 test_loss: 0.644319 test_acc: 0.457143
Epoch: 360 train_loss: 0.004011 val_loss: 0.510224 val_acc: 0.628571 test_loss: 0.707314 test_acc: 0.457143
Epoch: 370 train_loss: 0.004045 val_loss: 0.536618 val_acc: 0.628571 test_loss: 0.694025 test_acc: 0.457143
Epoch: 380 train_loss: 0.004130 val_loss: 0.554323 val_acc: 0.628571 test_loss: 0.691960 test_acc: 0.457143
Epoch: 390 train_loss: 0.003928 val_loss: 0.554156 val_acc: 0.657143 test_loss: 0.682987 test_acc: 0.457143
Epoch: 400 train_loss: 0.003985 val_loss: 0.572396 val_acc: 0.628571 test_loss: 0.693660 test_acc: 0.428571
Epoch: 410 train_loss: 0.003932 val_loss: 0.561702 val_acc: 0.628571 test_loss: 0.699403 test_acc: 0.457143
Epoch: 420 train_loss: 0.004231 val_loss: 0.494031 val_acc: 0.600000 test_loss: 0.706189 test_acc: 0.428571
Epoch: 430 train_loss: 0.003746 val_loss: 0.570554 val_acc: 0.600000 test_loss: 0.700493 test_acc: 0.457143
Epoch: 440 train_loss: 0.003941 val_loss: 0.517481 val_acc: 0.628571 test_loss: 0.694176 test_acc: 0.457143
Epoch: 450 train_loss: 0.004030 val_loss: 0.535894 val_acc: 0.657143 test_loss: 0.681129 test_acc: 0.457143
Epoch: 460 train_loss: 0.003903 val_loss: 0.580834 val_acc: 0.657143 test_loss: 0.703773 test_acc: 0.457143
Epoch: 470 train_loss: 0.003846 val_loss: 0.567440 val_acc: 0.628571 test_loss: 0.708133 test_acc: 0.457143
Epoch: 480 train_loss: 0.003899 val_loss: 0.557512 val_acc: 0.628571 test_loss: 0.681613 test_acc: 0.457143
Epoch: 490 train_loss: 0.003939 val_loss: 0.572596 val_acc: 0.628571 test_loss: 0.695959 test_acc: 0.457143
Epoch: 500 train_loss: 0.004058 val_loss: 0.578235 val_acc: 0.628571 test_loss: 0.710181 test_acc: 0.457143
Epoch: 510 train_loss: 0.003947 val_loss: 0.584699 val_acc: 0.628571 test_loss: 0.709608 test_acc: 0.457143
Epoch: 520 train_loss: 0.003781 val_loss: 0.589888 val_acc: 0.657143 test_loss: 0.685620 test_acc: 0.457143
Epoch: 530 train_loss: 0.004101 val_loss: 0.582282 val_acc: 0.628571 test_loss: 0.691593 test_acc: 0.457143
Epoch: 540 train_loss: 0.004168 val_loss: 0.575591 val_acc: 0.628571 test_loss: 0.726203 test_acc: 0.457143
Epoch: 550 train_loss: 0.003975 val_loss: 0.592025 val_acc: 0.657143 test_loss: 0.708774 test_acc: 0.457143
Epoch: 560 train_loss: 0.004293 val_loss: 0.577437 val_acc: 0.628571 test_loss: 0.696175 test_acc: 0.457143
Epoch: 570 train_loss: 0.004111 val_loss: 0.582951 val_acc: 0.628571 test_loss: 0.715744 test_acc: 0.457143
Epoch: 580 train_loss: 0.004258 val_loss: 0.574632 val_acc: 0.657143 test_loss: 0.696597 test_acc: 0.457143
Epoch: 590 train_loss: 0.003999 val_loss: 0.587743 val_acc: 0.628571 test_loss: 0.710279 test_acc: 0.457143
Epoch: 600 train_loss: 0.003876 val_loss: 0.583726 val_acc: 0.628571 test_loss: 0.700150 test_acc: 0.428571
Epoch: 610 train_loss: 0.003867 val_loss: 0.595843 val_acc: 0.628571 test_loss: 0.699537 test_acc: 0.457143
Epoch: 620 train_loss: 0.003812 val_loss: 0.593055 val_acc: 0.628571 test_loss: 0.721680 test_acc: 0.457143
Epoch: 630 train_loss: 0.003910 val_loss: 0.583542 val_acc: 0.628571 test_loss: 0.707855 test_acc: 0.457143
Epoch: 640 train_loss: 0.003845 val_loss: 0.591056 val_acc: 0.628571 test_loss: 0.713703 test_acc: 0.457143
Epoch: 650 train_loss: 0.003867 val_loss: 0.594987 val_acc: 0.628571 test_loss: 0.718956 test_acc: 0.428571
Epoch: 660 train_loss: 0.003828 val_loss: 0.598249 val_acc: 0.628571 test_loss: 0.709615 test_acc: 0.457143
Epoch: 670 train_loss: 0.003639 val_loss: 0.598104 val_acc: 0.628571 test_loss: 0.720778 test_acc: 0.457143
Epoch: 680 train_loss: 0.003949 val_loss: 0.594968 val_acc: 0.628571 test_loss: 0.700557 test_acc: 0.428571
Epoch: 690 train_loss: 0.003843 val_loss: 0.597958 val_acc: 0.628571 test_loss: 0.695942 test_acc: 0.457143
Epoch: 700 train_loss: 0.003707 val_loss: 0.598075 val_acc: 0.628571 test_loss: 0.703015 test_acc: 0.457143
Epoch: 710 train_loss: 0.003668 val_loss: 0.601620 val_acc: 0.628571 test_loss: 0.699442 test_acc: 0.428571
Epoch: 720 train_loss: 0.003743 val_loss: 0.596078 val_acc: 0.628571 test_loss: 0.702021 test_acc: 0.457143
Epoch: 730 train_loss: 0.004324 val_loss: 0.595157 val_acc: 0.628571 test_loss: 0.686728 test_acc: 0.428571
Epoch: 740 train_loss: 0.003841 val_loss: 0.591855 val_acc: 0.657143 test_loss: 0.696281 test_acc: 0.428571
Epoch: 750 train_loss: 0.003723 val_loss: 0.596277 val_acc: 0.657143 test_loss: 0.690789 test_acc: 0.457143
Epoch: 760 train_loss: 0.003959 val_loss: 0.601293 val_acc: 0.628571 test_loss: 0.705887 test_acc: 0.457143
Epoch: 770 train_loss: 0.003847 val_loss: 0.605977 val_acc: 0.600000 test_loss: 0.699414 test_acc: 0.428571
Epoch: 780 train_loss: 0.003664 val_loss: 0.597789 val_acc: 0.657143 test_loss: 0.704432 test_acc: 0.457143
Epoch: 790 train_loss: 0.004010 val_loss: 0.602988 val_acc: 0.657143 test_loss: 0.712278 test_acc: 0.457143
------------- 7 val_acc: 0.8286 test_acc: 0.5714 best_test: 0.6857 -----------------
Fold: 8
Epoch: 000 train_loss: 0.006006 val_loss: 0.512050 val_acc: 0.457143 test_loss: 0.502878 test_acc: 0.542857
Epoch: 010 train_loss: 0.004973 val_loss: 0.493945 val_acc: 0.657143 test_loss: 0.470505 test_acc: 0.600000
Epoch: 020 train_loss: 0.004752 val_loss: 0.504323 val_acc: 0.657143 test_loss: 0.471163 test_acc: 0.600000
Epoch: 030 train_loss: 0.004788 val_loss: 0.515260 val_acc: 0.657143 test_loss: 0.475556 test_acc: 0.600000
Epoch: 040 train_loss: 0.004788 val_loss: 0.537231 val_acc: 0.657143 test_loss: 0.467971 test_acc: 0.600000
Epoch: 050 train_loss: 0.004558 val_loss: 0.562819 val_acc: 0.628571 test_loss: 0.466843 test_acc: 0.600000
Epoch: 060 train_loss: 0.004570 val_loss: 0.570549 val_acc: 0.571429 test_loss: 0.469572 test_acc: 0.600000
Epoch: 070 train_loss: 0.004857 val_loss: 0.542620 val_acc: 0.628571 test_loss: 0.446293 test_acc: 0.628571
Epoch: 080 train_loss: 0.004537 val_loss: 0.582142 val_acc: 0.628571 test_loss: 0.471898 test_acc: 0.600000
Epoch: 090 train_loss: 0.004511 val_loss: 0.565202 val_acc: 0.628571 test_loss: 0.455405 test_acc: 0.628571
Epoch: 100 train_loss: 0.004307 val_loss: 0.618776 val_acc: 0.542857 test_loss: 0.485460 test_acc: 0.657143
Epoch: 110 train_loss: 0.004303 val_loss: 0.603371 val_acc: 0.571429 test_loss: 0.457693 test_acc: 0.685714
Epoch: 120 train_loss: 0.003919 val_loss: 0.635203 val_acc: 0.514286 test_loss: 0.474555 test_acc: 0.685714
Epoch: 130 train_loss: 0.004250 val_loss: 0.694441 val_acc: 0.571429 test_loss: 0.494648 test_acc: 0.657143
Epoch: 140 train_loss: 0.004282 val_loss: 0.627539 val_acc: 0.657143 test_loss: 0.503683 test_acc: 0.571429
Epoch: 150 train_loss: 0.004169 val_loss: 0.609688 val_acc: 0.600000 test_loss: 0.474919 test_acc: 0.657143
Epoch: 160 train_loss: 0.003779 val_loss: 0.714537 val_acc: 0.571429 test_loss: 0.507045 test_acc: 0.657143
Epoch: 170 train_loss: 0.004274 val_loss: 0.687678 val_acc: 0.600000 test_loss: 0.487867 test_acc: 0.657143
Epoch: 180 train_loss: 0.004064 val_loss: 0.605266 val_acc: 0.600000 test_loss: 0.488625 test_acc: 0.628571
Epoch: 190 train_loss: 0.003719 val_loss: 0.637427 val_acc: 0.628571 test_loss: 0.527296 test_acc: 0.685714
Epoch: 200 train_loss: 0.003814 val_loss: 0.690460 val_acc: 0.514286 test_loss: 0.456033 test_acc: 0.714286
Epoch: 210 train_loss: 0.004310 val_loss: 0.680230 val_acc: 0.542857 test_loss: 0.455337 test_acc: 0.685714
Epoch: 220 train_loss: 0.003768 val_loss: 0.675086 val_acc: 0.571429 test_loss: 0.462645 test_acc: 0.742857
Epoch: 230 train_loss: 0.003508 val_loss: 0.797168 val_acc: 0.485714 test_loss: 0.448630 test_acc: 0.657143
Epoch: 240 train_loss: 0.003692 val_loss: 0.623907 val_acc: 0.600000 test_loss: 0.462591 test_acc: 0.685714
Epoch: 250 train_loss: 0.003644 val_loss: 0.706436 val_acc: 0.542857 test_loss: 0.429280 test_acc: 0.685714
Epoch: 260 train_loss: 0.003699 val_loss: 0.749200 val_acc: 0.542857 test_loss: 0.485782 test_acc: 0.685714
Epoch: 270 train_loss: 0.003494 val_loss: 0.720348 val_acc: 0.600000 test_loss: 0.466133 test_acc: 0.714286
Epoch: 280 train_loss: 0.003624 val_loss: 0.710937 val_acc: 0.571429 test_loss: 0.421741 test_acc: 0.714286
Epoch: 290 train_loss: 0.003522 val_loss: 0.703583 val_acc: 0.600000 test_loss: 0.466466 test_acc: 0.685714
Epoch: 300 train_loss: 0.003679 val_loss: 0.733463 val_acc: 0.600000 test_loss: 0.452597 test_acc: 0.714286
Epoch: 310 train_loss: 0.003550 val_loss: 0.719646 val_acc: 0.600000 test_loss: 0.478151 test_acc: 0.685714
Epoch: 320 train_loss: 0.003655 val_loss: 0.703496 val_acc: 0.542857 test_loss: 0.432359 test_acc: 0.771429
Epoch: 330 train_loss: 0.003428 val_loss: 0.765968 val_acc: 0.542857 test_loss: 0.466966 test_acc: 0.714286
Epoch: 340 train_loss: 0.003407 val_loss: 0.770998 val_acc: 0.514286 test_loss: 0.404813 test_acc: 0.800000
Epoch: 350 train_loss: 0.003311 val_loss: 0.845035 val_acc: 0.514286 test_loss: 0.464266 test_acc: 0.742857
Epoch: 360 train_loss: 0.003412 val_loss: 0.731856 val_acc: 0.571429 test_loss: 0.429359 test_acc: 0.800000
Epoch: 370 train_loss: 0.003463 val_loss: 0.758481 val_acc: 0.514286 test_loss: 0.443294 test_acc: 0.742857
Epoch: 380 train_loss: 0.003453 val_loss: 0.788936 val_acc: 0.542857 test_loss: 0.423228 test_acc: 0.714286
Epoch: 390 train_loss: 0.003349 val_loss: 0.746233 val_acc: 0.571429 test_loss: 0.426376 test_acc: 0.742857
Epoch: 400 train_loss: 0.003256 val_loss: 0.750568 val_acc: 0.542857 test_loss: 0.398618 test_acc: 0.771429
Epoch: 410 train_loss: 0.003329 val_loss: 0.766795 val_acc: 0.571429 test_loss: 0.436822 test_acc: 0.714286
Epoch: 420 train_loss: 0.003572 val_loss: 0.776855 val_acc: 0.514286 test_loss: 0.440088 test_acc: 0.714286
Epoch: 430 train_loss: 0.003453 val_loss: 0.775709 val_acc: 0.542857 test_loss: 0.430492 test_acc: 0.771429
Epoch: 440 train_loss: 0.003519 val_loss: 0.786428 val_acc: 0.571429 test_loss: 0.473737 test_acc: 0.685714
Epoch: 450 train_loss: 0.003340 val_loss: 0.762129 val_acc: 0.542857 test_loss: 0.426419 test_acc: 0.771429
Epoch: 460 train_loss: 0.003389 val_loss: 0.772945 val_acc: 0.514286 test_loss: 0.422703 test_acc: 0.742857
Epoch: 470 train_loss: 0.003259 val_loss: 0.765341 val_acc: 0.571429 test_loss: 0.440392 test_acc: 0.685714
Epoch: 480 train_loss: 0.003629 val_loss: 0.759596 val_acc: 0.571429 test_loss: 0.429998 test_acc: 0.742857
Epoch: 490 train_loss: 0.003364 val_loss: 0.820022 val_acc: 0.542857 test_loss: 0.427224 test_acc: 0.685714
Epoch: 500 train_loss: 0.003445 val_loss: 0.783110 val_acc: 0.542857 test_loss: 0.439670 test_acc: 0.685714
Epoch: 510 train_loss: 0.003271 val_loss: 0.803767 val_acc: 0.542857 test_loss: 0.436552 test_acc: 0.714286
Epoch: 520 train_loss: 0.003373 val_loss: 0.781965 val_acc: 0.514286 test_loss: 0.451383 test_acc: 0.714286
Epoch: 530 train_loss: 0.003337 val_loss: 0.806380 val_acc: 0.542857 test_loss: 0.453149 test_acc: 0.742857
Epoch: 540 train_loss: 0.003501 val_loss: 0.760636 val_acc: 0.571429 test_loss: 0.454112 test_acc: 0.685714
Epoch: 550 train_loss: 0.003374 val_loss: 0.814319 val_acc: 0.542857 test_loss: 0.431838 test_acc: 0.714286
Epoch: 560 train_loss: 0.003421 val_loss: 0.769691 val_acc: 0.571429 test_loss: 0.461951 test_acc: 0.714286
Epoch: 570 train_loss: 0.003222 val_loss: 0.814743 val_acc: 0.542857 test_loss: 0.436188 test_acc: 0.714286
Epoch: 580 train_loss: 0.003200 val_loss: 0.781458 val_acc: 0.571429 test_loss: 0.444512 test_acc: 0.714286
Epoch: 590 train_loss: 0.003412 val_loss: 0.779355 val_acc: 0.542857 test_loss: 0.455989 test_acc: 0.714286
Epoch: 600 train_loss: 0.003496 val_loss: 0.780409 val_acc: 0.571429 test_loss: 0.449048 test_acc: 0.771429
Epoch: 610 train_loss: 0.003295 val_loss: 0.783575 val_acc: 0.542857 test_loss: 0.461170 test_acc: 0.714286
Epoch: 620 train_loss: 0.003220 val_loss: 0.768715 val_acc: 0.571429 test_loss: 0.457436 test_acc: 0.714286
Epoch: 630 train_loss: 0.003275 val_loss: 0.767969 val_acc: 0.571429 test_loss: 0.443635 test_acc: 0.771429
Epoch: 640 train_loss: 0.003408 val_loss: 0.787089 val_acc: 0.542857 test_loss: 0.449472 test_acc: 0.742857
Epoch: 650 train_loss: 0.003633 val_loss: 0.792556 val_acc: 0.542857 test_loss: 0.445272 test_acc: 0.742857
Epoch: 660 train_loss: 0.003224 val_loss: 0.782124 val_acc: 0.542857 test_loss: 0.447958 test_acc: 0.742857
Epoch: 670 train_loss: 0.003241 val_loss: 0.794460 val_acc: 0.542857 test_loss: 0.442111 test_acc: 0.685714
Epoch: 680 train_loss: 0.003260 val_loss: 0.786739 val_acc: 0.571429 test_loss: 0.452771 test_acc: 0.742857
Epoch: 690 train_loss: 0.003271 val_loss: 0.787654 val_acc: 0.542857 test_loss: 0.442243 test_acc: 0.714286
Epoch: 700 train_loss: 0.003411 val_loss: 0.785498 val_acc: 0.542857 test_loss: 0.441824 test_acc: 0.771429
Epoch: 710 train_loss: 0.003339 val_loss: 0.781391 val_acc: 0.542857 test_loss: 0.439591 test_acc: 0.742857
Epoch: 720 train_loss: 0.003127 val_loss: 0.781749 val_acc: 0.514286 test_loss: 0.440626 test_acc: 0.771429
Epoch: 730 train_loss: 0.003582 val_loss: 0.768077 val_acc: 0.542857 test_loss: 0.441714 test_acc: 0.714286
Epoch: 740 train_loss: 0.003080 val_loss: 0.780478 val_acc: 0.514286 test_loss: 0.434989 test_acc: 0.714286
Epoch: 750 train_loss: 0.003312 val_loss: 0.793442 val_acc: 0.542857 test_loss: 0.442432 test_acc: 0.685714
Epoch: 760 train_loss: 0.003212 val_loss: 0.788708 val_acc: 0.542857 test_loss: 0.447288 test_acc: 0.714286
Epoch: 770 train_loss: 0.003267 val_loss: 0.818445 val_acc: 0.514286 test_loss: 0.441654 test_acc: 0.714286
Epoch: 780 train_loss: 0.003633 val_loss: 0.771597 val_acc: 0.542857 test_loss: 0.449432 test_acc: 0.714286
Epoch: 790 train_loss: 0.003261 val_loss: 0.773184 val_acc: 0.514286 test_loss: 0.441887 test_acc: 0.742857
------------- 8 val_acc: 0.6857 test_acc: 0.6000 best_test: 0.8000 -----------------
Fold: 9
Epoch: 000 train_loss: 0.007340 val_loss: 0.513486 val_acc: 0.400000 test_loss: 0.496010 test_acc: 0.514286
Epoch: 010 train_loss: 0.004927 val_loss: 0.470612 val_acc: 0.628571 test_loss: 0.526276 test_acc: 0.457143
Epoch: 020 train_loss: 0.004798 val_loss: 0.464328 val_acc: 0.628571 test_loss: 0.513473 test_acc: 0.485714
Epoch: 030 train_loss: 0.004746 val_loss: 0.458035 val_acc: 0.600000 test_loss: 0.523740 test_acc: 0.485714
Epoch: 040 train_loss: 0.004624 val_loss: 0.466331 val_acc: 0.600000 test_loss: 0.548123 test_acc: 0.485714
Epoch: 050 train_loss: 0.004472 val_loss: 0.454651 val_acc: 0.628571 test_loss: 0.544780 test_acc: 0.485714
Epoch: 060 train_loss: 0.004567 val_loss: 0.448171 val_acc: 0.628571 test_loss: 0.537796 test_acc: 0.514286
Epoch: 070 train_loss: 0.004721 val_loss: 0.436694 val_acc: 0.657143 test_loss: 0.522890 test_acc: 0.514286
Epoch: 080 train_loss: 0.004383 val_loss: 0.436864 val_acc: 0.628571 test_loss: 0.552036 test_acc: 0.485714
Epoch: 090 train_loss: 0.004463 val_loss: 0.434107 val_acc: 0.600000 test_loss: 0.551073 test_acc: 0.485714
Epoch: 100 train_loss: 0.004246 val_loss: 0.425591 val_acc: 0.628571 test_loss: 0.557490 test_acc: 0.514286
Epoch: 110 train_loss: 0.004558 val_loss: 0.446949 val_acc: 0.657143 test_loss: 0.569983 test_acc: 0.485714
Epoch: 120 train_loss: 0.004430 val_loss: 0.450566 val_acc: 0.600000 test_loss: 0.513092 test_acc: 0.542857
Epoch: 130 train_loss: 0.004503 val_loss: 0.435366 val_acc: 0.657143 test_loss: 0.538217 test_acc: 0.514286
Epoch: 140 train_loss: 0.004597 val_loss: 0.430779 val_acc: 0.657143 test_loss: 0.547623 test_acc: 0.514286
Epoch: 150 train_loss: 0.004441 val_loss: 0.432261 val_acc: 0.600000 test_loss: 0.555725 test_acc: 0.514286
Epoch: 160 train_loss: 0.004219 val_loss: 0.425834 val_acc: 0.628571 test_loss: 0.558981 test_acc: 0.542857
Epoch: 170 train_loss: 0.004387 val_loss: 0.413735 val_acc: 0.657143 test_loss: 0.572478 test_acc: 0.542857
Epoch: 180 train_loss: 0.004205 val_loss: 0.421417 val_acc: 0.628571 test_loss: 0.602038 test_acc: 0.514286
Epoch: 190 train_loss: 0.004188 val_loss: 0.432153 val_acc: 0.657143 test_loss: 0.544149 test_acc: 0.542857
Epoch: 200 train_loss: 0.004332 val_loss: 0.429724 val_acc: 0.600000 test_loss: 0.590583 test_acc: 0.514286
Epoch: 210 train_loss: 0.004116 val_loss: 0.448028 val_acc: 0.628571 test_loss: 0.595313 test_acc: 0.485714
Epoch: 220 train_loss: 0.004007 val_loss: 0.418064 val_acc: 0.628571 test_loss: 0.581869 test_acc: 0.514286
Epoch: 230 train_loss: 0.003847 val_loss: 0.414672 val_acc: 0.685714 test_loss: 0.609564 test_acc: 0.485714
Epoch: 240 train_loss: 0.004036 val_loss: 0.433174 val_acc: 0.657143 test_loss: 0.632836 test_acc: 0.457143
Epoch: 250 train_loss: 0.004062 val_loss: 0.414550 val_acc: 0.657143 test_loss: 0.611766 test_acc: 0.514286
Epoch: 260 train_loss: 0.004058 val_loss: 0.429485 val_acc: 0.628571 test_loss: 0.652814 test_acc: 0.542857
Epoch: 270 train_loss: 0.004063 val_loss: 0.420983 val_acc: 0.600000 test_loss: 0.635959 test_acc: 0.485714
Epoch: 280 train_loss: 0.003983 val_loss: 0.413313 val_acc: 0.685714 test_loss: 0.652606 test_acc: 0.571429
Epoch: 290 train_loss: 0.003787 val_loss: 0.436999 val_acc: 0.685714 test_loss: 0.624378 test_acc: 0.600000
Epoch: 300 train_loss: 0.003887 val_loss: 0.421073 val_acc: 0.685714 test_loss: 0.622464 test_acc: 0.542857
Epoch: 310 train_loss: 0.003817 val_loss: 0.422842 val_acc: 0.742857 test_loss: 0.621708 test_acc: 0.600000
Epoch: 320 train_loss: 0.003872 val_loss: 0.439666 val_acc: 0.628571 test_loss: 0.637380 test_acc: 0.571429
Epoch: 330 train_loss: 0.003845 val_loss: 0.436563 val_acc: 0.685714 test_loss: 0.643618 test_acc: 0.571429
Epoch: 340 train_loss: 0.003918 val_loss: 0.425872 val_acc: 0.714286 test_loss: 0.649112 test_acc: 0.571429
Epoch: 350 train_loss: 0.004022 val_loss: 0.412760 val_acc: 0.685714 test_loss: 0.666069 test_acc: 0.600000
Epoch: 360 train_loss: 0.003806 val_loss: 0.428933 val_acc: 0.685714 test_loss: 0.661860 test_acc: 0.542857
Epoch: 370 train_loss: 0.004141 val_loss: 0.428303 val_acc: 0.685714 test_loss: 0.685582 test_acc: 0.600000
Epoch: 380 train_loss: 0.004058 val_loss: 0.410428 val_acc: 0.685714 test_loss: 0.651719 test_acc: 0.571429
Epoch: 390 train_loss: 0.003725 val_loss: 0.396400 val_acc: 0.771429 test_loss: 0.666135 test_acc: 0.600000
Epoch: 400 train_loss: 0.003938 val_loss: 0.437090 val_acc: 0.714286 test_loss: 0.646511 test_acc: 0.542857
Epoch: 410 train_loss: 0.003840 val_loss: 0.411180 val_acc: 0.771429 test_loss: 0.681910 test_acc: 0.514286
Epoch: 420 train_loss: 0.003880 val_loss: 0.418175 val_acc: 0.714286 test_loss: 0.675452 test_acc: 0.542857
Epoch: 430 train_loss: 0.003949 val_loss: 0.423699 val_acc: 0.685714 test_loss: 0.656386 test_acc: 0.571429
Epoch: 440 train_loss: 0.003475 val_loss: 0.413724 val_acc: 0.714286 test_loss: 0.677636 test_acc: 0.571429
Epoch: 450 train_loss: 0.003821 val_loss: 0.404909 val_acc: 0.771429 test_loss: 0.698430 test_acc: 0.514286
Epoch: 460 train_loss: 0.003567 val_loss: 0.414310 val_acc: 0.742857 test_loss: 0.697152 test_acc: 0.485714
Epoch: 470 train_loss: 0.003824 val_loss: 0.425471 val_acc: 0.742857 test_loss: 0.669923 test_acc: 0.542857
Epoch: 480 train_loss: 0.003840 val_loss: 0.402777 val_acc: 0.771429 test_loss: 0.693294 test_acc: 0.485714
Epoch: 490 train_loss: 0.003760 val_loss: 0.428681 val_acc: 0.742857 test_loss: 0.698549 test_acc: 0.514286
Epoch: 500 train_loss: 0.004000 val_loss: 0.410638 val_acc: 0.771429 test_loss: 0.707714 test_acc: 0.514286
Epoch: 510 train_loss: 0.003823 val_loss: 0.440938 val_acc: 0.685714 test_loss: 0.672805 test_acc: 0.514286
Epoch: 520 train_loss: 0.003823 val_loss: 0.428716 val_acc: 0.742857 test_loss: 0.698704 test_acc: 0.542857
Epoch: 530 train_loss: 0.003663 val_loss: 0.410332 val_acc: 0.771429 test_loss: 0.691533 test_acc: 0.542857
Epoch: 540 train_loss: 0.003880 val_loss: 0.405818 val_acc: 0.742857 test_loss: 0.689443 test_acc: 0.542857
Epoch: 550 train_loss: 0.003831 val_loss: 0.411664 val_acc: 0.714286 test_loss: 0.701580 test_acc: 0.514286
Epoch: 560 train_loss: 0.003799 val_loss: 0.411512 val_acc: 0.742857 test_loss: 0.701178 test_acc: 0.542857
Epoch: 570 train_loss: 0.003879 val_loss: 0.414143 val_acc: 0.771429 test_loss: 0.706677 test_acc: 0.514286
Epoch: 580 train_loss: 0.003697 val_loss: 0.442057 val_acc: 0.685714 test_loss: 0.703830 test_acc: 0.514286
Epoch: 590 train_loss: 0.003609 val_loss: 0.429120 val_acc: 0.771429 test_loss: 0.731196 test_acc: 0.542857
Epoch: 600 train_loss: 0.003741 val_loss: 0.420678 val_acc: 0.714286 test_loss: 0.701118 test_acc: 0.542857
Epoch: 610 train_loss: 0.003639 val_loss: 0.424904 val_acc: 0.685714 test_loss: 0.690206 test_acc: 0.542857
Epoch: 620 train_loss: 0.003876 val_loss: 0.416590 val_acc: 0.685714 test_loss: 0.712492 test_acc: 0.514286
Epoch: 630 train_loss: 0.003773 val_loss: 0.413752 val_acc: 0.685714 test_loss: 0.698453 test_acc: 0.542857
Epoch: 640 train_loss: 0.003637 val_loss: 0.419926 val_acc: 0.714286 test_loss: 0.716699 test_acc: 0.514286
Epoch: 650 train_loss: 0.003774 val_loss: 0.427469 val_acc: 0.714286 test_loss: 0.680844 test_acc: 0.542857
Epoch: 660 train_loss: 0.003559 val_loss: 0.419124 val_acc: 0.685714 test_loss: 0.703179 test_acc: 0.514286
Epoch: 670 train_loss: 0.003400 val_loss: 0.408538 val_acc: 0.742857 test_loss: 0.701205 test_acc: 0.542857
Epoch: 680 train_loss: 0.003785 val_loss: 0.408785 val_acc: 0.771429 test_loss: 0.703095 test_acc: 0.542857
Epoch: 690 train_loss: 0.003595 val_loss: 0.428295 val_acc: 0.714286 test_loss: 0.712008 test_acc: 0.542857
Epoch: 700 train_loss: 0.003325 val_loss: 0.421964 val_acc: 0.714286 test_loss: 0.716448 test_acc: 0.542857
Epoch: 710 train_loss: 0.003562 val_loss: 0.423775 val_acc: 0.685714 test_loss: 0.702281 test_acc: 0.542857
Epoch: 720 train_loss: 0.003624 val_loss: 0.434043 val_acc: 0.685714 test_loss: 0.710128 test_acc: 0.514286
Epoch: 730 train_loss: 0.003554 val_loss: 0.413380 val_acc: 0.742857 test_loss: 0.706893 test_acc: 0.542857
Epoch: 740 train_loss: 0.003688 val_loss: 0.419962 val_acc: 0.714286 test_loss: 0.725823 test_acc: 0.514286
Epoch: 750 train_loss: 0.003627 val_loss: 0.417598 val_acc: 0.685714 test_loss: 0.703673 test_acc: 0.542857
Epoch: 760 train_loss: 0.003689 val_loss: 0.425747 val_acc: 0.685714 test_loss: 0.708683 test_acc: 0.514286
Epoch: 770 train_loss: 0.003932 val_loss: 0.412108 val_acc: 0.771429 test_loss: 0.712063 test_acc: 0.542857
Epoch: 780 train_loss: 0.003500 val_loss: 0.417209 val_acc: 0.657143 test_loss: 0.711763 test_acc: 0.542857
Epoch: 790 train_loss: 0.003587 val_loss: 0.427881 val_acc: 0.685714 test_loss: 0.711502 test_acc: 0.542857
------------- 9 val_acc: 0.8000 test_acc: 0.5143 best_test: 0.6000 -----------------
[0.6666666666666666, 0.6857142857142857, 0.6857142857142857, 0.6285714285714286, 0.7142857142857143, 0.7142857142857143, 0.6857142857142857, 0.5714285714285714, 0.6, 0.5142857142857142]
[0.8055555555555556, 0.7428571428571429, 0.7714285714285715, 0.7142857142857143, 0.8285714285714286, 0.8, 0.8571428571428571, 0.6857142857142857, 0.8, 0.6]
[10 Fold results] data_val:76.34  5.90 data_test:64.67  6.31 best_test:76.06  7.28
