/home/dongrui/anaconda3/envs/dr/lib/python3.9/site-packages/torch_geometric/data/in_memory_dataset.py:284: UserWarning: It is not recommended to directly access the internal storage format `data` of an 'InMemoryDataset'. If you are absolutely certain what you are doing, access the internal storage via `InMemoryDataset._data` instead to suppress this warning. Alternatively, you can access stacked individual attributes of every graph via `dataset.{attr_name}`.
  warnings.warn(msg)
Namespace(device='cuda:0', dataset='PTC_FR', in_size=19, num_classes=2, model_name='fusion_tm', fusion_type='early', gcn_channels=3, gcn_hidden=128, gcn_layers=4, gcn_dropout=0.1, trans_num_layers=4, input_node_dim=19, hidden_node_dim=32, input_edge_dim=4, hidden_edge_dim=32, ouput_dim=None, n_heads=4, max_in_degree=5, max_out_degree=5, max_path_distance=5, hidden_dim=128, num_layers=4, num_features=19, num_heads=8, dropout=0.1, pos_encoding='gcn', att_dropout=0.1, d_k=64, d_v=64, pos_embed_type='s', alpha=0.4, num_fusion_layers=6, eta=0.5, ffn_dim=128, num_trans_layers=3, lam1=0.2, lam2=0.2, theta1=0.15, theta2=0.4, theta3=0.4, gamma=0.7, loss_log=2, folds=10, lr=1e-05, weight_decay=5e-05, batch_size=128, epoches=800, output_dim=2)
/home/dongrui/anaconda3/envs/dr/lib/python3.9/site-packages/torch_geometric/data/in_memory_dataset.py:284: UserWarning: It is not recommended to directly access the internal storage format `data` of an 'InMemoryDataset'. The given 'InMemoryDataset' only references a subset of examples of the full dataset, but 'data' will contain information of the full dataset. The data of the dataset is already cached, so any modifications to `data` will not be reflected when accessing its elements. Clearing the cache now by removing all elements in `dataset._data_list`. If you are absolutely certain what you are doing, access the internal storage via `InMemoryDataset._data` instead to suppress this warning. Alternatively, you can access stacked individual attributes of every graph via `dataset.{attr_name}`.
  warnings.warn(msg)
Fold: 0
Epoch: 000 train_loss: 0.005328 val_loss: 0.514216 val_acc: 0.514286 test_loss: 0.444863 test_acc: 0.638889
Epoch: 010 train_loss: 0.004825 val_loss: 0.527023 val_acc: 0.485714 test_loss: 0.429848 test_acc: 0.694444
Epoch: 020 train_loss: 0.004775 val_loss: 0.513020 val_acc: 0.485714 test_loss: 0.428294 test_acc: 0.722222
Epoch: 030 train_loss: 0.004607 val_loss: 0.513201 val_acc: 0.485714 test_loss: 0.425620 test_acc: 0.722222
Epoch: 040 train_loss: 0.004535 val_loss: 0.541469 val_acc: 0.514286 test_loss: 0.462683 test_acc: 0.555556
Epoch: 050 train_loss: 0.004522 val_loss: 0.537945 val_acc: 0.571429 test_loss: 0.448170 test_acc: 0.611111
Epoch: 060 train_loss: 0.004244 val_loss: 0.532600 val_acc: 0.657143 test_loss: 0.436290 test_acc: 0.638889
Epoch: 070 train_loss: 0.004298 val_loss: 0.590312 val_acc: 0.571429 test_loss: 0.465354 test_acc: 0.750000
Epoch: 080 train_loss: 0.004559 val_loss: 0.547427 val_acc: 0.571429 test_loss: 0.418095 test_acc: 0.694444
Epoch: 090 train_loss: 0.004294 val_loss: 0.559704 val_acc: 0.628571 test_loss: 0.444885 test_acc: 0.638889
Epoch: 100 train_loss: 0.004161 val_loss: 0.536381 val_acc: 0.600000 test_loss: 0.469869 test_acc: 0.583333
Epoch: 110 train_loss: 0.004084 val_loss: 0.561506 val_acc: 0.600000 test_loss: 0.484181 test_acc: 0.555556
Epoch: 120 train_loss: 0.003872 val_loss: 0.580526 val_acc: 0.571429 test_loss: 0.493506 test_acc: 0.611111
Epoch: 130 train_loss: 0.004036 val_loss: 0.570756 val_acc: 0.628571 test_loss: 0.495231 test_acc: 0.638889
Epoch: 140 train_loss: 0.004000 val_loss: 0.583027 val_acc: 0.628571 test_loss: 0.502042 test_acc: 0.527778
Epoch: 150 train_loss: 0.004013 val_loss: 0.571669 val_acc: 0.657143 test_loss: 0.486991 test_acc: 0.555556
Epoch: 160 train_loss: 0.003909 val_loss: 0.547491 val_acc: 0.685714 test_loss: 0.481112 test_acc: 0.583333
Epoch: 170 train_loss: 0.003942 val_loss: 0.555992 val_acc: 0.714286 test_loss: 0.506530 test_acc: 0.583333
Epoch: 180 train_loss: 0.003736 val_loss: 0.572564 val_acc: 0.685714 test_loss: 0.503507 test_acc: 0.583333
Epoch: 190 train_loss: 0.004042 val_loss: 0.587913 val_acc: 0.600000 test_loss: 0.536575 test_acc: 0.500000
Epoch: 200 train_loss: 0.003902 val_loss: 0.565774 val_acc: 0.685714 test_loss: 0.492267 test_acc: 0.555556
Epoch: 210 train_loss: 0.003834 val_loss: 0.570353 val_acc: 0.600000 test_loss: 0.498723 test_acc: 0.583333
Epoch: 220 train_loss: 0.003848 val_loss: 0.584577 val_acc: 0.628571 test_loss: 0.524085 test_acc: 0.555556
Epoch: 230 train_loss: 0.003978 val_loss: 0.587332 val_acc: 0.628571 test_loss: 0.516193 test_acc: 0.555556
Epoch: 240 train_loss: 0.003961 val_loss: 0.576635 val_acc: 0.685714 test_loss: 0.480963 test_acc: 0.638889
Epoch: 250 train_loss: 0.003836 val_loss: 0.568242 val_acc: 0.685714 test_loss: 0.530008 test_acc: 0.638889
Epoch: 260 train_loss: 0.003754 val_loss: 0.589414 val_acc: 0.628571 test_loss: 0.518133 test_acc: 0.638889
Epoch: 270 train_loss: 0.003712 val_loss: 0.568045 val_acc: 0.714286 test_loss: 0.509220 test_acc: 0.666667
Epoch: 280 train_loss: 0.003768 val_loss: 0.585092 val_acc: 0.685714 test_loss: 0.509883 test_acc: 0.638889
Epoch: 290 train_loss: 0.003583 val_loss: 0.586400 val_acc: 0.685714 test_loss: 0.535705 test_acc: 0.611111
Epoch: 300 train_loss: 0.003800 val_loss: 0.575403 val_acc: 0.657143 test_loss: 0.533718 test_acc: 0.611111
Epoch: 310 train_loss: 0.003499 val_loss: 0.572752 val_acc: 0.685714 test_loss: 0.538903 test_acc: 0.638889
Epoch: 320 train_loss: 0.003858 val_loss: 0.578125 val_acc: 0.657143 test_loss: 0.571310 test_acc: 0.611111
Epoch: 330 train_loss: 0.003896 val_loss: 0.579107 val_acc: 0.714286 test_loss: 0.550003 test_acc: 0.611111
Epoch: 340 train_loss: 0.003903 val_loss: 0.598932 val_acc: 0.657143 test_loss: 0.586799 test_acc: 0.555556
Epoch: 350 train_loss: 0.003763 val_loss: 0.579163 val_acc: 0.685714 test_loss: 0.571069 test_acc: 0.611111
Epoch: 360 train_loss: 0.003652 val_loss: 0.571991 val_acc: 0.714286 test_loss: 0.570699 test_acc: 0.611111
Epoch: 370 train_loss: 0.003703 val_loss: 0.576797 val_acc: 0.657143 test_loss: 0.522345 test_acc: 0.611111
Epoch: 380 train_loss: 0.003456 val_loss: 0.580497 val_acc: 0.685714 test_loss: 0.561412 test_acc: 0.611111
Epoch: 390 train_loss: 0.003571 val_loss: 0.590380 val_acc: 0.685714 test_loss: 0.576749 test_acc: 0.611111
Epoch: 400 train_loss: 0.003772 val_loss: 0.564542 val_acc: 0.685714 test_loss: 0.536911 test_acc: 0.583333
Epoch: 410 train_loss: 0.003594 val_loss: 0.574353 val_acc: 0.685714 test_loss: 0.574007 test_acc: 0.611111
Epoch: 420 train_loss: 0.003639 val_loss: 0.569903 val_acc: 0.714286 test_loss: 0.557546 test_acc: 0.611111
Epoch: 430 train_loss: 0.003445 val_loss: 0.588013 val_acc: 0.714286 test_loss: 0.563872 test_acc: 0.611111
Epoch: 440 train_loss: 0.003574 val_loss: 0.572090 val_acc: 0.714286 test_loss: 0.568660 test_acc: 0.611111
Epoch: 450 train_loss: 0.003396 val_loss: 0.561429 val_acc: 0.714286 test_loss: 0.528176 test_acc: 0.611111
Epoch: 460 train_loss: 0.003521 val_loss: 0.577994 val_acc: 0.714286 test_loss: 0.555909 test_acc: 0.611111
Epoch: 470 train_loss: 0.003489 val_loss: 0.582631 val_acc: 0.685714 test_loss: 0.586759 test_acc: 0.611111
Epoch: 480 train_loss: 0.003393 val_loss: 0.582019 val_acc: 0.657143 test_loss: 0.589502 test_acc: 0.611111
Epoch: 490 train_loss: 0.003532 val_loss: 0.591620 val_acc: 0.628571 test_loss: 0.598880 test_acc: 0.611111
Epoch: 500 train_loss: 0.003365 val_loss: 0.579655 val_acc: 0.685714 test_loss: 0.563861 test_acc: 0.638889
Epoch: 510 train_loss: 0.003391 val_loss: 0.579529 val_acc: 0.657143 test_loss: 0.586325 test_acc: 0.611111
Epoch: 520 train_loss: 0.003697 val_loss: 0.587645 val_acc: 0.685714 test_loss: 0.583592 test_acc: 0.611111
Epoch: 530 train_loss: 0.003455 val_loss: 0.579054 val_acc: 0.628571 test_loss: 0.593186 test_acc: 0.611111
Epoch: 540 train_loss: 0.003498 val_loss: 0.578293 val_acc: 0.657143 test_loss: 0.591299 test_acc: 0.611111
Epoch: 550 train_loss: 0.003458 val_loss: 0.579780 val_acc: 0.657143 test_loss: 0.586285 test_acc: 0.583333
Epoch: 560 train_loss: 0.003729 val_loss: 0.589447 val_acc: 0.657143 test_loss: 0.612335 test_acc: 0.583333
Epoch: 570 train_loss: 0.003418 val_loss: 0.596943 val_acc: 0.657143 test_loss: 0.589493 test_acc: 0.583333
Epoch: 580 train_loss: 0.003628 val_loss: 0.589933 val_acc: 0.628571 test_loss: 0.593268 test_acc: 0.611111
Epoch: 590 train_loss: 0.003551 val_loss: 0.581194 val_acc: 0.685714 test_loss: 0.579184 test_acc: 0.638889
Epoch: 600 train_loss: 0.003219 val_loss: 0.584397 val_acc: 0.657143 test_loss: 0.594050 test_acc: 0.638889
Epoch: 610 train_loss: 0.003532 val_loss: 0.586386 val_acc: 0.685714 test_loss: 0.579378 test_acc: 0.638889
Epoch: 620 train_loss: 0.003567 val_loss: 0.586164 val_acc: 0.657143 test_loss: 0.604087 test_acc: 0.638889
Epoch: 630 train_loss: 0.003485 val_loss: 0.585523 val_acc: 0.657143 test_loss: 0.598558 test_acc: 0.611111
Epoch: 640 train_loss: 0.003397 val_loss: 0.574739 val_acc: 0.685714 test_loss: 0.594636 test_acc: 0.611111
Epoch: 650 train_loss: 0.003483 val_loss: 0.574902 val_acc: 0.657143 test_loss: 0.592475 test_acc: 0.638889
Epoch: 660 train_loss: 0.003388 val_loss: 0.579701 val_acc: 0.685714 test_loss: 0.599385 test_acc: 0.611111
Epoch: 670 train_loss: 0.003535 val_loss: 0.583410 val_acc: 0.628571 test_loss: 0.599859 test_acc: 0.611111
Epoch: 680 train_loss: 0.003704 val_loss: 0.588969 val_acc: 0.657143 test_loss: 0.602119 test_acc: 0.611111
Epoch: 690 train_loss: 0.003628 val_loss: 0.585713 val_acc: 0.657143 test_loss: 0.582306 test_acc: 0.611111
Epoch: 700 train_loss: 0.003481 val_loss: 0.585161 val_acc: 0.571429 test_loss: 0.609458 test_acc: 0.583333
Epoch: 710 train_loss: 0.003500 val_loss: 0.579646 val_acc: 0.600000 test_loss: 0.599853 test_acc: 0.611111
Epoch: 720 train_loss: 0.003265 val_loss: 0.585288 val_acc: 0.657143 test_loss: 0.606513 test_acc: 0.638889
Epoch: 730 train_loss: 0.003542 val_loss: 0.588642 val_acc: 0.657143 test_loss: 0.600994 test_acc: 0.611111
Epoch: 740 train_loss: 0.003361 val_loss: 0.585085 val_acc: 0.628571 test_loss: 0.609225 test_acc: 0.583333
Epoch: 750 train_loss: 0.003564 val_loss: 0.585774 val_acc: 0.628571 test_loss: 0.604216 test_acc: 0.611111
Epoch: 760 train_loss: 0.003525 val_loss: 0.582440 val_acc: 0.657143 test_loss: 0.595198 test_acc: 0.611111
Epoch: 770 train_loss: 0.003422 val_loss: 0.588764 val_acc: 0.600000 test_loss: 0.612722 test_acc: 0.611111
Epoch: 780 train_loss: 0.003419 val_loss: 0.582559 val_acc: 0.657143 test_loss: 0.604480 test_acc: 0.638889
Epoch: 790 train_loss: 0.003326 val_loss: 0.590392 val_acc: 0.628571 test_loss: 0.615103 test_acc: 0.611111
------------- 0 val_acc: 0.7429 test_acc: 0.6944 best_test: 0.7778 -----------------
Fold: 1
Epoch: 000 train_loss: 0.005829 val_loss: 0.522894 val_acc: 0.472222 test_loss: 0.507873 test_acc: 0.400000
Epoch: 010 train_loss: 0.004873 val_loss: 0.429927 val_acc: 0.750000 test_loss: 0.472793 test_acc: 0.657143
Epoch: 020 train_loss: 0.004986 val_loss: 0.423473 val_acc: 0.750000 test_loss: 0.485164 test_acc: 0.657143
Epoch: 030 train_loss: 0.004621 val_loss: 0.429648 val_acc: 0.750000 test_loss: 0.489151 test_acc: 0.657143
Epoch: 040 train_loss: 0.004717 val_loss: 0.436334 val_acc: 0.777778 test_loss: 0.509043 test_acc: 0.685714
Epoch: 050 train_loss: 0.004831 val_loss: 0.444029 val_acc: 0.666667 test_loss: 0.514416 test_acc: 0.657143
Epoch: 060 train_loss: 0.004803 val_loss: 0.440227 val_acc: 0.750000 test_loss: 0.511519 test_acc: 0.657143
Epoch: 070 train_loss: 0.004813 val_loss: 0.427899 val_acc: 0.750000 test_loss: 0.494946 test_acc: 0.714286
Epoch: 080 train_loss: 0.004696 val_loss: 0.428167 val_acc: 0.722222 test_loss: 0.508253 test_acc: 0.714286
Epoch: 090 train_loss: 0.004813 val_loss: 0.446343 val_acc: 0.666667 test_loss: 0.505648 test_acc: 0.628571
Epoch: 100 train_loss: 0.004552 val_loss: 0.426440 val_acc: 0.722222 test_loss: 0.493782 test_acc: 0.714286
Epoch: 110 train_loss: 0.004714 val_loss: 0.421950 val_acc: 0.750000 test_loss: 0.509152 test_acc: 0.714286
Epoch: 120 train_loss: 0.004611 val_loss: 0.413777 val_acc: 0.777778 test_loss: 0.493931 test_acc: 0.714286
Epoch: 130 train_loss: 0.004477 val_loss: 0.401253 val_acc: 0.750000 test_loss: 0.482181 test_acc: 0.714286
Epoch: 140 train_loss: 0.004785 val_loss: 0.404677 val_acc: 0.750000 test_loss: 0.490805 test_acc: 0.714286
Epoch: 150 train_loss: 0.004735 val_loss: 0.405208 val_acc: 0.750000 test_loss: 0.481987 test_acc: 0.714286
Epoch: 160 train_loss: 0.004423 val_loss: 0.437042 val_acc: 0.722222 test_loss: 0.507110 test_acc: 0.657143
Epoch: 170 train_loss: 0.004855 val_loss: 0.475182 val_acc: 0.611111 test_loss: 0.554605 test_acc: 0.628571
Epoch: 180 train_loss: 0.004781 val_loss: 0.412305 val_acc: 0.777778 test_loss: 0.510605 test_acc: 0.714286
Epoch: 190 train_loss: 0.004360 val_loss: 0.444453 val_acc: 0.638889 test_loss: 0.523671 test_acc: 0.657143
Epoch: 200 train_loss: 0.004451 val_loss: 0.497973 val_acc: 0.555556 test_loss: 0.550306 test_acc: 0.600000
Epoch: 210 train_loss: 0.004544 val_loss: 0.538406 val_acc: 0.583333 test_loss: 0.568380 test_acc: 0.600000
Epoch: 220 train_loss: 0.004353 val_loss: 0.445965 val_acc: 0.638889 test_loss: 0.500234 test_acc: 0.657143
Epoch: 230 train_loss: 0.004590 val_loss: 0.546188 val_acc: 0.583333 test_loss: 0.545908 test_acc: 0.600000
Epoch: 240 train_loss: 0.004394 val_loss: 0.556424 val_acc: 0.583333 test_loss: 0.567686 test_acc: 0.600000
Epoch: 250 train_loss: 0.004350 val_loss: 0.412760 val_acc: 0.750000 test_loss: 0.512994 test_acc: 0.714286
Epoch: 260 train_loss: 0.004172 val_loss: 0.494427 val_acc: 0.638889 test_loss: 0.563692 test_acc: 0.600000
Epoch: 270 train_loss: 0.004216 val_loss: 0.533654 val_acc: 0.638889 test_loss: 0.600651 test_acc: 0.600000
Epoch: 280 train_loss: 0.004287 val_loss: 0.592617 val_acc: 0.527778 test_loss: 0.600969 test_acc: 0.571429
Epoch: 290 train_loss: 0.004034 val_loss: 0.550662 val_acc: 0.611111 test_loss: 0.571189 test_acc: 0.628571
Epoch: 300 train_loss: 0.004330 val_loss: 0.541189 val_acc: 0.583333 test_loss: 0.569935 test_acc: 0.600000
Epoch: 310 train_loss: 0.003999 val_loss: 0.494631 val_acc: 0.638889 test_loss: 0.597000 test_acc: 0.657143
Epoch: 320 train_loss: 0.004110 val_loss: 0.545000 val_acc: 0.611111 test_loss: 0.590090 test_acc: 0.628571
Epoch: 330 train_loss: 0.004063 val_loss: 0.515366 val_acc: 0.583333 test_loss: 0.569765 test_acc: 0.657143
Epoch: 340 train_loss: 0.004085 val_loss: 0.536890 val_acc: 0.555556 test_loss: 0.572816 test_acc: 0.600000
Epoch: 350 train_loss: 0.004048 val_loss: 0.569390 val_acc: 0.638889 test_loss: 0.614734 test_acc: 0.657143
Epoch: 360 train_loss: 0.004266 val_loss: 0.554235 val_acc: 0.555556 test_loss: 0.586186 test_acc: 0.628571
Epoch: 370 train_loss: 0.003876 val_loss: 0.573541 val_acc: 0.583333 test_loss: 0.606233 test_acc: 0.628571
Epoch: 380 train_loss: 0.003759 val_loss: 0.571836 val_acc: 0.611111 test_loss: 0.619019 test_acc: 0.600000
Epoch: 390 train_loss: 0.004218 val_loss: 0.582692 val_acc: 0.555556 test_loss: 0.591364 test_acc: 0.628571
Epoch: 400 train_loss: 0.003962 val_loss: 0.566626 val_acc: 0.611111 test_loss: 0.600151 test_acc: 0.628571
Epoch: 410 train_loss: 0.003936 val_loss: 0.559743 val_acc: 0.555556 test_loss: 0.589473 test_acc: 0.600000
Epoch: 420 train_loss: 0.003819 val_loss: 0.566483 val_acc: 0.611111 test_loss: 0.627613 test_acc: 0.657143
Epoch: 430 train_loss: 0.003822 val_loss: 0.609052 val_acc: 0.527778 test_loss: 0.599585 test_acc: 0.628571
Epoch: 440 train_loss: 0.004207 val_loss: 0.594373 val_acc: 0.638889 test_loss: 0.613434 test_acc: 0.657143
Epoch: 450 train_loss: 0.003948 val_loss: 0.631618 val_acc: 0.555556 test_loss: 0.611483 test_acc: 0.628571
Epoch: 460 train_loss: 0.004000 val_loss: 0.595829 val_acc: 0.555556 test_loss: 0.603960 test_acc: 0.600000
Epoch: 470 train_loss: 0.003975 val_loss: 0.558032 val_acc: 0.555556 test_loss: 0.595344 test_acc: 0.628571
Epoch: 480 train_loss: 0.003769 val_loss: 0.548231 val_acc: 0.583333 test_loss: 0.604125 test_acc: 0.628571
Epoch: 490 train_loss: 0.003876 val_loss: 0.566811 val_acc: 0.555556 test_loss: 0.576517 test_acc: 0.657143
Epoch: 500 train_loss: 0.003889 val_loss: 0.596493 val_acc: 0.555556 test_loss: 0.578981 test_acc: 0.657143
Epoch: 510 train_loss: 0.004013 val_loss: 0.586475 val_acc: 0.611111 test_loss: 0.616985 test_acc: 0.657143
Epoch: 520 train_loss: 0.003783 val_loss: 0.598869 val_acc: 0.527778 test_loss: 0.593818 test_acc: 0.657143
Epoch: 530 train_loss: 0.003919 val_loss: 0.613800 val_acc: 0.527778 test_loss: 0.619145 test_acc: 0.628571
Epoch: 540 train_loss: 0.003900 val_loss: 0.584813 val_acc: 0.611111 test_loss: 0.621353 test_acc: 0.657143
Epoch: 550 train_loss: 0.003891 val_loss: 0.593750 val_acc: 0.611111 test_loss: 0.620545 test_acc: 0.657143
Epoch: 560 train_loss: 0.003657 val_loss: 0.555321 val_acc: 0.583333 test_loss: 0.567587 test_acc: 0.657143
Epoch: 570 train_loss: 0.003875 val_loss: 0.568936 val_acc: 0.555556 test_loss: 0.590268 test_acc: 0.657143
Epoch: 580 train_loss: 0.003757 val_loss: 0.598377 val_acc: 0.583333 test_loss: 0.606485 test_acc: 0.657143
Epoch: 590 train_loss: 0.004333 val_loss: 0.662437 val_acc: 0.527778 test_loss: 0.598310 test_acc: 0.628571
Epoch: 600 train_loss: 0.003659 val_loss: 0.563737 val_acc: 0.555556 test_loss: 0.591414 test_acc: 0.657143
Epoch: 610 train_loss: 0.003771 val_loss: 0.581409 val_acc: 0.555556 test_loss: 0.589093 test_acc: 0.628571
Epoch: 620 train_loss: 0.003823 val_loss: 0.587292 val_acc: 0.583333 test_loss: 0.608430 test_acc: 0.657143
Epoch: 630 train_loss: 0.003974 val_loss: 0.585096 val_acc: 0.638889 test_loss: 0.608642 test_acc: 0.685714
Epoch: 640 train_loss: 0.003724 val_loss: 0.610960 val_acc: 0.527778 test_loss: 0.597756 test_acc: 0.657143
Epoch: 650 train_loss: 0.003808 val_loss: 0.598973 val_acc: 0.583333 test_loss: 0.598010 test_acc: 0.685714
Epoch: 660 train_loss: 0.003753 val_loss: 0.574690 val_acc: 0.583333 test_loss: 0.597916 test_acc: 0.685714
Epoch: 670 train_loss: 0.003738 val_loss: 0.608906 val_acc: 0.527778 test_loss: 0.601011 test_acc: 0.685714
Epoch: 680 train_loss: 0.003745 val_loss: 0.628393 val_acc: 0.555556 test_loss: 0.612331 test_acc: 0.657143
Epoch: 690 train_loss: 0.003729 val_loss: 0.596052 val_acc: 0.638889 test_loss: 0.612879 test_acc: 0.685714
Epoch: 700 train_loss: 0.004029 val_loss: 0.597732 val_acc: 0.555556 test_loss: 0.595348 test_acc: 0.685714
Epoch: 710 train_loss: 0.003830 val_loss: 0.599032 val_acc: 0.611111 test_loss: 0.618467 test_acc: 0.685714
Epoch: 720 train_loss: 0.003779 val_loss: 0.592998 val_acc: 0.611111 test_loss: 0.610017 test_acc: 0.685714
Epoch: 730 train_loss: 0.003541 val_loss: 0.599549 val_acc: 0.583333 test_loss: 0.615548 test_acc: 0.685714
Epoch: 740 train_loss: 0.003748 val_loss: 0.609819 val_acc: 0.583333 test_loss: 0.606960 test_acc: 0.714286
Epoch: 750 train_loss: 0.003428 val_loss: 0.587250 val_acc: 0.611111 test_loss: 0.614688 test_acc: 0.685714
Epoch: 760 train_loss: 0.003798 val_loss: 0.617606 val_acc: 0.555556 test_loss: 0.606423 test_acc: 0.685714
Epoch: 770 train_loss: 0.004052 val_loss: 0.598932 val_acc: 0.555556 test_loss: 0.601033 test_acc: 0.685714
Epoch: 780 train_loss: 0.003848 val_loss: 0.604141 val_acc: 0.527778 test_loss: 0.606712 test_acc: 0.685714
Epoch: 790 train_loss: 0.003818 val_loss: 0.605444 val_acc: 0.583333 test_loss: 0.607462 test_acc: 0.685714
------------- 1 val_acc: 0.8056 test_acc: 0.6857 best_test: 0.7429 -----------------
Fold: 2
Epoch: 000 train_loss: 0.006205 val_loss: 0.502384 val_acc: 0.600000 test_loss: 0.479460 test_acc: 0.600000
Epoch: 010 train_loss: 0.005032 val_loss: 0.487367 val_acc: 0.600000 test_loss: 0.457585 test_acc: 0.685714
Epoch: 020 train_loss: 0.004954 val_loss: 0.483140 val_acc: 0.657143 test_loss: 0.452363 test_acc: 0.685714
Epoch: 030 train_loss: 0.004857 val_loss: 0.490552 val_acc: 0.657143 test_loss: 0.436190 test_acc: 0.685714
Epoch: 040 train_loss: 0.004893 val_loss: 0.481489 val_acc: 0.685714 test_loss: 0.439182 test_acc: 0.685714
Epoch: 050 train_loss: 0.004938 val_loss: 0.481661 val_acc: 0.685714 test_loss: 0.436863 test_acc: 0.685714
Epoch: 060 train_loss: 0.004820 val_loss: 0.493509 val_acc: 0.685714 test_loss: 0.438282 test_acc: 0.685714
Epoch: 070 train_loss: 0.004870 val_loss: 0.485280 val_acc: 0.685714 test_loss: 0.443798 test_acc: 0.771429
Epoch: 080 train_loss: 0.004671 val_loss: 0.496363 val_acc: 0.685714 test_loss: 0.443301 test_acc: 0.714286
Epoch: 090 train_loss: 0.004658 val_loss: 0.498046 val_acc: 0.685714 test_loss: 0.429234 test_acc: 0.685714
Epoch: 100 train_loss: 0.004486 val_loss: 0.497390 val_acc: 0.685714 test_loss: 0.452623 test_acc: 0.685714
Epoch: 110 train_loss: 0.004583 val_loss: 0.498699 val_acc: 0.685714 test_loss: 0.426877 test_acc: 0.657143
Epoch: 120 train_loss: 0.004650 val_loss: 0.499440 val_acc: 0.685714 test_loss: 0.438642 test_acc: 0.685714
Epoch: 130 train_loss: 0.004573 val_loss: 0.499591 val_acc: 0.657143 test_loss: 0.453847 test_acc: 0.657143
Epoch: 140 train_loss: 0.004797 val_loss: 0.501694 val_acc: 0.714286 test_loss: 0.428942 test_acc: 0.714286
Epoch: 150 train_loss: 0.004424 val_loss: 0.505641 val_acc: 0.685714 test_loss: 0.434358 test_acc: 0.628571
Epoch: 160 train_loss: 0.004580 val_loss: 0.497318 val_acc: 0.714286 test_loss: 0.441010 test_acc: 0.685714
Epoch: 170 train_loss: 0.004568 val_loss: 0.491410 val_acc: 0.685714 test_loss: 0.437600 test_acc: 0.714286
Epoch: 180 train_loss: 0.004440 val_loss: 0.522540 val_acc: 0.685714 test_loss: 0.429267 test_acc: 0.685714
Epoch: 190 train_loss: 0.004486 val_loss: 0.506060 val_acc: 0.657143 test_loss: 0.443892 test_acc: 0.714286
Epoch: 200 train_loss: 0.004585 val_loss: 0.504502 val_acc: 0.685714 test_loss: 0.439262 test_acc: 0.714286
Epoch: 210 train_loss: 0.004392 val_loss: 0.494087 val_acc: 0.685714 test_loss: 0.435295 test_acc: 0.685714
Epoch: 220 train_loss: 0.004381 val_loss: 0.512976 val_acc: 0.657143 test_loss: 0.423795 test_acc: 0.657143
Epoch: 230 train_loss: 0.004651 val_loss: 0.499323 val_acc: 0.657143 test_loss: 0.442591 test_acc: 0.628571
Epoch: 240 train_loss: 0.004440 val_loss: 0.493194 val_acc: 0.600000 test_loss: 0.443831 test_acc: 0.600000
Epoch: 250 train_loss: 0.004421 val_loss: 0.494755 val_acc: 0.685714 test_loss: 0.429586 test_acc: 0.657143
Epoch: 260 train_loss: 0.004284 val_loss: 0.512423 val_acc: 0.657143 test_loss: 0.433692 test_acc: 0.714286
Epoch: 270 train_loss: 0.004632 val_loss: 0.495184 val_acc: 0.571429 test_loss: 0.459889 test_acc: 0.600000
Epoch: 280 train_loss: 0.004428 val_loss: 0.500912 val_acc: 0.485714 test_loss: 0.473034 test_acc: 0.628571
Epoch: 290 train_loss: 0.004358 val_loss: 0.505929 val_acc: 0.628571 test_loss: 0.441427 test_acc: 0.685714
Epoch: 300 train_loss: 0.004556 val_loss: 0.501691 val_acc: 0.542857 test_loss: 0.460529 test_acc: 0.657143
Epoch: 310 train_loss: 0.004292 val_loss: 0.511786 val_acc: 0.657143 test_loss: 0.438430 test_acc: 0.714286
Epoch: 320 train_loss: 0.004534 val_loss: 0.516322 val_acc: 0.685714 test_loss: 0.436322 test_acc: 0.714286
Epoch: 330 train_loss: 0.004311 val_loss: 0.510523 val_acc: 0.628571 test_loss: 0.444699 test_acc: 0.657143
Epoch: 340 train_loss: 0.004258 val_loss: 0.499850 val_acc: 0.628571 test_loss: 0.450426 test_acc: 0.628571
Epoch: 350 train_loss: 0.004270 val_loss: 0.493038 val_acc: 0.628571 test_loss: 0.440657 test_acc: 0.657143
Epoch: 360 train_loss: 0.004264 val_loss: 0.520331 val_acc: 0.571429 test_loss: 0.455559 test_acc: 0.714286
Epoch: 370 train_loss: 0.004232 val_loss: 0.511212 val_acc: 0.628571 test_loss: 0.432888 test_acc: 0.685714
Epoch: 380 train_loss: 0.004176 val_loss: 0.488356 val_acc: 0.657143 test_loss: 0.450633 test_acc: 0.628571
Epoch: 390 train_loss: 0.004372 val_loss: 0.528595 val_acc: 0.657143 test_loss: 0.445824 test_acc: 0.714286
Epoch: 400 train_loss: 0.004165 val_loss: 0.502353 val_acc: 0.628571 test_loss: 0.451342 test_acc: 0.685714
Epoch: 410 train_loss: 0.004249 val_loss: 0.516703 val_acc: 0.600000 test_loss: 0.450826 test_acc: 0.685714
Epoch: 420 train_loss: 0.004440 val_loss: 0.520091 val_acc: 0.628571 test_loss: 0.446684 test_acc: 0.714286
Epoch: 430 train_loss: 0.004378 val_loss: 0.540494 val_acc: 0.657143 test_loss: 0.446459 test_acc: 0.714286
Epoch: 440 train_loss: 0.004352 val_loss: 0.477924 val_acc: 0.628571 test_loss: 0.451029 test_acc: 0.600000
Epoch: 450 train_loss: 0.004409 val_loss: 0.498802 val_acc: 0.628571 test_loss: 0.459970 test_acc: 0.657143
Epoch: 460 train_loss: 0.004255 val_loss: 0.504002 val_acc: 0.685714 test_loss: 0.446566 test_acc: 0.685714
Epoch: 470 train_loss: 0.004024 val_loss: 0.509364 val_acc: 0.657143 test_loss: 0.445561 test_acc: 0.714286
Epoch: 480 train_loss: 0.004227 val_loss: 0.496764 val_acc: 0.600000 test_loss: 0.465967 test_acc: 0.657143
Epoch: 490 train_loss: 0.004339 val_loss: 0.504980 val_acc: 0.628571 test_loss: 0.462572 test_acc: 0.657143
Epoch: 500 train_loss: 0.004175 val_loss: 0.525831 val_acc: 0.628571 test_loss: 0.450330 test_acc: 0.714286
Epoch: 510 train_loss: 0.004302 val_loss: 0.500406 val_acc: 0.628571 test_loss: 0.456138 test_acc: 0.685714
Epoch: 520 train_loss: 0.003903 val_loss: 0.514481 val_acc: 0.657143 test_loss: 0.456467 test_acc: 0.685714
Epoch: 530 train_loss: 0.004105 val_loss: 0.493073 val_acc: 0.628571 test_loss: 0.454833 test_acc: 0.628571
Epoch: 540 train_loss: 0.004097 val_loss: 0.507201 val_acc: 0.657143 test_loss: 0.455685 test_acc: 0.657143
Epoch: 550 train_loss: 0.004200 val_loss: 0.506461 val_acc: 0.685714 test_loss: 0.455404 test_acc: 0.685714
Epoch: 560 train_loss: 0.004270 val_loss: 0.504533 val_acc: 0.685714 test_loss: 0.451535 test_acc: 0.657143
Epoch: 570 train_loss: 0.004193 val_loss: 0.496931 val_acc: 0.600000 test_loss: 0.466511 test_acc: 0.600000
Epoch: 580 train_loss: 0.004034 val_loss: 0.525860 val_acc: 0.628571 test_loss: 0.446659 test_acc: 0.657143
Epoch: 590 train_loss: 0.004104 val_loss: 0.518573 val_acc: 0.657143 test_loss: 0.452577 test_acc: 0.685714
Epoch: 600 train_loss: 0.004270 val_loss: 0.518378 val_acc: 0.657143 test_loss: 0.450731 test_acc: 0.685714
Epoch: 610 train_loss: 0.004033 val_loss: 0.510323 val_acc: 0.628571 test_loss: 0.460423 test_acc: 0.685714
Epoch: 620 train_loss: 0.004243 val_loss: 0.510384 val_acc: 0.628571 test_loss: 0.454569 test_acc: 0.685714
Epoch: 630 train_loss: 0.004157 val_loss: 0.512280 val_acc: 0.628571 test_loss: 0.459852 test_acc: 0.685714
Epoch: 640 train_loss: 0.004220 val_loss: 0.488578 val_acc: 0.628571 test_loss: 0.459866 test_acc: 0.628571
Epoch: 650 train_loss: 0.004132 val_loss: 0.492935 val_acc: 0.657143 test_loss: 0.459208 test_acc: 0.628571
Epoch: 660 train_loss: 0.004237 val_loss: 0.493285 val_acc: 0.657143 test_loss: 0.460699 test_acc: 0.628571
Epoch: 670 train_loss: 0.004045 val_loss: 0.517012 val_acc: 0.657143 test_loss: 0.448893 test_acc: 0.685714
Epoch: 680 train_loss: 0.004097 val_loss: 0.528688 val_acc: 0.685714 test_loss: 0.451320 test_acc: 0.714286
Epoch: 690 train_loss: 0.004346 val_loss: 0.510708 val_acc: 0.657143 test_loss: 0.453726 test_acc: 0.685714
Epoch: 700 train_loss: 0.004222 val_loss: 0.504520 val_acc: 0.628571 test_loss: 0.459630 test_acc: 0.628571
Epoch: 710 train_loss: 0.004080 val_loss: 0.506408 val_acc: 0.628571 test_loss: 0.457760 test_acc: 0.657143
Epoch: 720 train_loss: 0.004186 val_loss: 0.505700 val_acc: 0.657143 test_loss: 0.458238 test_acc: 0.628571
Epoch: 730 train_loss: 0.004170 val_loss: 0.520618 val_acc: 0.628571 test_loss: 0.459798 test_acc: 0.685714
Epoch: 740 train_loss: 0.003942 val_loss: 0.514236 val_acc: 0.628571 test_loss: 0.457818 test_acc: 0.657143
Epoch: 750 train_loss: 0.004109 val_loss: 0.501023 val_acc: 0.571429 test_loss: 0.470343 test_acc: 0.600000
Epoch: 760 train_loss: 0.004288 val_loss: 0.530065 val_acc: 0.628571 test_loss: 0.458382 test_acc: 0.714286
Epoch: 770 train_loss: 0.004271 val_loss: 0.526406 val_acc: 0.628571 test_loss: 0.462553 test_acc: 0.657143
Epoch: 780 train_loss: 0.004208 val_loss: 0.524787 val_acc: 0.628571 test_loss: 0.459105 test_acc: 0.714286
Epoch: 790 train_loss: 0.004242 val_loss: 0.523613 val_acc: 0.628571 test_loss: 0.456494 test_acc: 0.714286
------------- 2 val_acc: 0.7143 test_acc: 0.6857 best_test: 0.7714 -----------------
Fold: 3
Epoch: 000 train_loss: 0.008224 val_loss: 0.557857 val_acc: 0.342857 test_loss: 0.596942 test_acc: 0.371429
Epoch: 010 train_loss: 0.004876 val_loss: 0.453573 val_acc: 0.685714 test_loss: 0.457645 test_acc: 0.628571
Epoch: 020 train_loss: 0.004975 val_loss: 0.454078 val_acc: 0.685714 test_loss: 0.450903 test_acc: 0.657143
Epoch: 030 train_loss: 0.004802 val_loss: 0.437320 val_acc: 0.685714 test_loss: 0.440585 test_acc: 0.685714
Epoch: 040 train_loss: 0.004855 val_loss: 0.435555 val_acc: 0.685714 test_loss: 0.433284 test_acc: 0.685714
Epoch: 050 train_loss: 0.004656 val_loss: 0.441081 val_acc: 0.685714 test_loss: 0.433525 test_acc: 0.685714
Epoch: 060 train_loss: 0.004835 val_loss: 0.478798 val_acc: 0.514286 test_loss: 0.459545 test_acc: 0.600000
Epoch: 070 train_loss: 0.004671 val_loss: 0.439771 val_acc: 0.685714 test_loss: 0.424472 test_acc: 0.685714
Epoch: 080 train_loss: 0.004691 val_loss: 0.454641 val_acc: 0.657143 test_loss: 0.427631 test_acc: 0.685714
Epoch: 090 train_loss: 0.004663 val_loss: 0.465759 val_acc: 0.657143 test_loss: 0.433893 test_acc: 0.657143
Epoch: 100 train_loss: 0.004571 val_loss: 0.440205 val_acc: 0.685714 test_loss: 0.423952 test_acc: 0.685714
Epoch: 110 train_loss: 0.004400 val_loss: 0.445873 val_acc: 0.685714 test_loss: 0.423243 test_acc: 0.685714
Epoch: 120 train_loss: 0.004419 val_loss: 0.470831 val_acc: 0.657143 test_loss: 0.425450 test_acc: 0.657143
Epoch: 130 train_loss: 0.004619 val_loss: 0.473020 val_acc: 0.600000 test_loss: 0.438925 test_acc: 0.657143
Epoch: 140 train_loss: 0.004227 val_loss: 0.444673 val_acc: 0.685714 test_loss: 0.437311 test_acc: 0.685714
Epoch: 150 train_loss: 0.004392 val_loss: 0.484428 val_acc: 0.600000 test_loss: 0.430024 test_acc: 0.685714
Epoch: 160 train_loss: 0.004369 val_loss: 0.468270 val_acc: 0.600000 test_loss: 0.427508 test_acc: 0.714286
Epoch: 170 train_loss: 0.004700 val_loss: 0.445710 val_acc: 0.628571 test_loss: 0.426793 test_acc: 0.657143
Epoch: 180 train_loss: 0.004432 val_loss: 0.460319 val_acc: 0.600000 test_loss: 0.440487 test_acc: 0.657143
Epoch: 190 train_loss: 0.004093 val_loss: 0.473676 val_acc: 0.600000 test_loss: 0.431739 test_acc: 0.714286
Epoch: 200 train_loss: 0.004391 val_loss: 0.479955 val_acc: 0.600000 test_loss: 0.432788 test_acc: 0.657143
Epoch: 210 train_loss: 0.004086 val_loss: 0.488519 val_acc: 0.542857 test_loss: 0.440198 test_acc: 0.657143
Epoch: 220 train_loss: 0.004214 val_loss: 0.475897 val_acc: 0.571429 test_loss: 0.425220 test_acc: 0.657143
Epoch: 230 train_loss: 0.004355 val_loss: 0.500596 val_acc: 0.542857 test_loss: 0.428488 test_acc: 0.714286
Epoch: 240 train_loss: 0.004161 val_loss: 0.489461 val_acc: 0.571429 test_loss: 0.422369 test_acc: 0.657143
Epoch: 250 train_loss: 0.004090 val_loss: 0.505473 val_acc: 0.571429 test_loss: 0.423539 test_acc: 0.657143
Epoch: 260 train_loss: 0.004067 val_loss: 0.505965 val_acc: 0.514286 test_loss: 0.429923 test_acc: 0.685714
Epoch: 270 train_loss: 0.004184 val_loss: 0.538203 val_acc: 0.457143 test_loss: 0.426668 test_acc: 0.714286
Epoch: 280 train_loss: 0.003819 val_loss: 0.500424 val_acc: 0.542857 test_loss: 0.429142 test_acc: 0.657143
Epoch: 290 train_loss: 0.004321 val_loss: 0.516135 val_acc: 0.514286 test_loss: 0.425101 test_acc: 0.685714
Epoch: 300 train_loss: 0.004043 val_loss: 0.517018 val_acc: 0.514286 test_loss: 0.427658 test_acc: 0.685714
Epoch: 310 train_loss: 0.003975 val_loss: 0.521964 val_acc: 0.542857 test_loss: 0.439256 test_acc: 0.685714
Epoch: 320 train_loss: 0.004186 val_loss: 0.525705 val_acc: 0.514286 test_loss: 0.451894 test_acc: 0.685714
Epoch: 330 train_loss: 0.003955 val_loss: 0.522026 val_acc: 0.542857 test_loss: 0.424685 test_acc: 0.685714
Epoch: 340 train_loss: 0.003948 val_loss: 0.551744 val_acc: 0.457143 test_loss: 0.421218 test_acc: 0.685714
Epoch: 350 train_loss: 0.003909 val_loss: 0.521742 val_acc: 0.542857 test_loss: 0.437443 test_acc: 0.685714
Epoch: 360 train_loss: 0.003940 val_loss: 0.515709 val_acc: 0.542857 test_loss: 0.432740 test_acc: 0.657143
Epoch: 370 train_loss: 0.004010 val_loss: 0.535006 val_acc: 0.457143 test_loss: 0.438653 test_acc: 0.685714
Epoch: 380 train_loss: 0.004060 val_loss: 0.535716 val_acc: 0.514286 test_loss: 0.449357 test_acc: 0.685714
Epoch: 390 train_loss: 0.004101 val_loss: 0.548041 val_acc: 0.514286 test_loss: 0.444804 test_acc: 0.628571
Epoch: 400 train_loss: 0.004030 val_loss: 0.550632 val_acc: 0.542857 test_loss: 0.444641 test_acc: 0.657143
Epoch: 410 train_loss: 0.003990 val_loss: 0.540677 val_acc: 0.542857 test_loss: 0.437411 test_acc: 0.685714
Epoch: 420 train_loss: 0.003968 val_loss: 0.534787 val_acc: 0.542857 test_loss: 0.429151 test_acc: 0.685714
Epoch: 430 train_loss: 0.003994 val_loss: 0.546042 val_acc: 0.542857 test_loss: 0.436946 test_acc: 0.657143
Epoch: 440 train_loss: 0.003799 val_loss: 0.542101 val_acc: 0.542857 test_loss: 0.433766 test_acc: 0.685714
Epoch: 450 train_loss: 0.003955 val_loss: 0.546673 val_acc: 0.542857 test_loss: 0.437614 test_acc: 0.657143
Epoch: 460 train_loss: 0.003865 val_loss: 0.553246 val_acc: 0.514286 test_loss: 0.438578 test_acc: 0.628571
Epoch: 470 train_loss: 0.003905 val_loss: 0.542315 val_acc: 0.571429 test_loss: 0.452853 test_acc: 0.628571
Epoch: 480 train_loss: 0.003853 val_loss: 0.556591 val_acc: 0.542857 test_loss: 0.438411 test_acc: 0.628571
Epoch: 490 train_loss: 0.003971 val_loss: 0.513078 val_acc: 0.542857 test_loss: 0.445079 test_acc: 0.657143
Epoch: 500 train_loss: 0.003905 val_loss: 0.544820 val_acc: 0.571429 test_loss: 0.436883 test_acc: 0.657143
Epoch: 510 train_loss: 0.003879 val_loss: 0.537617 val_acc: 0.542857 test_loss: 0.441822 test_acc: 0.657143
Epoch: 520 train_loss: 0.003842 val_loss: 0.519539 val_acc: 0.571429 test_loss: 0.444436 test_acc: 0.657143
Epoch: 530 train_loss: 0.003883 val_loss: 0.554053 val_acc: 0.542857 test_loss: 0.445742 test_acc: 0.628571
Epoch: 540 train_loss: 0.003601 val_loss: 0.544072 val_acc: 0.571429 test_loss: 0.447331 test_acc: 0.657143
Epoch: 550 train_loss: 0.003718 val_loss: 0.543270 val_acc: 0.571429 test_loss: 0.448988 test_acc: 0.628571
Epoch: 560 train_loss: 0.003909 val_loss: 0.533897 val_acc: 0.571429 test_loss: 0.446338 test_acc: 0.657143
Epoch: 570 train_loss: 0.003801 val_loss: 0.546398 val_acc: 0.571429 test_loss: 0.450956 test_acc: 0.628571
Epoch: 580 train_loss: 0.003932 val_loss: 0.551740 val_acc: 0.571429 test_loss: 0.457618 test_acc: 0.628571
Epoch: 590 train_loss: 0.003796 val_loss: 0.540700 val_acc: 0.600000 test_loss: 0.444761 test_acc: 0.685714
Epoch: 600 train_loss: 0.003723 val_loss: 0.549125 val_acc: 0.571429 test_loss: 0.444826 test_acc: 0.628571
Epoch: 610 train_loss: 0.003856 val_loss: 0.551874 val_acc: 0.571429 test_loss: 0.451367 test_acc: 0.600000
Epoch: 620 train_loss: 0.003769 val_loss: 0.551604 val_acc: 0.571429 test_loss: 0.443802 test_acc: 0.628571
Epoch: 630 train_loss: 0.003774 val_loss: 0.557872 val_acc: 0.571429 test_loss: 0.450960 test_acc: 0.628571
Epoch: 640 train_loss: 0.003833 val_loss: 0.557590 val_acc: 0.571429 test_loss: 0.455424 test_acc: 0.628571
Epoch: 650 train_loss: 0.004195 val_loss: 0.548281 val_acc: 0.571429 test_loss: 0.456095 test_acc: 0.628571
Epoch: 660 train_loss: 0.003664 val_loss: 0.555023 val_acc: 0.542857 test_loss: 0.445419 test_acc: 0.628571
Epoch: 670 train_loss: 0.003945 val_loss: 0.554181 val_acc: 0.571429 test_loss: 0.449561 test_acc: 0.628571
Epoch: 680 train_loss: 0.003749 val_loss: 0.541360 val_acc: 0.571429 test_loss: 0.454648 test_acc: 0.628571
Epoch: 690 train_loss: 0.003953 val_loss: 0.557084 val_acc: 0.542857 test_loss: 0.444318 test_acc: 0.628571
Epoch: 700 train_loss: 0.003738 val_loss: 0.544910 val_acc: 0.571429 test_loss: 0.457445 test_acc: 0.600000
Epoch: 710 train_loss: 0.003712 val_loss: 0.552087 val_acc: 0.571429 test_loss: 0.452443 test_acc: 0.628571
Epoch: 720 train_loss: 0.003768 val_loss: 0.552637 val_acc: 0.571429 test_loss: 0.456094 test_acc: 0.600000
Epoch: 730 train_loss: 0.003681 val_loss: 0.557739 val_acc: 0.571429 test_loss: 0.453341 test_acc: 0.628571
Epoch: 740 train_loss: 0.003650 val_loss: 0.557636 val_acc: 0.571429 test_loss: 0.453748 test_acc: 0.628571
Epoch: 750 train_loss: 0.003893 val_loss: 0.554717 val_acc: 0.571429 test_loss: 0.452522 test_acc: 0.600000
Epoch: 760 train_loss: 0.003704 val_loss: 0.550824 val_acc: 0.571429 test_loss: 0.451506 test_acc: 0.628571
Epoch: 770 train_loss: 0.003740 val_loss: 0.555428 val_acc: 0.571429 test_loss: 0.455496 test_acc: 0.628571
Epoch: 780 train_loss: 0.003651 val_loss: 0.547943 val_acc: 0.571429 test_loss: 0.458650 test_acc: 0.628571
Epoch: 790 train_loss: 0.004012 val_loss: 0.548059 val_acc: 0.571429 test_loss: 0.454552 test_acc: 0.628571
------------- 3 val_acc: 0.7143 test_acc: 0.7143 best_test: 0.7429 -----------------
Fold: 4
Epoch: 000 train_loss: 0.005692 val_loss: 0.469330 val_acc: 0.628571 test_loss: 0.477177 test_acc: 0.685714
Epoch: 010 train_loss: 0.005085 val_loss: 0.454586 val_acc: 0.628571 test_loss: 0.457747 test_acc: 0.685714
Epoch: 020 train_loss: 0.004803 val_loss: 0.447763 val_acc: 0.628571 test_loss: 0.452699 test_acc: 0.685714
Epoch: 030 train_loss: 0.004841 val_loss: 0.446644 val_acc: 0.628571 test_loss: 0.442675 test_acc: 0.685714
Epoch: 040 train_loss: 0.004803 val_loss: 0.448336 val_acc: 0.628571 test_loss: 0.440030 test_acc: 0.685714
Epoch: 050 train_loss: 0.004771 val_loss: 0.455824 val_acc: 0.628571 test_loss: 0.444150 test_acc: 0.685714
Epoch: 060 train_loss: 0.004749 val_loss: 0.453755 val_acc: 0.628571 test_loss: 0.431750 test_acc: 0.714286
Epoch: 070 train_loss: 0.004779 val_loss: 0.446826 val_acc: 0.628571 test_loss: 0.427366 test_acc: 0.714286
Epoch: 080 train_loss: 0.004638 val_loss: 0.442232 val_acc: 0.600000 test_loss: 0.424742 test_acc: 0.714286
Epoch: 090 train_loss: 0.004683 val_loss: 0.433848 val_acc: 0.657143 test_loss: 0.426894 test_acc: 0.742857
Epoch: 100 train_loss: 0.004650 val_loss: 0.456533 val_acc: 0.685714 test_loss: 0.424204 test_acc: 0.742857
Epoch: 110 train_loss: 0.004565 val_loss: 0.454722 val_acc: 0.628571 test_loss: 0.416731 test_acc: 0.742857
Epoch: 120 train_loss: 0.004721 val_loss: 0.450595 val_acc: 0.657143 test_loss: 0.410853 test_acc: 0.742857
Epoch: 130 train_loss: 0.004406 val_loss: 0.439123 val_acc: 0.628571 test_loss: 0.428311 test_acc: 0.742857
Epoch: 140 train_loss: 0.004371 val_loss: 0.440259 val_acc: 0.685714 test_loss: 0.430693 test_acc: 0.742857
Epoch: 150 train_loss: 0.004216 val_loss: 0.456616 val_acc: 0.685714 test_loss: 0.446469 test_acc: 0.714286
Epoch: 160 train_loss: 0.004338 val_loss: 0.466994 val_acc: 0.657143 test_loss: 0.415049 test_acc: 0.714286
Epoch: 170 train_loss: 0.004144 val_loss: 0.443740 val_acc: 0.657143 test_loss: 0.451182 test_acc: 0.714286
Epoch: 180 train_loss: 0.004507 val_loss: 0.470091 val_acc: 0.685714 test_loss: 0.452638 test_acc: 0.714286
Epoch: 190 train_loss: 0.004229 val_loss: 0.439700 val_acc: 0.685714 test_loss: 0.451011 test_acc: 0.742857
Epoch: 200 train_loss: 0.003992 val_loss: 0.456339 val_acc: 0.600000 test_loss: 0.460293 test_acc: 0.714286
Epoch: 210 train_loss: 0.004130 val_loss: 0.538724 val_acc: 0.571429 test_loss: 0.470227 test_acc: 0.742857
Epoch: 220 train_loss: 0.003951 val_loss: 0.484663 val_acc: 0.600000 test_loss: 0.445996 test_acc: 0.771429
Epoch: 230 train_loss: 0.003877 val_loss: 0.476060 val_acc: 0.571429 test_loss: 0.462617 test_acc: 0.742857
Epoch: 240 train_loss: 0.004240 val_loss: 0.449196 val_acc: 0.628571 test_loss: 0.472119 test_acc: 0.742857
Epoch: 250 train_loss: 0.004078 val_loss: 0.516641 val_acc: 0.571429 test_loss: 0.437941 test_acc: 0.742857
Epoch: 260 train_loss: 0.003834 val_loss: 0.469281 val_acc: 0.628571 test_loss: 0.475961 test_acc: 0.742857
Epoch: 270 train_loss: 0.003874 val_loss: 0.469673 val_acc: 0.628571 test_loss: 0.469405 test_acc: 0.714286
Epoch: 280 train_loss: 0.003853 val_loss: 0.495905 val_acc: 0.600000 test_loss: 0.476136 test_acc: 0.742857
Epoch: 290 train_loss: 0.004085 val_loss: 0.489993 val_acc: 0.542857 test_loss: 0.478384 test_acc: 0.771429
Epoch: 300 train_loss: 0.003880 val_loss: 0.473359 val_acc: 0.628571 test_loss: 0.459307 test_acc: 0.742857
Epoch: 310 train_loss: 0.003843 val_loss: 0.503557 val_acc: 0.628571 test_loss: 0.471259 test_acc: 0.771429
Epoch: 320 train_loss: 0.003968 val_loss: 0.496008 val_acc: 0.571429 test_loss: 0.488521 test_acc: 0.742857
Epoch: 330 train_loss: 0.003942 val_loss: 0.476237 val_acc: 0.628571 test_loss: 0.487205 test_acc: 0.771429
Epoch: 340 train_loss: 0.004013 val_loss: 0.488325 val_acc: 0.600000 test_loss: 0.464707 test_acc: 0.742857
Epoch: 350 train_loss: 0.003614 val_loss: 0.477046 val_acc: 0.628571 test_loss: 0.498218 test_acc: 0.714286
Epoch: 360 train_loss: 0.003533 val_loss: 0.496777 val_acc: 0.571429 test_loss: 0.501998 test_acc: 0.742857
Epoch: 370 train_loss: 0.003713 val_loss: 0.469058 val_acc: 0.600000 test_loss: 0.485458 test_acc: 0.771429
Epoch: 380 train_loss: 0.003609 val_loss: 0.470183 val_acc: 0.571429 test_loss: 0.500158 test_acc: 0.771429
Epoch: 390 train_loss: 0.003499 val_loss: 0.484095 val_acc: 0.542857 test_loss: 0.503321 test_acc: 0.771429
Epoch: 400 train_loss: 0.003461 val_loss: 0.524820 val_acc: 0.571429 test_loss: 0.512785 test_acc: 0.771429
Epoch: 410 train_loss: 0.003788 val_loss: 0.496772 val_acc: 0.571429 test_loss: 0.515660 test_acc: 0.771429
Epoch: 420 train_loss: 0.003640 val_loss: 0.499536 val_acc: 0.571429 test_loss: 0.503744 test_acc: 0.771429
Epoch: 430 train_loss: 0.003739 val_loss: 0.488797 val_acc: 0.600000 test_loss: 0.525194 test_acc: 0.771429
Epoch: 440 train_loss: 0.003548 val_loss: 0.483759 val_acc: 0.600000 test_loss: 0.517106 test_acc: 0.771429
Epoch: 450 train_loss: 0.003675 val_loss: 0.528344 val_acc: 0.571429 test_loss: 0.532232 test_acc: 0.771429
Epoch: 460 train_loss: 0.003788 val_loss: 0.508701 val_acc: 0.600000 test_loss: 0.524193 test_acc: 0.742857
Epoch: 470 train_loss: 0.003635 val_loss: 0.480589 val_acc: 0.600000 test_loss: 0.518854 test_acc: 0.771429
Epoch: 480 train_loss: 0.003585 val_loss: 0.484919 val_acc: 0.628571 test_loss: 0.528043 test_acc: 0.714286
Epoch: 490 train_loss: 0.003672 val_loss: 0.484092 val_acc: 0.571429 test_loss: 0.518860 test_acc: 0.771429
Epoch: 500 train_loss: 0.003640 val_loss: 0.499135 val_acc: 0.600000 test_loss: 0.528064 test_acc: 0.742857
Epoch: 510 train_loss: 0.003927 val_loss: 0.479742 val_acc: 0.571429 test_loss: 0.525629 test_acc: 0.771429
Epoch: 520 train_loss: 0.003558 val_loss: 0.484256 val_acc: 0.571429 test_loss: 0.535575 test_acc: 0.771429
Epoch: 530 train_loss: 0.003650 val_loss: 0.524838 val_acc: 0.542857 test_loss: 0.538685 test_acc: 0.771429
Epoch: 540 train_loss: 0.003697 val_loss: 0.514243 val_acc: 0.600000 test_loss: 0.541066 test_acc: 0.742857
Epoch: 550 train_loss: 0.003470 val_loss: 0.478258 val_acc: 0.628571 test_loss: 0.531133 test_acc: 0.771429
Epoch: 560 train_loss: 0.003408 val_loss: 0.517418 val_acc: 0.571429 test_loss: 0.538216 test_acc: 0.771429
Epoch: 570 train_loss: 0.003549 val_loss: 0.498344 val_acc: 0.600000 test_loss: 0.535344 test_acc: 0.771429
Epoch: 580 train_loss: 0.003776 val_loss: 0.501804 val_acc: 0.542857 test_loss: 0.543001 test_acc: 0.771429
Epoch: 590 train_loss: 0.003607 val_loss: 0.517524 val_acc: 0.571429 test_loss: 0.559567 test_acc: 0.742857
Epoch: 600 train_loss: 0.003497 val_loss: 0.488404 val_acc: 0.600000 test_loss: 0.549161 test_acc: 0.742857
Epoch: 610 train_loss: 0.003515 val_loss: 0.507435 val_acc: 0.600000 test_loss: 0.552837 test_acc: 0.742857
Epoch: 620 train_loss: 0.003718 val_loss: 0.515091 val_acc: 0.600000 test_loss: 0.556311 test_acc: 0.742857
Epoch: 630 train_loss: 0.003569 val_loss: 0.506096 val_acc: 0.600000 test_loss: 0.562873 test_acc: 0.771429
Epoch: 640 train_loss: 0.003516 val_loss: 0.504013 val_acc: 0.600000 test_loss: 0.559078 test_acc: 0.742857
Epoch: 650 train_loss: 0.003478 val_loss: 0.513893 val_acc: 0.600000 test_loss: 0.563084 test_acc: 0.742857
Epoch: 660 train_loss: 0.003432 val_loss: 0.510311 val_acc: 0.571429 test_loss: 0.557493 test_acc: 0.771429
Epoch: 670 train_loss: 0.003583 val_loss: 0.502947 val_acc: 0.600000 test_loss: 0.551545 test_acc: 0.742857
Epoch: 680 train_loss: 0.003363 val_loss: 0.496580 val_acc: 0.628571 test_loss: 0.549071 test_acc: 0.771429
Epoch: 690 train_loss: 0.003727 val_loss: 0.501558 val_acc: 0.571429 test_loss: 0.562179 test_acc: 0.742857
Epoch: 700 train_loss: 0.003390 val_loss: 0.515037 val_acc: 0.571429 test_loss: 0.557857 test_acc: 0.742857
Epoch: 710 train_loss: 0.003511 val_loss: 0.516342 val_acc: 0.600000 test_loss: 0.565029 test_acc: 0.742857
Epoch: 720 train_loss: 0.003378 val_loss: 0.510164 val_acc: 0.571429 test_loss: 0.563533 test_acc: 0.742857
Epoch: 730 train_loss: 0.003471 val_loss: 0.501065 val_acc: 0.571429 test_loss: 0.561725 test_acc: 0.771429
Epoch: 740 train_loss: 0.003290 val_loss: 0.503743 val_acc: 0.600000 test_loss: 0.556497 test_acc: 0.742857
Epoch: 750 train_loss: 0.003503 val_loss: 0.506904 val_acc: 0.571429 test_loss: 0.563648 test_acc: 0.771429
Epoch: 760 train_loss: 0.003655 val_loss: 0.494233 val_acc: 0.628571 test_loss: 0.565203 test_acc: 0.742857
Epoch: 770 train_loss: 0.003536 val_loss: 0.499720 val_acc: 0.628571 test_loss: 0.566519 test_acc: 0.742857
Epoch: 780 train_loss: 0.003315 val_loss: 0.494806 val_acc: 0.628571 test_loss: 0.561342 test_acc: 0.771429
Epoch: 790 train_loss: 0.003628 val_loss: 0.493882 val_acc: 0.600000 test_loss: 0.559685 test_acc: 0.771429
------------- 4 val_acc: 0.7143 test_acc: 0.7429 best_test: 0.8000 -----------------
Fold: 5
Epoch: 000 train_loss: 0.005513 val_loss: 0.477077 val_acc: 0.685714 test_loss: 0.479299 test_acc: 0.714286
Epoch: 010 train_loss: 0.004961 val_loss: 0.464667 val_acc: 0.685714 test_loss: 0.455847 test_acc: 0.628571
Epoch: 020 train_loss: 0.004848 val_loss: 0.453526 val_acc: 0.685714 test_loss: 0.456801 test_acc: 0.628571
Epoch: 030 train_loss: 0.004922 val_loss: 0.449929 val_acc: 0.685714 test_loss: 0.451974 test_acc: 0.628571
Epoch: 040 train_loss: 0.004921 val_loss: 0.437478 val_acc: 0.714286 test_loss: 0.458721 test_acc: 0.685714
Epoch: 050 train_loss: 0.004704 val_loss: 0.437961 val_acc: 0.685714 test_loss: 0.446420 test_acc: 0.657143
Epoch: 060 train_loss: 0.004711 val_loss: 0.428196 val_acc: 0.685714 test_loss: 0.448305 test_acc: 0.657143
Epoch: 070 train_loss: 0.004709 val_loss: 0.428310 val_acc: 0.685714 test_loss: 0.433517 test_acc: 0.685714
Epoch: 080 train_loss: 0.004644 val_loss: 0.429044 val_acc: 0.771429 test_loss: 0.440578 test_acc: 0.742857
Epoch: 090 train_loss: 0.004494 val_loss: 0.419936 val_acc: 0.742857 test_loss: 0.443129 test_acc: 0.714286
Epoch: 100 train_loss: 0.004757 val_loss: 0.431501 val_acc: 0.685714 test_loss: 0.453844 test_acc: 0.657143
Epoch: 110 train_loss: 0.004591 val_loss: 0.426430 val_acc: 0.800000 test_loss: 0.414878 test_acc: 0.714286
Epoch: 120 train_loss: 0.004551 val_loss: 0.424062 val_acc: 0.714286 test_loss: 0.445878 test_acc: 0.714286
Epoch: 130 train_loss: 0.004522 val_loss: 0.419560 val_acc: 0.714286 test_loss: 0.460578 test_acc: 0.685714
Epoch: 140 train_loss: 0.004601 val_loss: 0.403927 val_acc: 0.800000 test_loss: 0.451793 test_acc: 0.685714
Epoch: 150 train_loss: 0.004571 val_loss: 0.406124 val_acc: 0.771429 test_loss: 0.471683 test_acc: 0.628571
Epoch: 160 train_loss: 0.004471 val_loss: 0.402953 val_acc: 0.742857 test_loss: 0.470911 test_acc: 0.628571
Epoch: 170 train_loss: 0.004190 val_loss: 0.402380 val_acc: 0.771429 test_loss: 0.460464 test_acc: 0.657143
Epoch: 180 train_loss: 0.004482 val_loss: 0.397925 val_acc: 0.800000 test_loss: 0.461322 test_acc: 0.657143
Epoch: 190 train_loss: 0.004273 val_loss: 0.409929 val_acc: 0.771429 test_loss: 0.443993 test_acc: 0.657143
Epoch: 200 train_loss: 0.004116 val_loss: 0.416804 val_acc: 0.742857 test_loss: 0.439538 test_acc: 0.685714
Epoch: 210 train_loss: 0.004223 val_loss: 0.407153 val_acc: 0.771429 test_loss: 0.459566 test_acc: 0.657143
Epoch: 220 train_loss: 0.004126 val_loss: 0.404430 val_acc: 0.771429 test_loss: 0.457957 test_acc: 0.628571
Epoch: 230 train_loss: 0.004152 val_loss: 0.406942 val_acc: 0.800000 test_loss: 0.458147 test_acc: 0.657143
Epoch: 240 train_loss: 0.003857 val_loss: 0.411035 val_acc: 0.800000 test_loss: 0.467211 test_acc: 0.657143
Epoch: 250 train_loss: 0.004099 val_loss: 0.412757 val_acc: 0.771429 test_loss: 0.452669 test_acc: 0.657143
Epoch: 260 train_loss: 0.003959 val_loss: 0.419040 val_acc: 0.742857 test_loss: 0.444310 test_acc: 0.685714
Epoch: 270 train_loss: 0.004059 val_loss: 0.427296 val_acc: 0.742857 test_loss: 0.420518 test_acc: 0.742857
Epoch: 280 train_loss: 0.004101 val_loss: 0.418447 val_acc: 0.800000 test_loss: 0.443941 test_acc: 0.657143
Epoch: 290 train_loss: 0.003863 val_loss: 0.460266 val_acc: 0.771429 test_loss: 0.455679 test_acc: 0.628571
Epoch: 300 train_loss: 0.003907 val_loss: 0.416022 val_acc: 0.742857 test_loss: 0.417126 test_acc: 0.685714
Epoch: 310 train_loss: 0.003904 val_loss: 0.398668 val_acc: 0.771429 test_loss: 0.422996 test_acc: 0.714286
Epoch: 320 train_loss: 0.003810 val_loss: 0.411040 val_acc: 0.742857 test_loss: 0.428983 test_acc: 0.714286
Epoch: 330 train_loss: 0.003725 val_loss: 0.410397 val_acc: 0.771429 test_loss: 0.416601 test_acc: 0.714286
Epoch: 340 train_loss: 0.003720 val_loss: 0.411768 val_acc: 0.800000 test_loss: 0.430161 test_acc: 0.685714
Epoch: 350 train_loss: 0.003789 val_loss: 0.406250 val_acc: 0.800000 test_loss: 0.443369 test_acc: 0.714286
Epoch: 360 train_loss: 0.003776 val_loss: 0.410514 val_acc: 0.800000 test_loss: 0.427902 test_acc: 0.685714
Epoch: 370 train_loss: 0.003867 val_loss: 0.409516 val_acc: 0.800000 test_loss: 0.451167 test_acc: 0.657143
Epoch: 380 train_loss: 0.003788 val_loss: 0.416136 val_acc: 0.800000 test_loss: 0.429703 test_acc: 0.657143
Epoch: 390 train_loss: 0.003722 val_loss: 0.418028 val_acc: 0.771429 test_loss: 0.448384 test_acc: 0.571429
Epoch: 400 train_loss: 0.003689 val_loss: 0.427659 val_acc: 0.714286 test_loss: 0.438931 test_acc: 0.600000
Epoch: 410 train_loss: 0.003794 val_loss: 0.424380 val_acc: 0.742857 test_loss: 0.458383 test_acc: 0.571429
Epoch: 420 train_loss: 0.003782 val_loss: 0.421031 val_acc: 0.771429 test_loss: 0.469270 test_acc: 0.600000
Epoch: 430 train_loss: 0.003546 val_loss: 0.435378 val_acc: 0.771429 test_loss: 0.449257 test_acc: 0.571429
Epoch: 440 train_loss: 0.003634 val_loss: 0.425574 val_acc: 0.714286 test_loss: 0.464933 test_acc: 0.571429
Epoch: 450 train_loss: 0.003933 val_loss: 0.446047 val_acc: 0.742857 test_loss: 0.428522 test_acc: 0.685714
Epoch: 460 train_loss: 0.003711 val_loss: 0.427642 val_acc: 0.771429 test_loss: 0.455628 test_acc: 0.600000
Epoch: 470 train_loss: 0.003782 val_loss: 0.427225 val_acc: 0.771429 test_loss: 0.457994 test_acc: 0.542857
Epoch: 480 train_loss: 0.003569 val_loss: 0.425777 val_acc: 0.771429 test_loss: 0.466561 test_acc: 0.542857
Epoch: 490 train_loss: 0.003621 val_loss: 0.421413 val_acc: 0.771429 test_loss: 0.453197 test_acc: 0.600000
Epoch: 500 train_loss: 0.003726 val_loss: 0.419089 val_acc: 0.771429 test_loss: 0.446961 test_acc: 0.657143
Epoch: 510 train_loss: 0.003829 val_loss: 0.427883 val_acc: 0.742857 test_loss: 0.462519 test_acc: 0.571429
Epoch: 520 train_loss: 0.003567 val_loss: 0.427931 val_acc: 0.771429 test_loss: 0.465060 test_acc: 0.542857
Epoch: 530 train_loss: 0.003473 val_loss: 0.424929 val_acc: 0.771429 test_loss: 0.479908 test_acc: 0.514286
Epoch: 540 train_loss: 0.003784 val_loss: 0.430468 val_acc: 0.771429 test_loss: 0.465369 test_acc: 0.571429
Epoch: 550 train_loss: 0.003570 val_loss: 0.432739 val_acc: 0.771429 test_loss: 0.458552 test_acc: 0.571429
Epoch: 560 train_loss: 0.003563 val_loss: 0.419749 val_acc: 0.771429 test_loss: 0.481092 test_acc: 0.571429
Epoch: 570 train_loss: 0.003652 val_loss: 0.428172 val_acc: 0.771429 test_loss: 0.462086 test_acc: 0.571429
Epoch: 580 train_loss: 0.003502 val_loss: 0.429316 val_acc: 0.771429 test_loss: 0.467527 test_acc: 0.600000
Epoch: 590 train_loss: 0.003783 val_loss: 0.425198 val_acc: 0.742857 test_loss: 0.470996 test_acc: 0.600000
Epoch: 600 train_loss: 0.003653 val_loss: 0.419917 val_acc: 0.771429 test_loss: 0.477182 test_acc: 0.571429
Epoch: 610 train_loss: 0.003522 val_loss: 0.421603 val_acc: 0.771429 test_loss: 0.466619 test_acc: 0.657143
Epoch: 620 train_loss: 0.003466 val_loss: 0.421549 val_acc: 0.800000 test_loss: 0.476726 test_acc: 0.600000
Epoch: 630 train_loss: 0.003917 val_loss: 0.422958 val_acc: 0.742857 test_loss: 0.470194 test_acc: 0.600000
Epoch: 640 train_loss: 0.003699 val_loss: 0.419146 val_acc: 0.742857 test_loss: 0.463959 test_acc: 0.600000
Epoch: 650 train_loss: 0.003652 val_loss: 0.427862 val_acc: 0.742857 test_loss: 0.479871 test_acc: 0.514286
Epoch: 660 train_loss: 0.003589 val_loss: 0.430926 val_acc: 0.771429 test_loss: 0.469342 test_acc: 0.600000
Epoch: 670 train_loss: 0.003703 val_loss: 0.422987 val_acc: 0.771429 test_loss: 0.474862 test_acc: 0.600000
Epoch: 680 train_loss: 0.003617 val_loss: 0.425504 val_acc: 0.771429 test_loss: 0.471161 test_acc: 0.600000
Epoch: 690 train_loss: 0.003508 val_loss: 0.429660 val_acc: 0.771429 test_loss: 0.462932 test_acc: 0.657143
Epoch: 700 train_loss: 0.003613 val_loss: 0.436304 val_acc: 0.742857 test_loss: 0.468287 test_acc: 0.571429
Epoch: 710 train_loss: 0.003581 val_loss: 0.432663 val_acc: 0.771429 test_loss: 0.468050 test_acc: 0.600000
Epoch: 720 train_loss: 0.003572 val_loss: 0.427896 val_acc: 0.742857 test_loss: 0.478626 test_acc: 0.571429
Epoch: 730 train_loss: 0.003541 val_loss: 0.424616 val_acc: 0.742857 test_loss: 0.466930 test_acc: 0.600000
Epoch: 740 train_loss: 0.003781 val_loss: 0.428548 val_acc: 0.771429 test_loss: 0.461342 test_acc: 0.628571
Epoch: 750 train_loss: 0.003610 val_loss: 0.432105 val_acc: 0.714286 test_loss: 0.472617 test_acc: 0.571429
Epoch: 760 train_loss: 0.003534 val_loss: 0.429212 val_acc: 0.742857 test_loss: 0.467976 test_acc: 0.600000
Epoch: 770 train_loss: 0.003652 val_loss: 0.428576 val_acc: 0.742857 test_loss: 0.480803 test_acc: 0.571429
Epoch: 780 train_loss: 0.003612 val_loss: 0.426548 val_acc: 0.742857 test_loss: 0.478058 test_acc: 0.600000
Epoch: 790 train_loss: 0.003479 val_loss: 0.430775 val_acc: 0.742857 test_loss: 0.480166 test_acc: 0.571429
------------- 5 val_acc: 0.8286 test_acc: 0.6857 best_test: 0.8000 -----------------
Fold: 6
Epoch: 000 train_loss: 0.005248 val_loss: 0.451406 val_acc: 0.628571 test_loss: 0.481113 test_acc: 0.800000
Epoch: 010 train_loss: 0.004815 val_loss: 0.444101 val_acc: 0.628571 test_loss: 0.450124 test_acc: 0.800000
Epoch: 020 train_loss: 0.004905 val_loss: 0.444112 val_acc: 0.657143 test_loss: 0.441520 test_acc: 0.800000
Epoch: 030 train_loss: 0.004898 val_loss: 0.445258 val_acc: 0.657143 test_loss: 0.439050 test_acc: 0.800000
Epoch: 040 train_loss: 0.004721 val_loss: 0.431324 val_acc: 0.657143 test_loss: 0.459033 test_acc: 0.800000
Epoch: 050 train_loss: 0.004733 val_loss: 0.432836 val_acc: 0.657143 test_loss: 0.460812 test_acc: 0.800000
Epoch: 060 train_loss: 0.004701 val_loss: 0.424479 val_acc: 0.685714 test_loss: 0.459182 test_acc: 0.800000
Epoch: 070 train_loss: 0.004792 val_loss: 0.433656 val_acc: 0.714286 test_loss: 0.424089 test_acc: 0.800000
Epoch: 080 train_loss: 0.004509 val_loss: 0.430521 val_acc: 0.628571 test_loss: 0.453756 test_acc: 0.800000
Epoch: 090 train_loss: 0.004648 val_loss: 0.430432 val_acc: 0.685714 test_loss: 0.455799 test_acc: 0.800000
Epoch: 100 train_loss: 0.004376 val_loss: 0.410231 val_acc: 0.657143 test_loss: 0.511963 test_acc: 0.742857
Epoch: 110 train_loss: 0.004181 val_loss: 0.401447 val_acc: 0.685714 test_loss: 0.505110 test_acc: 0.742857
Epoch: 120 train_loss: 0.004679 val_loss: 0.407974 val_acc: 0.685714 test_loss: 0.450394 test_acc: 0.742857
Epoch: 130 train_loss: 0.004291 val_loss: 0.415966 val_acc: 0.714286 test_loss: 0.516428 test_acc: 0.714286
Epoch: 140 train_loss: 0.004384 val_loss: 0.419937 val_acc: 0.714286 test_loss: 0.447482 test_acc: 0.685714
Epoch: 150 train_loss: 0.004324 val_loss: 0.416605 val_acc: 0.771429 test_loss: 0.483489 test_acc: 0.742857
Epoch: 160 train_loss: 0.004710 val_loss: 0.407893 val_acc: 0.714286 test_loss: 0.463083 test_acc: 0.771429
Epoch: 170 train_loss: 0.004187 val_loss: 0.393940 val_acc: 0.742857 test_loss: 0.472594 test_acc: 0.742857
Epoch: 180 train_loss: 0.004421 val_loss: 0.413968 val_acc: 0.714286 test_loss: 0.410695 test_acc: 0.742857
Epoch: 190 train_loss: 0.004247 val_loss: 0.398698 val_acc: 0.685714 test_loss: 0.521227 test_acc: 0.771429
Epoch: 200 train_loss: 0.004314 val_loss: 0.397199 val_acc: 0.742857 test_loss: 0.544695 test_acc: 0.714286
Epoch: 210 train_loss: 0.004102 val_loss: 0.395437 val_acc: 0.771429 test_loss: 0.509806 test_acc: 0.685714
Epoch: 220 train_loss: 0.004225 val_loss: 0.391381 val_acc: 0.714286 test_loss: 0.463316 test_acc: 0.714286
Epoch: 230 train_loss: 0.004084 val_loss: 0.395563 val_acc: 0.714286 test_loss: 0.534229 test_acc: 0.742857
Epoch: 240 train_loss: 0.004457 val_loss: 0.407965 val_acc: 0.742857 test_loss: 0.543264 test_acc: 0.714286
Epoch: 250 train_loss: 0.003991 val_loss: 0.397340 val_acc: 0.742857 test_loss: 0.523396 test_acc: 0.742857
Epoch: 260 train_loss: 0.004322 val_loss: 0.396864 val_acc: 0.771429 test_loss: 0.515488 test_acc: 0.714286
Epoch: 270 train_loss: 0.004145 val_loss: 0.387180 val_acc: 0.771429 test_loss: 0.522499 test_acc: 0.685714
Epoch: 280 train_loss: 0.004146 val_loss: 0.372306 val_acc: 0.771429 test_loss: 0.464579 test_acc: 0.714286
Epoch: 290 train_loss: 0.003969 val_loss: 0.389098 val_acc: 0.742857 test_loss: 0.548970 test_acc: 0.771429
Epoch: 300 train_loss: 0.004161 val_loss: 0.377786 val_acc: 0.771429 test_loss: 0.498908 test_acc: 0.742857
Epoch: 310 train_loss: 0.003991 val_loss: 0.380642 val_acc: 0.828571 test_loss: 0.488758 test_acc: 0.714286
Epoch: 320 train_loss: 0.003974 val_loss: 0.383066 val_acc: 0.771429 test_loss: 0.495982 test_acc: 0.685714
Epoch: 330 train_loss: 0.003962 val_loss: 0.380137 val_acc: 0.800000 test_loss: 0.533099 test_acc: 0.714286
Epoch: 340 train_loss: 0.003967 val_loss: 0.387690 val_acc: 0.742857 test_loss: 0.504776 test_acc: 0.742857
Epoch: 350 train_loss: 0.004074 val_loss: 0.382483 val_acc: 0.800000 test_loss: 0.441183 test_acc: 0.742857
Epoch: 360 train_loss: 0.003941 val_loss: 0.385232 val_acc: 0.800000 test_loss: 0.529455 test_acc: 0.685714
Epoch: 370 train_loss: 0.003946 val_loss: 0.370086 val_acc: 0.800000 test_loss: 0.495806 test_acc: 0.714286
Epoch: 380 train_loss: 0.003805 val_loss: 0.389696 val_acc: 0.742857 test_loss: 0.511520 test_acc: 0.771429
Epoch: 390 train_loss: 0.003796 val_loss: 0.376620 val_acc: 0.771429 test_loss: 0.538473 test_acc: 0.714286
Epoch: 400 train_loss: 0.004058 val_loss: 0.377761 val_acc: 0.800000 test_loss: 0.512559 test_acc: 0.714286
Epoch: 410 train_loss: 0.003965 val_loss: 0.381339 val_acc: 0.800000 test_loss: 0.533788 test_acc: 0.714286
Epoch: 420 train_loss: 0.003730 val_loss: 0.373169 val_acc: 0.800000 test_loss: 0.528650 test_acc: 0.714286
Epoch: 430 train_loss: 0.003654 val_loss: 0.373472 val_acc: 0.800000 test_loss: 0.523568 test_acc: 0.714286
Epoch: 440 train_loss: 0.004124 val_loss: 0.373576 val_acc: 0.771429 test_loss: 0.521034 test_acc: 0.685714
Epoch: 450 train_loss: 0.003959 val_loss: 0.374622 val_acc: 0.800000 test_loss: 0.523212 test_acc: 0.714286
Epoch: 460 train_loss: 0.003970 val_loss: 0.375590 val_acc: 0.800000 test_loss: 0.514443 test_acc: 0.714286
Epoch: 470 train_loss: 0.004008 val_loss: 0.380956 val_acc: 0.800000 test_loss: 0.522362 test_acc: 0.714286
Epoch: 480 train_loss: 0.004020 val_loss: 0.382686 val_acc: 0.771429 test_loss: 0.530014 test_acc: 0.657143
Epoch: 490 train_loss: 0.003682 val_loss: 0.385155 val_acc: 0.771429 test_loss: 0.524249 test_acc: 0.657143
Epoch: 500 train_loss: 0.003792 val_loss: 0.386815 val_acc: 0.742857 test_loss: 0.524763 test_acc: 0.685714
Epoch: 510 train_loss: 0.003776 val_loss: 0.380393 val_acc: 0.771429 test_loss: 0.536050 test_acc: 0.714286
Epoch: 520 train_loss: 0.003895 val_loss: 0.380486 val_acc: 0.800000 test_loss: 0.527608 test_acc: 0.714286
Epoch: 530 train_loss: 0.003682 val_loss: 0.390095 val_acc: 0.771429 test_loss: 0.530282 test_acc: 0.657143
Epoch: 540 train_loss: 0.003908 val_loss: 0.385982 val_acc: 0.742857 test_loss: 0.531486 test_acc: 0.714286
Epoch: 550 train_loss: 0.003855 val_loss: 0.387661 val_acc: 0.771429 test_loss: 0.534927 test_acc: 0.685714
Epoch: 560 train_loss: 0.003749 val_loss: 0.380858 val_acc: 0.771429 test_loss: 0.543486 test_acc: 0.714286
Epoch: 570 train_loss: 0.003787 val_loss: 0.389280 val_acc: 0.771429 test_loss: 0.531168 test_acc: 0.685714
Epoch: 580 train_loss: 0.003705 val_loss: 0.389194 val_acc: 0.771429 test_loss: 0.540472 test_acc: 0.657143
Epoch: 590 train_loss: 0.003651 val_loss: 0.380419 val_acc: 0.771429 test_loss: 0.526817 test_acc: 0.714286
Epoch: 600 train_loss: 0.003689 val_loss: 0.385391 val_acc: 0.771429 test_loss: 0.534162 test_acc: 0.714286
Epoch: 610 train_loss: 0.003770 val_loss: 0.388751 val_acc: 0.771429 test_loss: 0.521881 test_acc: 0.657143
Epoch: 620 train_loss: 0.003721 val_loss: 0.391416 val_acc: 0.742857 test_loss: 0.528853 test_acc: 0.685714
Epoch: 630 train_loss: 0.003804 val_loss: 0.391794 val_acc: 0.771429 test_loss: 0.522516 test_acc: 0.685714
Epoch: 640 train_loss: 0.003716 val_loss: 0.392477 val_acc: 0.742857 test_loss: 0.520811 test_acc: 0.657143
Epoch: 650 train_loss: 0.003807 val_loss: 0.387188 val_acc: 0.742857 test_loss: 0.545737 test_acc: 0.685714
Epoch: 660 train_loss: 0.003661 val_loss: 0.389607 val_acc: 0.742857 test_loss: 0.535330 test_acc: 0.685714
Epoch: 670 train_loss: 0.003741 val_loss: 0.392785 val_acc: 0.742857 test_loss: 0.530565 test_acc: 0.685714
Epoch: 680 train_loss: 0.003697 val_loss: 0.391981 val_acc: 0.742857 test_loss: 0.535278 test_acc: 0.685714
Epoch: 690 train_loss: 0.003852 val_loss: 0.388188 val_acc: 0.742857 test_loss: 0.528614 test_acc: 0.685714
Epoch: 700 train_loss: 0.003922 val_loss: 0.393538 val_acc: 0.742857 test_loss: 0.528730 test_acc: 0.657143
Epoch: 710 train_loss: 0.003722 val_loss: 0.394097 val_acc: 0.771429 test_loss: 0.537610 test_acc: 0.657143
Epoch: 720 train_loss: 0.003758 val_loss: 0.395086 val_acc: 0.771429 test_loss: 0.526422 test_acc: 0.657143
Epoch: 730 train_loss: 0.003682 val_loss: 0.392859 val_acc: 0.771429 test_loss: 0.533149 test_acc: 0.685714
Epoch: 740 train_loss: 0.003729 val_loss: 0.399102 val_acc: 0.714286 test_loss: 0.529730 test_acc: 0.657143
Epoch: 750 train_loss: 0.003800 val_loss: 0.398829 val_acc: 0.742857 test_loss: 0.531092 test_acc: 0.657143
Epoch: 760 train_loss: 0.003542 val_loss: 0.399639 val_acc: 0.742857 test_loss: 0.532438 test_acc: 0.657143
Epoch: 770 train_loss: 0.003714 val_loss: 0.399401 val_acc: 0.742857 test_loss: 0.531482 test_acc: 0.657143
Epoch: 780 train_loss: 0.003826 val_loss: 0.398245 val_acc: 0.742857 test_loss: 0.527668 test_acc: 0.657143
Epoch: 790 train_loss: 0.003794 val_loss: 0.395297 val_acc: 0.742857 test_loss: 0.526739 test_acc: 0.685714
------------- 6 val_acc: 0.8286 test_acc: 0.7429 best_test: 0.8286 -----------------
Fold: 7
Epoch: 000 train_loss: 0.005123 val_loss: 0.473661 val_acc: 0.714286 test_loss: 0.488037 test_acc: 0.628571
Epoch: 010 train_loss: 0.004812 val_loss: 0.455472 val_acc: 0.771429 test_loss: 0.503335 test_acc: 0.657143
Epoch: 020 train_loss: 0.004687 val_loss: 0.448536 val_acc: 0.771429 test_loss: 0.517776 test_acc: 0.657143
Epoch: 030 train_loss: 0.004998 val_loss: 0.447909 val_acc: 0.771429 test_loss: 0.505843 test_acc: 0.600000
Epoch: 040 train_loss: 0.004744 val_loss: 0.449795 val_acc: 0.685714 test_loss: 0.526655 test_acc: 0.485714
Epoch: 050 train_loss: 0.004910 val_loss: 0.436305 val_acc: 0.771429 test_loss: 0.527883 test_acc: 0.600000
Epoch: 060 train_loss: 0.004730 val_loss: 0.443814 val_acc: 0.685714 test_loss: 0.548619 test_acc: 0.428571
Epoch: 070 train_loss: 0.004530 val_loss: 0.438510 val_acc: 0.714286 test_loss: 0.543404 test_acc: 0.542857
Epoch: 080 train_loss: 0.005242 val_loss: 0.442156 val_acc: 0.771429 test_loss: 0.536879 test_acc: 0.628571
Epoch: 090 train_loss: 0.004734 val_loss: 0.443323 val_acc: 0.742857 test_loss: 0.534978 test_acc: 0.542857
Epoch: 100 train_loss: 0.004521 val_loss: 0.435036 val_acc: 0.771429 test_loss: 0.555324 test_acc: 0.628571
Epoch: 110 train_loss: 0.004586 val_loss: 0.456720 val_acc: 0.742857 test_loss: 0.564176 test_acc: 0.457143
Epoch: 120 train_loss: 0.004470 val_loss: 0.442006 val_acc: 0.742857 test_loss: 0.538886 test_acc: 0.485714
Epoch: 130 train_loss: 0.004405 val_loss: 0.442885 val_acc: 0.714286 test_loss: 0.561846 test_acc: 0.542857
Epoch: 140 train_loss: 0.004748 val_loss: 0.528970 val_acc: 0.457143 test_loss: 0.557952 test_acc: 0.342857
Epoch: 150 train_loss: 0.004247 val_loss: 0.439713 val_acc: 0.742857 test_loss: 0.567200 test_acc: 0.571429
Epoch: 160 train_loss: 0.004491 val_loss: 0.453800 val_acc: 0.714286 test_loss: 0.579152 test_acc: 0.457143
Epoch: 170 train_loss: 0.004303 val_loss: 0.455299 val_acc: 0.628571 test_loss: 0.584284 test_acc: 0.400000
Epoch: 180 train_loss: 0.004485 val_loss: 0.455755 val_acc: 0.742857 test_loss: 0.600032 test_acc: 0.485714
Epoch: 190 train_loss: 0.004229 val_loss: 0.448305 val_acc: 0.714286 test_loss: 0.615271 test_acc: 0.542857
Epoch: 200 train_loss: 0.004275 val_loss: 0.478099 val_acc: 0.600000 test_loss: 0.596903 test_acc: 0.371429
Epoch: 210 train_loss: 0.004402 val_loss: 0.473728 val_acc: 0.685714 test_loss: 0.579892 test_acc: 0.400000
Epoch: 220 train_loss: 0.004322 val_loss: 0.449278 val_acc: 0.685714 test_loss: 0.622007 test_acc: 0.428571
Epoch: 230 train_loss: 0.004290 val_loss: 0.494251 val_acc: 0.628571 test_loss: 0.637743 test_acc: 0.428571
Epoch: 240 train_loss: 0.004308 val_loss: 0.448764 val_acc: 0.657143 test_loss: 0.629615 test_acc: 0.428571
Epoch: 250 train_loss: 0.004106 val_loss: 0.514943 val_acc: 0.628571 test_loss: 0.681346 test_acc: 0.428571
Epoch: 260 train_loss: 0.004590 val_loss: 0.470075 val_acc: 0.714286 test_loss: 0.634384 test_acc: 0.514286
Epoch: 270 train_loss: 0.004226 val_loss: 0.471758 val_acc: 0.600000 test_loss: 0.638335 test_acc: 0.457143
Epoch: 280 train_loss: 0.004206 val_loss: 0.507733 val_acc: 0.600000 test_loss: 0.632306 test_acc: 0.428571
Epoch: 290 train_loss: 0.003979 val_loss: 0.498906 val_acc: 0.600000 test_loss: 0.659474 test_acc: 0.457143
Epoch: 300 train_loss: 0.004197 val_loss: 0.562313 val_acc: 0.657143 test_loss: 0.662791 test_acc: 0.428571
Epoch: 310 train_loss: 0.003912 val_loss: 0.557805 val_acc: 0.657143 test_loss: 0.661014 test_acc: 0.457143
Epoch: 320 train_loss: 0.004193 val_loss: 0.570981 val_acc: 0.657143 test_loss: 0.663097 test_acc: 0.428571
Epoch: 330 train_loss: 0.004325 val_loss: 0.524850 val_acc: 0.628571 test_loss: 0.678190 test_acc: 0.428571
Epoch: 340 train_loss: 0.004019 val_loss: 0.589575 val_acc: 0.657143 test_loss: 0.689741 test_acc: 0.457143
Epoch: 350 train_loss: 0.004088 val_loss: 0.503505 val_acc: 0.628571 test_loss: 0.673856 test_acc: 0.457143
Epoch: 360 train_loss: 0.004127 val_loss: 0.525989 val_acc: 0.600000 test_loss: 0.698113 test_acc: 0.428571
Epoch: 370 train_loss: 0.003974 val_loss: 0.548098 val_acc: 0.628571 test_loss: 0.704051 test_acc: 0.457143
Epoch: 380 train_loss: 0.004010 val_loss: 0.554009 val_acc: 0.628571 test_loss: 0.710112 test_acc: 0.457143
Epoch: 390 train_loss: 0.004114 val_loss: 0.537624 val_acc: 0.628571 test_loss: 0.687729 test_acc: 0.428571
Epoch: 400 train_loss: 0.003883 val_loss: 0.563849 val_acc: 0.628571 test_loss: 0.703917 test_acc: 0.457143
Epoch: 410 train_loss: 0.003971 val_loss: 0.569054 val_acc: 0.600000 test_loss: 0.705587 test_acc: 0.457143
Epoch: 420 train_loss: 0.004155 val_loss: 0.581739 val_acc: 0.600000 test_loss: 0.693743 test_acc: 0.428571
Epoch: 430 train_loss: 0.003772 val_loss: 0.548181 val_acc: 0.600000 test_loss: 0.702545 test_acc: 0.457143
Epoch: 440 train_loss: 0.003927 val_loss: 0.569940 val_acc: 0.628571 test_loss: 0.710180 test_acc: 0.457143
Epoch: 450 train_loss: 0.004101 val_loss: 0.576788 val_acc: 0.628571 test_loss: 0.710500 test_acc: 0.428571
Epoch: 460 train_loss: 0.003974 val_loss: 0.615857 val_acc: 0.628571 test_loss: 0.726125 test_acc: 0.457143
Epoch: 470 train_loss: 0.003908 val_loss: 0.595795 val_acc: 0.600000 test_loss: 0.711716 test_acc: 0.457143
Epoch: 480 train_loss: 0.003856 val_loss: 0.584653 val_acc: 0.628571 test_loss: 0.699540 test_acc: 0.457143
Epoch: 490 train_loss: 0.003951 val_loss: 0.595513 val_acc: 0.600000 test_loss: 0.725875 test_acc: 0.457143
Epoch: 500 train_loss: 0.003930 val_loss: 0.636584 val_acc: 0.628571 test_loss: 0.728458 test_acc: 0.457143
Epoch: 510 train_loss: 0.003939 val_loss: 0.636616 val_acc: 0.628571 test_loss: 0.727841 test_acc: 0.457143
Epoch: 520 train_loss: 0.003914 val_loss: 0.648625 val_acc: 0.628571 test_loss: 0.711014 test_acc: 0.428571
Epoch: 530 train_loss: 0.004083 val_loss: 0.662140 val_acc: 0.628571 test_loss: 0.705017 test_acc: 0.457143
Epoch: 540 train_loss: 0.004033 val_loss: 0.565684 val_acc: 0.600000 test_loss: 0.719903 test_acc: 0.457143
Epoch: 550 train_loss: 0.004025 val_loss: 0.632631 val_acc: 0.628571 test_loss: 0.713991 test_acc: 0.457143
Epoch: 560 train_loss: 0.004258 val_loss: 0.643209 val_acc: 0.628571 test_loss: 0.701636 test_acc: 0.457143
Epoch: 570 train_loss: 0.004131 val_loss: 0.640452 val_acc: 0.628571 test_loss: 0.723651 test_acc: 0.457143
Epoch: 580 train_loss: 0.004145 val_loss: 0.571872 val_acc: 0.600000 test_loss: 0.738331 test_acc: 0.428571
Epoch: 590 train_loss: 0.004007 val_loss: 0.639818 val_acc: 0.600000 test_loss: 0.730287 test_acc: 0.457143
Epoch: 600 train_loss: 0.003907 val_loss: 0.616326 val_acc: 0.628571 test_loss: 0.734792 test_acc: 0.428571
Epoch: 610 train_loss: 0.003942 val_loss: 0.647302 val_acc: 0.628571 test_loss: 0.734776 test_acc: 0.428571
Epoch: 620 train_loss: 0.003869 val_loss: 0.635561 val_acc: 0.628571 test_loss: 0.745526 test_acc: 0.457143
Epoch: 630 train_loss: 0.003877 val_loss: 0.606031 val_acc: 0.628571 test_loss: 0.745907 test_acc: 0.457143
Epoch: 640 train_loss: 0.003857 val_loss: 0.634044 val_acc: 0.600000 test_loss: 0.735224 test_acc: 0.428571
Epoch: 650 train_loss: 0.003936 val_loss: 0.617879 val_acc: 0.628571 test_loss: 0.747845 test_acc: 0.428571
Epoch: 660 train_loss: 0.003923 val_loss: 0.665948 val_acc: 0.600000 test_loss: 0.745631 test_acc: 0.428571
Epoch: 670 train_loss: 0.003680 val_loss: 0.640739 val_acc: 0.628571 test_loss: 0.759634 test_acc: 0.457143
Epoch: 680 train_loss: 0.003969 val_loss: 0.661199 val_acc: 0.628571 test_loss: 0.746751 test_acc: 0.457143
Epoch: 690 train_loss: 0.003917 val_loss: 0.635867 val_acc: 0.628571 test_loss: 0.731071 test_acc: 0.457143
Epoch: 700 train_loss: 0.003744 val_loss: 0.665431 val_acc: 0.628571 test_loss: 0.746675 test_acc: 0.457143
Epoch: 710 train_loss: 0.003794 val_loss: 0.658711 val_acc: 0.628571 test_loss: 0.739241 test_acc: 0.457143
Epoch: 720 train_loss: 0.003730 val_loss: 0.659836 val_acc: 0.628571 test_loss: 0.746079 test_acc: 0.457143
Epoch: 730 train_loss: 0.004129 val_loss: 0.650770 val_acc: 0.628571 test_loss: 0.736517 test_acc: 0.428571
Epoch: 740 train_loss: 0.003880 val_loss: 0.658576 val_acc: 0.628571 test_loss: 0.744097 test_acc: 0.457143
Epoch: 750 train_loss: 0.003834 val_loss: 0.688046 val_acc: 0.657143 test_loss: 0.759730 test_acc: 0.457143
Epoch: 760 train_loss: 0.003915 val_loss: 0.662550 val_acc: 0.600000 test_loss: 0.755165 test_acc: 0.428571
Epoch: 770 train_loss: 0.003700 val_loss: 0.650295 val_acc: 0.600000 test_loss: 0.748450 test_acc: 0.457143
Epoch: 780 train_loss: 0.003779 val_loss: 0.673955 val_acc: 0.628571 test_loss: 0.758563 test_acc: 0.457143
Epoch: 790 train_loss: 0.004064 val_loss: 0.664861 val_acc: 0.628571 test_loss: 0.762519 test_acc: 0.457143
------------- 7 val_acc: 0.8000 test_acc: 0.6571 best_test: 0.6571 -----------------
Fold: 8
Epoch: 000 train_loss: 0.006187 val_loss: 0.516904 val_acc: 0.428571 test_loss: 0.512839 test_acc: 0.542857
Epoch: 010 train_loss: 0.004997 val_loss: 0.493452 val_acc: 0.657143 test_loss: 0.468157 test_acc: 0.600000
Epoch: 020 train_loss: 0.004762 val_loss: 0.499949 val_acc: 0.657143 test_loss: 0.465014 test_acc: 0.600000
Epoch: 030 train_loss: 0.004728 val_loss: 0.532076 val_acc: 0.657143 test_loss: 0.471043 test_acc: 0.600000
Epoch: 040 train_loss: 0.004812 val_loss: 0.550709 val_acc: 0.657143 test_loss: 0.471834 test_acc: 0.571429
Epoch: 050 train_loss: 0.004488 val_loss: 0.547885 val_acc: 0.542857 test_loss: 0.462315 test_acc: 0.657143
Epoch: 060 train_loss: 0.004488 val_loss: 0.556795 val_acc: 0.571429 test_loss: 0.475884 test_acc: 0.657143
Epoch: 070 train_loss: 0.004522 val_loss: 0.607135 val_acc: 0.571429 test_loss: 0.494194 test_acc: 0.600000
Epoch: 080 train_loss: 0.004360 val_loss: 0.596294 val_acc: 0.600000 test_loss: 0.463565 test_acc: 0.628571
Epoch: 090 train_loss: 0.004311 val_loss: 0.571720 val_acc: 0.542857 test_loss: 0.481142 test_acc: 0.657143
Epoch: 100 train_loss: 0.004311 val_loss: 0.554792 val_acc: 0.542857 test_loss: 0.468072 test_acc: 0.571429
Epoch: 110 train_loss: 0.004047 val_loss: 0.579336 val_acc: 0.600000 test_loss: 0.485805 test_acc: 0.628571
Epoch: 120 train_loss: 0.003767 val_loss: 0.644534 val_acc: 0.600000 test_loss: 0.510267 test_acc: 0.628571
Epoch: 130 train_loss: 0.004119 val_loss: 0.637235 val_acc: 0.628571 test_loss: 0.524861 test_acc: 0.628571
Epoch: 140 train_loss: 0.004394 val_loss: 0.663044 val_acc: 0.657143 test_loss: 0.596804 test_acc: 0.542857
Epoch: 150 train_loss: 0.004026 val_loss: 0.596726 val_acc: 0.571429 test_loss: 0.488054 test_acc: 0.657143
Epoch: 160 train_loss: 0.003670 val_loss: 0.653470 val_acc: 0.600000 test_loss: 0.517875 test_acc: 0.600000
Epoch: 170 train_loss: 0.004277 val_loss: 0.670235 val_acc: 0.571429 test_loss: 0.533884 test_acc: 0.628571
Epoch: 180 train_loss: 0.003900 val_loss: 0.607349 val_acc: 0.571429 test_loss: 0.502667 test_acc: 0.628571
Epoch: 190 train_loss: 0.003736 val_loss: 0.563538 val_acc: 0.628571 test_loss: 0.510480 test_acc: 0.628571
Epoch: 200 train_loss: 0.003701 val_loss: 0.649694 val_acc: 0.571429 test_loss: 0.488529 test_acc: 0.628571
Epoch: 210 train_loss: 0.004189 val_loss: 0.666160 val_acc: 0.542857 test_loss: 0.507593 test_acc: 0.628571
Epoch: 220 train_loss: 0.003672 val_loss: 0.656623 val_acc: 0.571429 test_loss: 0.514789 test_acc: 0.628571
Epoch: 230 train_loss: 0.003505 val_loss: 0.741317 val_acc: 0.457143 test_loss: 0.510551 test_acc: 0.600000
Epoch: 240 train_loss: 0.003705 val_loss: 0.677474 val_acc: 0.514286 test_loss: 0.517130 test_acc: 0.657143
Epoch: 250 train_loss: 0.003540 val_loss: 0.723379 val_acc: 0.542857 test_loss: 0.491545 test_acc: 0.657143
Epoch: 260 train_loss: 0.003419 val_loss: 0.708232 val_acc: 0.485714 test_loss: 0.497987 test_acc: 0.714286
Epoch: 270 train_loss: 0.003547 val_loss: 0.691156 val_acc: 0.542857 test_loss: 0.509798 test_acc: 0.685714
Epoch: 280 train_loss: 0.003334 val_loss: 0.712342 val_acc: 0.514286 test_loss: 0.520921 test_acc: 0.657143
Epoch: 290 train_loss: 0.003530 val_loss: 0.724343 val_acc: 0.514286 test_loss: 0.505411 test_acc: 0.685714
Epoch: 300 train_loss: 0.003442 val_loss: 0.740190 val_acc: 0.514286 test_loss: 0.529120 test_acc: 0.714286
Epoch: 310 train_loss: 0.003444 val_loss: 0.725056 val_acc: 0.514286 test_loss: 0.548264 test_acc: 0.657143
Epoch: 320 train_loss: 0.003724 val_loss: 0.734750 val_acc: 0.514286 test_loss: 0.508952 test_acc: 0.685714
Epoch: 330 train_loss: 0.003336 val_loss: 0.741104 val_acc: 0.514286 test_loss: 0.517264 test_acc: 0.657143
Epoch: 340 train_loss: 0.003356 val_loss: 0.737045 val_acc: 0.514286 test_loss: 0.519486 test_acc: 0.657143
Epoch: 350 train_loss: 0.003338 val_loss: 0.757270 val_acc: 0.514286 test_loss: 0.493244 test_acc: 0.657143
Epoch: 360 train_loss: 0.003377 val_loss: 0.723308 val_acc: 0.542857 test_loss: 0.507120 test_acc: 0.685714
Epoch: 370 train_loss: 0.003415 val_loss: 0.747595 val_acc: 0.485714 test_loss: 0.517597 test_acc: 0.685714
Epoch: 380 train_loss: 0.003411 val_loss: 0.781465 val_acc: 0.514286 test_loss: 0.512714 test_acc: 0.685714
Epoch: 390 train_loss: 0.003385 val_loss: 0.741889 val_acc: 0.542857 test_loss: 0.524872 test_acc: 0.714286
Epoch: 400 train_loss: 0.003426 val_loss: 0.782074 val_acc: 0.514286 test_loss: 0.510628 test_acc: 0.657143
Epoch: 410 train_loss: 0.003307 val_loss: 0.769687 val_acc: 0.485714 test_loss: 0.512616 test_acc: 0.657143
Epoch: 420 train_loss: 0.003559 val_loss: 0.778274 val_acc: 0.485714 test_loss: 0.521634 test_acc: 0.714286
Epoch: 430 train_loss: 0.003439 val_loss: 0.769479 val_acc: 0.514286 test_loss: 0.522316 test_acc: 0.685714
Epoch: 440 train_loss: 0.003510 val_loss: 0.771884 val_acc: 0.542857 test_loss: 0.532618 test_acc: 0.657143
Epoch: 450 train_loss: 0.003352 val_loss: 0.789620 val_acc: 0.514286 test_loss: 0.538421 test_acc: 0.714286
Epoch: 460 train_loss: 0.003298 val_loss: 0.793043 val_acc: 0.485714 test_loss: 0.513814 test_acc: 0.685714
Epoch: 470 train_loss: 0.003145 val_loss: 0.758225 val_acc: 0.542857 test_loss: 0.529247 test_acc: 0.685714
Epoch: 480 train_loss: 0.003416 val_loss: 0.794839 val_acc: 0.514286 test_loss: 0.522764 test_acc: 0.657143
Epoch: 490 train_loss: 0.003199 val_loss: 0.792928 val_acc: 0.514286 test_loss: 0.518626 test_acc: 0.685714
Epoch: 500 train_loss: 0.003349 val_loss: 0.770410 val_acc: 0.514286 test_loss: 0.507308 test_acc: 0.714286
Epoch: 510 train_loss: 0.003307 val_loss: 0.797239 val_acc: 0.514286 test_loss: 0.516827 test_acc: 0.685714
Epoch: 520 train_loss: 0.003445 val_loss: 0.793520 val_acc: 0.542857 test_loss: 0.529219 test_acc: 0.714286
Epoch: 530 train_loss: 0.003256 val_loss: 0.795792 val_acc: 0.514286 test_loss: 0.527275 test_acc: 0.657143
Epoch: 540 train_loss: 0.003473 val_loss: 0.766781 val_acc: 0.542857 test_loss: 0.510471 test_acc: 0.714286
Epoch: 550 train_loss: 0.003293 val_loss: 0.786410 val_acc: 0.514286 test_loss: 0.520985 test_acc: 0.685714
Epoch: 560 train_loss: 0.003282 val_loss: 0.781601 val_acc: 0.514286 test_loss: 0.530804 test_acc: 0.685714
Epoch: 570 train_loss: 0.003211 val_loss: 0.771056 val_acc: 0.542857 test_loss: 0.534103 test_acc: 0.714286
Epoch: 580 train_loss: 0.003226 val_loss: 0.795671 val_acc: 0.542857 test_loss: 0.523960 test_acc: 0.685714
Epoch: 590 train_loss: 0.003224 val_loss: 0.799505 val_acc: 0.542857 test_loss: 0.527053 test_acc: 0.714286
Epoch: 600 train_loss: 0.003427 val_loss: 0.798298 val_acc: 0.514286 test_loss: 0.518527 test_acc: 0.685714
Epoch: 610 train_loss: 0.003294 val_loss: 0.796101 val_acc: 0.542857 test_loss: 0.521224 test_acc: 0.685714
Epoch: 620 train_loss: 0.003181 val_loss: 0.789179 val_acc: 0.514286 test_loss: 0.531932 test_acc: 0.685714
Epoch: 630 train_loss: 0.003265 val_loss: 0.789567 val_acc: 0.514286 test_loss: 0.522052 test_acc: 0.685714
Epoch: 640 train_loss: 0.003459 val_loss: 0.819864 val_acc: 0.514286 test_loss: 0.529286 test_acc: 0.685714
Epoch: 650 train_loss: 0.003544 val_loss: 0.812453 val_acc: 0.514286 test_loss: 0.522809 test_acc: 0.685714
Epoch: 660 train_loss: 0.003095 val_loss: 0.827463 val_acc: 0.514286 test_loss: 0.526929 test_acc: 0.657143
Epoch: 670 train_loss: 0.003268 val_loss: 0.810633 val_acc: 0.514286 test_loss: 0.534147 test_acc: 0.685714
Epoch: 680 train_loss: 0.003185 val_loss: 0.800801 val_acc: 0.514286 test_loss: 0.537289 test_acc: 0.685714
Epoch: 690 train_loss: 0.003321 val_loss: 0.806853 val_acc: 0.514286 test_loss: 0.534727 test_acc: 0.685714
Epoch: 700 train_loss: 0.003355 val_loss: 0.806960 val_acc: 0.514286 test_loss: 0.531400 test_acc: 0.685714
Epoch: 710 train_loss: 0.003353 val_loss: 0.801807 val_acc: 0.542857 test_loss: 0.533191 test_acc: 0.685714
Epoch: 720 train_loss: 0.003046 val_loss: 0.805564 val_acc: 0.514286 test_loss: 0.528589 test_acc: 0.685714
Epoch: 730 train_loss: 0.003346 val_loss: 0.797796 val_acc: 0.542857 test_loss: 0.533198 test_acc: 0.685714
Epoch: 740 train_loss: 0.003090 val_loss: 0.803586 val_acc: 0.542857 test_loss: 0.542821 test_acc: 0.714286
Epoch: 750 train_loss: 0.003119 val_loss: 0.798962 val_acc: 0.542857 test_loss: 0.540259 test_acc: 0.685714
Epoch: 760 train_loss: 0.003107 val_loss: 0.791397 val_acc: 0.542857 test_loss: 0.543977 test_acc: 0.685714
Epoch: 770 train_loss: 0.003164 val_loss: 0.814504 val_acc: 0.514286 test_loss: 0.532978 test_acc: 0.685714
Epoch: 780 train_loss: 0.003390 val_loss: 0.810727 val_acc: 0.514286 test_loss: 0.534951 test_acc: 0.685714
Epoch: 790 train_loss: 0.003178 val_loss: 0.795357 val_acc: 0.542857 test_loss: 0.538527 test_acc: 0.685714
------------- 8 val_acc: 0.6571 test_acc: 0.6571 best_test: 0.7143 -----------------
Fold: 9
Epoch: 000 train_loss: 0.007128 val_loss: 0.499878 val_acc: 0.485714 test_loss: 0.495695 test_acc: 0.571429
Epoch: 010 train_loss: 0.004923 val_loss: 0.473427 val_acc: 0.628571 test_loss: 0.528412 test_acc: 0.485714
Epoch: 020 train_loss: 0.004719 val_loss: 0.467664 val_acc: 0.600000 test_loss: 0.516305 test_acc: 0.485714
Epoch: 030 train_loss: 0.004705 val_loss: 0.459775 val_acc: 0.600000 test_loss: 0.525236 test_acc: 0.514286
Epoch: 040 train_loss: 0.004637 val_loss: 0.468790 val_acc: 0.600000 test_loss: 0.546060 test_acc: 0.485714
Epoch: 050 train_loss: 0.004458 val_loss: 0.454240 val_acc: 0.600000 test_loss: 0.533282 test_acc: 0.514286
Epoch: 060 train_loss: 0.004532 val_loss: 0.443185 val_acc: 0.628571 test_loss: 0.530227 test_acc: 0.485714
Epoch: 070 train_loss: 0.004784 val_loss: 0.448853 val_acc: 0.628571 test_loss: 0.540222 test_acc: 0.485714
Epoch: 080 train_loss: 0.004411 val_loss: 0.442384 val_acc: 0.628571 test_loss: 0.533837 test_acc: 0.514286
Epoch: 090 train_loss: 0.004590 val_loss: 0.442679 val_acc: 0.657143 test_loss: 0.535864 test_acc: 0.485714
Epoch: 100 train_loss: 0.004282 val_loss: 0.442742 val_acc: 0.628571 test_loss: 0.550490 test_acc: 0.485714
Epoch: 110 train_loss: 0.004520 val_loss: 0.445897 val_acc: 0.600000 test_loss: 0.560665 test_acc: 0.485714
Epoch: 120 train_loss: 0.004295 val_loss: 0.432516 val_acc: 0.628571 test_loss: 0.563109 test_acc: 0.485714
Epoch: 130 train_loss: 0.004457 val_loss: 0.422538 val_acc: 0.742857 test_loss: 0.572559 test_acc: 0.457143
Epoch: 140 train_loss: 0.004711 val_loss: 0.422864 val_acc: 0.657143 test_loss: 0.550207 test_acc: 0.485714
Epoch: 150 train_loss: 0.004404 val_loss: 0.434255 val_acc: 0.657143 test_loss: 0.583212 test_acc: 0.514286
Epoch: 160 train_loss: 0.004296 val_loss: 0.407021 val_acc: 0.742857 test_loss: 0.557377 test_acc: 0.600000
Epoch: 170 train_loss: 0.004393 val_loss: 0.405012 val_acc: 0.771429 test_loss: 0.553643 test_acc: 0.600000
Epoch: 180 train_loss: 0.004201 val_loss: 0.411379 val_acc: 0.685714 test_loss: 0.570360 test_acc: 0.600000
Epoch: 190 train_loss: 0.004194 val_loss: 0.403288 val_acc: 0.742857 test_loss: 0.588278 test_acc: 0.485714
Epoch: 200 train_loss: 0.004385 val_loss: 0.433384 val_acc: 0.628571 test_loss: 0.598941 test_acc: 0.485714
Epoch: 210 train_loss: 0.004081 val_loss: 0.399512 val_acc: 0.771429 test_loss: 0.579377 test_acc: 0.571429
Epoch: 220 train_loss: 0.004005 val_loss: 0.415376 val_acc: 0.685714 test_loss: 0.574866 test_acc: 0.542857
Epoch: 230 train_loss: 0.004054 val_loss: 0.399737 val_acc: 0.771429 test_loss: 0.588078 test_acc: 0.542857
Epoch: 240 train_loss: 0.004037 val_loss: 0.411816 val_acc: 0.714286 test_loss: 0.573888 test_acc: 0.571429
Epoch: 250 train_loss: 0.004108 val_loss: 0.397956 val_acc: 0.742857 test_loss: 0.593065 test_acc: 0.542857
Epoch: 260 train_loss: 0.004088 val_loss: 0.429739 val_acc: 0.685714 test_loss: 0.605564 test_acc: 0.571429
Epoch: 270 train_loss: 0.004053 val_loss: 0.411040 val_acc: 0.771429 test_loss: 0.581278 test_acc: 0.571429
Epoch: 280 train_loss: 0.003963 val_loss: 0.425977 val_acc: 0.685714 test_loss: 0.608040 test_acc: 0.571429
Epoch: 290 train_loss: 0.003919 val_loss: 0.428797 val_acc: 0.714286 test_loss: 0.597666 test_acc: 0.571429
Epoch: 300 train_loss: 0.003848 val_loss: 0.404116 val_acc: 0.742857 test_loss: 0.593271 test_acc: 0.571429
Epoch: 310 train_loss: 0.003758 val_loss: 0.432652 val_acc: 0.685714 test_loss: 0.580615 test_acc: 0.628571
Epoch: 320 train_loss: 0.004122 val_loss: 0.412003 val_acc: 0.742857 test_loss: 0.580878 test_acc: 0.600000
Epoch: 330 train_loss: 0.003807 val_loss: 0.424801 val_acc: 0.714286 test_loss: 0.599770 test_acc: 0.600000
Epoch: 340 train_loss: 0.003908 val_loss: 0.421563 val_acc: 0.742857 test_loss: 0.625601 test_acc: 0.571429
Epoch: 350 train_loss: 0.004108 val_loss: 0.439745 val_acc: 0.685714 test_loss: 0.588829 test_acc: 0.571429
Epoch: 360 train_loss: 0.003802 val_loss: 0.443467 val_acc: 0.657143 test_loss: 0.609097 test_acc: 0.571429
Epoch: 370 train_loss: 0.004124 val_loss: 0.432805 val_acc: 0.685714 test_loss: 0.597364 test_acc: 0.628571
Epoch: 380 train_loss: 0.003918 val_loss: 0.406523 val_acc: 0.742857 test_loss: 0.615968 test_acc: 0.571429
Epoch: 390 train_loss: 0.003742 val_loss: 0.423138 val_acc: 0.685714 test_loss: 0.605088 test_acc: 0.600000
Epoch: 400 train_loss: 0.003972 val_loss: 0.409917 val_acc: 0.714286 test_loss: 0.601402 test_acc: 0.628571
Epoch: 410 train_loss: 0.003839 val_loss: 0.425008 val_acc: 0.657143 test_loss: 0.603277 test_acc: 0.600000
Epoch: 420 train_loss: 0.003828 val_loss: 0.411994 val_acc: 0.714286 test_loss: 0.596008 test_acc: 0.600000
Epoch: 430 train_loss: 0.003848 val_loss: 0.410877 val_acc: 0.685714 test_loss: 0.591652 test_acc: 0.600000
Epoch: 440 train_loss: 0.003651 val_loss: 0.417902 val_acc: 0.714286 test_loss: 0.597781 test_acc: 0.600000
Epoch: 450 train_loss: 0.003710 val_loss: 0.405084 val_acc: 0.714286 test_loss: 0.608118 test_acc: 0.600000
Epoch: 460 train_loss: 0.003573 val_loss: 0.416822 val_acc: 0.685714 test_loss: 0.604499 test_acc: 0.628571
Epoch: 470 train_loss: 0.003769 val_loss: 0.414607 val_acc: 0.714286 test_loss: 0.591847 test_acc: 0.628571
Epoch: 480 train_loss: 0.003775 val_loss: 0.426755 val_acc: 0.685714 test_loss: 0.603317 test_acc: 0.628571
Epoch: 490 train_loss: 0.003719 val_loss: 0.428121 val_acc: 0.685714 test_loss: 0.600966 test_acc: 0.657143
Epoch: 500 train_loss: 0.003942 val_loss: 0.425305 val_acc: 0.657143 test_loss: 0.587080 test_acc: 0.600000
Epoch: 510 train_loss: 0.003749 val_loss: 0.427509 val_acc: 0.714286 test_loss: 0.594626 test_acc: 0.628571
Epoch: 520 train_loss: 0.003993 val_loss: 0.408397 val_acc: 0.714286 test_loss: 0.588591 test_acc: 0.657143
Epoch: 530 train_loss: 0.003632 val_loss: 0.429399 val_acc: 0.657143 test_loss: 0.615488 test_acc: 0.628571
Epoch: 540 train_loss: 0.003777 val_loss: 0.404574 val_acc: 0.714286 test_loss: 0.604306 test_acc: 0.600000
Epoch: 550 train_loss: 0.003880 val_loss: 0.447340 val_acc: 0.685714 test_loss: 0.594714 test_acc: 0.600000
Epoch: 560 train_loss: 0.003684 val_loss: 0.419631 val_acc: 0.685714 test_loss: 0.602213 test_acc: 0.628571
Epoch: 570 train_loss: 0.003791 val_loss: 0.418082 val_acc: 0.685714 test_loss: 0.603338 test_acc: 0.628571
Epoch: 580 train_loss: 0.003680 val_loss: 0.418581 val_acc: 0.714286 test_loss: 0.605031 test_acc: 0.628571
Epoch: 590 train_loss: 0.003597 val_loss: 0.425830 val_acc: 0.685714 test_loss: 0.607234 test_acc: 0.600000
Epoch: 600 train_loss: 0.003679 val_loss: 0.411021 val_acc: 0.685714 test_loss: 0.602916 test_acc: 0.628571
Epoch: 610 train_loss: 0.003719 val_loss: 0.424945 val_acc: 0.685714 test_loss: 0.596503 test_acc: 0.628571
Epoch: 620 train_loss: 0.004015 val_loss: 0.419459 val_acc: 0.742857 test_loss: 0.611413 test_acc: 0.628571
Epoch: 630 train_loss: 0.003636 val_loss: 0.426412 val_acc: 0.657143 test_loss: 0.605330 test_acc: 0.600000
Epoch: 640 train_loss: 0.003737 val_loss: 0.433363 val_acc: 0.657143 test_loss: 0.608092 test_acc: 0.628571
Epoch: 650 train_loss: 0.003662 val_loss: 0.412968 val_acc: 0.685714 test_loss: 0.601438 test_acc: 0.628571
Epoch: 660 train_loss: 0.003564 val_loss: 0.421544 val_acc: 0.685714 test_loss: 0.604549 test_acc: 0.628571
Epoch: 670 train_loss: 0.003441 val_loss: 0.415295 val_acc: 0.714286 test_loss: 0.614366 test_acc: 0.628571
Epoch: 680 train_loss: 0.003791 val_loss: 0.411930 val_acc: 0.714286 test_loss: 0.608490 test_acc: 0.657143
Epoch: 690 train_loss: 0.003699 val_loss: 0.414976 val_acc: 0.714286 test_loss: 0.606882 test_acc: 0.657143
Epoch: 700 train_loss: 0.003531 val_loss: 0.422010 val_acc: 0.685714 test_loss: 0.610115 test_acc: 0.628571
Epoch: 710 train_loss: 0.003599 val_loss: 0.421539 val_acc: 0.685714 test_loss: 0.603274 test_acc: 0.628571
Epoch: 720 train_loss: 0.003823 val_loss: 0.418199 val_acc: 0.685714 test_loss: 0.607665 test_acc: 0.628571
Epoch: 730 train_loss: 0.003586 val_loss: 0.417649 val_acc: 0.685714 test_loss: 0.600370 test_acc: 0.628571
Epoch: 740 train_loss: 0.003694 val_loss: 0.440444 val_acc: 0.685714 test_loss: 0.610819 test_acc: 0.628571
Epoch: 750 train_loss: 0.003697 val_loss: 0.415141 val_acc: 0.714286 test_loss: 0.609976 test_acc: 0.657143
Epoch: 760 train_loss: 0.003819 val_loss: 0.421998 val_acc: 0.685714 test_loss: 0.602794 test_acc: 0.628571
Epoch: 770 train_loss: 0.003715 val_loss: 0.425864 val_acc: 0.657143 test_loss: 0.603625 test_acc: 0.628571
Epoch: 780 train_loss: 0.003530 val_loss: 0.427022 val_acc: 0.685714 test_loss: 0.607786 test_acc: 0.628571
Epoch: 790 train_loss: 0.003634 val_loss: 0.424408 val_acc: 0.685714 test_loss: 0.606316 test_acc: 0.628571
------------- 9 val_acc: 0.8000 test_acc: 0.5714 best_test: 0.6571 -----------------
[0.6944444444444444, 0.6857142857142857, 0.6857142857142857, 0.7142857142857143, 0.7428571428571429, 0.6857142857142857, 0.7428571428571429, 0.6571428571428571, 0.6571428571428571, 0.5714285714285714]
[0.7777777777777778, 0.7428571428571429, 0.7714285714285715, 0.7428571428571429, 0.8, 0.8, 0.8285714285714286, 0.6571428571428571, 0.7142857142857143, 0.6571428571428571]
[10 Fold results] data_val:76.06  5.64 data_test:68.37  4.70 best_test:74.92  5.57
