/home/dongrui/anaconda3/envs/dr/lib/python3.9/site-packages/torch_geometric/data/in_memory_dataset.py:284: UserWarning: It is not recommended to directly access the internal storage format `data` of an 'InMemoryDataset'. If you are absolutely certain what you are doing, access the internal storage via `InMemoryDataset._data` instead to suppress this warning. Alternatively, you can access stacked individual attributes of every graph via `dataset.{attr_name}`.
  warnings.warn(msg)
Namespace(device='cuda:0', dataset='PTC_FR', in_size=19, num_classes=2, model_name='fusion_tm', fusion_type='early', gcn_channels=3, gcn_hidden=128, gcn_layers=4, gcn_dropout=0.1, trans_num_layers=4, input_node_dim=19, hidden_node_dim=32, input_edge_dim=4, hidden_edge_dim=32, ouput_dim=None, n_heads=4, max_in_degree=5, max_out_degree=5, max_path_distance=5, hidden_dim=128, num_layers=4, num_features=19, num_heads=8, dropout=0.1, pos_encoding='gcn', att_dropout=0.1, d_k=64, d_v=64, pos_embed_type='s', alpha=0.6, num_fusion_layers=6, eta=0.5, ffn_dim=128, num_trans_layers=3, lam1=0.2, lam2=0.2, theta1=0.15, theta2=0.4, theta3=0.4, gamma=0.7, loss_log=2, folds=10, lr=1e-05, weight_decay=5e-05, batch_size=128, epoches=800, output_dim=2)
/home/dongrui/anaconda3/envs/dr/lib/python3.9/site-packages/torch_geometric/data/in_memory_dataset.py:284: UserWarning: It is not recommended to directly access the internal storage format `data` of an 'InMemoryDataset'. The given 'InMemoryDataset' only references a subset of examples of the full dataset, but 'data' will contain information of the full dataset. The data of the dataset is already cached, so any modifications to `data` will not be reflected when accessing its elements. Clearing the cache now by removing all elements in `dataset._data_list`. If you are absolutely certain what you are doing, access the internal storage via `InMemoryDataset._data` instead to suppress this warning. Alternatively, you can access stacked individual attributes of every graph via `dataset.{attr_name}`.
  warnings.warn(msg)
Fold: 0
Epoch: 000 train_loss: 0.005350 val_loss: 0.510543 val_acc: 0.571429 test_loss: 0.446327 test_acc: 0.611111
Epoch: 010 train_loss: 0.004823 val_loss: 0.528991 val_acc: 0.485714 test_loss: 0.425411 test_acc: 0.722222
Epoch: 020 train_loss: 0.004721 val_loss: 0.508790 val_acc: 0.571429 test_loss: 0.432364 test_acc: 0.777778
Epoch: 030 train_loss: 0.004599 val_loss: 0.518009 val_acc: 0.514286 test_loss: 0.435360 test_acc: 0.722222
Epoch: 040 train_loss: 0.004511 val_loss: 0.529675 val_acc: 0.542857 test_loss: 0.463528 test_acc: 0.555556
Epoch: 050 train_loss: 0.004588 val_loss: 0.543615 val_acc: 0.571429 test_loss: 0.452524 test_acc: 0.555556
Epoch: 060 train_loss: 0.004377 val_loss: 0.531215 val_acc: 0.657143 test_loss: 0.453357 test_acc: 0.555556
Epoch: 070 train_loss: 0.004204 val_loss: 0.572923 val_acc: 0.600000 test_loss: 0.454853 test_acc: 0.638889
Epoch: 080 train_loss: 0.004441 val_loss: 0.558346 val_acc: 0.628571 test_loss: 0.425533 test_acc: 0.722222
Epoch: 090 train_loss: 0.004212 val_loss: 0.555290 val_acc: 0.628571 test_loss: 0.452711 test_acc: 0.611111
Epoch: 100 train_loss: 0.004146 val_loss: 0.548497 val_acc: 0.571429 test_loss: 0.440994 test_acc: 0.638889
Epoch: 110 train_loss: 0.004080 val_loss: 0.568138 val_acc: 0.571429 test_loss: 0.452804 test_acc: 0.722222
Epoch: 120 train_loss: 0.003929 val_loss: 0.568581 val_acc: 0.600000 test_loss: 0.473319 test_acc: 0.722222
Epoch: 130 train_loss: 0.004055 val_loss: 0.570597 val_acc: 0.600000 test_loss: 0.477616 test_acc: 0.666667
Epoch: 140 train_loss: 0.003921 val_loss: 0.569691 val_acc: 0.628571 test_loss: 0.462737 test_acc: 0.583333
Epoch: 150 train_loss: 0.003994 val_loss: 0.565387 val_acc: 0.628571 test_loss: 0.464049 test_acc: 0.694444
Epoch: 160 train_loss: 0.003911 val_loss: 0.563832 val_acc: 0.600000 test_loss: 0.473077 test_acc: 0.611111
Epoch: 170 train_loss: 0.003849 val_loss: 0.555958 val_acc: 0.657143 test_loss: 0.484434 test_acc: 0.583333
Epoch: 180 train_loss: 0.003712 val_loss: 0.586689 val_acc: 0.571429 test_loss: 0.456510 test_acc: 0.694444
Epoch: 190 train_loss: 0.004086 val_loss: 0.589374 val_acc: 0.600000 test_loss: 0.490414 test_acc: 0.555556
Epoch: 200 train_loss: 0.003981 val_loss: 0.564805 val_acc: 0.685714 test_loss: 0.465902 test_acc: 0.694444
Epoch: 210 train_loss: 0.003842 val_loss: 0.573210 val_acc: 0.600000 test_loss: 0.441121 test_acc: 0.638889
Epoch: 220 train_loss: 0.003624 val_loss: 0.591630 val_acc: 0.600000 test_loss: 0.503081 test_acc: 0.694444
Epoch: 230 train_loss: 0.004094 val_loss: 0.618734 val_acc: 0.571429 test_loss: 0.495570 test_acc: 0.666667
Epoch: 240 train_loss: 0.003920 val_loss: 0.614700 val_acc: 0.542857 test_loss: 0.476531 test_acc: 0.555556
Epoch: 250 train_loss: 0.003815 val_loss: 0.595862 val_acc: 0.542857 test_loss: 0.481296 test_acc: 0.694444
Epoch: 260 train_loss: 0.003791 val_loss: 0.633415 val_acc: 0.542857 test_loss: 0.510547 test_acc: 0.666667
Epoch: 270 train_loss: 0.003663 val_loss: 0.592382 val_acc: 0.600000 test_loss: 0.500163 test_acc: 0.611111
Epoch: 280 train_loss: 0.003777 val_loss: 0.609304 val_acc: 0.628571 test_loss: 0.502723 test_acc: 0.611111
Epoch: 290 train_loss: 0.003579 val_loss: 0.629717 val_acc: 0.542857 test_loss: 0.492696 test_acc: 0.583333
Epoch: 300 train_loss: 0.003781 val_loss: 0.615203 val_acc: 0.542857 test_loss: 0.511964 test_acc: 0.611111
Epoch: 310 train_loss: 0.003518 val_loss: 0.622796 val_acc: 0.571429 test_loss: 0.511906 test_acc: 0.611111
Epoch: 320 train_loss: 0.003664 val_loss: 0.631449 val_acc: 0.514286 test_loss: 0.540350 test_acc: 0.611111
Epoch: 330 train_loss: 0.004025 val_loss: 0.618523 val_acc: 0.628571 test_loss: 0.532433 test_acc: 0.555556
Epoch: 340 train_loss: 0.003880 val_loss: 0.622180 val_acc: 0.600000 test_loss: 0.515896 test_acc: 0.638889
Epoch: 350 train_loss: 0.003718 val_loss: 0.611705 val_acc: 0.600000 test_loss: 0.525458 test_acc: 0.611111
Epoch: 360 train_loss: 0.003612 val_loss: 0.612775 val_acc: 0.600000 test_loss: 0.512850 test_acc: 0.611111
Epoch: 370 train_loss: 0.003567 val_loss: 0.615347 val_acc: 0.600000 test_loss: 0.511977 test_acc: 0.611111
Epoch: 380 train_loss: 0.003472 val_loss: 0.634389 val_acc: 0.542857 test_loss: 0.554826 test_acc: 0.611111
Epoch: 390 train_loss: 0.003553 val_loss: 0.626483 val_acc: 0.542857 test_loss: 0.521403 test_acc: 0.611111
Epoch: 400 train_loss: 0.003735 val_loss: 0.612112 val_acc: 0.600000 test_loss: 0.524293 test_acc: 0.583333
Epoch: 410 train_loss: 0.003596 val_loss: 0.622788 val_acc: 0.600000 test_loss: 0.547029 test_acc: 0.638889
Epoch: 420 train_loss: 0.003606 val_loss: 0.629194 val_acc: 0.600000 test_loss: 0.542371 test_acc: 0.611111
Epoch: 430 train_loss: 0.003450 val_loss: 0.635524 val_acc: 0.628571 test_loss: 0.553535 test_acc: 0.611111
Epoch: 440 train_loss: 0.003573 val_loss: 0.621457 val_acc: 0.571429 test_loss: 0.527505 test_acc: 0.611111
Epoch: 450 train_loss: 0.003304 val_loss: 0.620438 val_acc: 0.571429 test_loss: 0.508019 test_acc: 0.611111
Epoch: 460 train_loss: 0.003475 val_loss: 0.631302 val_acc: 0.600000 test_loss: 0.530055 test_acc: 0.611111
Epoch: 470 train_loss: 0.003460 val_loss: 0.624527 val_acc: 0.571429 test_loss: 0.552742 test_acc: 0.611111
Epoch: 480 train_loss: 0.003312 val_loss: 0.635162 val_acc: 0.600000 test_loss: 0.551437 test_acc: 0.611111
Epoch: 490 train_loss: 0.003592 val_loss: 0.633233 val_acc: 0.571429 test_loss: 0.549906 test_acc: 0.611111
Epoch: 500 train_loss: 0.003521 val_loss: 0.649205 val_acc: 0.542857 test_loss: 0.559195 test_acc: 0.611111
Epoch: 510 train_loss: 0.003414 val_loss: 0.635585 val_acc: 0.571429 test_loss: 0.565025 test_acc: 0.611111
Epoch: 520 train_loss: 0.003671 val_loss: 0.632659 val_acc: 0.542857 test_loss: 0.539529 test_acc: 0.611111
Epoch: 530 train_loss: 0.003488 val_loss: 0.623850 val_acc: 0.600000 test_loss: 0.545263 test_acc: 0.611111
Epoch: 540 train_loss: 0.003497 val_loss: 0.636630 val_acc: 0.628571 test_loss: 0.556030 test_acc: 0.611111
Epoch: 550 train_loss: 0.003513 val_loss: 0.634932 val_acc: 0.542857 test_loss: 0.537482 test_acc: 0.638889
Epoch: 560 train_loss: 0.003745 val_loss: 0.628016 val_acc: 0.600000 test_loss: 0.552521 test_acc: 0.611111
Epoch: 570 train_loss: 0.003448 val_loss: 0.638065 val_acc: 0.600000 test_loss: 0.539435 test_acc: 0.611111
Epoch: 580 train_loss: 0.003654 val_loss: 0.627119 val_acc: 0.571429 test_loss: 0.547487 test_acc: 0.611111
Epoch: 590 train_loss: 0.003592 val_loss: 0.642928 val_acc: 0.628571 test_loss: 0.535643 test_acc: 0.666667
Epoch: 600 train_loss: 0.003220 val_loss: 0.643251 val_acc: 0.571429 test_loss: 0.546465 test_acc: 0.611111
Epoch: 610 train_loss: 0.003532 val_loss: 0.639040 val_acc: 0.600000 test_loss: 0.538705 test_acc: 0.611111
Epoch: 620 train_loss: 0.003629 val_loss: 0.641922 val_acc: 0.628571 test_loss: 0.563318 test_acc: 0.611111
Epoch: 630 train_loss: 0.003575 val_loss: 0.644662 val_acc: 0.571429 test_loss: 0.570169 test_acc: 0.611111
Epoch: 640 train_loss: 0.003401 val_loss: 0.635266 val_acc: 0.600000 test_loss: 0.553802 test_acc: 0.611111
Epoch: 650 train_loss: 0.003438 val_loss: 0.640790 val_acc: 0.571429 test_loss: 0.557809 test_acc: 0.611111
Epoch: 660 train_loss: 0.003369 val_loss: 0.649076 val_acc: 0.600000 test_loss: 0.564516 test_acc: 0.611111
Epoch: 670 train_loss: 0.003498 val_loss: 0.644628 val_acc: 0.600000 test_loss: 0.558921 test_acc: 0.611111
Epoch: 680 train_loss: 0.003594 val_loss: 0.648192 val_acc: 0.628571 test_loss: 0.563445 test_acc: 0.611111
Epoch: 690 train_loss: 0.003559 val_loss: 0.646256 val_acc: 0.628571 test_loss: 0.551646 test_acc: 0.611111
Epoch: 700 train_loss: 0.003415 val_loss: 0.637505 val_acc: 0.571429 test_loss: 0.546669 test_acc: 0.611111
Epoch: 710 train_loss: 0.003439 val_loss: 0.646173 val_acc: 0.571429 test_loss: 0.564003 test_acc: 0.611111
Epoch: 720 train_loss: 0.003281 val_loss: 0.648429 val_acc: 0.571429 test_loss: 0.562972 test_acc: 0.611111
Epoch: 730 train_loss: 0.003614 val_loss: 0.647269 val_acc: 0.600000 test_loss: 0.558017 test_acc: 0.611111
Epoch: 740 train_loss: 0.003430 val_loss: 0.637028 val_acc: 0.571429 test_loss: 0.559134 test_acc: 0.611111
Epoch: 750 train_loss: 0.003558 val_loss: 0.634071 val_acc: 0.571429 test_loss: 0.551488 test_acc: 0.611111
Epoch: 760 train_loss: 0.003454 val_loss: 0.637960 val_acc: 0.600000 test_loss: 0.552107 test_acc: 0.611111
Epoch: 770 train_loss: 0.003342 val_loss: 0.646922 val_acc: 0.571429 test_loss: 0.564076 test_acc: 0.611111
Epoch: 780 train_loss: 0.003397 val_loss: 0.644168 val_acc: 0.600000 test_loss: 0.555803 test_acc: 0.611111
Epoch: 790 train_loss: 0.003319 val_loss: 0.645200 val_acc: 0.571429 test_loss: 0.559651 test_acc: 0.611111
------------- 0 val_acc: 0.6857 test_acc: 0.6944 best_test: 0.7778 -----------------
Fold: 1
Epoch: 000 train_loss: 0.005954 val_loss: 0.531629 val_acc: 0.416667 test_loss: 0.509094 test_acc: 0.371429
Epoch: 010 train_loss: 0.004904 val_loss: 0.429646 val_acc: 0.750000 test_loss: 0.474807 test_acc: 0.657143
Epoch: 020 train_loss: 0.004923 val_loss: 0.431315 val_acc: 0.750000 test_loss: 0.488415 test_acc: 0.657143
Epoch: 030 train_loss: 0.004574 val_loss: 0.425193 val_acc: 0.750000 test_loss: 0.496182 test_acc: 0.657143
Epoch: 040 train_loss: 0.004716 val_loss: 0.424964 val_acc: 0.750000 test_loss: 0.508662 test_acc: 0.657143
Epoch: 050 train_loss: 0.004869 val_loss: 0.448750 val_acc: 0.666667 test_loss: 0.514668 test_acc: 0.657143
Epoch: 060 train_loss: 0.004734 val_loss: 0.437658 val_acc: 0.777778 test_loss: 0.498897 test_acc: 0.685714
Epoch: 070 train_loss: 0.004819 val_loss: 0.429214 val_acc: 0.777778 test_loss: 0.511137 test_acc: 0.685714
Epoch: 080 train_loss: 0.004704 val_loss: 0.439426 val_acc: 0.694444 test_loss: 0.503339 test_acc: 0.685714
Epoch: 090 train_loss: 0.004811 val_loss: 0.422287 val_acc: 0.750000 test_loss: 0.513003 test_acc: 0.685714
Epoch: 100 train_loss: 0.004475 val_loss: 0.428314 val_acc: 0.750000 test_loss: 0.500540 test_acc: 0.685714
Epoch: 110 train_loss: 0.004663 val_loss: 0.422531 val_acc: 0.750000 test_loss: 0.507205 test_acc: 0.685714
Epoch: 120 train_loss: 0.004580 val_loss: 0.419243 val_acc: 0.750000 test_loss: 0.495812 test_acc: 0.685714
Epoch: 130 train_loss: 0.004501 val_loss: 0.415060 val_acc: 0.750000 test_loss: 0.479274 test_acc: 0.685714
Epoch: 140 train_loss: 0.004762 val_loss: 0.413159 val_acc: 0.777778 test_loss: 0.488069 test_acc: 0.685714
Epoch: 150 train_loss: 0.004760 val_loss: 0.413716 val_acc: 0.777778 test_loss: 0.484092 test_acc: 0.714286
Epoch: 160 train_loss: 0.004353 val_loss: 0.460088 val_acc: 0.583333 test_loss: 0.510366 test_acc: 0.657143
Epoch: 170 train_loss: 0.004676 val_loss: 0.508447 val_acc: 0.555556 test_loss: 0.503229 test_acc: 0.600000
Epoch: 180 train_loss: 0.004633 val_loss: 0.420262 val_acc: 0.750000 test_loss: 0.512042 test_acc: 0.714286
Epoch: 190 train_loss: 0.004233 val_loss: 0.475340 val_acc: 0.611111 test_loss: 0.544111 test_acc: 0.600000
Epoch: 200 train_loss: 0.004288 val_loss: 0.483282 val_acc: 0.611111 test_loss: 0.505351 test_acc: 0.628571
Epoch: 210 train_loss: 0.004506 val_loss: 0.556830 val_acc: 0.555556 test_loss: 0.538278 test_acc: 0.600000
Epoch: 220 train_loss: 0.004161 val_loss: 0.478781 val_acc: 0.611111 test_loss: 0.503065 test_acc: 0.628571
Epoch: 230 train_loss: 0.004438 val_loss: 0.500835 val_acc: 0.583333 test_loss: 0.483873 test_acc: 0.657143
Epoch: 240 train_loss: 0.004207 val_loss: 0.492570 val_acc: 0.638889 test_loss: 0.498267 test_acc: 0.657143
Epoch: 250 train_loss: 0.004010 val_loss: 0.461720 val_acc: 0.611111 test_loss: 0.499936 test_acc: 0.771429
Epoch: 260 train_loss: 0.003995 val_loss: 0.499492 val_acc: 0.583333 test_loss: 0.561976 test_acc: 0.657143
Epoch: 270 train_loss: 0.004041 val_loss: 0.496868 val_acc: 0.611111 test_loss: 0.625282 test_acc: 0.628571
Epoch: 280 train_loss: 0.004023 val_loss: 0.506557 val_acc: 0.583333 test_loss: 0.579986 test_acc: 0.657143
Epoch: 290 train_loss: 0.003903 val_loss: 0.476941 val_acc: 0.638889 test_loss: 0.488978 test_acc: 0.742857
Epoch: 300 train_loss: 0.004012 val_loss: 0.538376 val_acc: 0.555556 test_loss: 0.509430 test_acc: 0.685714
Epoch: 310 train_loss: 0.003914 val_loss: 0.542643 val_acc: 0.583333 test_loss: 0.572518 test_acc: 0.657143
Epoch: 320 train_loss: 0.003979 val_loss: 0.502929 val_acc: 0.583333 test_loss: 0.511839 test_acc: 0.742857
Epoch: 330 train_loss: 0.003804 val_loss: 0.543256 val_acc: 0.555556 test_loss: 0.511283 test_acc: 0.685714
Epoch: 340 train_loss: 0.003718 val_loss: 0.518253 val_acc: 0.555556 test_loss: 0.495770 test_acc: 0.742857
Epoch: 350 train_loss: 0.003826 val_loss: 0.510222 val_acc: 0.583333 test_loss: 0.529935 test_acc: 0.714286
Epoch: 360 train_loss: 0.004281 val_loss: 0.529930 val_acc: 0.583333 test_loss: 0.509430 test_acc: 0.714286
Epoch: 370 train_loss: 0.003773 val_loss: 0.544377 val_acc: 0.583333 test_loss: 0.548134 test_acc: 0.657143
Epoch: 380 train_loss: 0.003708 val_loss: 0.529548 val_acc: 0.583333 test_loss: 0.566956 test_acc: 0.685714
Epoch: 390 train_loss: 0.004048 val_loss: 0.547321 val_acc: 0.583333 test_loss: 0.563556 test_acc: 0.657143
Epoch: 400 train_loss: 0.004115 val_loss: 0.534025 val_acc: 0.611111 test_loss: 0.547997 test_acc: 0.685714
Epoch: 410 train_loss: 0.003709 val_loss: 0.543380 val_acc: 0.555556 test_loss: 0.566034 test_acc: 0.742857
Epoch: 420 train_loss: 0.003668 val_loss: 0.530980 val_acc: 0.583333 test_loss: 0.562228 test_acc: 0.685714
Epoch: 430 train_loss: 0.003493 val_loss: 0.561381 val_acc: 0.583333 test_loss: 0.569377 test_acc: 0.628571
Epoch: 440 train_loss: 0.003965 val_loss: 0.534808 val_acc: 0.583333 test_loss: 0.532562 test_acc: 0.685714
Epoch: 450 train_loss: 0.003895 val_loss: 0.516716 val_acc: 0.638889 test_loss: 0.509891 test_acc: 0.714286
Epoch: 460 train_loss: 0.003776 val_loss: 0.504909 val_acc: 0.583333 test_loss: 0.532330 test_acc: 0.742857
Epoch: 470 train_loss: 0.003917 val_loss: 0.517585 val_acc: 0.611111 test_loss: 0.560527 test_acc: 0.742857
Epoch: 480 train_loss: 0.003889 val_loss: 0.509467 val_acc: 0.555556 test_loss: 0.507307 test_acc: 0.714286
Epoch: 490 train_loss: 0.003709 val_loss: 0.530131 val_acc: 0.611111 test_loss: 0.484578 test_acc: 0.714286
Epoch: 500 train_loss: 0.003748 val_loss: 0.537623 val_acc: 0.583333 test_loss: 0.515775 test_acc: 0.685714
Epoch: 510 train_loss: 0.003834 val_loss: 0.554353 val_acc: 0.583333 test_loss: 0.569281 test_acc: 0.685714
Epoch: 520 train_loss: 0.003651 val_loss: 0.534317 val_acc: 0.555556 test_loss: 0.543051 test_acc: 0.714286
Epoch: 530 train_loss: 0.003760 val_loss: 0.553417 val_acc: 0.555556 test_loss: 0.536225 test_acc: 0.657143
Epoch: 540 train_loss: 0.003800 val_loss: 0.547768 val_acc: 0.583333 test_loss: 0.546564 test_acc: 0.714286
Epoch: 550 train_loss: 0.003746 val_loss: 0.531833 val_acc: 0.583333 test_loss: 0.537313 test_acc: 0.685714
Epoch: 560 train_loss: 0.003548 val_loss: 0.537719 val_acc: 0.611111 test_loss: 0.523524 test_acc: 0.685714
Epoch: 570 train_loss: 0.003801 val_loss: 0.529602 val_acc: 0.611111 test_loss: 0.518496 test_acc: 0.714286
Epoch: 580 train_loss: 0.003763 val_loss: 0.541459 val_acc: 0.611111 test_loss: 0.553795 test_acc: 0.714286
Epoch: 590 train_loss: 0.004026 val_loss: 0.548419 val_acc: 0.583333 test_loss: 0.533593 test_acc: 0.657143
Epoch: 600 train_loss: 0.003649 val_loss: 0.534905 val_acc: 0.555556 test_loss: 0.555750 test_acc: 0.685714
Epoch: 610 train_loss: 0.003600 val_loss: 0.551087 val_acc: 0.583333 test_loss: 0.546183 test_acc: 0.685714
Epoch: 620 train_loss: 0.003645 val_loss: 0.561695 val_acc: 0.555556 test_loss: 0.518535 test_acc: 0.685714
Epoch: 630 train_loss: 0.003816 val_loss: 0.555931 val_acc: 0.611111 test_loss: 0.575863 test_acc: 0.685714
Epoch: 640 train_loss: 0.003549 val_loss: 0.541655 val_acc: 0.583333 test_loss: 0.594738 test_acc: 0.657143
Epoch: 650 train_loss: 0.003744 val_loss: 0.539644 val_acc: 0.611111 test_loss: 0.560525 test_acc: 0.657143
Epoch: 660 train_loss: 0.003664 val_loss: 0.528218 val_acc: 0.611111 test_loss: 0.562801 test_acc: 0.685714
Epoch: 670 train_loss: 0.003558 val_loss: 0.554669 val_acc: 0.638889 test_loss: 0.538790 test_acc: 0.657143
Epoch: 680 train_loss: 0.003498 val_loss: 0.545507 val_acc: 0.638889 test_loss: 0.577728 test_acc: 0.685714
Epoch: 690 train_loss: 0.003645 val_loss: 0.552017 val_acc: 0.583333 test_loss: 0.564843 test_acc: 0.685714
Epoch: 700 train_loss: 0.003851 val_loss: 0.553501 val_acc: 0.611111 test_loss: 0.539535 test_acc: 0.657143
Epoch: 710 train_loss: 0.003828 val_loss: 0.564158 val_acc: 0.583333 test_loss: 0.552261 test_acc: 0.657143
Epoch: 720 train_loss: 0.003614 val_loss: 0.551762 val_acc: 0.611111 test_loss: 0.547284 test_acc: 0.657143
Epoch: 730 train_loss: 0.003532 val_loss: 0.546232 val_acc: 0.638889 test_loss: 0.590665 test_acc: 0.685714
Epoch: 740 train_loss: 0.003648 val_loss: 0.557970 val_acc: 0.583333 test_loss: 0.560902 test_acc: 0.685714
Epoch: 750 train_loss: 0.003356 val_loss: 0.548682 val_acc: 0.583333 test_loss: 0.558013 test_acc: 0.657143
Epoch: 760 train_loss: 0.003586 val_loss: 0.559236 val_acc: 0.611111 test_loss: 0.542772 test_acc: 0.657143
Epoch: 770 train_loss: 0.003651 val_loss: 0.552741 val_acc: 0.638889 test_loss: 0.569941 test_acc: 0.657143
Epoch: 780 train_loss: 0.003797 val_loss: 0.545125 val_acc: 0.611111 test_loss: 0.540145 test_acc: 0.657143
Epoch: 790 train_loss: 0.003610 val_loss: 0.549882 val_acc: 0.611111 test_loss: 0.550782 test_acc: 0.657143
------------- 1 val_acc: 0.8056 test_acc: 0.7143 best_test: 0.7714 -----------------
Fold: 2
Epoch: 000 train_loss: 0.006199 val_loss: 0.502460 val_acc: 0.657143 test_loss: 0.462901 test_acc: 0.714286
Epoch: 010 train_loss: 0.004983 val_loss: 0.481858 val_acc: 0.685714 test_loss: 0.454126 test_acc: 0.685714
Epoch: 020 train_loss: 0.004927 val_loss: 0.489621 val_acc: 0.685714 test_loss: 0.439076 test_acc: 0.685714
Epoch: 030 train_loss: 0.004867 val_loss: 0.492442 val_acc: 0.685714 test_loss: 0.430511 test_acc: 0.685714
Epoch: 040 train_loss: 0.004890 val_loss: 0.482410 val_acc: 0.685714 test_loss: 0.436739 test_acc: 0.685714
Epoch: 050 train_loss: 0.004974 val_loss: 0.488885 val_acc: 0.685714 test_loss: 0.427025 test_acc: 0.685714
Epoch: 060 train_loss: 0.004821 val_loss: 0.486161 val_acc: 0.657143 test_loss: 0.446758 test_acc: 0.600000
Epoch: 070 train_loss: 0.004859 val_loss: 0.478574 val_acc: 0.685714 test_loss: 0.443487 test_acc: 0.742857
Epoch: 080 train_loss: 0.004678 val_loss: 0.489191 val_acc: 0.685714 test_loss: 0.439894 test_acc: 0.714286
Epoch: 090 train_loss: 0.004603 val_loss: 0.492363 val_acc: 0.714286 test_loss: 0.428722 test_acc: 0.657143
Epoch: 100 train_loss: 0.004494 val_loss: 0.489842 val_acc: 0.685714 test_loss: 0.446867 test_acc: 0.628571
Epoch: 110 train_loss: 0.004568 val_loss: 0.482427 val_acc: 0.714286 test_loss: 0.430614 test_acc: 0.685714
Epoch: 120 train_loss: 0.004673 val_loss: 0.475015 val_acc: 0.685714 test_loss: 0.451024 test_acc: 0.657143
Epoch: 130 train_loss: 0.004590 val_loss: 0.480585 val_acc: 0.685714 test_loss: 0.452839 test_acc: 0.628571
Epoch: 140 train_loss: 0.004685 val_loss: 0.481010 val_acc: 0.714286 test_loss: 0.436279 test_acc: 0.714286
Epoch: 150 train_loss: 0.004385 val_loss: 0.503408 val_acc: 0.714286 test_loss: 0.427429 test_acc: 0.714286
Epoch: 160 train_loss: 0.004471 val_loss: 0.488315 val_acc: 0.714286 test_loss: 0.442208 test_acc: 0.628571
Epoch: 170 train_loss: 0.004521 val_loss: 0.477897 val_acc: 0.685714 test_loss: 0.438697 test_acc: 0.714286
Epoch: 180 train_loss: 0.004332 val_loss: 0.477701 val_acc: 0.685714 test_loss: 0.439713 test_acc: 0.628571
Epoch: 190 train_loss: 0.004391 val_loss: 0.492926 val_acc: 0.685714 test_loss: 0.451873 test_acc: 0.628571
Epoch: 200 train_loss: 0.004614 val_loss: 0.485397 val_acc: 0.714286 test_loss: 0.437476 test_acc: 0.714286
Epoch: 210 train_loss: 0.004404 val_loss: 0.467664 val_acc: 0.685714 test_loss: 0.451630 test_acc: 0.657143
Epoch: 220 train_loss: 0.004313 val_loss: 0.487296 val_acc: 0.685714 test_loss: 0.424937 test_acc: 0.714286
Epoch: 230 train_loss: 0.004583 val_loss: 0.480462 val_acc: 0.685714 test_loss: 0.441058 test_acc: 0.685714
Epoch: 240 train_loss: 0.004380 val_loss: 0.483435 val_acc: 0.685714 test_loss: 0.446743 test_acc: 0.628571
Epoch: 250 train_loss: 0.004322 val_loss: 0.462198 val_acc: 0.714286 test_loss: 0.438470 test_acc: 0.628571
Epoch: 260 train_loss: 0.004342 val_loss: 0.475692 val_acc: 0.685714 test_loss: 0.437879 test_acc: 0.628571
Epoch: 270 train_loss: 0.004543 val_loss: 0.484093 val_acc: 0.657143 test_loss: 0.470359 test_acc: 0.600000
Epoch: 280 train_loss: 0.004318 val_loss: 0.483879 val_acc: 0.685714 test_loss: 0.443293 test_acc: 0.657143
Epoch: 290 train_loss: 0.004344 val_loss: 0.479810 val_acc: 0.714286 test_loss: 0.433506 test_acc: 0.714286
Epoch: 300 train_loss: 0.004435 val_loss: 0.474662 val_acc: 0.714286 test_loss: 0.448056 test_acc: 0.657143
Epoch: 310 train_loss: 0.004271 val_loss: 0.473043 val_acc: 0.714286 test_loss: 0.438126 test_acc: 0.600000
Epoch: 320 train_loss: 0.004353 val_loss: 0.494613 val_acc: 0.714286 test_loss: 0.448602 test_acc: 0.628571
Epoch: 330 train_loss: 0.004258 val_loss: 0.475931 val_acc: 0.714286 test_loss: 0.439479 test_acc: 0.628571
Epoch: 340 train_loss: 0.004258 val_loss: 0.496450 val_acc: 0.714286 test_loss: 0.432974 test_acc: 0.657143
Epoch: 350 train_loss: 0.004160 val_loss: 0.476718 val_acc: 0.714286 test_loss: 0.436632 test_acc: 0.628571
Epoch: 360 train_loss: 0.004212 val_loss: 0.489130 val_acc: 0.685714 test_loss: 0.444996 test_acc: 0.628571
Epoch: 370 train_loss: 0.004131 val_loss: 0.499684 val_acc: 0.714286 test_loss: 0.437032 test_acc: 0.657143
Epoch: 380 train_loss: 0.004107 val_loss: 0.507339 val_acc: 0.714286 test_loss: 0.438118 test_acc: 0.628571
Epoch: 390 train_loss: 0.004391 val_loss: 0.500600 val_acc: 0.714286 test_loss: 0.441519 test_acc: 0.628571
Epoch: 400 train_loss: 0.004242 val_loss: 0.499635 val_acc: 0.714286 test_loss: 0.446830 test_acc: 0.685714
Epoch: 410 train_loss: 0.004105 val_loss: 0.519653 val_acc: 0.714286 test_loss: 0.442980 test_acc: 0.685714
Epoch: 420 train_loss: 0.004324 val_loss: 0.502152 val_acc: 0.714286 test_loss: 0.435493 test_acc: 0.657143
Epoch: 430 train_loss: 0.004285 val_loss: 0.523789 val_acc: 0.714286 test_loss: 0.451114 test_acc: 0.685714
Epoch: 440 train_loss: 0.004217 val_loss: 0.474697 val_acc: 0.685714 test_loss: 0.456222 test_acc: 0.600000
Epoch: 450 train_loss: 0.004202 val_loss: 0.492099 val_acc: 0.685714 test_loss: 0.451834 test_acc: 0.628571
Epoch: 460 train_loss: 0.004198 val_loss: 0.504669 val_acc: 0.685714 test_loss: 0.443571 test_acc: 0.628571
Epoch: 470 train_loss: 0.003936 val_loss: 0.497323 val_acc: 0.685714 test_loss: 0.448117 test_acc: 0.628571
Epoch: 480 train_loss: 0.003999 val_loss: 0.494699 val_acc: 0.714286 test_loss: 0.442806 test_acc: 0.628571
Epoch: 490 train_loss: 0.004286 val_loss: 0.475239 val_acc: 0.685714 test_loss: 0.459654 test_acc: 0.657143
Epoch: 500 train_loss: 0.004052 val_loss: 0.501174 val_acc: 0.685714 test_loss: 0.449660 test_acc: 0.628571
Epoch: 510 train_loss: 0.004150 val_loss: 0.541291 val_acc: 0.714286 test_loss: 0.445647 test_acc: 0.657143
Epoch: 520 train_loss: 0.003863 val_loss: 0.521252 val_acc: 0.685714 test_loss: 0.446151 test_acc: 0.685714
Epoch: 530 train_loss: 0.004016 val_loss: 0.499082 val_acc: 0.685714 test_loss: 0.447288 test_acc: 0.628571
Epoch: 540 train_loss: 0.004030 val_loss: 0.500361 val_acc: 0.714286 test_loss: 0.450965 test_acc: 0.628571
Epoch: 550 train_loss: 0.004185 val_loss: 0.505379 val_acc: 0.685714 test_loss: 0.455936 test_acc: 0.628571
Epoch: 560 train_loss: 0.004043 val_loss: 0.525897 val_acc: 0.685714 test_loss: 0.454091 test_acc: 0.628571
Epoch: 570 train_loss: 0.004049 val_loss: 0.480612 val_acc: 0.685714 test_loss: 0.455373 test_acc: 0.628571
Epoch: 580 train_loss: 0.003999 val_loss: 0.516674 val_acc: 0.714286 test_loss: 0.445258 test_acc: 0.628571
Epoch: 590 train_loss: 0.004026 val_loss: 0.518109 val_acc: 0.685714 test_loss: 0.455439 test_acc: 0.657143
Epoch: 600 train_loss: 0.004261 val_loss: 0.529448 val_acc: 0.685714 test_loss: 0.442610 test_acc: 0.685714
Epoch: 610 train_loss: 0.003765 val_loss: 0.540247 val_acc: 0.714286 test_loss: 0.449372 test_acc: 0.657143
Epoch: 620 train_loss: 0.004093 val_loss: 0.502794 val_acc: 0.685714 test_loss: 0.452057 test_acc: 0.628571
Epoch: 630 train_loss: 0.004028 val_loss: 0.521517 val_acc: 0.685714 test_loss: 0.455210 test_acc: 0.628571
Epoch: 640 train_loss: 0.004049 val_loss: 0.507941 val_acc: 0.685714 test_loss: 0.452553 test_acc: 0.657143
Epoch: 650 train_loss: 0.004045 val_loss: 0.522401 val_acc: 0.714286 test_loss: 0.453660 test_acc: 0.628571
Epoch: 660 train_loss: 0.004163 val_loss: 0.517350 val_acc: 0.685714 test_loss: 0.449939 test_acc: 0.628571
Epoch: 670 train_loss: 0.003946 val_loss: 0.521543 val_acc: 0.714286 test_loss: 0.454990 test_acc: 0.657143
Epoch: 680 train_loss: 0.003991 val_loss: 0.520291 val_acc: 0.685714 test_loss: 0.457277 test_acc: 0.657143
Epoch: 690 train_loss: 0.004198 val_loss: 0.494702 val_acc: 0.714286 test_loss: 0.450326 test_acc: 0.657143
Epoch: 700 train_loss: 0.004087 val_loss: 0.509799 val_acc: 0.685714 test_loss: 0.459781 test_acc: 0.657143
Epoch: 710 train_loss: 0.003939 val_loss: 0.507602 val_acc: 0.685714 test_loss: 0.454246 test_acc: 0.657143
Epoch: 720 train_loss: 0.004108 val_loss: 0.512841 val_acc: 0.685714 test_loss: 0.458023 test_acc: 0.628571
Epoch: 730 train_loss: 0.004129 val_loss: 0.502643 val_acc: 0.685714 test_loss: 0.459406 test_acc: 0.628571
Epoch: 740 train_loss: 0.003951 val_loss: 0.537217 val_acc: 0.714286 test_loss: 0.453789 test_acc: 0.657143
Epoch: 750 train_loss: 0.004051 val_loss: 0.490860 val_acc: 0.714286 test_loss: 0.461188 test_acc: 0.600000
Epoch: 760 train_loss: 0.004155 val_loss: 0.550164 val_acc: 0.714286 test_loss: 0.455855 test_acc: 0.657143
Epoch: 770 train_loss: 0.004253 val_loss: 0.518430 val_acc: 0.714286 test_loss: 0.455682 test_acc: 0.628571
Epoch: 780 train_loss: 0.004118 val_loss: 0.520379 val_acc: 0.685714 test_loss: 0.458396 test_acc: 0.657143
Epoch: 790 train_loss: 0.004065 val_loss: 0.519039 val_acc: 0.685714 test_loss: 0.454466 test_acc: 0.628571
------------- 2 val_acc: 0.7429 test_acc: 0.6571 best_test: 0.7714 -----------------
Fold: 3
Epoch: 000 train_loss: 0.008346 val_loss: 0.597796 val_acc: 0.314286 test_loss: 0.638774 test_acc: 0.371429
Epoch: 010 train_loss: 0.004859 val_loss: 0.452131 val_acc: 0.685714 test_loss: 0.461279 test_acc: 0.628571
Epoch: 020 train_loss: 0.004957 val_loss: 0.462780 val_acc: 0.685714 test_loss: 0.460669 test_acc: 0.600000
Epoch: 030 train_loss: 0.004823 val_loss: 0.440198 val_acc: 0.685714 test_loss: 0.449147 test_acc: 0.628571
Epoch: 040 train_loss: 0.004856 val_loss: 0.445105 val_acc: 0.685714 test_loss: 0.442849 test_acc: 0.628571
Epoch: 050 train_loss: 0.004743 val_loss: 0.443015 val_acc: 0.685714 test_loss: 0.446722 test_acc: 0.628571
Epoch: 060 train_loss: 0.004867 val_loss: 0.484156 val_acc: 0.514286 test_loss: 0.469781 test_acc: 0.600000
Epoch: 070 train_loss: 0.004685 val_loss: 0.448790 val_acc: 0.685714 test_loss: 0.439917 test_acc: 0.657143
Epoch: 080 train_loss: 0.004663 val_loss: 0.448957 val_acc: 0.685714 test_loss: 0.435320 test_acc: 0.657143
Epoch: 090 train_loss: 0.004670 val_loss: 0.461873 val_acc: 0.685714 test_loss: 0.444894 test_acc: 0.628571
Epoch: 100 train_loss: 0.004590 val_loss: 0.435293 val_acc: 0.685714 test_loss: 0.428874 test_acc: 0.685714
Epoch: 110 train_loss: 0.004468 val_loss: 0.447773 val_acc: 0.714286 test_loss: 0.431338 test_acc: 0.685714
Epoch: 120 train_loss: 0.004376 val_loss: 0.472954 val_acc: 0.628571 test_loss: 0.453079 test_acc: 0.628571
Epoch: 130 train_loss: 0.004566 val_loss: 0.444854 val_acc: 0.685714 test_loss: 0.447913 test_acc: 0.685714
Epoch: 140 train_loss: 0.004270 val_loss: 0.454840 val_acc: 0.685714 test_loss: 0.430256 test_acc: 0.685714
Epoch: 150 train_loss: 0.004460 val_loss: 0.460253 val_acc: 0.657143 test_loss: 0.432637 test_acc: 0.657143
Epoch: 160 train_loss: 0.004389 val_loss: 0.447593 val_acc: 0.657143 test_loss: 0.428752 test_acc: 0.685714
Epoch: 170 train_loss: 0.004764 val_loss: 0.456203 val_acc: 0.685714 test_loss: 0.432331 test_acc: 0.657143
Epoch: 180 train_loss: 0.004485 val_loss: 0.486227 val_acc: 0.628571 test_loss: 0.434194 test_acc: 0.714286
Epoch: 190 train_loss: 0.004180 val_loss: 0.452227 val_acc: 0.685714 test_loss: 0.424919 test_acc: 0.685714
Epoch: 200 train_loss: 0.004350 val_loss: 0.467863 val_acc: 0.657143 test_loss: 0.434349 test_acc: 0.657143
Epoch: 210 train_loss: 0.004151 val_loss: 0.458114 val_acc: 0.657143 test_loss: 0.428414 test_acc: 0.657143
Epoch: 220 train_loss: 0.004218 val_loss: 0.472529 val_acc: 0.657143 test_loss: 0.421980 test_acc: 0.685714
Epoch: 230 train_loss: 0.004345 val_loss: 0.463125 val_acc: 0.657143 test_loss: 0.409707 test_acc: 0.657143
Epoch: 240 train_loss: 0.004197 val_loss: 0.461166 val_acc: 0.685714 test_loss: 0.415067 test_acc: 0.657143
Epoch: 250 train_loss: 0.004019 val_loss: 0.473859 val_acc: 0.628571 test_loss: 0.431072 test_acc: 0.685714
Epoch: 260 train_loss: 0.004097 val_loss: 0.479599 val_acc: 0.628571 test_loss: 0.426909 test_acc: 0.657143
Epoch: 270 train_loss: 0.004151 val_loss: 0.513576 val_acc: 0.628571 test_loss: 0.432910 test_acc: 0.714286
Epoch: 280 train_loss: 0.003934 val_loss: 0.482545 val_acc: 0.657143 test_loss: 0.430338 test_acc: 0.657143
Epoch: 290 train_loss: 0.004270 val_loss: 0.511827 val_acc: 0.628571 test_loss: 0.436321 test_acc: 0.714286
Epoch: 300 train_loss: 0.004194 val_loss: 0.486762 val_acc: 0.600000 test_loss: 0.447470 test_acc: 0.685714
Epoch: 310 train_loss: 0.004007 val_loss: 0.495183 val_acc: 0.657143 test_loss: 0.441729 test_acc: 0.657143
Epoch: 320 train_loss: 0.004026 val_loss: 0.527844 val_acc: 0.600000 test_loss: 0.445662 test_acc: 0.714286
Epoch: 330 train_loss: 0.003989 val_loss: 0.505435 val_acc: 0.600000 test_loss: 0.428910 test_acc: 0.714286
Epoch: 340 train_loss: 0.003835 val_loss: 0.510026 val_acc: 0.600000 test_loss: 0.429207 test_acc: 0.714286
Epoch: 350 train_loss: 0.003932 val_loss: 0.473616 val_acc: 0.714286 test_loss: 0.434938 test_acc: 0.657143
Epoch: 360 train_loss: 0.003943 val_loss: 0.493851 val_acc: 0.657143 test_loss: 0.439876 test_acc: 0.714286
Epoch: 370 train_loss: 0.003847 val_loss: 0.497823 val_acc: 0.628571 test_loss: 0.442044 test_acc: 0.714286
Epoch: 380 train_loss: 0.004186 val_loss: 0.521347 val_acc: 0.571429 test_loss: 0.456992 test_acc: 0.714286
Epoch: 390 train_loss: 0.004014 val_loss: 0.479846 val_acc: 0.685714 test_loss: 0.439426 test_acc: 0.657143
Epoch: 400 train_loss: 0.004053 val_loss: 0.506083 val_acc: 0.600000 test_loss: 0.447122 test_acc: 0.742857
Epoch: 410 train_loss: 0.003901 val_loss: 0.485142 val_acc: 0.628571 test_loss: 0.444607 test_acc: 0.685714
Epoch: 420 train_loss: 0.003942 val_loss: 0.505853 val_acc: 0.657143 test_loss: 0.444181 test_acc: 0.685714
Epoch: 430 train_loss: 0.003835 val_loss: 0.511732 val_acc: 0.657143 test_loss: 0.445918 test_acc: 0.657143
Epoch: 440 train_loss: 0.003739 val_loss: 0.491907 val_acc: 0.657143 test_loss: 0.437754 test_acc: 0.714286
Epoch: 450 train_loss: 0.004014 val_loss: 0.501525 val_acc: 0.628571 test_loss: 0.434359 test_acc: 0.685714
Epoch: 460 train_loss: 0.003771 val_loss: 0.497916 val_acc: 0.600000 test_loss: 0.442435 test_acc: 0.685714
Epoch: 470 train_loss: 0.003962 val_loss: 0.502601 val_acc: 0.600000 test_loss: 0.446619 test_acc: 0.714286
Epoch: 480 train_loss: 0.003960 val_loss: 0.516649 val_acc: 0.600000 test_loss: 0.440543 test_acc: 0.685714
Epoch: 490 train_loss: 0.003993 val_loss: 0.487919 val_acc: 0.685714 test_loss: 0.442945 test_acc: 0.657143
Epoch: 500 train_loss: 0.003815 val_loss: 0.517336 val_acc: 0.628571 test_loss: 0.448342 test_acc: 0.714286
Epoch: 510 train_loss: 0.003958 val_loss: 0.495748 val_acc: 0.657143 test_loss: 0.448226 test_acc: 0.714286
Epoch: 520 train_loss: 0.003695 val_loss: 0.490646 val_acc: 0.657143 test_loss: 0.443671 test_acc: 0.714286
Epoch: 530 train_loss: 0.003910 val_loss: 0.505045 val_acc: 0.600000 test_loss: 0.454881 test_acc: 0.685714
Epoch: 540 train_loss: 0.003607 val_loss: 0.495993 val_acc: 0.657143 test_loss: 0.447753 test_acc: 0.685714
Epoch: 550 train_loss: 0.003659 val_loss: 0.502810 val_acc: 0.571429 test_loss: 0.441818 test_acc: 0.685714
Epoch: 560 train_loss: 0.003776 val_loss: 0.481750 val_acc: 0.657143 test_loss: 0.455020 test_acc: 0.685714
Epoch: 570 train_loss: 0.003827 val_loss: 0.500681 val_acc: 0.600000 test_loss: 0.447957 test_acc: 0.685714
Epoch: 580 train_loss: 0.003837 val_loss: 0.512961 val_acc: 0.600000 test_loss: 0.455822 test_acc: 0.685714
Epoch: 590 train_loss: 0.003722 val_loss: 0.505923 val_acc: 0.628571 test_loss: 0.449712 test_acc: 0.742857
Epoch: 600 train_loss: 0.003515 val_loss: 0.494065 val_acc: 0.628571 test_loss: 0.441072 test_acc: 0.685714
Epoch: 610 train_loss: 0.003938 val_loss: 0.510270 val_acc: 0.600000 test_loss: 0.456355 test_acc: 0.685714
Epoch: 620 train_loss: 0.003849 val_loss: 0.508514 val_acc: 0.600000 test_loss: 0.449148 test_acc: 0.714286
Epoch: 630 train_loss: 0.003800 val_loss: 0.515766 val_acc: 0.571429 test_loss: 0.457923 test_acc: 0.742857
Epoch: 640 train_loss: 0.003837 val_loss: 0.503049 val_acc: 0.628571 test_loss: 0.453250 test_acc: 0.685714
Epoch: 650 train_loss: 0.004176 val_loss: 0.501448 val_acc: 0.600000 test_loss: 0.452469 test_acc: 0.714286
Epoch: 660 train_loss: 0.003676 val_loss: 0.507182 val_acc: 0.657143 test_loss: 0.445091 test_acc: 0.714286
Epoch: 670 train_loss: 0.003871 val_loss: 0.501225 val_acc: 0.600000 test_loss: 0.454091 test_acc: 0.714286
Epoch: 680 train_loss: 0.003668 val_loss: 0.506340 val_acc: 0.600000 test_loss: 0.455285 test_acc: 0.714286
Epoch: 690 train_loss: 0.003832 val_loss: 0.509694 val_acc: 0.600000 test_loss: 0.453864 test_acc: 0.714286
Epoch: 700 train_loss: 0.003794 val_loss: 0.505783 val_acc: 0.600000 test_loss: 0.456697 test_acc: 0.714286
Epoch: 710 train_loss: 0.003583 val_loss: 0.501193 val_acc: 0.628571 test_loss: 0.450509 test_acc: 0.714286
Epoch: 720 train_loss: 0.003744 val_loss: 0.499152 val_acc: 0.628571 test_loss: 0.456752 test_acc: 0.685714
Epoch: 730 train_loss: 0.003596 val_loss: 0.505425 val_acc: 0.600000 test_loss: 0.451176 test_acc: 0.714286
Epoch: 740 train_loss: 0.003665 val_loss: 0.520503 val_acc: 0.600000 test_loss: 0.454801 test_acc: 0.685714
Epoch: 750 train_loss: 0.003724 val_loss: 0.507246 val_acc: 0.600000 test_loss: 0.453902 test_acc: 0.685714
Epoch: 760 train_loss: 0.003642 val_loss: 0.502300 val_acc: 0.600000 test_loss: 0.453325 test_acc: 0.685714
Epoch: 770 train_loss: 0.003607 val_loss: 0.512378 val_acc: 0.571429 test_loss: 0.456583 test_acc: 0.685714
Epoch: 780 train_loss: 0.003638 val_loss: 0.504809 val_acc: 0.600000 test_loss: 0.456185 test_acc: 0.685714
Epoch: 790 train_loss: 0.003941 val_loss: 0.495540 val_acc: 0.600000 test_loss: 0.454705 test_acc: 0.685714
------------- 3 val_acc: 0.7714 test_acc: 0.6571 best_test: 0.7429 -----------------
Fold: 4
Epoch: 000 train_loss: 0.005524 val_loss: 0.469055 val_acc: 0.628571 test_loss: 0.478613 test_acc: 0.685714
Epoch: 010 train_loss: 0.005082 val_loss: 0.455416 val_acc: 0.628571 test_loss: 0.461133 test_acc: 0.685714
Epoch: 020 train_loss: 0.004796 val_loss: 0.447662 val_acc: 0.628571 test_loss: 0.453082 test_acc: 0.685714
Epoch: 030 train_loss: 0.004837 val_loss: 0.446084 val_acc: 0.628571 test_loss: 0.444008 test_acc: 0.685714
Epoch: 040 train_loss: 0.004780 val_loss: 0.456093 val_acc: 0.600000 test_loss: 0.445947 test_acc: 0.685714
Epoch: 050 train_loss: 0.004781 val_loss: 0.461489 val_acc: 0.628571 test_loss: 0.444358 test_acc: 0.685714
Epoch: 060 train_loss: 0.004776 val_loss: 0.462202 val_acc: 0.628571 test_loss: 0.437424 test_acc: 0.714286
Epoch: 070 train_loss: 0.004686 val_loss: 0.448072 val_acc: 0.628571 test_loss: 0.437050 test_acc: 0.742857
Epoch: 080 train_loss: 0.004629 val_loss: 0.456242 val_acc: 0.542857 test_loss: 0.433798 test_acc: 0.771429
Epoch: 090 train_loss: 0.004662 val_loss: 0.462668 val_acc: 0.571429 test_loss: 0.431608 test_acc: 0.742857
Epoch: 100 train_loss: 0.004610 val_loss: 0.492030 val_acc: 0.542857 test_loss: 0.437845 test_acc: 0.714286
Epoch: 110 train_loss: 0.004612 val_loss: 0.469066 val_acc: 0.657143 test_loss: 0.435041 test_acc: 0.714286
Epoch: 120 train_loss: 0.004602 val_loss: 0.484339 val_acc: 0.628571 test_loss: 0.430948 test_acc: 0.685714
Epoch: 130 train_loss: 0.004324 val_loss: 0.473669 val_acc: 0.628571 test_loss: 0.448800 test_acc: 0.685714
Epoch: 140 train_loss: 0.004300 val_loss: 0.481991 val_acc: 0.628571 test_loss: 0.451549 test_acc: 0.714286
Epoch: 150 train_loss: 0.004352 val_loss: 0.452728 val_acc: 0.600000 test_loss: 0.454943 test_acc: 0.685714
Epoch: 160 train_loss: 0.004355 val_loss: 0.493202 val_acc: 0.600000 test_loss: 0.461540 test_acc: 0.714286
Epoch: 170 train_loss: 0.004180 val_loss: 0.494171 val_acc: 0.628571 test_loss: 0.459456 test_acc: 0.714286
Epoch: 180 train_loss: 0.004612 val_loss: 0.517366 val_acc: 0.600000 test_loss: 0.444223 test_acc: 0.742857
Epoch: 190 train_loss: 0.004072 val_loss: 0.476389 val_acc: 0.657143 test_loss: 0.472839 test_acc: 0.685714
Epoch: 200 train_loss: 0.004118 val_loss: 0.519476 val_acc: 0.628571 test_loss: 0.453959 test_acc: 0.714286
Epoch: 210 train_loss: 0.004087 val_loss: 0.527560 val_acc: 0.571429 test_loss: 0.491976 test_acc: 0.714286
Epoch: 220 train_loss: 0.003952 val_loss: 0.528779 val_acc: 0.542857 test_loss: 0.483893 test_acc: 0.685714
Epoch: 230 train_loss: 0.003913 val_loss: 0.523281 val_acc: 0.571429 test_loss: 0.487647 test_acc: 0.685714
Epoch: 240 train_loss: 0.003863 val_loss: 0.513877 val_acc: 0.628571 test_loss: 0.478150 test_acc: 0.742857
Epoch: 250 train_loss: 0.003935 val_loss: 0.541843 val_acc: 0.571429 test_loss: 0.463946 test_acc: 0.742857
Epoch: 260 train_loss: 0.003798 val_loss: 0.502743 val_acc: 0.571429 test_loss: 0.509951 test_acc: 0.714286
Epoch: 270 train_loss: 0.004105 val_loss: 0.556654 val_acc: 0.542857 test_loss: 0.483356 test_acc: 0.714286
Epoch: 280 train_loss: 0.003732 val_loss: 0.533674 val_acc: 0.571429 test_loss: 0.486802 test_acc: 0.714286
Epoch: 290 train_loss: 0.003970 val_loss: 0.551741 val_acc: 0.542857 test_loss: 0.536823 test_acc: 0.657143
Epoch: 300 train_loss: 0.003984 val_loss: 0.517106 val_acc: 0.571429 test_loss: 0.497442 test_acc: 0.714286
Epoch: 310 train_loss: 0.003868 val_loss: 0.552266 val_acc: 0.600000 test_loss: 0.500139 test_acc: 0.742857
Epoch: 320 train_loss: 0.003926 val_loss: 0.541956 val_acc: 0.571429 test_loss: 0.511068 test_acc: 0.742857
Epoch: 330 train_loss: 0.003886 val_loss: 0.558590 val_acc: 0.571429 test_loss: 0.522738 test_acc: 0.714286
Epoch: 340 train_loss: 0.003746 val_loss: 0.532284 val_acc: 0.600000 test_loss: 0.513189 test_acc: 0.771429
Epoch: 350 train_loss: 0.003518 val_loss: 0.538713 val_acc: 0.600000 test_loss: 0.522919 test_acc: 0.742857
Epoch: 360 train_loss: 0.003555 val_loss: 0.552816 val_acc: 0.600000 test_loss: 0.527731 test_acc: 0.771429
Epoch: 370 train_loss: 0.003656 val_loss: 0.558491 val_acc: 0.600000 test_loss: 0.532681 test_acc: 0.800000
Epoch: 380 train_loss: 0.003633 val_loss: 0.544505 val_acc: 0.600000 test_loss: 0.521072 test_acc: 0.771429
Epoch: 390 train_loss: 0.003603 val_loss: 0.568172 val_acc: 0.628571 test_loss: 0.533403 test_acc: 0.714286
Epoch: 400 train_loss: 0.003500 val_loss: 0.571733 val_acc: 0.571429 test_loss: 0.518062 test_acc: 0.771429
Epoch: 410 train_loss: 0.003889 val_loss: 0.578139 val_acc: 0.628571 test_loss: 0.540556 test_acc: 0.685714
Epoch: 420 train_loss: 0.003626 val_loss: 0.558380 val_acc: 0.628571 test_loss: 0.533750 test_acc: 0.742857
Epoch: 430 train_loss: 0.003696 val_loss: 0.559317 val_acc: 0.542857 test_loss: 0.550114 test_acc: 0.800000
Epoch: 440 train_loss: 0.003695 val_loss: 0.571152 val_acc: 0.542857 test_loss: 0.545865 test_acc: 0.800000
Epoch: 450 train_loss: 0.003786 val_loss: 0.614948 val_acc: 0.571429 test_loss: 0.516154 test_acc: 0.771429
Epoch: 460 train_loss: 0.003776 val_loss: 0.596764 val_acc: 0.571429 test_loss: 0.563223 test_acc: 0.771429
Epoch: 470 train_loss: 0.003604 val_loss: 0.565307 val_acc: 0.600000 test_loss: 0.552413 test_acc: 0.714286
Epoch: 480 train_loss: 0.003582 val_loss: 0.557037 val_acc: 0.571429 test_loss: 0.523724 test_acc: 0.771429
Epoch: 490 train_loss: 0.003689 val_loss: 0.593151 val_acc: 0.600000 test_loss: 0.529687 test_acc: 0.714286
Epoch: 500 train_loss: 0.003601 val_loss: 0.583057 val_acc: 0.571429 test_loss: 0.553298 test_acc: 0.714286
Epoch: 510 train_loss: 0.003898 val_loss: 0.581195 val_acc: 0.571429 test_loss: 0.541961 test_acc: 0.771429
Epoch: 520 train_loss: 0.003527 val_loss: 0.564151 val_acc: 0.571429 test_loss: 0.539549 test_acc: 0.771429
Epoch: 530 train_loss: 0.003671 val_loss: 0.584818 val_acc: 0.571429 test_loss: 0.543921 test_acc: 0.714286
Epoch: 540 train_loss: 0.003660 val_loss: 0.561644 val_acc: 0.542857 test_loss: 0.526455 test_acc: 0.771429
Epoch: 550 train_loss: 0.003444 val_loss: 0.572118 val_acc: 0.628571 test_loss: 0.551493 test_acc: 0.714286
Epoch: 560 train_loss: 0.003497 val_loss: 0.579929 val_acc: 0.600000 test_loss: 0.540361 test_acc: 0.771429
Epoch: 570 train_loss: 0.003589 val_loss: 0.578452 val_acc: 0.571429 test_loss: 0.541077 test_acc: 0.800000
Epoch: 580 train_loss: 0.003747 val_loss: 0.583447 val_acc: 0.600000 test_loss: 0.531706 test_acc: 0.800000
Epoch: 590 train_loss: 0.003794 val_loss: 0.577816 val_acc: 0.542857 test_loss: 0.546291 test_acc: 0.771429
Epoch: 600 train_loss: 0.003486 val_loss: 0.562750 val_acc: 0.628571 test_loss: 0.545851 test_acc: 0.771429
Epoch: 610 train_loss: 0.003699 val_loss: 0.586308 val_acc: 0.600000 test_loss: 0.567022 test_acc: 0.742857
Epoch: 620 train_loss: 0.003718 val_loss: 0.588268 val_acc: 0.628571 test_loss: 0.539179 test_acc: 0.771429
Epoch: 630 train_loss: 0.003531 val_loss: 0.595518 val_acc: 0.600000 test_loss: 0.568477 test_acc: 0.714286
Epoch: 640 train_loss: 0.003530 val_loss: 0.586867 val_acc: 0.600000 test_loss: 0.545933 test_acc: 0.800000
Epoch: 650 train_loss: 0.003677 val_loss: 0.594953 val_acc: 0.571429 test_loss: 0.550463 test_acc: 0.771429
Epoch: 660 train_loss: 0.003410 val_loss: 0.595199 val_acc: 0.600000 test_loss: 0.549071 test_acc: 0.742857
Epoch: 670 train_loss: 0.003586 val_loss: 0.601019 val_acc: 0.600000 test_loss: 0.551724 test_acc: 0.714286
Epoch: 680 train_loss: 0.003563 val_loss: 0.596303 val_acc: 0.600000 test_loss: 0.545292 test_acc: 0.742857
Epoch: 690 train_loss: 0.003698 val_loss: 0.589536 val_acc: 0.600000 test_loss: 0.556669 test_acc: 0.742857
Epoch: 700 train_loss: 0.003406 val_loss: 0.603234 val_acc: 0.600000 test_loss: 0.558775 test_acc: 0.714286
Epoch: 710 train_loss: 0.003591 val_loss: 0.590881 val_acc: 0.600000 test_loss: 0.542932 test_acc: 0.771429
Epoch: 720 train_loss: 0.003396 val_loss: 0.589396 val_acc: 0.600000 test_loss: 0.568542 test_acc: 0.714286
Epoch: 730 train_loss: 0.003585 val_loss: 0.592973 val_acc: 0.600000 test_loss: 0.566249 test_acc: 0.714286
Epoch: 740 train_loss: 0.003423 val_loss: 0.588180 val_acc: 0.600000 test_loss: 0.565505 test_acc: 0.714286
Epoch: 750 train_loss: 0.003543 val_loss: 0.601315 val_acc: 0.600000 test_loss: 0.563402 test_acc: 0.742857
Epoch: 760 train_loss: 0.003681 val_loss: 0.589605 val_acc: 0.571429 test_loss: 0.560072 test_acc: 0.771429
Epoch: 770 train_loss: 0.003605 val_loss: 0.593811 val_acc: 0.600000 test_loss: 0.562698 test_acc: 0.742857
Epoch: 780 train_loss: 0.003432 val_loss: 0.579469 val_acc: 0.600000 test_loss: 0.561052 test_acc: 0.771429
Epoch: 790 train_loss: 0.003603 val_loss: 0.587694 val_acc: 0.600000 test_loss: 0.564461 test_acc: 0.742857
------------- 4 val_acc: 0.6857 test_acc: 0.7429 best_test: 0.8000 -----------------
Fold: 5
Epoch: 000 train_loss: 0.005386 val_loss: 0.475136 val_acc: 0.685714 test_loss: 0.473975 test_acc: 0.714286
Epoch: 010 train_loss: 0.004935 val_loss: 0.453390 val_acc: 0.685714 test_loss: 0.459833 test_acc: 0.657143
Epoch: 020 train_loss: 0.004851 val_loss: 0.455776 val_acc: 0.685714 test_loss: 0.468955 test_acc: 0.657143
Epoch: 030 train_loss: 0.004900 val_loss: 0.439590 val_acc: 0.685714 test_loss: 0.438599 test_acc: 0.657143
Epoch: 040 train_loss: 0.004912 val_loss: 0.430362 val_acc: 0.714286 test_loss: 0.463213 test_acc: 0.657143
Epoch: 050 train_loss: 0.004722 val_loss: 0.416729 val_acc: 0.742857 test_loss: 0.449067 test_acc: 0.657143
Epoch: 060 train_loss: 0.004742 val_loss: 0.422421 val_acc: 0.742857 test_loss: 0.459153 test_acc: 0.657143
Epoch: 070 train_loss: 0.004738 val_loss: 0.413508 val_acc: 0.771429 test_loss: 0.450910 test_acc: 0.685714
Epoch: 080 train_loss: 0.004812 val_loss: 0.408994 val_acc: 0.771429 test_loss: 0.444692 test_acc: 0.685714
Epoch: 090 train_loss: 0.004561 val_loss: 0.405143 val_acc: 0.742857 test_loss: 0.455996 test_acc: 0.685714
Epoch: 100 train_loss: 0.004747 val_loss: 0.406056 val_acc: 0.742857 test_loss: 0.461554 test_acc: 0.628571
Epoch: 110 train_loss: 0.004597 val_loss: 0.397207 val_acc: 0.828571 test_loss: 0.426939 test_acc: 0.657143
Epoch: 120 train_loss: 0.004661 val_loss: 0.418438 val_acc: 0.742857 test_loss: 0.455789 test_acc: 0.714286
Epoch: 130 train_loss: 0.004554 val_loss: 0.435707 val_acc: 0.742857 test_loss: 0.453451 test_acc: 0.714286
Epoch: 140 train_loss: 0.004574 val_loss: 0.397047 val_acc: 0.800000 test_loss: 0.495859 test_acc: 0.600000
Epoch: 150 train_loss: 0.004670 val_loss: 0.398056 val_acc: 0.800000 test_loss: 0.493673 test_acc: 0.571429
Epoch: 160 train_loss: 0.004391 val_loss: 0.398670 val_acc: 0.771429 test_loss: 0.470119 test_acc: 0.657143
Epoch: 170 train_loss: 0.004178 val_loss: 0.394989 val_acc: 0.800000 test_loss: 0.486398 test_acc: 0.685714
Epoch: 180 train_loss: 0.004529 val_loss: 0.389929 val_acc: 0.742857 test_loss: 0.467161 test_acc: 0.657143
Epoch: 190 train_loss: 0.004156 val_loss: 0.389074 val_acc: 0.771429 test_loss: 0.473655 test_acc: 0.628571
Epoch: 200 train_loss: 0.004064 val_loss: 0.429949 val_acc: 0.771429 test_loss: 0.503347 test_acc: 0.571429
Epoch: 210 train_loss: 0.004213 val_loss: 0.422028 val_acc: 0.714286 test_loss: 0.502649 test_acc: 0.542857
Epoch: 220 train_loss: 0.004193 val_loss: 0.384608 val_acc: 0.800000 test_loss: 0.489029 test_acc: 0.657143
Epoch: 230 train_loss: 0.004133 val_loss: 0.425945 val_acc: 0.742857 test_loss: 0.510068 test_acc: 0.600000
Epoch: 240 train_loss: 0.003956 val_loss: 0.395686 val_acc: 0.828571 test_loss: 0.491992 test_acc: 0.685714
Epoch: 250 train_loss: 0.004011 val_loss: 0.434975 val_acc: 0.771429 test_loss: 0.442454 test_acc: 0.685714
Epoch: 260 train_loss: 0.004069 val_loss: 0.420036 val_acc: 0.771429 test_loss: 0.473627 test_acc: 0.685714
Epoch: 270 train_loss: 0.004023 val_loss: 0.411506 val_acc: 0.800000 test_loss: 0.476887 test_acc: 0.714286
Epoch: 280 train_loss: 0.004048 val_loss: 0.392263 val_acc: 0.828571 test_loss: 0.491814 test_acc: 0.714286
Epoch: 290 train_loss: 0.003938 val_loss: 0.453775 val_acc: 0.771429 test_loss: 0.482688 test_acc: 0.714286
Epoch: 300 train_loss: 0.003920 val_loss: 0.416057 val_acc: 0.771429 test_loss: 0.478056 test_acc: 0.714286
Epoch: 310 train_loss: 0.004030 val_loss: 0.402719 val_acc: 0.771429 test_loss: 0.462874 test_acc: 0.714286
Epoch: 320 train_loss: 0.003897 val_loss: 0.403092 val_acc: 0.771429 test_loss: 0.484739 test_acc: 0.742857
Epoch: 330 train_loss: 0.003644 val_loss: 0.408504 val_acc: 0.800000 test_loss: 0.497348 test_acc: 0.714286
Epoch: 340 train_loss: 0.003597 val_loss: 0.405024 val_acc: 0.771429 test_loss: 0.497127 test_acc: 0.685714
Epoch: 350 train_loss: 0.003910 val_loss: 0.403892 val_acc: 0.771429 test_loss: 0.538717 test_acc: 0.542857
Epoch: 360 train_loss: 0.003725 val_loss: 0.409952 val_acc: 0.800000 test_loss: 0.486804 test_acc: 0.714286
Epoch: 370 train_loss: 0.003802 val_loss: 0.408350 val_acc: 0.828571 test_loss: 0.513370 test_acc: 0.685714
Epoch: 380 train_loss: 0.003759 val_loss: 0.411641 val_acc: 0.771429 test_loss: 0.487103 test_acc: 0.685714
Epoch: 390 train_loss: 0.003688 val_loss: 0.424737 val_acc: 0.800000 test_loss: 0.514257 test_acc: 0.685714
Epoch: 400 train_loss: 0.003854 val_loss: 0.433145 val_acc: 0.771429 test_loss: 0.486416 test_acc: 0.742857
Epoch: 410 train_loss: 0.003769 val_loss: 0.428982 val_acc: 0.742857 test_loss: 0.505658 test_acc: 0.657143
Epoch: 420 train_loss: 0.003636 val_loss: 0.444404 val_acc: 0.714286 test_loss: 0.519038 test_acc: 0.657143
Epoch: 430 train_loss: 0.003378 val_loss: 0.428668 val_acc: 0.771429 test_loss: 0.512126 test_acc: 0.600000
Epoch: 440 train_loss: 0.003790 val_loss: 0.430764 val_acc: 0.742857 test_loss: 0.518578 test_acc: 0.600000
Epoch: 450 train_loss: 0.003680 val_loss: 0.446223 val_acc: 0.685714 test_loss: 0.517540 test_acc: 0.685714
Epoch: 460 train_loss: 0.003741 val_loss: 0.432269 val_acc: 0.800000 test_loss: 0.510565 test_acc: 0.714286
Epoch: 470 train_loss: 0.003956 val_loss: 0.450262 val_acc: 0.657143 test_loss: 0.539250 test_acc: 0.600000
Epoch: 480 train_loss: 0.003449 val_loss: 0.459378 val_acc: 0.685714 test_loss: 0.532428 test_acc: 0.628571
Epoch: 490 train_loss: 0.003547 val_loss: 0.441297 val_acc: 0.771429 test_loss: 0.524562 test_acc: 0.600000
Epoch: 500 train_loss: 0.003701 val_loss: 0.462178 val_acc: 0.714286 test_loss: 0.525080 test_acc: 0.742857
Epoch: 510 train_loss: 0.003701 val_loss: 0.446140 val_acc: 0.685714 test_loss: 0.534477 test_acc: 0.628571
Epoch: 520 train_loss: 0.003532 val_loss: 0.469217 val_acc: 0.685714 test_loss: 0.535326 test_acc: 0.657143
Epoch: 530 train_loss: 0.003782 val_loss: 0.464694 val_acc: 0.685714 test_loss: 0.539394 test_acc: 0.628571
Epoch: 540 train_loss: 0.003532 val_loss: 0.440720 val_acc: 0.714286 test_loss: 0.542736 test_acc: 0.600000
Epoch: 550 train_loss: 0.003470 val_loss: 0.456916 val_acc: 0.714286 test_loss: 0.539765 test_acc: 0.628571
Epoch: 560 train_loss: 0.003537 val_loss: 0.450854 val_acc: 0.685714 test_loss: 0.548023 test_acc: 0.628571
Epoch: 570 train_loss: 0.003740 val_loss: 0.475935 val_acc: 0.685714 test_loss: 0.525883 test_acc: 0.685714
Epoch: 580 train_loss: 0.003546 val_loss: 0.463117 val_acc: 0.685714 test_loss: 0.540085 test_acc: 0.600000
Epoch: 590 train_loss: 0.003743 val_loss: 0.466218 val_acc: 0.714286 test_loss: 0.534336 test_acc: 0.600000
Epoch: 600 train_loss: 0.003683 val_loss: 0.466553 val_acc: 0.685714 test_loss: 0.550091 test_acc: 0.657143
Epoch: 610 train_loss: 0.003423 val_loss: 0.460627 val_acc: 0.714286 test_loss: 0.536621 test_acc: 0.657143
Epoch: 620 train_loss: 0.003476 val_loss: 0.462815 val_acc: 0.714286 test_loss: 0.552168 test_acc: 0.542857
Epoch: 630 train_loss: 0.003821 val_loss: 0.463753 val_acc: 0.714286 test_loss: 0.548116 test_acc: 0.571429
Epoch: 640 train_loss: 0.003620 val_loss: 0.470285 val_acc: 0.714286 test_loss: 0.537521 test_acc: 0.628571
Epoch: 650 train_loss: 0.003715 val_loss: 0.484982 val_acc: 0.685714 test_loss: 0.554943 test_acc: 0.628571
Epoch: 660 train_loss: 0.003651 val_loss: 0.466304 val_acc: 0.714286 test_loss: 0.550815 test_acc: 0.628571
Epoch: 670 train_loss: 0.003715 val_loss: 0.490293 val_acc: 0.685714 test_loss: 0.546596 test_acc: 0.600000
Epoch: 680 train_loss: 0.003547 val_loss: 0.484184 val_acc: 0.685714 test_loss: 0.543105 test_acc: 0.628571
Epoch: 690 train_loss: 0.003625 val_loss: 0.483826 val_acc: 0.714286 test_loss: 0.543653 test_acc: 0.600000
Epoch: 700 train_loss: 0.003548 val_loss: 0.493543 val_acc: 0.685714 test_loss: 0.539434 test_acc: 0.685714
Epoch: 710 train_loss: 0.003732 val_loss: 0.478092 val_acc: 0.714286 test_loss: 0.545309 test_acc: 0.600000
Epoch: 720 train_loss: 0.003555 val_loss: 0.462490 val_acc: 0.742857 test_loss: 0.543042 test_acc: 0.628571
Epoch: 730 train_loss: 0.003524 val_loss: 0.477745 val_acc: 0.714286 test_loss: 0.544073 test_acc: 0.685714
Epoch: 740 train_loss: 0.003707 val_loss: 0.490867 val_acc: 0.685714 test_loss: 0.547524 test_acc: 0.628571
Epoch: 750 train_loss: 0.003548 val_loss: 0.494665 val_acc: 0.714286 test_loss: 0.549729 test_acc: 0.628571
Epoch: 760 train_loss: 0.003486 val_loss: 0.488545 val_acc: 0.714286 test_loss: 0.544957 test_acc: 0.657143
Epoch: 770 train_loss: 0.003546 val_loss: 0.490323 val_acc: 0.685714 test_loss: 0.560466 test_acc: 0.628571
Epoch: 780 train_loss: 0.003567 val_loss: 0.480284 val_acc: 0.714286 test_loss: 0.548388 test_acc: 0.628571
Epoch: 790 train_loss: 0.003471 val_loss: 0.481634 val_acc: 0.685714 test_loss: 0.546598 test_acc: 0.685714
------------- 5 val_acc: 0.8286 test_acc: 0.6857 best_test: 0.7714 -----------------
Fold: 6
Epoch: 000 train_loss: 0.005348 val_loss: 0.449625 val_acc: 0.628571 test_loss: 0.478975 test_acc: 0.800000
Epoch: 010 train_loss: 0.004808 val_loss: 0.443365 val_acc: 0.628571 test_loss: 0.450029 test_acc: 0.800000
Epoch: 020 train_loss: 0.004928 val_loss: 0.444032 val_acc: 0.628571 test_loss: 0.441107 test_acc: 0.800000
Epoch: 030 train_loss: 0.004965 val_loss: 0.450172 val_acc: 0.657143 test_loss: 0.438188 test_acc: 0.800000
Epoch: 040 train_loss: 0.004839 val_loss: 0.441070 val_acc: 0.628571 test_loss: 0.439806 test_acc: 0.800000
Epoch: 050 train_loss: 0.004791 val_loss: 0.429101 val_acc: 0.628571 test_loss: 0.449161 test_acc: 0.800000
Epoch: 060 train_loss: 0.004744 val_loss: 0.425666 val_acc: 0.657143 test_loss: 0.451881 test_acc: 0.800000
Epoch: 070 train_loss: 0.004781 val_loss: 0.442822 val_acc: 0.742857 test_loss: 0.434057 test_acc: 0.771429
Epoch: 080 train_loss: 0.004621 val_loss: 0.439855 val_acc: 0.657143 test_loss: 0.421365 test_acc: 0.771429
Epoch: 090 train_loss: 0.004702 val_loss: 0.426421 val_acc: 0.657143 test_loss: 0.447907 test_acc: 0.742857
Epoch: 100 train_loss: 0.004554 val_loss: 0.410950 val_acc: 0.685714 test_loss: 0.459151 test_acc: 0.771429
Epoch: 110 train_loss: 0.004323 val_loss: 0.407000 val_acc: 0.628571 test_loss: 0.509166 test_acc: 0.742857
Epoch: 120 train_loss: 0.004552 val_loss: 0.414117 val_acc: 0.685714 test_loss: 0.496544 test_acc: 0.742857
Epoch: 130 train_loss: 0.004261 val_loss: 0.403354 val_acc: 0.685714 test_loss: 0.561061 test_acc: 0.685714
Epoch: 140 train_loss: 0.004384 val_loss: 0.402420 val_acc: 0.742857 test_loss: 0.460510 test_acc: 0.742857
Epoch: 150 train_loss: 0.004269 val_loss: 0.401434 val_acc: 0.771429 test_loss: 0.521207 test_acc: 0.714286
Epoch: 160 train_loss: 0.004619 val_loss: 0.405513 val_acc: 0.742857 test_loss: 0.487991 test_acc: 0.771429
Epoch: 170 train_loss: 0.004182 val_loss: 0.393802 val_acc: 0.742857 test_loss: 0.528904 test_acc: 0.742857
Epoch: 180 train_loss: 0.004447 val_loss: 0.420226 val_acc: 0.657143 test_loss: 0.465328 test_acc: 0.600000
Epoch: 190 train_loss: 0.004277 val_loss: 0.390126 val_acc: 0.742857 test_loss: 0.549701 test_acc: 0.685714
Epoch: 200 train_loss: 0.004332 val_loss: 0.404904 val_acc: 0.714286 test_loss: 0.609746 test_acc: 0.685714
Epoch: 210 train_loss: 0.004198 val_loss: 0.395043 val_acc: 0.742857 test_loss: 0.522587 test_acc: 0.714286
Epoch: 220 train_loss: 0.004307 val_loss: 0.402320 val_acc: 0.685714 test_loss: 0.542675 test_acc: 0.657143
Epoch: 230 train_loss: 0.004068 val_loss: 0.396390 val_acc: 0.742857 test_loss: 0.508282 test_acc: 0.714286
Epoch: 240 train_loss: 0.004509 val_loss: 0.406154 val_acc: 0.742857 test_loss: 0.595628 test_acc: 0.685714
Epoch: 250 train_loss: 0.003943 val_loss: 0.392553 val_acc: 0.771429 test_loss: 0.566254 test_acc: 0.742857
Epoch: 260 train_loss: 0.004462 val_loss: 0.396438 val_acc: 0.742857 test_loss: 0.557473 test_acc: 0.742857
Epoch: 270 train_loss: 0.003963 val_loss: 0.400039 val_acc: 0.714286 test_loss: 0.586909 test_acc: 0.657143
Epoch: 280 train_loss: 0.004025 val_loss: 0.389930 val_acc: 0.742857 test_loss: 0.560276 test_acc: 0.714286
Epoch: 290 train_loss: 0.003871 val_loss: 0.417999 val_acc: 0.714286 test_loss: 0.627730 test_acc: 0.657143
Epoch: 300 train_loss: 0.004181 val_loss: 0.410327 val_acc: 0.742857 test_loss: 0.532971 test_acc: 0.600000
Epoch: 310 train_loss: 0.003929 val_loss: 0.383873 val_acc: 0.714286 test_loss: 0.540821 test_acc: 0.657143
Epoch: 320 train_loss: 0.003986 val_loss: 0.407342 val_acc: 0.714286 test_loss: 0.560078 test_acc: 0.657143
Epoch: 330 train_loss: 0.003934 val_loss: 0.403704 val_acc: 0.742857 test_loss: 0.546033 test_acc: 0.714286
Epoch: 340 train_loss: 0.003966 val_loss: 0.419033 val_acc: 0.714286 test_loss: 0.596135 test_acc: 0.714286
Epoch: 350 train_loss: 0.004044 val_loss: 0.417417 val_acc: 0.742857 test_loss: 0.559904 test_acc: 0.628571
Epoch: 360 train_loss: 0.003856 val_loss: 0.431160 val_acc: 0.657143 test_loss: 0.631852 test_acc: 0.600000
Epoch: 370 train_loss: 0.003815 val_loss: 0.428594 val_acc: 0.685714 test_loss: 0.606546 test_acc: 0.600000
Epoch: 380 train_loss: 0.003762 val_loss: 0.442484 val_acc: 0.657143 test_loss: 0.626401 test_acc: 0.628571
Epoch: 390 train_loss: 0.003929 val_loss: 0.431101 val_acc: 0.685714 test_loss: 0.580190 test_acc: 0.628571
Epoch: 400 train_loss: 0.003921 val_loss: 0.407015 val_acc: 0.714286 test_loss: 0.622368 test_acc: 0.600000
Epoch: 410 train_loss: 0.004153 val_loss: 0.433470 val_acc: 0.657143 test_loss: 0.616308 test_acc: 0.600000
Epoch: 420 train_loss: 0.003727 val_loss: 0.445196 val_acc: 0.657143 test_loss: 0.642937 test_acc: 0.600000
Epoch: 430 train_loss: 0.003653 val_loss: 0.425080 val_acc: 0.685714 test_loss: 0.628418 test_acc: 0.628571
Epoch: 440 train_loss: 0.003947 val_loss: 0.442963 val_acc: 0.600000 test_loss: 0.607400 test_acc: 0.628571
Epoch: 450 train_loss: 0.003843 val_loss: 0.448399 val_acc: 0.657143 test_loss: 0.648813 test_acc: 0.600000
Epoch: 460 train_loss: 0.003769 val_loss: 0.455056 val_acc: 0.571429 test_loss: 0.618031 test_acc: 0.600000
Epoch: 470 train_loss: 0.003807 val_loss: 0.432205 val_acc: 0.657143 test_loss: 0.631782 test_acc: 0.628571
Epoch: 480 train_loss: 0.003982 val_loss: 0.446054 val_acc: 0.628571 test_loss: 0.611023 test_acc: 0.600000
Epoch: 490 train_loss: 0.003547 val_loss: 0.431667 val_acc: 0.657143 test_loss: 0.608125 test_acc: 0.600000
Epoch: 500 train_loss: 0.003726 val_loss: 0.446833 val_acc: 0.628571 test_loss: 0.622610 test_acc: 0.600000
Epoch: 510 train_loss: 0.003698 val_loss: 0.444679 val_acc: 0.628571 test_loss: 0.619464 test_acc: 0.628571
Epoch: 520 train_loss: 0.003784 val_loss: 0.451092 val_acc: 0.600000 test_loss: 0.601403 test_acc: 0.600000
Epoch: 530 train_loss: 0.003518 val_loss: 0.451151 val_acc: 0.600000 test_loss: 0.625347 test_acc: 0.600000
Epoch: 540 train_loss: 0.003819 val_loss: 0.452334 val_acc: 0.571429 test_loss: 0.623757 test_acc: 0.628571
Epoch: 550 train_loss: 0.003911 val_loss: 0.454248 val_acc: 0.571429 test_loss: 0.624566 test_acc: 0.600000
Epoch: 560 train_loss: 0.003484 val_loss: 0.452372 val_acc: 0.571429 test_loss: 0.651155 test_acc: 0.600000
Epoch: 570 train_loss: 0.003596 val_loss: 0.450835 val_acc: 0.600000 test_loss: 0.645924 test_acc: 0.628571
Epoch: 580 train_loss: 0.003519 val_loss: 0.445948 val_acc: 0.600000 test_loss: 0.632201 test_acc: 0.600000
Epoch: 590 train_loss: 0.003591 val_loss: 0.436613 val_acc: 0.571429 test_loss: 0.618088 test_acc: 0.600000
Epoch: 600 train_loss: 0.003474 val_loss: 0.445992 val_acc: 0.600000 test_loss: 0.635847 test_acc: 0.600000
Epoch: 610 train_loss: 0.003880 val_loss: 0.452466 val_acc: 0.571429 test_loss: 0.635676 test_acc: 0.600000
Epoch: 620 train_loss: 0.003549 val_loss: 0.452650 val_acc: 0.571429 test_loss: 0.638894 test_acc: 0.628571
Epoch: 630 train_loss: 0.003651 val_loss: 0.449180 val_acc: 0.571429 test_loss: 0.651150 test_acc: 0.600000
Epoch: 640 train_loss: 0.003633 val_loss: 0.458530 val_acc: 0.571429 test_loss: 0.629419 test_acc: 0.600000
Epoch: 650 train_loss: 0.003775 val_loss: 0.459584 val_acc: 0.571429 test_loss: 0.654907 test_acc: 0.600000
Epoch: 660 train_loss: 0.003666 val_loss: 0.461541 val_acc: 0.571429 test_loss: 0.641993 test_acc: 0.628571
Epoch: 670 train_loss: 0.003762 val_loss: 0.458057 val_acc: 0.571429 test_loss: 0.642045 test_acc: 0.628571
Epoch: 680 train_loss: 0.003510 val_loss: 0.462543 val_acc: 0.571429 test_loss: 0.634449 test_acc: 0.628571
Epoch: 690 train_loss: 0.003765 val_loss: 0.456751 val_acc: 0.600000 test_loss: 0.633430 test_acc: 0.628571
Epoch: 700 train_loss: 0.003688 val_loss: 0.451147 val_acc: 0.571429 test_loss: 0.620294 test_acc: 0.600000
Epoch: 710 train_loss: 0.003632 val_loss: 0.453641 val_acc: 0.600000 test_loss: 0.616139 test_acc: 0.628571
Epoch: 720 train_loss: 0.003506 val_loss: 0.454218 val_acc: 0.628571 test_loss: 0.635156 test_acc: 0.600000
Epoch: 730 train_loss: 0.003652 val_loss: 0.454463 val_acc: 0.571429 test_loss: 0.633447 test_acc: 0.628571
Epoch: 740 train_loss: 0.003678 val_loss: 0.468419 val_acc: 0.571429 test_loss: 0.626342 test_acc: 0.600000
Epoch: 750 train_loss: 0.003698 val_loss: 0.464968 val_acc: 0.571429 test_loss: 0.625964 test_acc: 0.600000
Epoch: 760 train_loss: 0.003502 val_loss: 0.461668 val_acc: 0.571429 test_loss: 0.629420 test_acc: 0.600000
Epoch: 770 train_loss: 0.003588 val_loss: 0.457362 val_acc: 0.571429 test_loss: 0.640074 test_acc: 0.600000
Epoch: 780 train_loss: 0.003651 val_loss: 0.467142 val_acc: 0.571429 test_loss: 0.628434 test_acc: 0.600000
Epoch: 790 train_loss: 0.003649 val_loss: 0.465723 val_acc: 0.571429 test_loss: 0.641760 test_acc: 0.600000
------------- 6 val_acc: 0.8000 test_acc: 0.6857 best_test: 0.8286 -----------------
Fold: 7
Epoch: 000 train_loss: 0.005166 val_loss: 0.479615 val_acc: 0.771429 test_loss: 0.490358 test_acc: 0.600000
Epoch: 010 train_loss: 0.004847 val_loss: 0.451023 val_acc: 0.800000 test_loss: 0.505257 test_acc: 0.657143
Epoch: 020 train_loss: 0.004714 val_loss: 0.448971 val_acc: 0.800000 test_loss: 0.517838 test_acc: 0.657143
Epoch: 030 train_loss: 0.004975 val_loss: 0.448530 val_acc: 0.685714 test_loss: 0.527872 test_acc: 0.571429
Epoch: 040 train_loss: 0.004766 val_loss: 0.447736 val_acc: 0.685714 test_loss: 0.527868 test_acc: 0.485714
Epoch: 050 train_loss: 0.004888 val_loss: 0.435885 val_acc: 0.800000 test_loss: 0.495705 test_acc: 0.657143
Epoch: 060 train_loss: 0.004745 val_loss: 0.451760 val_acc: 0.628571 test_loss: 0.532185 test_acc: 0.342857
Epoch: 070 train_loss: 0.004624 val_loss: 0.447439 val_acc: 0.685714 test_loss: 0.532608 test_acc: 0.571429
Epoch: 080 train_loss: 0.004914 val_loss: 0.440886 val_acc: 0.742857 test_loss: 0.521521 test_acc: 0.514286
Epoch: 090 train_loss: 0.004816 val_loss: 0.439877 val_acc: 0.685714 test_loss: 0.548326 test_acc: 0.514286
Epoch: 100 train_loss: 0.004476 val_loss: 0.443143 val_acc: 0.685714 test_loss: 0.556976 test_acc: 0.542857
Epoch: 110 train_loss: 0.004624 val_loss: 0.449696 val_acc: 0.714286 test_loss: 0.573575 test_acc: 0.514286
Epoch: 120 train_loss: 0.004512 val_loss: 0.472161 val_acc: 0.571429 test_loss: 0.581653 test_acc: 0.428571
Epoch: 130 train_loss: 0.004397 val_loss: 0.458748 val_acc: 0.685714 test_loss: 0.611148 test_acc: 0.485714
Epoch: 140 train_loss: 0.004878 val_loss: 0.539309 val_acc: 0.571429 test_loss: 0.624314 test_acc: 0.400000
Epoch: 150 train_loss: 0.004246 val_loss: 0.448461 val_acc: 0.714286 test_loss: 0.576332 test_acc: 0.542857
Epoch: 160 train_loss: 0.004484 val_loss: 0.460313 val_acc: 0.714286 test_loss: 0.567366 test_acc: 0.457143
Epoch: 170 train_loss: 0.004212 val_loss: 0.479810 val_acc: 0.600000 test_loss: 0.632892 test_acc: 0.400000
Epoch: 180 train_loss: 0.004405 val_loss: 0.486950 val_acc: 0.742857 test_loss: 0.588745 test_acc: 0.457143
Epoch: 190 train_loss: 0.004267 val_loss: 0.513218 val_acc: 0.714286 test_loss: 0.600190 test_acc: 0.457143
Epoch: 200 train_loss: 0.004152 val_loss: 0.506183 val_acc: 0.685714 test_loss: 0.586465 test_acc: 0.428571
Epoch: 210 train_loss: 0.004330 val_loss: 0.484820 val_acc: 0.685714 test_loss: 0.597003 test_acc: 0.428571
Epoch: 220 train_loss: 0.004156 val_loss: 0.517907 val_acc: 0.685714 test_loss: 0.611704 test_acc: 0.457143
Epoch: 230 train_loss: 0.004194 val_loss: 0.552040 val_acc: 0.685714 test_loss: 0.642516 test_acc: 0.428571
Epoch: 240 train_loss: 0.004185 val_loss: 0.491558 val_acc: 0.657143 test_loss: 0.599747 test_acc: 0.457143
Epoch: 250 train_loss: 0.003934 val_loss: 0.605743 val_acc: 0.685714 test_loss: 0.666362 test_acc: 0.457143
Epoch: 260 train_loss: 0.004352 val_loss: 0.509341 val_acc: 0.714286 test_loss: 0.633532 test_acc: 0.457143
Epoch: 270 train_loss: 0.004176 val_loss: 0.545854 val_acc: 0.600000 test_loss: 0.649201 test_acc: 0.428571
Epoch: 280 train_loss: 0.004204 val_loss: 0.603841 val_acc: 0.628571 test_loss: 0.630387 test_acc: 0.457143
Epoch: 290 train_loss: 0.003895 val_loss: 0.559599 val_acc: 0.657143 test_loss: 0.626160 test_acc: 0.428571
Epoch: 300 train_loss: 0.004053 val_loss: 0.589059 val_acc: 0.657143 test_loss: 0.600428 test_acc: 0.485714
Epoch: 310 train_loss: 0.003849 val_loss: 0.601560 val_acc: 0.628571 test_loss: 0.620251 test_acc: 0.428571
Epoch: 320 train_loss: 0.004159 val_loss: 0.569909 val_acc: 0.685714 test_loss: 0.612328 test_acc: 0.514286
Epoch: 330 train_loss: 0.004268 val_loss: 0.626000 val_acc: 0.628571 test_loss: 0.653291 test_acc: 0.457143
Epoch: 340 train_loss: 0.003831 val_loss: 0.627648 val_acc: 0.600000 test_loss: 0.621707 test_acc: 0.428571
Epoch: 350 train_loss: 0.004001 val_loss: 0.591276 val_acc: 0.600000 test_loss: 0.611183 test_acc: 0.428571
Epoch: 360 train_loss: 0.003905 val_loss: 0.568770 val_acc: 0.600000 test_loss: 0.639983 test_acc: 0.457143
Epoch: 370 train_loss: 0.003911 val_loss: 0.542573 val_acc: 0.628571 test_loss: 0.656398 test_acc: 0.457143
Epoch: 380 train_loss: 0.003952 val_loss: 0.561369 val_acc: 0.628571 test_loss: 0.662125 test_acc: 0.457143
Epoch: 390 train_loss: 0.003909 val_loss: 0.600964 val_acc: 0.628571 test_loss: 0.645105 test_acc: 0.428571
Epoch: 400 train_loss: 0.003915 val_loss: 0.619134 val_acc: 0.657143 test_loss: 0.620156 test_acc: 0.428571
Epoch: 410 train_loss: 0.003825 val_loss: 0.623075 val_acc: 0.628571 test_loss: 0.648809 test_acc: 0.457143
Epoch: 420 train_loss: 0.004137 val_loss: 0.613954 val_acc: 0.600000 test_loss: 0.618249 test_acc: 0.428571
Epoch: 430 train_loss: 0.003733 val_loss: 0.600171 val_acc: 0.600000 test_loss: 0.641377 test_acc: 0.457143
Epoch: 440 train_loss: 0.003927 val_loss: 0.606354 val_acc: 0.628571 test_loss: 0.630608 test_acc: 0.428571
Epoch: 450 train_loss: 0.003910 val_loss: 0.608327 val_acc: 0.628571 test_loss: 0.632809 test_acc: 0.457143
Epoch: 460 train_loss: 0.003935 val_loss: 0.626482 val_acc: 0.628571 test_loss: 0.652031 test_acc: 0.457143
Epoch: 470 train_loss: 0.003910 val_loss: 0.624034 val_acc: 0.600000 test_loss: 0.616491 test_acc: 0.457143
Epoch: 480 train_loss: 0.003883 val_loss: 0.622455 val_acc: 0.600000 test_loss: 0.608832 test_acc: 0.457143
Epoch: 490 train_loss: 0.003996 val_loss: 0.636776 val_acc: 0.628571 test_loss: 0.670704 test_acc: 0.457143
Epoch: 500 train_loss: 0.003968 val_loss: 0.644459 val_acc: 0.628571 test_loss: 0.644436 test_acc: 0.457143
Epoch: 510 train_loss: 0.003981 val_loss: 0.638813 val_acc: 0.628571 test_loss: 0.668684 test_acc: 0.457143
Epoch: 520 train_loss: 0.003813 val_loss: 0.623824 val_acc: 0.628571 test_loss: 0.637681 test_acc: 0.457143
Epoch: 530 train_loss: 0.003979 val_loss: 0.623149 val_acc: 0.600000 test_loss: 0.637590 test_acc: 0.457143
Epoch: 540 train_loss: 0.004120 val_loss: 0.613276 val_acc: 0.628571 test_loss: 0.642039 test_acc: 0.457143
Epoch: 550 train_loss: 0.003903 val_loss: 0.623126 val_acc: 0.628571 test_loss: 0.648232 test_acc: 0.457143
Epoch: 560 train_loss: 0.004093 val_loss: 0.650482 val_acc: 0.657143 test_loss: 0.626092 test_acc: 0.428571
Epoch: 570 train_loss: 0.004124 val_loss: 0.653790 val_acc: 0.628571 test_loss: 0.635266 test_acc: 0.457143
Epoch: 580 train_loss: 0.004062 val_loss: 0.646817 val_acc: 0.628571 test_loss: 0.645805 test_acc: 0.457143
Epoch: 590 train_loss: 0.003879 val_loss: 0.650186 val_acc: 0.600000 test_loss: 0.656794 test_acc: 0.457143
Epoch: 600 train_loss: 0.003951 val_loss: 0.635452 val_acc: 0.628571 test_loss: 0.656334 test_acc: 0.457143
Epoch: 610 train_loss: 0.003750 val_loss: 0.648466 val_acc: 0.628571 test_loss: 0.654584 test_acc: 0.457143
Epoch: 620 train_loss: 0.003806 val_loss: 0.638246 val_acc: 0.628571 test_loss: 0.675080 test_acc: 0.457143
Epoch: 630 train_loss: 0.003849 val_loss: 0.652335 val_acc: 0.628571 test_loss: 0.662777 test_acc: 0.457143
Epoch: 640 train_loss: 0.003821 val_loss: 0.644240 val_acc: 0.628571 test_loss: 0.666988 test_acc: 0.457143
Epoch: 650 train_loss: 0.003777 val_loss: 0.641846 val_acc: 0.628571 test_loss: 0.667142 test_acc: 0.457143
Epoch: 660 train_loss: 0.003779 val_loss: 0.662129 val_acc: 0.628571 test_loss: 0.655841 test_acc: 0.457143
Epoch: 670 train_loss: 0.003641 val_loss: 0.645233 val_acc: 0.600000 test_loss: 0.654675 test_acc: 0.457143
Epoch: 680 train_loss: 0.004020 val_loss: 0.650866 val_acc: 0.600000 test_loss: 0.662122 test_acc: 0.457143
Epoch: 690 train_loss: 0.003942 val_loss: 0.648545 val_acc: 0.600000 test_loss: 0.626526 test_acc: 0.457143
Epoch: 700 train_loss: 0.003737 val_loss: 0.649804 val_acc: 0.628571 test_loss: 0.640411 test_acc: 0.457143
Epoch: 710 train_loss: 0.003688 val_loss: 0.670296 val_acc: 0.600000 test_loss: 0.621991 test_acc: 0.457143
Epoch: 720 train_loss: 0.003706 val_loss: 0.661637 val_acc: 0.600000 test_loss: 0.676152 test_acc: 0.457143
Epoch: 730 train_loss: 0.003990 val_loss: 0.650178 val_acc: 0.600000 test_loss: 0.633782 test_acc: 0.457143
Epoch: 740 train_loss: 0.003803 val_loss: 0.656533 val_acc: 0.600000 test_loss: 0.655278 test_acc: 0.457143
Epoch: 750 train_loss: 0.003824 val_loss: 0.663220 val_acc: 0.628571 test_loss: 0.648894 test_acc: 0.457143
Epoch: 760 train_loss: 0.003762 val_loss: 0.659472 val_acc: 0.600000 test_loss: 0.666241 test_acc: 0.457143
Epoch: 770 train_loss: 0.003675 val_loss: 0.662566 val_acc: 0.628571 test_loss: 0.655363 test_acc: 0.457143
Epoch: 780 train_loss: 0.003835 val_loss: 0.660438 val_acc: 0.600000 test_loss: 0.674403 test_acc: 0.457143
Epoch: 790 train_loss: 0.003991 val_loss: 0.670457 val_acc: 0.600000 test_loss: 0.656194 test_acc: 0.457143
------------- 7 val_acc: 0.8000 test_acc: 0.6571 best_test: 0.6857 -----------------
Fold: 8
Epoch: 000 train_loss: 0.006157 val_loss: 0.518498 val_acc: 0.428571 test_loss: 0.515407 test_acc: 0.542857
Epoch: 010 train_loss: 0.004979 val_loss: 0.494291 val_acc: 0.657143 test_loss: 0.471905 test_acc: 0.600000
Epoch: 020 train_loss: 0.004777 val_loss: 0.503367 val_acc: 0.657143 test_loss: 0.475181 test_acc: 0.600000
Epoch: 030 train_loss: 0.004772 val_loss: 0.518806 val_acc: 0.657143 test_loss: 0.475458 test_acc: 0.600000
Epoch: 040 train_loss: 0.004811 val_loss: 0.537106 val_acc: 0.657143 test_loss: 0.472516 test_acc: 0.600000
Epoch: 050 train_loss: 0.004537 val_loss: 0.524770 val_acc: 0.514286 test_loss: 0.459486 test_acc: 0.657143
Epoch: 060 train_loss: 0.004485 val_loss: 0.550427 val_acc: 0.571429 test_loss: 0.462303 test_acc: 0.685714
Epoch: 070 train_loss: 0.004673 val_loss: 0.539100 val_acc: 0.485714 test_loss: 0.454769 test_acc: 0.628571
Epoch: 080 train_loss: 0.004406 val_loss: 0.573621 val_acc: 0.542857 test_loss: 0.469473 test_acc: 0.571429
Epoch: 090 train_loss: 0.004395 val_loss: 0.567157 val_acc: 0.600000 test_loss: 0.459244 test_acc: 0.685714
Epoch: 100 train_loss: 0.004313 val_loss: 0.591878 val_acc: 0.571429 test_loss: 0.449070 test_acc: 0.714286
Epoch: 110 train_loss: 0.004144 val_loss: 0.599226 val_acc: 0.542857 test_loss: 0.486601 test_acc: 0.657143
Epoch: 120 train_loss: 0.003783 val_loss: 0.626938 val_acc: 0.571429 test_loss: 0.487156 test_acc: 0.657143
Epoch: 130 train_loss: 0.004100 val_loss: 0.666132 val_acc: 0.600000 test_loss: 0.508549 test_acc: 0.628571
Epoch: 140 train_loss: 0.004243 val_loss: 0.645497 val_acc: 0.657143 test_loss: 0.572307 test_acc: 0.571429
Epoch: 150 train_loss: 0.003994 val_loss: 0.652893 val_acc: 0.542857 test_loss: 0.510795 test_acc: 0.657143
Epoch: 160 train_loss: 0.003678 val_loss: 0.725439 val_acc: 0.571429 test_loss: 0.537092 test_acc: 0.628571
Epoch: 170 train_loss: 0.004128 val_loss: 0.705216 val_acc: 0.600000 test_loss: 0.534298 test_acc: 0.657143
Epoch: 180 train_loss: 0.003777 val_loss: 0.678372 val_acc: 0.571429 test_loss: 0.542912 test_acc: 0.685714
Epoch: 190 train_loss: 0.003622 val_loss: 0.658884 val_acc: 0.600000 test_loss: 0.539097 test_acc: 0.600000
Epoch: 200 train_loss: 0.003619 val_loss: 0.742933 val_acc: 0.514286 test_loss: 0.528542 test_acc: 0.685714
Epoch: 210 train_loss: 0.003881 val_loss: 0.727472 val_acc: 0.571429 test_loss: 0.529258 test_acc: 0.628571
Epoch: 220 train_loss: 0.003514 val_loss: 0.732317 val_acc: 0.571429 test_loss: 0.543209 test_acc: 0.685714
Epoch: 230 train_loss: 0.003365 val_loss: 0.791368 val_acc: 0.485714 test_loss: 0.546406 test_acc: 0.628571
Epoch: 240 train_loss: 0.003554 val_loss: 0.732570 val_acc: 0.542857 test_loss: 0.553649 test_acc: 0.685714
Epoch: 250 train_loss: 0.003570 val_loss: 0.737552 val_acc: 0.600000 test_loss: 0.539769 test_acc: 0.628571
Epoch: 260 train_loss: 0.003427 val_loss: 0.772379 val_acc: 0.428571 test_loss: 0.532704 test_acc: 0.714286
Epoch: 270 train_loss: 0.003338 val_loss: 0.736348 val_acc: 0.542857 test_loss: 0.542217 test_acc: 0.657143
Epoch: 280 train_loss: 0.003314 val_loss: 0.741760 val_acc: 0.457143 test_loss: 0.545084 test_acc: 0.628571
Epoch: 290 train_loss: 0.003482 val_loss: 0.742591 val_acc: 0.571429 test_loss: 0.545075 test_acc: 0.657143
Epoch: 300 train_loss: 0.003455 val_loss: 0.759829 val_acc: 0.542857 test_loss: 0.556961 test_acc: 0.714286
Epoch: 310 train_loss: 0.003428 val_loss: 0.737750 val_acc: 0.542857 test_loss: 0.576699 test_acc: 0.657143
Epoch: 320 train_loss: 0.003548 val_loss: 0.754695 val_acc: 0.485714 test_loss: 0.543599 test_acc: 0.685714
Epoch: 330 train_loss: 0.003325 val_loss: 0.765059 val_acc: 0.542857 test_loss: 0.577445 test_acc: 0.685714
Epoch: 340 train_loss: 0.003272 val_loss: 0.769982 val_acc: 0.514286 test_loss: 0.563438 test_acc: 0.628571
Epoch: 350 train_loss: 0.003215 val_loss: 0.800232 val_acc: 0.457143 test_loss: 0.557763 test_acc: 0.685714
Epoch: 360 train_loss: 0.003403 val_loss: 0.730519 val_acc: 0.514286 test_loss: 0.553609 test_acc: 0.657143
Epoch: 370 train_loss: 0.003321 val_loss: 0.797529 val_acc: 0.457143 test_loss: 0.562242 test_acc: 0.628571
Epoch: 380 train_loss: 0.003252 val_loss: 0.814004 val_acc: 0.457143 test_loss: 0.572607 test_acc: 0.657143
Epoch: 390 train_loss: 0.003333 val_loss: 0.724722 val_acc: 0.542857 test_loss: 0.562892 test_acc: 0.657143
Epoch: 400 train_loss: 0.003232 val_loss: 0.798355 val_acc: 0.457143 test_loss: 0.561711 test_acc: 0.628571
Epoch: 410 train_loss: 0.003288 val_loss: 0.764019 val_acc: 0.514286 test_loss: 0.581653 test_acc: 0.685714
Epoch: 420 train_loss: 0.003423 val_loss: 0.815270 val_acc: 0.457143 test_loss: 0.564521 test_acc: 0.657143
Epoch: 430 train_loss: 0.003328 val_loss: 0.759135 val_acc: 0.514286 test_loss: 0.567595 test_acc: 0.628571
Epoch: 440 train_loss: 0.003473 val_loss: 0.794371 val_acc: 0.542857 test_loss: 0.590031 test_acc: 0.628571
Epoch: 450 train_loss: 0.003347 val_loss: 0.764800 val_acc: 0.514286 test_loss: 0.561516 test_acc: 0.685714
Epoch: 460 train_loss: 0.003244 val_loss: 0.780869 val_acc: 0.457143 test_loss: 0.557797 test_acc: 0.657143
Epoch: 470 train_loss: 0.003184 val_loss: 0.790069 val_acc: 0.514286 test_loss: 0.590555 test_acc: 0.657143
Epoch: 480 train_loss: 0.003378 val_loss: 0.794184 val_acc: 0.457143 test_loss: 0.565435 test_acc: 0.657143
Epoch: 490 train_loss: 0.003275 val_loss: 0.799721 val_acc: 0.457143 test_loss: 0.561357 test_acc: 0.685714
Epoch: 500 train_loss: 0.003340 val_loss: 0.781611 val_acc: 0.457143 test_loss: 0.566127 test_acc: 0.657143
Epoch: 510 train_loss: 0.003277 val_loss: 0.791579 val_acc: 0.485714 test_loss: 0.574130 test_acc: 0.685714
Epoch: 520 train_loss: 0.003286 val_loss: 0.798499 val_acc: 0.457143 test_loss: 0.567816 test_acc: 0.685714
Epoch: 530 train_loss: 0.003167 val_loss: 0.786520 val_acc: 0.514286 test_loss: 0.580902 test_acc: 0.657143
Epoch: 540 train_loss: 0.003443 val_loss: 0.769154 val_acc: 0.514286 test_loss: 0.562634 test_acc: 0.685714
Epoch: 550 train_loss: 0.003394 val_loss: 0.794877 val_acc: 0.457143 test_loss: 0.563647 test_acc: 0.685714
Epoch: 560 train_loss: 0.003276 val_loss: 0.800260 val_acc: 0.457143 test_loss: 0.564938 test_acc: 0.685714
Epoch: 570 train_loss: 0.003239 val_loss: 0.792299 val_acc: 0.485714 test_loss: 0.574082 test_acc: 0.685714
Epoch: 580 train_loss: 0.003299 val_loss: 0.786534 val_acc: 0.514286 test_loss: 0.572170 test_acc: 0.657143
Epoch: 590 train_loss: 0.003352 val_loss: 0.795263 val_acc: 0.457143 test_loss: 0.571039 test_acc: 0.657143
Epoch: 600 train_loss: 0.003430 val_loss: 0.810015 val_acc: 0.457143 test_loss: 0.572138 test_acc: 0.628571
Epoch: 610 train_loss: 0.003165 val_loss: 0.797326 val_acc: 0.514286 test_loss: 0.581091 test_acc: 0.657143
Epoch: 620 train_loss: 0.003214 val_loss: 0.805478 val_acc: 0.485714 test_loss: 0.575917 test_acc: 0.685714
Epoch: 630 train_loss: 0.003237 val_loss: 0.796422 val_acc: 0.457143 test_loss: 0.569336 test_acc: 0.685714
Epoch: 640 train_loss: 0.003452 val_loss: 0.810466 val_acc: 0.457143 test_loss: 0.573387 test_acc: 0.657143
Epoch: 650 train_loss: 0.003574 val_loss: 0.800755 val_acc: 0.457143 test_loss: 0.575016 test_acc: 0.685714
Epoch: 660 train_loss: 0.003002 val_loss: 0.791564 val_acc: 0.457143 test_loss: 0.581778 test_acc: 0.657143
Epoch: 670 train_loss: 0.003210 val_loss: 0.796614 val_acc: 0.485714 test_loss: 0.587592 test_acc: 0.657143
Epoch: 680 train_loss: 0.003170 val_loss: 0.808553 val_acc: 0.485714 test_loss: 0.595918 test_acc: 0.628571
Epoch: 690 train_loss: 0.003174 val_loss: 0.809342 val_acc: 0.457143 test_loss: 0.575982 test_acc: 0.657143
Epoch: 700 train_loss: 0.003181 val_loss: 0.791141 val_acc: 0.457143 test_loss: 0.567281 test_acc: 0.685714
Epoch: 710 train_loss: 0.003279 val_loss: 0.789269 val_acc: 0.485714 test_loss: 0.573068 test_acc: 0.657143
Epoch: 720 train_loss: 0.003083 val_loss: 0.794118 val_acc: 0.514286 test_loss: 0.579852 test_acc: 0.685714
Epoch: 730 train_loss: 0.003370 val_loss: 0.800115 val_acc: 0.485714 test_loss: 0.578633 test_acc: 0.657143
Epoch: 740 train_loss: 0.003035 val_loss: 0.790958 val_acc: 0.485714 test_loss: 0.578682 test_acc: 0.685714
Epoch: 750 train_loss: 0.003160 val_loss: 0.783574 val_acc: 0.514286 test_loss: 0.586051 test_acc: 0.657143
Epoch: 760 train_loss: 0.002992 val_loss: 0.790274 val_acc: 0.485714 test_loss: 0.579137 test_acc: 0.657143
Epoch: 770 train_loss: 0.003158 val_loss: 0.823278 val_acc: 0.457143 test_loss: 0.566867 test_acc: 0.657143
Epoch: 780 train_loss: 0.003411 val_loss: 0.785768 val_acc: 0.514286 test_loss: 0.575965 test_acc: 0.657143
Epoch: 790 train_loss: 0.003114 val_loss: 0.782230 val_acc: 0.457143 test_loss: 0.574470 test_acc: 0.657143
------------- 8 val_acc: 0.6571 test_acc: 0.6286 best_test: 0.7429 -----------------
Fold: 9
Epoch: 000 train_loss: 0.006832 val_loss: 0.501111 val_acc: 0.428571 test_loss: 0.501157 test_acc: 0.542857
Epoch: 010 train_loss: 0.004893 val_loss: 0.475141 val_acc: 0.628571 test_loss: 0.533421 test_acc: 0.485714
Epoch: 020 train_loss: 0.004710 val_loss: 0.458863 val_acc: 0.657143 test_loss: 0.506312 test_acc: 0.485714
Epoch: 030 train_loss: 0.004691 val_loss: 0.460141 val_acc: 0.600000 test_loss: 0.525171 test_acc: 0.485714
Epoch: 040 train_loss: 0.004592 val_loss: 0.466979 val_acc: 0.600000 test_loss: 0.548056 test_acc: 0.485714
Epoch: 050 train_loss: 0.004452 val_loss: 0.447466 val_acc: 0.628571 test_loss: 0.528322 test_acc: 0.485714
Epoch: 060 train_loss: 0.004496 val_loss: 0.442683 val_acc: 0.657143 test_loss: 0.531731 test_acc: 0.457143
Epoch: 070 train_loss: 0.004706 val_loss: 0.440712 val_acc: 0.657143 test_loss: 0.518552 test_acc: 0.485714
Epoch: 080 train_loss: 0.004368 val_loss: 0.436232 val_acc: 0.628571 test_loss: 0.535403 test_acc: 0.485714
Epoch: 090 train_loss: 0.004500 val_loss: 0.426530 val_acc: 0.657143 test_loss: 0.546412 test_acc: 0.457143
Epoch: 100 train_loss: 0.004166 val_loss: 0.425109 val_acc: 0.657143 test_loss: 0.550098 test_acc: 0.485714
Epoch: 110 train_loss: 0.004444 val_loss: 0.420315 val_acc: 0.657143 test_loss: 0.568526 test_acc: 0.485714
Epoch: 120 train_loss: 0.004220 val_loss: 0.429967 val_acc: 0.628571 test_loss: 0.553459 test_acc: 0.514286
Epoch: 130 train_loss: 0.004365 val_loss: 0.433166 val_acc: 0.657143 test_loss: 0.550255 test_acc: 0.457143
Epoch: 140 train_loss: 0.004480 val_loss: 0.426339 val_acc: 0.657143 test_loss: 0.563562 test_acc: 0.485714
Epoch: 150 train_loss: 0.004234 val_loss: 0.429042 val_acc: 0.600000 test_loss: 0.573847 test_acc: 0.542857
Epoch: 160 train_loss: 0.004006 val_loss: 0.433996 val_acc: 0.628571 test_loss: 0.564571 test_acc: 0.571429
Epoch: 170 train_loss: 0.004226 val_loss: 0.402158 val_acc: 0.742857 test_loss: 0.559032 test_acc: 0.571429
Epoch: 180 train_loss: 0.004123 val_loss: 0.439570 val_acc: 0.628571 test_loss: 0.572260 test_acc: 0.514286
Epoch: 190 train_loss: 0.003965 val_loss: 0.415516 val_acc: 0.714286 test_loss: 0.579061 test_acc: 0.600000
Epoch: 200 train_loss: 0.004147 val_loss: 0.467896 val_acc: 0.628571 test_loss: 0.636081 test_acc: 0.485714
Epoch: 210 train_loss: 0.003937 val_loss: 0.435058 val_acc: 0.685714 test_loss: 0.592576 test_acc: 0.571429
Epoch: 220 train_loss: 0.003815 val_loss: 0.433479 val_acc: 0.657143 test_loss: 0.613031 test_acc: 0.600000
Epoch: 230 train_loss: 0.003727 val_loss: 0.425960 val_acc: 0.714286 test_loss: 0.626451 test_acc: 0.600000
Epoch: 240 train_loss: 0.003936 val_loss: 0.429737 val_acc: 0.742857 test_loss: 0.620824 test_acc: 0.542857
Epoch: 250 train_loss: 0.003967 val_loss: 0.424005 val_acc: 0.742857 test_loss: 0.613905 test_acc: 0.600000
Epoch: 260 train_loss: 0.003753 val_loss: 0.431725 val_acc: 0.657143 test_loss: 0.628302 test_acc: 0.571429
Epoch: 270 train_loss: 0.004328 val_loss: 0.439428 val_acc: 0.657143 test_loss: 0.643185 test_acc: 0.571429
Epoch: 280 train_loss: 0.003944 val_loss: 0.430460 val_acc: 0.657143 test_loss: 0.636073 test_acc: 0.542857
Epoch: 290 train_loss: 0.003822 val_loss: 0.410045 val_acc: 0.685714 test_loss: 0.650088 test_acc: 0.600000
Epoch: 300 train_loss: 0.003742 val_loss: 0.437002 val_acc: 0.685714 test_loss: 0.612684 test_acc: 0.628571
Epoch: 310 train_loss: 0.003606 val_loss: 0.411195 val_acc: 0.742857 test_loss: 0.636031 test_acc: 0.628571
Epoch: 320 train_loss: 0.003899 val_loss: 0.433358 val_acc: 0.657143 test_loss: 0.636037 test_acc: 0.600000
Epoch: 330 train_loss: 0.003620 val_loss: 0.437635 val_acc: 0.685714 test_loss: 0.627088 test_acc: 0.600000
Epoch: 340 train_loss: 0.003739 val_loss: 0.408220 val_acc: 0.685714 test_loss: 0.659454 test_acc: 0.657143
Epoch: 350 train_loss: 0.003960 val_loss: 0.417720 val_acc: 0.714286 test_loss: 0.638469 test_acc: 0.657143
Epoch: 360 train_loss: 0.003671 val_loss: 0.431483 val_acc: 0.657143 test_loss: 0.629395 test_acc: 0.628571
Epoch: 370 train_loss: 0.004131 val_loss: 0.414280 val_acc: 0.714286 test_loss: 0.646247 test_acc: 0.685714
Epoch: 380 train_loss: 0.003896 val_loss: 0.413702 val_acc: 0.742857 test_loss: 0.630056 test_acc: 0.657143
Epoch: 390 train_loss: 0.003568 val_loss: 0.419300 val_acc: 0.742857 test_loss: 0.627261 test_acc: 0.685714
Epoch: 400 train_loss: 0.003853 val_loss: 0.430406 val_acc: 0.742857 test_loss: 0.593909 test_acc: 0.685714
Epoch: 410 train_loss: 0.003826 val_loss: 0.434149 val_acc: 0.657143 test_loss: 0.645010 test_acc: 0.685714
Epoch: 420 train_loss: 0.003783 val_loss: 0.417339 val_acc: 0.714286 test_loss: 0.641421 test_acc: 0.657143
Epoch: 430 train_loss: 0.003887 val_loss: 0.422799 val_acc: 0.742857 test_loss: 0.634123 test_acc: 0.657143
Epoch: 440 train_loss: 0.003489 val_loss: 0.393307 val_acc: 0.771429 test_loss: 0.644309 test_acc: 0.657143
Epoch: 450 train_loss: 0.003711 val_loss: 0.392363 val_acc: 0.771429 test_loss: 0.641339 test_acc: 0.685714
Epoch: 460 train_loss: 0.003611 val_loss: 0.407901 val_acc: 0.742857 test_loss: 0.639527 test_acc: 0.685714
Epoch: 470 train_loss: 0.003725 val_loss: 0.414501 val_acc: 0.742857 test_loss: 0.641884 test_acc: 0.685714
Epoch: 480 train_loss: 0.003651 val_loss: 0.407409 val_acc: 0.714286 test_loss: 0.667071 test_acc: 0.685714
Epoch: 490 train_loss: 0.003514 val_loss: 0.439230 val_acc: 0.714286 test_loss: 0.642956 test_acc: 0.657143
Epoch: 500 train_loss: 0.003789 val_loss: 0.437635 val_acc: 0.685714 test_loss: 0.661137 test_acc: 0.685714
Epoch: 510 train_loss: 0.003607 val_loss: 0.417201 val_acc: 0.714286 test_loss: 0.645435 test_acc: 0.685714
Epoch: 520 train_loss: 0.003860 val_loss: 0.441991 val_acc: 0.714286 test_loss: 0.647594 test_acc: 0.685714
Epoch: 530 train_loss: 0.003526 val_loss: 0.433732 val_acc: 0.628571 test_loss: 0.664209 test_acc: 0.685714
Epoch: 540 train_loss: 0.003754 val_loss: 0.425975 val_acc: 0.742857 test_loss: 0.659199 test_acc: 0.685714
Epoch: 550 train_loss: 0.003708 val_loss: 0.429375 val_acc: 0.742857 test_loss: 0.644133 test_acc: 0.685714
Epoch: 560 train_loss: 0.003605 val_loss: 0.418642 val_acc: 0.685714 test_loss: 0.654154 test_acc: 0.685714
Epoch: 570 train_loss: 0.003855 val_loss: 0.416308 val_acc: 0.714286 test_loss: 0.658802 test_acc: 0.685714
Epoch: 580 train_loss: 0.003686 val_loss: 0.431985 val_acc: 0.685714 test_loss: 0.659376 test_acc: 0.685714
Epoch: 590 train_loss: 0.003505 val_loss: 0.439209 val_acc: 0.685714 test_loss: 0.659878 test_acc: 0.685714
Epoch: 600 train_loss: 0.003634 val_loss: 0.432150 val_acc: 0.742857 test_loss: 0.649648 test_acc: 0.685714
Epoch: 610 train_loss: 0.003649 val_loss: 0.433811 val_acc: 0.714286 test_loss: 0.646517 test_acc: 0.685714
Epoch: 620 train_loss: 0.003802 val_loss: 0.425349 val_acc: 0.685714 test_loss: 0.659174 test_acc: 0.685714
Epoch: 630 train_loss: 0.003597 val_loss: 0.432816 val_acc: 0.714286 test_loss: 0.648350 test_acc: 0.685714
Epoch: 640 train_loss: 0.003539 val_loss: 0.437942 val_acc: 0.714286 test_loss: 0.653692 test_acc: 0.685714
Epoch: 650 train_loss: 0.003704 val_loss: 0.427442 val_acc: 0.714286 test_loss: 0.645527 test_acc: 0.685714
Epoch: 660 train_loss: 0.003497 val_loss: 0.426535 val_acc: 0.714286 test_loss: 0.651229 test_acc: 0.685714
Epoch: 670 train_loss: 0.003427 val_loss: 0.439088 val_acc: 0.657143 test_loss: 0.655713 test_acc: 0.685714
Epoch: 680 train_loss: 0.003777 val_loss: 0.414825 val_acc: 0.714286 test_loss: 0.648082 test_acc: 0.685714
Epoch: 690 train_loss: 0.003613 val_loss: 0.426382 val_acc: 0.714286 test_loss: 0.644298 test_acc: 0.685714
Epoch: 700 train_loss: 0.003429 val_loss: 0.443370 val_acc: 0.685714 test_loss: 0.656612 test_acc: 0.685714
Epoch: 710 train_loss: 0.003525 val_loss: 0.427162 val_acc: 0.657143 test_loss: 0.651715 test_acc: 0.685714
Epoch: 720 train_loss: 0.003734 val_loss: 0.430395 val_acc: 0.714286 test_loss: 0.650581 test_acc: 0.685714
Epoch: 730 train_loss: 0.003526 val_loss: 0.431913 val_acc: 0.685714 test_loss: 0.651035 test_acc: 0.685714
Epoch: 740 train_loss: 0.003649 val_loss: 0.437705 val_acc: 0.657143 test_loss: 0.659737 test_acc: 0.685714
Epoch: 750 train_loss: 0.003501 val_loss: 0.429869 val_acc: 0.685714 test_loss: 0.646540 test_acc: 0.685714
Epoch: 760 train_loss: 0.003690 val_loss: 0.421546 val_acc: 0.714286 test_loss: 0.642549 test_acc: 0.685714
Epoch: 770 train_loss: 0.003686 val_loss: 0.434925 val_acc: 0.685714 test_loss: 0.652579 test_acc: 0.685714
Epoch: 780 train_loss: 0.003436 val_loss: 0.427442 val_acc: 0.685714 test_loss: 0.652834 test_acc: 0.685714
