/home/dongrui/anaconda3/envs/dr/lib/python3.9/site-packages/torch_geometric/data/in_memory_dataset.py:284: UserWarning: It is not recommended to directly access the internal storage format `data` of an 'InMemoryDataset'. If you are absolutely certain what you are doing, access the internal storage via `InMemoryDataset._data` instead to suppress this warning. Alternatively, you can access stacked individual attributes of every graph via `dataset.{attr_name}`.
  warnings.warn(msg)
Namespace(device='cuda:0', dataset='PTC_FR', in_size=19, num_classes=2, model_name='fusion_tm', fusion_type='early', gcn_channels=3, gcn_hidden=128, gcn_layers=4, gcn_dropout=0.1, trans_num_layers=4, input_node_dim=19, hidden_node_dim=32, input_edge_dim=4, hidden_edge_dim=32, ouput_dim=None, n_heads=4, max_in_degree=5, max_out_degree=5, max_path_distance=5, hidden_dim=128, num_layers=4, num_features=19, num_heads=8, dropout=0.1, pos_encoding='gcn', att_dropout=0.1, d_k=64, d_v=64, pos_embed_type='s', alpha=0.4, num_fusion_layers=6, eta=0.5, ffn_dim=128, num_trans_layers=3, lam1=0.2, lam2=0.2, theta1=0.15, theta2=0.4, theta3=0.4, gamma=0.7, loss_log=2, folds=10, lr=1e-05, weight_decay=5e-05, batch_size=128, epoches=800, output_dim=2)
/home/dongrui/anaconda3/envs/dr/lib/python3.9/site-packages/torch_geometric/data/in_memory_dataset.py:284: UserWarning: It is not recommended to directly access the internal storage format `data` of an 'InMemoryDataset'. The given 'InMemoryDataset' only references a subset of examples of the full dataset, but 'data' will contain information of the full dataset. The data of the dataset is already cached, so any modifications to `data` will not be reflected when accessing its elements. Clearing the cache now by removing all elements in `dataset._data_list`. If you are absolutely certain what you are doing, access the internal storage via `InMemoryDataset._data` instead to suppress this warning. Alternatively, you can access stacked individual attributes of every graph via `dataset.{attr_name}`.
  warnings.warn(msg)
Fold: 0
Epoch: 000 train_loss: 0.005145 val_loss: 0.508443 val_acc: 0.485714 test_loss: 0.440446 test_acc: 0.638889
Epoch: 010 train_loss: 0.004769 val_loss: 0.526983 val_acc: 0.485714 test_loss: 0.427577 test_acc: 0.694444
Epoch: 020 train_loss: 0.004708 val_loss: 0.512707 val_acc: 0.628571 test_loss: 0.436815 test_acc: 0.722222
Epoch: 030 train_loss: 0.004519 val_loss: 0.519054 val_acc: 0.485714 test_loss: 0.427589 test_acc: 0.777778
Epoch: 040 train_loss: 0.004548 val_loss: 0.518028 val_acc: 0.600000 test_loss: 0.447264 test_acc: 0.611111
Epoch: 050 train_loss: 0.004582 val_loss: 0.532568 val_acc: 0.571429 test_loss: 0.440524 test_acc: 0.638889
Epoch: 060 train_loss: 0.004245 val_loss: 0.547277 val_acc: 0.600000 test_loss: 0.460139 test_acc: 0.583333
Epoch: 070 train_loss: 0.004271 val_loss: 0.578935 val_acc: 0.571429 test_loss: 0.464573 test_acc: 0.666667
Epoch: 080 train_loss: 0.004583 val_loss: 0.542230 val_acc: 0.600000 test_loss: 0.420909 test_acc: 0.750000
Epoch: 090 train_loss: 0.004284 val_loss: 0.558891 val_acc: 0.657143 test_loss: 0.457654 test_acc: 0.611111
Epoch: 100 train_loss: 0.004218 val_loss: 0.556016 val_acc: 0.600000 test_loss: 0.446831 test_acc: 0.638889
Epoch: 110 train_loss: 0.004121 val_loss: 0.566867 val_acc: 0.600000 test_loss: 0.456557 test_acc: 0.666667
Epoch: 120 train_loss: 0.004038 val_loss: 0.572894 val_acc: 0.628571 test_loss: 0.483195 test_acc: 0.611111
Epoch: 130 train_loss: 0.004125 val_loss: 0.577865 val_acc: 0.628571 test_loss: 0.488577 test_acc: 0.555556
Epoch: 140 train_loss: 0.004057 val_loss: 0.594337 val_acc: 0.600000 test_loss: 0.486525 test_acc: 0.527778
Epoch: 150 train_loss: 0.004101 val_loss: 0.553646 val_acc: 0.685714 test_loss: 0.457993 test_acc: 0.694444
Epoch: 160 train_loss: 0.003867 val_loss: 0.546203 val_acc: 0.628571 test_loss: 0.470558 test_acc: 0.555556
Epoch: 170 train_loss: 0.003928 val_loss: 0.575489 val_acc: 0.600000 test_loss: 0.481376 test_acc: 0.666667
Epoch: 180 train_loss: 0.003779 val_loss: 0.592384 val_acc: 0.657143 test_loss: 0.486601 test_acc: 0.666667
Epoch: 190 train_loss: 0.004005 val_loss: 0.581536 val_acc: 0.628571 test_loss: 0.484420 test_acc: 0.638889
Epoch: 200 train_loss: 0.003905 val_loss: 0.602757 val_acc: 0.657143 test_loss: 0.490780 test_acc: 0.638889
Epoch: 210 train_loss: 0.003809 val_loss: 0.581252 val_acc: 0.685714 test_loss: 0.452173 test_acc: 0.666667
Epoch: 220 train_loss: 0.003642 val_loss: 0.597592 val_acc: 0.657143 test_loss: 0.495948 test_acc: 0.694444
Epoch: 230 train_loss: 0.003941 val_loss: 0.586379 val_acc: 0.600000 test_loss: 0.489253 test_acc: 0.638889
Epoch: 240 train_loss: 0.003885 val_loss: 0.587974 val_acc: 0.685714 test_loss: 0.467394 test_acc: 0.694444
Epoch: 250 train_loss: 0.003867 val_loss: 0.578767 val_acc: 0.657143 test_loss: 0.481074 test_acc: 0.694444
Epoch: 260 train_loss: 0.003693 val_loss: 0.602488 val_acc: 0.628571 test_loss: 0.508545 test_acc: 0.666667
Epoch: 270 train_loss: 0.003601 val_loss: 0.576404 val_acc: 0.657143 test_loss: 0.521916 test_acc: 0.611111
Epoch: 280 train_loss: 0.003671 val_loss: 0.584208 val_acc: 0.685714 test_loss: 0.522821 test_acc: 0.638889
Epoch: 290 train_loss: 0.003564 val_loss: 0.606751 val_acc: 0.657143 test_loss: 0.510340 test_acc: 0.638889
Epoch: 300 train_loss: 0.003878 val_loss: 0.568863 val_acc: 0.685714 test_loss: 0.501606 test_acc: 0.666667
Epoch: 310 train_loss: 0.003583 val_loss: 0.574012 val_acc: 0.657143 test_loss: 0.529961 test_acc: 0.611111
Epoch: 320 train_loss: 0.003818 val_loss: 0.592028 val_acc: 0.657143 test_loss: 0.552737 test_acc: 0.611111
Epoch: 330 train_loss: 0.003821 val_loss: 0.577130 val_acc: 0.685714 test_loss: 0.556850 test_acc: 0.638889
Epoch: 340 train_loss: 0.003803 val_loss: 0.591298 val_acc: 0.628571 test_loss: 0.555852 test_acc: 0.638889
Epoch: 350 train_loss: 0.003736 val_loss: 0.576344 val_acc: 0.685714 test_loss: 0.556313 test_acc: 0.611111
Epoch: 360 train_loss: 0.003575 val_loss: 0.577988 val_acc: 0.685714 test_loss: 0.547774 test_acc: 0.638889
Epoch: 370 train_loss: 0.003591 val_loss: 0.554453 val_acc: 0.714286 test_loss: 0.528112 test_acc: 0.666667
Epoch: 380 train_loss: 0.003328 val_loss: 0.591199 val_acc: 0.657143 test_loss: 0.570494 test_acc: 0.638889
Epoch: 390 train_loss: 0.003457 val_loss: 0.589556 val_acc: 0.628571 test_loss: 0.586151 test_acc: 0.638889
Epoch: 400 train_loss: 0.003721 val_loss: 0.555949 val_acc: 0.685714 test_loss: 0.548469 test_acc: 0.611111
Epoch: 410 train_loss: 0.003471 val_loss: 0.590145 val_acc: 0.685714 test_loss: 0.581381 test_acc: 0.638889
Epoch: 420 train_loss: 0.003636 val_loss: 0.583750 val_acc: 0.685714 test_loss: 0.590632 test_acc: 0.638889
Epoch: 430 train_loss: 0.003293 val_loss: 0.570304 val_acc: 0.685714 test_loss: 0.584973 test_acc: 0.666667
Epoch: 440 train_loss: 0.003479 val_loss: 0.588698 val_acc: 0.685714 test_loss: 0.605317 test_acc: 0.638889
Epoch: 450 train_loss: 0.003315 val_loss: 0.559639 val_acc: 0.685714 test_loss: 0.584486 test_acc: 0.638889
Epoch: 460 train_loss: 0.003462 val_loss: 0.579772 val_acc: 0.714286 test_loss: 0.582432 test_acc: 0.666667
Epoch: 470 train_loss: 0.003411 val_loss: 0.571829 val_acc: 0.685714 test_loss: 0.598244 test_acc: 0.638889
Epoch: 480 train_loss: 0.003312 val_loss: 0.600867 val_acc: 0.685714 test_loss: 0.605806 test_acc: 0.638889
Epoch: 490 train_loss: 0.003652 val_loss: 0.594472 val_acc: 0.685714 test_loss: 0.619203 test_acc: 0.638889
Epoch: 500 train_loss: 0.003302 val_loss: 0.586052 val_acc: 0.657143 test_loss: 0.593545 test_acc: 0.638889
Epoch: 510 train_loss: 0.003560 val_loss: 0.572560 val_acc: 0.685714 test_loss: 0.614618 test_acc: 0.638889
Epoch: 520 train_loss: 0.003494 val_loss: 0.571400 val_acc: 0.685714 test_loss: 0.599869 test_acc: 0.666667
Epoch: 530 train_loss: 0.003389 val_loss: 0.578851 val_acc: 0.685714 test_loss: 0.603842 test_acc: 0.666667
Epoch: 540 train_loss: 0.003436 val_loss: 0.564204 val_acc: 0.685714 test_loss: 0.608073 test_acc: 0.666667
Epoch: 550 train_loss: 0.003432 val_loss: 0.565752 val_acc: 0.657143 test_loss: 0.600944 test_acc: 0.611111
Epoch: 560 train_loss: 0.003659 val_loss: 0.574832 val_acc: 0.657143 test_loss: 0.619719 test_acc: 0.638889
Epoch: 570 train_loss: 0.003256 val_loss: 0.569133 val_acc: 0.657143 test_loss: 0.607092 test_acc: 0.666667
Epoch: 580 train_loss: 0.003531 val_loss: 0.563249 val_acc: 0.685714 test_loss: 0.600064 test_acc: 0.666667
Epoch: 590 train_loss: 0.003406 val_loss: 0.570759 val_acc: 0.714286 test_loss: 0.587405 test_acc: 0.666667
Epoch: 600 train_loss: 0.003174 val_loss: 0.585310 val_acc: 0.685714 test_loss: 0.626754 test_acc: 0.666667
Epoch: 610 train_loss: 0.003356 val_loss: 0.560250 val_acc: 0.714286 test_loss: 0.603887 test_acc: 0.666667
Epoch: 620 train_loss: 0.003675 val_loss: 0.574358 val_acc: 0.685714 test_loss: 0.610577 test_acc: 0.666667
Epoch: 630 train_loss: 0.003461 val_loss: 0.572834 val_acc: 0.685714 test_loss: 0.603471 test_acc: 0.666667
Epoch: 640 train_loss: 0.003275 val_loss: 0.578532 val_acc: 0.657143 test_loss: 0.627342 test_acc: 0.666667
Epoch: 650 train_loss: 0.003339 val_loss: 0.580693 val_acc: 0.685714 test_loss: 0.622474 test_acc: 0.666667
Epoch: 660 train_loss: 0.003241 val_loss: 0.568335 val_acc: 0.685714 test_loss: 0.612622 test_acc: 0.666667
Epoch: 670 train_loss: 0.003280 val_loss: 0.567356 val_acc: 0.657143 test_loss: 0.616399 test_acc: 0.638889
Epoch: 680 train_loss: 0.003534 val_loss: 0.566740 val_acc: 0.657143 test_loss: 0.616270 test_acc: 0.638889
Epoch: 690 train_loss: 0.003480 val_loss: 0.565658 val_acc: 0.685714 test_loss: 0.607142 test_acc: 0.666667
Epoch: 700 train_loss: 0.003325 val_loss: 0.569002 val_acc: 0.657143 test_loss: 0.627826 test_acc: 0.611111
Epoch: 710 train_loss: 0.003490 val_loss: 0.574043 val_acc: 0.628571 test_loss: 0.624173 test_acc: 0.638889
Epoch: 720 train_loss: 0.003211 val_loss: 0.572875 val_acc: 0.628571 test_loss: 0.626013 test_acc: 0.638889
Epoch: 730 train_loss: 0.003512 val_loss: 0.573364 val_acc: 0.657143 test_loss: 0.616917 test_acc: 0.666667
Epoch: 740 train_loss: 0.003245 val_loss: 0.583138 val_acc: 0.628571 test_loss: 0.636432 test_acc: 0.638889
Epoch: 750 train_loss: 0.003468 val_loss: 0.577783 val_acc: 0.657143 test_loss: 0.629083 test_acc: 0.666667
Epoch: 760 train_loss: 0.003365 val_loss: 0.576347 val_acc: 0.657143 test_loss: 0.628220 test_acc: 0.666667
Epoch: 770 train_loss: 0.003347 val_loss: 0.578517 val_acc: 0.628571 test_loss: 0.636772 test_acc: 0.638889
Epoch: 780 train_loss: 0.003405 val_loss: 0.584189 val_acc: 0.657143 test_loss: 0.634129 test_acc: 0.666667
Epoch: 790 train_loss: 0.003289 val_loss: 0.569952 val_acc: 0.657143 test_loss: 0.624629 test_acc: 0.666667
------------- 0 val_acc: 0.7143 test_acc: 0.5556 best_test: 0.7778 -----------------
Fold: 1
Epoch: 000 train_loss: 0.006299 val_loss: 0.538346 val_acc: 0.750000 test_loss: 0.521121 test_acc: 0.657143
Epoch: 010 train_loss: 0.004905 val_loss: 0.423126 val_acc: 0.750000 test_loss: 0.481064 test_acc: 0.657143
Epoch: 020 train_loss: 0.004994 val_loss: 0.424121 val_acc: 0.750000 test_loss: 0.482193 test_acc: 0.657143
Epoch: 030 train_loss: 0.004643 val_loss: 0.417369 val_acc: 0.750000 test_loss: 0.475879 test_acc: 0.657143
Epoch: 040 train_loss: 0.004777 val_loss: 0.425285 val_acc: 0.750000 test_loss: 0.489762 test_acc: 0.657143
Epoch: 050 train_loss: 0.004880 val_loss: 0.449055 val_acc: 0.694444 test_loss: 0.515987 test_acc: 0.657143
Epoch: 060 train_loss: 0.004801 val_loss: 0.439983 val_acc: 0.805556 test_loss: 0.504066 test_acc: 0.685714
Epoch: 070 train_loss: 0.004937 val_loss: 0.415698 val_acc: 0.777778 test_loss: 0.486838 test_acc: 0.685714
Epoch: 080 train_loss: 0.004733 val_loss: 0.426308 val_acc: 0.750000 test_loss: 0.507326 test_acc: 0.685714
Epoch: 090 train_loss: 0.004793 val_loss: 0.436820 val_acc: 0.722222 test_loss: 0.512957 test_acc: 0.685714
Epoch: 100 train_loss: 0.004529 val_loss: 0.421137 val_acc: 0.750000 test_loss: 0.497922 test_acc: 0.685714
Epoch: 110 train_loss: 0.004641 val_loss: 0.403004 val_acc: 0.777778 test_loss: 0.506207 test_acc: 0.685714
Epoch: 120 train_loss: 0.004571 val_loss: 0.433212 val_acc: 0.666667 test_loss: 0.505992 test_acc: 0.628571
Epoch: 130 train_loss: 0.004415 val_loss: 0.421751 val_acc: 0.722222 test_loss: 0.496983 test_acc: 0.685714
Epoch: 140 train_loss: 0.004676 val_loss: 0.444955 val_acc: 0.666667 test_loss: 0.505940 test_acc: 0.628571
Epoch: 150 train_loss: 0.004907 val_loss: 0.396941 val_acc: 0.722222 test_loss: 0.473642 test_acc: 0.685714
Epoch: 160 train_loss: 0.004424 val_loss: 0.465393 val_acc: 0.555556 test_loss: 0.507974 test_acc: 0.600000
Epoch: 170 train_loss: 0.004822 val_loss: 0.507009 val_acc: 0.611111 test_loss: 0.541173 test_acc: 0.571429
Epoch: 180 train_loss: 0.004748 val_loss: 0.412198 val_acc: 0.750000 test_loss: 0.493462 test_acc: 0.685714
Epoch: 190 train_loss: 0.004393 val_loss: 0.436591 val_acc: 0.666667 test_loss: 0.492049 test_acc: 0.714286
Epoch: 200 train_loss: 0.004410 val_loss: 0.533257 val_acc: 0.555556 test_loss: 0.533848 test_acc: 0.600000
Epoch: 210 train_loss: 0.004560 val_loss: 0.590801 val_acc: 0.555556 test_loss: 0.558710 test_acc: 0.571429
Epoch: 220 train_loss: 0.004307 val_loss: 0.431635 val_acc: 0.722222 test_loss: 0.490934 test_acc: 0.685714
Epoch: 230 train_loss: 0.004562 val_loss: 0.503846 val_acc: 0.638889 test_loss: 0.520094 test_acc: 0.571429
Epoch: 240 train_loss: 0.004400 val_loss: 0.598191 val_acc: 0.555556 test_loss: 0.536742 test_acc: 0.600000
Epoch: 250 train_loss: 0.004172 val_loss: 0.491383 val_acc: 0.555556 test_loss: 0.530012 test_acc: 0.571429
Epoch: 260 train_loss: 0.004276 val_loss: 0.551646 val_acc: 0.555556 test_loss: 0.518982 test_acc: 0.600000
Epoch: 270 train_loss: 0.004096 val_loss: 0.521443 val_acc: 0.611111 test_loss: 0.557266 test_acc: 0.628571
Epoch: 280 train_loss: 0.004249 val_loss: 0.728791 val_acc: 0.527778 test_loss: 0.598424 test_acc: 0.600000
Epoch: 290 train_loss: 0.003921 val_loss: 0.532550 val_acc: 0.583333 test_loss: 0.519304 test_acc: 0.571429
Epoch: 300 train_loss: 0.004293 val_loss: 0.520283 val_acc: 0.527778 test_loss: 0.513870 test_acc: 0.571429
Epoch: 310 train_loss: 0.003990 val_loss: 0.511332 val_acc: 0.555556 test_loss: 0.538825 test_acc: 0.600000
Epoch: 320 train_loss: 0.003956 val_loss: 0.572881 val_acc: 0.583333 test_loss: 0.558785 test_acc: 0.571429
Epoch: 330 train_loss: 0.003890 val_loss: 0.559600 val_acc: 0.583333 test_loss: 0.547582 test_acc: 0.571429
Epoch: 340 train_loss: 0.003843 val_loss: 0.594384 val_acc: 0.555556 test_loss: 0.522373 test_acc: 0.571429
Epoch: 350 train_loss: 0.003961 val_loss: 0.592775 val_acc: 0.527778 test_loss: 0.556996 test_acc: 0.571429
Epoch: 360 train_loss: 0.004267 val_loss: 0.564706 val_acc: 0.555556 test_loss: 0.557073 test_acc: 0.628571
Epoch: 370 train_loss: 0.003952 val_loss: 0.603873 val_acc: 0.583333 test_loss: 0.605284 test_acc: 0.600000
Epoch: 380 train_loss: 0.003776 val_loss: 0.642666 val_acc: 0.527778 test_loss: 0.560367 test_acc: 0.571429
Epoch: 390 train_loss: 0.004065 val_loss: 0.593243 val_acc: 0.555556 test_loss: 0.543531 test_acc: 0.628571
Epoch: 400 train_loss: 0.004020 val_loss: 0.527671 val_acc: 0.583333 test_loss: 0.518215 test_acc: 0.600000
Epoch: 410 train_loss: 0.003798 val_loss: 0.591325 val_acc: 0.555556 test_loss: 0.572817 test_acc: 0.600000
Epoch: 420 train_loss: 0.003820 val_loss: 0.580434 val_acc: 0.583333 test_loss: 0.587641 test_acc: 0.600000
Epoch: 430 train_loss: 0.003585 val_loss: 0.656561 val_acc: 0.583333 test_loss: 0.599208 test_acc: 0.600000
Epoch: 440 train_loss: 0.003938 val_loss: 0.609383 val_acc: 0.555556 test_loss: 0.575922 test_acc: 0.628571
Epoch: 450 train_loss: 0.003881 val_loss: 0.663867 val_acc: 0.500000 test_loss: 0.604204 test_acc: 0.542857
Epoch: 460 train_loss: 0.004025 val_loss: 0.626702 val_acc: 0.583333 test_loss: 0.587024 test_acc: 0.600000
Epoch: 470 train_loss: 0.003770 val_loss: 0.562056 val_acc: 0.583333 test_loss: 0.554867 test_acc: 0.600000
Epoch: 480 train_loss: 0.003943 val_loss: 0.563342 val_acc: 0.527778 test_loss: 0.530078 test_acc: 0.600000
Epoch: 490 train_loss: 0.003709 val_loss: 0.619098 val_acc: 0.555556 test_loss: 0.551921 test_acc: 0.571429
Epoch: 500 train_loss: 0.003946 val_loss: 0.652046 val_acc: 0.583333 test_loss: 0.547965 test_acc: 0.600000
Epoch: 510 train_loss: 0.003948 val_loss: 0.623220 val_acc: 0.583333 test_loss: 0.586920 test_acc: 0.657143
Epoch: 520 train_loss: 0.003691 val_loss: 0.680428 val_acc: 0.583333 test_loss: 0.596604 test_acc: 0.600000
Epoch: 530 train_loss: 0.003881 val_loss: 0.698579 val_acc: 0.500000 test_loss: 0.612456 test_acc: 0.571429
Epoch: 540 train_loss: 0.003947 val_loss: 0.586066 val_acc: 0.583333 test_loss: 0.584519 test_acc: 0.600000
Epoch: 550 train_loss: 0.003787 val_loss: 0.613042 val_acc: 0.583333 test_loss: 0.607682 test_acc: 0.600000
Epoch: 560 train_loss: 0.003515 val_loss: 0.584970 val_acc: 0.555556 test_loss: 0.560004 test_acc: 0.600000
Epoch: 570 train_loss: 0.003757 val_loss: 0.589137 val_acc: 0.555556 test_loss: 0.571577 test_acc: 0.600000
Epoch: 580 train_loss: 0.003784 val_loss: 0.592773 val_acc: 0.583333 test_loss: 0.561529 test_acc: 0.600000
Epoch: 590 train_loss: 0.004139 val_loss: 0.644772 val_acc: 0.444444 test_loss: 0.522501 test_acc: 0.628571
Epoch: 600 train_loss: 0.003673 val_loss: 0.600811 val_acc: 0.555556 test_loss: 0.569313 test_acc: 0.600000
Epoch: 610 train_loss: 0.003734 val_loss: 0.643601 val_acc: 0.472222 test_loss: 0.565765 test_acc: 0.571429
Epoch: 620 train_loss: 0.003734 val_loss: 0.573496 val_acc: 0.555556 test_loss: 0.551814 test_acc: 0.600000
Epoch: 630 train_loss: 0.003851 val_loss: 0.599251 val_acc: 0.583333 test_loss: 0.583122 test_acc: 0.628571
Epoch: 640 train_loss: 0.003665 val_loss: 0.642980 val_acc: 0.583333 test_loss: 0.598721 test_acc: 0.600000
Epoch: 650 train_loss: 0.003936 val_loss: 0.614274 val_acc: 0.527778 test_loss: 0.566772 test_acc: 0.600000
Epoch: 660 train_loss: 0.003881 val_loss: 0.576685 val_acc: 0.555556 test_loss: 0.563376 test_acc: 0.600000
Epoch: 670 train_loss: 0.003735 val_loss: 0.638563 val_acc: 0.472222 test_loss: 0.542454 test_acc: 0.600000
Epoch: 680 train_loss: 0.003650 val_loss: 0.670532 val_acc: 0.500000 test_loss: 0.579975 test_acc: 0.600000
Epoch: 690 train_loss: 0.003629 val_loss: 0.602596 val_acc: 0.555556 test_loss: 0.563325 test_acc: 0.600000
Epoch: 700 train_loss: 0.003859 val_loss: 0.625251 val_acc: 0.583333 test_loss: 0.580606 test_acc: 0.600000
Epoch: 710 train_loss: 0.003927 val_loss: 0.609301 val_acc: 0.527778 test_loss: 0.564248 test_acc: 0.600000
Epoch: 720 train_loss: 0.003681 val_loss: 0.608992 val_acc: 0.555556 test_loss: 0.577486 test_acc: 0.600000
Epoch: 730 train_loss: 0.003607 val_loss: 0.607875 val_acc: 0.583333 test_loss: 0.593566 test_acc: 0.600000
Epoch: 740 train_loss: 0.003681 val_loss: 0.597606 val_acc: 0.555556 test_loss: 0.569910 test_acc: 0.628571
Epoch: 750 train_loss: 0.003391 val_loss: 0.592783 val_acc: 0.527778 test_loss: 0.589963 test_acc: 0.600000
Epoch: 760 train_loss: 0.003829 val_loss: 0.637543 val_acc: 0.527778 test_loss: 0.568435 test_acc: 0.600000
Epoch: 770 train_loss: 0.003927 val_loss: 0.616633 val_acc: 0.527778 test_loss: 0.582798 test_acc: 0.600000
Epoch: 780 train_loss: 0.003805 val_loss: 0.654760 val_acc: 0.555556 test_loss: 0.600895 test_acc: 0.600000
Epoch: 790 train_loss: 0.003694 val_loss: 0.611148 val_acc: 0.527778 test_loss: 0.574009 test_acc: 0.600000
------------- 1 val_acc: 0.8056 test_acc: 0.6857 best_test: 0.7429 -----------------
Fold: 2
Epoch: 000 train_loss: 0.006776 val_loss: 0.508241 val_acc: 0.571429 test_loss: 0.485864 test_acc: 0.514286
Epoch: 010 train_loss: 0.005047 val_loss: 0.487940 val_acc: 0.600000 test_loss: 0.452069 test_acc: 0.714286
Epoch: 020 train_loss: 0.004925 val_loss: 0.482658 val_acc: 0.657143 test_loss: 0.444470 test_acc: 0.685714
Epoch: 030 train_loss: 0.004846 val_loss: 0.490413 val_acc: 0.657143 test_loss: 0.438985 test_acc: 0.714286
Epoch: 040 train_loss: 0.004866 val_loss: 0.482593 val_acc: 0.685714 test_loss: 0.440072 test_acc: 0.685714
Epoch: 050 train_loss: 0.004827 val_loss: 0.484052 val_acc: 0.685714 test_loss: 0.437190 test_acc: 0.685714
Epoch: 060 train_loss: 0.004777 val_loss: 0.484831 val_acc: 0.714286 test_loss: 0.437486 test_acc: 0.742857
Epoch: 070 train_loss: 0.004775 val_loss: 0.486631 val_acc: 0.714286 test_loss: 0.435253 test_acc: 0.714286
Epoch: 080 train_loss: 0.004670 val_loss: 0.495408 val_acc: 0.685714 test_loss: 0.431618 test_acc: 0.685714
Epoch: 090 train_loss: 0.004656 val_loss: 0.495700 val_acc: 0.714286 test_loss: 0.432678 test_acc: 0.657143
Epoch: 100 train_loss: 0.004408 val_loss: 0.513567 val_acc: 0.714286 test_loss: 0.427072 test_acc: 0.714286
Epoch: 110 train_loss: 0.004631 val_loss: 0.504415 val_acc: 0.714286 test_loss: 0.433985 test_acc: 0.714286
Epoch: 120 train_loss: 0.004826 val_loss: 0.498252 val_acc: 0.685714 test_loss: 0.437793 test_acc: 0.714286
Epoch: 130 train_loss: 0.004514 val_loss: 0.505740 val_acc: 0.714286 test_loss: 0.455723 test_acc: 0.657143
Epoch: 140 train_loss: 0.004790 val_loss: 0.513098 val_acc: 0.714286 test_loss: 0.426491 test_acc: 0.742857
Epoch: 150 train_loss: 0.004415 val_loss: 0.510117 val_acc: 0.685714 test_loss: 0.433066 test_acc: 0.771429
Epoch: 160 train_loss: 0.004503 val_loss: 0.489217 val_acc: 0.685714 test_loss: 0.442977 test_acc: 0.657143
Epoch: 170 train_loss: 0.004509 val_loss: 0.483567 val_acc: 0.714286 test_loss: 0.437912 test_acc: 0.714286
Epoch: 180 train_loss: 0.004312 val_loss: 0.496720 val_acc: 0.714286 test_loss: 0.425743 test_acc: 0.714286
Epoch: 190 train_loss: 0.004592 val_loss: 0.490068 val_acc: 0.685714 test_loss: 0.446804 test_acc: 0.685714
Epoch: 200 train_loss: 0.004637 val_loss: 0.499495 val_acc: 0.685714 test_loss: 0.444373 test_acc: 0.685714
Epoch: 210 train_loss: 0.004338 val_loss: 0.486911 val_acc: 0.657143 test_loss: 0.449597 test_acc: 0.657143
Epoch: 220 train_loss: 0.004280 val_loss: 0.490315 val_acc: 0.714286 test_loss: 0.424720 test_acc: 0.685714
Epoch: 230 train_loss: 0.004588 val_loss: 0.499842 val_acc: 0.685714 test_loss: 0.431121 test_acc: 0.657143
Epoch: 240 train_loss: 0.004409 val_loss: 0.479537 val_acc: 0.685714 test_loss: 0.446726 test_acc: 0.685714
Epoch: 250 train_loss: 0.004331 val_loss: 0.491343 val_acc: 0.657143 test_loss: 0.437807 test_acc: 0.685714
Epoch: 260 train_loss: 0.004348 val_loss: 0.509326 val_acc: 0.685714 test_loss: 0.435043 test_acc: 0.657143
Epoch: 270 train_loss: 0.004496 val_loss: 0.494033 val_acc: 0.685714 test_loss: 0.454094 test_acc: 0.657143
Epoch: 280 train_loss: 0.004385 val_loss: 0.492096 val_acc: 0.685714 test_loss: 0.444794 test_acc: 0.685714
Epoch: 290 train_loss: 0.004369 val_loss: 0.486516 val_acc: 0.714286 test_loss: 0.445529 test_acc: 0.685714
Epoch: 300 train_loss: 0.004395 val_loss: 0.473959 val_acc: 0.685714 test_loss: 0.460603 test_acc: 0.657143
Epoch: 310 train_loss: 0.004203 val_loss: 0.505642 val_acc: 0.714286 test_loss: 0.436593 test_acc: 0.685714
Epoch: 320 train_loss: 0.004303 val_loss: 0.526894 val_acc: 0.685714 test_loss: 0.433368 test_acc: 0.685714
Epoch: 330 train_loss: 0.004164 val_loss: 0.493009 val_acc: 0.771429 test_loss: 0.431314 test_acc: 0.657143
Epoch: 340 train_loss: 0.004222 val_loss: 0.504061 val_acc: 0.742857 test_loss: 0.430236 test_acc: 0.685714
Epoch: 350 train_loss: 0.004030 val_loss: 0.528713 val_acc: 0.742857 test_loss: 0.413364 test_acc: 0.685714
Epoch: 360 train_loss: 0.004132 val_loss: 0.508834 val_acc: 0.742857 test_loss: 0.435188 test_acc: 0.685714
Epoch: 370 train_loss: 0.004035 val_loss: 0.482495 val_acc: 0.771429 test_loss: 0.423681 test_acc: 0.714286
Epoch: 380 train_loss: 0.004088 val_loss: 0.515710 val_acc: 0.742857 test_loss: 0.417399 test_acc: 0.685714
Epoch: 390 train_loss: 0.004224 val_loss: 0.526910 val_acc: 0.771429 test_loss: 0.420303 test_acc: 0.685714
Epoch: 400 train_loss: 0.004137 val_loss: 0.516629 val_acc: 0.685714 test_loss: 0.436306 test_acc: 0.685714
Epoch: 410 train_loss: 0.004039 val_loss: 0.530546 val_acc: 0.742857 test_loss: 0.418719 test_acc: 0.685714
Epoch: 420 train_loss: 0.004258 val_loss: 0.496910 val_acc: 0.742857 test_loss: 0.421599 test_acc: 0.685714
Epoch: 430 train_loss: 0.004113 val_loss: 0.534836 val_acc: 0.742857 test_loss: 0.414747 test_acc: 0.685714
Epoch: 440 train_loss: 0.004222 val_loss: 0.482309 val_acc: 0.685714 test_loss: 0.438289 test_acc: 0.628571
Epoch: 450 train_loss: 0.004068 val_loss: 0.479275 val_acc: 0.800000 test_loss: 0.431501 test_acc: 0.628571
Epoch: 460 train_loss: 0.004137 val_loss: 0.491696 val_acc: 0.742857 test_loss: 0.431823 test_acc: 0.685714
Epoch: 470 train_loss: 0.003912 val_loss: 0.506323 val_acc: 0.771429 test_loss: 0.421877 test_acc: 0.657143
Epoch: 480 train_loss: 0.004069 val_loss: 0.513642 val_acc: 0.800000 test_loss: 0.421922 test_acc: 0.657143
Epoch: 490 train_loss: 0.004095 val_loss: 0.528046 val_acc: 0.771429 test_loss: 0.425984 test_acc: 0.657143
Epoch: 500 train_loss: 0.004068 val_loss: 0.548579 val_acc: 0.800000 test_loss: 0.411449 test_acc: 0.685714
Epoch: 510 train_loss: 0.004169 val_loss: 0.551518 val_acc: 0.771429 test_loss: 0.406347 test_acc: 0.685714
Epoch: 520 train_loss: 0.003845 val_loss: 0.545295 val_acc: 0.771429 test_loss: 0.417517 test_acc: 0.714286
Epoch: 530 train_loss: 0.003903 val_loss: 0.489738 val_acc: 0.771429 test_loss: 0.421626 test_acc: 0.657143
Epoch: 540 train_loss: 0.004013 val_loss: 0.520307 val_acc: 0.800000 test_loss: 0.420480 test_acc: 0.657143
Epoch: 550 train_loss: 0.004075 val_loss: 0.530871 val_acc: 0.800000 test_loss: 0.420915 test_acc: 0.657143
Epoch: 560 train_loss: 0.003985 val_loss: 0.519052 val_acc: 0.771429 test_loss: 0.411230 test_acc: 0.657143
Epoch: 570 train_loss: 0.003993 val_loss: 0.489398 val_acc: 0.771429 test_loss: 0.418711 test_acc: 0.685714
Epoch: 580 train_loss: 0.003970 val_loss: 0.536301 val_acc: 0.800000 test_loss: 0.409219 test_acc: 0.685714
Epoch: 590 train_loss: 0.003990 val_loss: 0.513971 val_acc: 0.800000 test_loss: 0.413686 test_acc: 0.657143
Epoch: 600 train_loss: 0.004194 val_loss: 0.568839 val_acc: 0.800000 test_loss: 0.413786 test_acc: 0.714286
Epoch: 610 train_loss: 0.003706 val_loss: 0.513852 val_acc: 0.800000 test_loss: 0.417560 test_acc: 0.657143
Epoch: 620 train_loss: 0.003948 val_loss: 0.512095 val_acc: 0.828571 test_loss: 0.416959 test_acc: 0.657143
Epoch: 630 train_loss: 0.004008 val_loss: 0.530951 val_acc: 0.828571 test_loss: 0.415416 test_acc: 0.685714
Epoch: 640 train_loss: 0.004033 val_loss: 0.496586 val_acc: 0.828571 test_loss: 0.414834 test_acc: 0.685714
Epoch: 650 train_loss: 0.004020 val_loss: 0.536518 val_acc: 0.828571 test_loss: 0.419444 test_acc: 0.685714
Epoch: 660 train_loss: 0.004138 val_loss: 0.509639 val_acc: 0.800000 test_loss: 0.415911 test_acc: 0.657143
Epoch: 670 train_loss: 0.004003 val_loss: 0.530981 val_acc: 0.800000 test_loss: 0.411374 test_acc: 0.685714
Epoch: 680 train_loss: 0.003910 val_loss: 0.546255 val_acc: 0.828571 test_loss: 0.412198 test_acc: 0.685714
Epoch: 690 train_loss: 0.003992 val_loss: 0.516195 val_acc: 0.828571 test_loss: 0.411744 test_acc: 0.685714
Epoch: 700 train_loss: 0.004004 val_loss: 0.532692 val_acc: 0.828571 test_loss: 0.414631 test_acc: 0.685714
Epoch: 710 train_loss: 0.003900 val_loss: 0.530920 val_acc: 0.828571 test_loss: 0.413998 test_acc: 0.685714
Epoch: 720 train_loss: 0.003960 val_loss: 0.517472 val_acc: 0.828571 test_loss: 0.415395 test_acc: 0.657143
Epoch: 730 train_loss: 0.003969 val_loss: 0.533977 val_acc: 0.828571 test_loss: 0.413874 test_acc: 0.685714
Epoch: 740 train_loss: 0.003916 val_loss: 0.505072 val_acc: 0.828571 test_loss: 0.413210 test_acc: 0.685714
Epoch: 750 train_loss: 0.003878 val_loss: 0.506803 val_acc: 0.828571 test_loss: 0.416905 test_acc: 0.685714
Epoch: 760 train_loss: 0.004088 val_loss: 0.528788 val_acc: 0.828571 test_loss: 0.410756 test_acc: 0.685714
Epoch: 770 train_loss: 0.004179 val_loss: 0.522461 val_acc: 0.828571 test_loss: 0.413894 test_acc: 0.685714
Epoch: 780 train_loss: 0.004089 val_loss: 0.511418 val_acc: 0.828571 test_loss: 0.411209 test_acc: 0.685714
Epoch: 790 train_loss: 0.004172 val_loss: 0.527390 val_acc: 0.800000 test_loss: 0.410593 test_acc: 0.714286
------------- 2 val_acc: 0.8286 test_acc: 0.6857 best_test: 0.7714 -----------------
Fold: 3
Epoch: 000 train_loss: 0.007713 val_loss: 0.540416 val_acc: 0.314286 test_loss: 0.572406 test_acc: 0.342857
Epoch: 010 train_loss: 0.004842 val_loss: 0.450416 val_acc: 0.685714 test_loss: 0.460777 test_acc: 0.628571
Epoch: 020 train_loss: 0.005013 val_loss: 0.449820 val_acc: 0.685714 test_loss: 0.451251 test_acc: 0.628571
Epoch: 030 train_loss: 0.004795 val_loss: 0.440732 val_acc: 0.685714 test_loss: 0.443313 test_acc: 0.657143
Epoch: 040 train_loss: 0.004862 val_loss: 0.441212 val_acc: 0.685714 test_loss: 0.439484 test_acc: 0.657143
Epoch: 050 train_loss: 0.004702 val_loss: 0.447679 val_acc: 0.685714 test_loss: 0.438784 test_acc: 0.657143
Epoch: 060 train_loss: 0.004923 val_loss: 0.448636 val_acc: 0.685714 test_loss: 0.437852 test_acc: 0.685714
Epoch: 070 train_loss: 0.004697 val_loss: 0.444855 val_acc: 0.685714 test_loss: 0.435781 test_acc: 0.714286
Epoch: 080 train_loss: 0.004722 val_loss: 0.444619 val_acc: 0.685714 test_loss: 0.434448 test_acc: 0.685714
Epoch: 090 train_loss: 0.004663 val_loss: 0.460842 val_acc: 0.657143 test_loss: 0.436652 test_acc: 0.685714
Epoch: 100 train_loss: 0.004600 val_loss: 0.430862 val_acc: 0.714286 test_loss: 0.421768 test_acc: 0.714286
Epoch: 110 train_loss: 0.004431 val_loss: 0.445766 val_acc: 0.685714 test_loss: 0.427212 test_acc: 0.657143
Epoch: 120 train_loss: 0.004476 val_loss: 0.448444 val_acc: 0.657143 test_loss: 0.426295 test_acc: 0.714286
Epoch: 130 train_loss: 0.004601 val_loss: 0.459915 val_acc: 0.628571 test_loss: 0.437085 test_acc: 0.628571
Epoch: 140 train_loss: 0.004307 val_loss: 0.452578 val_acc: 0.628571 test_loss: 0.431324 test_acc: 0.685714
Epoch: 150 train_loss: 0.004430 val_loss: 0.479473 val_acc: 0.485714 test_loss: 0.436546 test_acc: 0.600000
Epoch: 160 train_loss: 0.004424 val_loss: 0.455042 val_acc: 0.600000 test_loss: 0.431033 test_acc: 0.685714
Epoch: 170 train_loss: 0.004688 val_loss: 0.444701 val_acc: 0.628571 test_loss: 0.431646 test_acc: 0.685714
Epoch: 180 train_loss: 0.004432 val_loss: 0.440776 val_acc: 0.685714 test_loss: 0.430163 test_acc: 0.685714
Epoch: 190 train_loss: 0.004156 val_loss: 0.450209 val_acc: 0.628571 test_loss: 0.429645 test_acc: 0.657143
Epoch: 200 train_loss: 0.004292 val_loss: 0.464487 val_acc: 0.571429 test_loss: 0.439576 test_acc: 0.657143
Epoch: 210 train_loss: 0.004090 val_loss: 0.456623 val_acc: 0.571429 test_loss: 0.433448 test_acc: 0.685714
Epoch: 220 train_loss: 0.004349 val_loss: 0.460225 val_acc: 0.628571 test_loss: 0.424718 test_acc: 0.685714
Epoch: 230 train_loss: 0.004295 val_loss: 0.484259 val_acc: 0.628571 test_loss: 0.413320 test_acc: 0.714286
Epoch: 240 train_loss: 0.004167 val_loss: 0.473717 val_acc: 0.628571 test_loss: 0.433734 test_acc: 0.685714
Epoch: 250 train_loss: 0.004006 val_loss: 0.471891 val_acc: 0.571429 test_loss: 0.438009 test_acc: 0.657143
Epoch: 260 train_loss: 0.004055 val_loss: 0.489726 val_acc: 0.542857 test_loss: 0.450236 test_acc: 0.657143
Epoch: 270 train_loss: 0.004070 val_loss: 0.499079 val_acc: 0.600000 test_loss: 0.434796 test_acc: 0.657143
Epoch: 280 train_loss: 0.003808 val_loss: 0.490093 val_acc: 0.571429 test_loss: 0.444403 test_acc: 0.685714
Epoch: 290 train_loss: 0.004300 val_loss: 0.490436 val_acc: 0.571429 test_loss: 0.444059 test_acc: 0.657143
Epoch: 300 train_loss: 0.004003 val_loss: 0.479890 val_acc: 0.514286 test_loss: 0.439334 test_acc: 0.714286
Epoch: 310 train_loss: 0.003884 val_loss: 0.488162 val_acc: 0.600000 test_loss: 0.442662 test_acc: 0.685714
Epoch: 320 train_loss: 0.004193 val_loss: 0.511509 val_acc: 0.657143 test_loss: 0.469248 test_acc: 0.657143
Epoch: 330 train_loss: 0.004003 val_loss: 0.490347 val_acc: 0.600000 test_loss: 0.430492 test_acc: 0.685714
Epoch: 340 train_loss: 0.003852 val_loss: 0.501676 val_acc: 0.600000 test_loss: 0.441369 test_acc: 0.657143
Epoch: 350 train_loss: 0.003857 val_loss: 0.493367 val_acc: 0.600000 test_loss: 0.441736 test_acc: 0.657143
Epoch: 360 train_loss: 0.003926 val_loss: 0.500945 val_acc: 0.600000 test_loss: 0.439542 test_acc: 0.657143
Epoch: 370 train_loss: 0.003895 val_loss: 0.514718 val_acc: 0.542857 test_loss: 0.458701 test_acc: 0.657143
Epoch: 380 train_loss: 0.003910 val_loss: 0.502843 val_acc: 0.600000 test_loss: 0.455882 test_acc: 0.685714
Epoch: 390 train_loss: 0.004021 val_loss: 0.508176 val_acc: 0.571429 test_loss: 0.457340 test_acc: 0.628571
Epoch: 400 train_loss: 0.004001 val_loss: 0.506163 val_acc: 0.600000 test_loss: 0.447518 test_acc: 0.628571
Epoch: 410 train_loss: 0.003849 val_loss: 0.500084 val_acc: 0.600000 test_loss: 0.448468 test_acc: 0.714286
Epoch: 420 train_loss: 0.003919 val_loss: 0.503684 val_acc: 0.600000 test_loss: 0.455436 test_acc: 0.685714
Epoch: 430 train_loss: 0.003840 val_loss: 0.511129 val_acc: 0.600000 test_loss: 0.452980 test_acc: 0.600000
Epoch: 440 train_loss: 0.003718 val_loss: 0.513215 val_acc: 0.600000 test_loss: 0.452910 test_acc: 0.685714
Epoch: 450 train_loss: 0.003984 val_loss: 0.514237 val_acc: 0.600000 test_loss: 0.450541 test_acc: 0.685714
Epoch: 460 train_loss: 0.003811 val_loss: 0.506486 val_acc: 0.628571 test_loss: 0.440718 test_acc: 0.628571
Epoch: 470 train_loss: 0.003857 val_loss: 0.507975 val_acc: 0.571429 test_loss: 0.465649 test_acc: 0.657143
Epoch: 480 train_loss: 0.003731 val_loss: 0.515243 val_acc: 0.628571 test_loss: 0.447244 test_acc: 0.685714
Epoch: 490 train_loss: 0.003913 val_loss: 0.484764 val_acc: 0.628571 test_loss: 0.451644 test_acc: 0.685714
Epoch: 500 train_loss: 0.003875 val_loss: 0.515177 val_acc: 0.600000 test_loss: 0.459873 test_acc: 0.657143
Epoch: 510 train_loss: 0.003882 val_loss: 0.512984 val_acc: 0.600000 test_loss: 0.454250 test_acc: 0.657143
Epoch: 520 train_loss: 0.003692 val_loss: 0.489975 val_acc: 0.600000 test_loss: 0.450972 test_acc: 0.714286
Epoch: 530 train_loss: 0.003813 val_loss: 0.518046 val_acc: 0.628571 test_loss: 0.446757 test_acc: 0.657143
Epoch: 540 train_loss: 0.003580 val_loss: 0.506586 val_acc: 0.628571 test_loss: 0.461763 test_acc: 0.685714
Epoch: 550 train_loss: 0.003652 val_loss: 0.511063 val_acc: 0.628571 test_loss: 0.451584 test_acc: 0.685714
Epoch: 560 train_loss: 0.003989 val_loss: 0.509900 val_acc: 0.600000 test_loss: 0.453767 test_acc: 0.685714
Epoch: 570 train_loss: 0.003768 val_loss: 0.508846 val_acc: 0.600000 test_loss: 0.445639 test_acc: 0.657143
Epoch: 580 train_loss: 0.003785 val_loss: 0.507851 val_acc: 0.600000 test_loss: 0.457557 test_acc: 0.657143
Epoch: 590 train_loss: 0.003748 val_loss: 0.511020 val_acc: 0.600000 test_loss: 0.468498 test_acc: 0.685714
Epoch: 600 train_loss: 0.003634 val_loss: 0.512612 val_acc: 0.600000 test_loss: 0.444247 test_acc: 0.685714
Epoch: 610 train_loss: 0.003791 val_loss: 0.516878 val_acc: 0.628571 test_loss: 0.459891 test_acc: 0.628571
Epoch: 620 train_loss: 0.003737 val_loss: 0.518019 val_acc: 0.571429 test_loss: 0.448847 test_acc: 0.628571
Epoch: 630 train_loss: 0.003910 val_loss: 0.519306 val_acc: 0.600000 test_loss: 0.464276 test_acc: 0.628571
Epoch: 640 train_loss: 0.003643 val_loss: 0.510023 val_acc: 0.600000 test_loss: 0.470868 test_acc: 0.657143
Epoch: 650 train_loss: 0.004091 val_loss: 0.519155 val_acc: 0.571429 test_loss: 0.463159 test_acc: 0.628571
Epoch: 660 train_loss: 0.003679 val_loss: 0.516949 val_acc: 0.600000 test_loss: 0.458882 test_acc: 0.685714
Epoch: 670 train_loss: 0.003880 val_loss: 0.525432 val_acc: 0.628571 test_loss: 0.460502 test_acc: 0.657143
Epoch: 680 train_loss: 0.003567 val_loss: 0.520300 val_acc: 0.628571 test_loss: 0.463485 test_acc: 0.657143
Epoch: 690 train_loss: 0.003821 val_loss: 0.526654 val_acc: 0.600000 test_loss: 0.462709 test_acc: 0.657143
Epoch: 700 train_loss: 0.003843 val_loss: 0.519716 val_acc: 0.628571 test_loss: 0.459777 test_acc: 0.657143
Epoch: 710 train_loss: 0.003535 val_loss: 0.517714 val_acc: 0.628571 test_loss: 0.458198 test_acc: 0.657143
Epoch: 720 train_loss: 0.003687 val_loss: 0.519988 val_acc: 0.600000 test_loss: 0.465510 test_acc: 0.657143
Epoch: 730 train_loss: 0.003632 val_loss: 0.518386 val_acc: 0.628571 test_loss: 0.462978 test_acc: 0.657143
Epoch: 740 train_loss: 0.003526 val_loss: 0.520575 val_acc: 0.628571 test_loss: 0.456325 test_acc: 0.628571
Epoch: 750 train_loss: 0.003860 val_loss: 0.524824 val_acc: 0.600000 test_loss: 0.460869 test_acc: 0.657143
Epoch: 760 train_loss: 0.003650 val_loss: 0.523563 val_acc: 0.600000 test_loss: 0.462748 test_acc: 0.628571
Epoch: 770 train_loss: 0.003711 val_loss: 0.524839 val_acc: 0.628571 test_loss: 0.471217 test_acc: 0.628571
Epoch: 780 train_loss: 0.003646 val_loss: 0.521053 val_acc: 0.628571 test_loss: 0.464061 test_acc: 0.628571
Epoch: 790 train_loss: 0.003814 val_loss: 0.524987 val_acc: 0.628571 test_loss: 0.466743 test_acc: 0.628571
------------- 3 val_acc: 0.7143 test_acc: 0.7429 best_test: 0.7429 -----------------
Fold: 4
Epoch: 000 train_loss: 0.005559 val_loss: 0.470076 val_acc: 0.628571 test_loss: 0.474744 test_acc: 0.685714
Epoch: 010 train_loss: 0.005077 val_loss: 0.454758 val_acc: 0.628571 test_loss: 0.455335 test_acc: 0.685714
Epoch: 020 train_loss: 0.004791 val_loss: 0.450982 val_acc: 0.628571 test_loss: 0.448476 test_acc: 0.685714
Epoch: 030 train_loss: 0.004824 val_loss: 0.447181 val_acc: 0.628571 test_loss: 0.441525 test_acc: 0.685714
Epoch: 040 train_loss: 0.004802 val_loss: 0.447940 val_acc: 0.628571 test_loss: 0.445880 test_acc: 0.685714
Epoch: 050 train_loss: 0.004793 val_loss: 0.460388 val_acc: 0.628571 test_loss: 0.441724 test_acc: 0.742857
Epoch: 060 train_loss: 0.004768 val_loss: 0.460111 val_acc: 0.628571 test_loss: 0.435173 test_acc: 0.742857
Epoch: 070 train_loss: 0.004701 val_loss: 0.448703 val_acc: 0.628571 test_loss: 0.432671 test_acc: 0.742857
Epoch: 080 train_loss: 0.004653 val_loss: 0.456717 val_acc: 0.657143 test_loss: 0.429119 test_acc: 0.714286
Epoch: 090 train_loss: 0.004670 val_loss: 0.440269 val_acc: 0.628571 test_loss: 0.418284 test_acc: 0.742857
Epoch: 100 train_loss: 0.004618 val_loss: 0.455114 val_acc: 0.571429 test_loss: 0.410959 test_acc: 0.742857
Epoch: 110 train_loss: 0.004627 val_loss: 0.447570 val_acc: 0.685714 test_loss: 0.429799 test_acc: 0.742857
Epoch: 120 train_loss: 0.004628 val_loss: 0.452760 val_acc: 0.657143 test_loss: 0.413031 test_acc: 0.742857
Epoch: 130 train_loss: 0.004336 val_loss: 0.448517 val_acc: 0.542857 test_loss: 0.424217 test_acc: 0.800000
Epoch: 140 train_loss: 0.004429 val_loss: 0.426070 val_acc: 0.685714 test_loss: 0.422514 test_acc: 0.771429
Epoch: 150 train_loss: 0.004368 val_loss: 0.431069 val_acc: 0.657143 test_loss: 0.438525 test_acc: 0.714286
Epoch: 160 train_loss: 0.004418 val_loss: 0.452787 val_acc: 0.657143 test_loss: 0.432380 test_acc: 0.742857
Epoch: 170 train_loss: 0.004233 val_loss: 0.436499 val_acc: 0.600000 test_loss: 0.420268 test_acc: 0.714286
Epoch: 180 train_loss: 0.004575 val_loss: 0.469310 val_acc: 0.600000 test_loss: 0.435420 test_acc: 0.800000
Epoch: 190 train_loss: 0.004149 val_loss: 0.428997 val_acc: 0.628571 test_loss: 0.442317 test_acc: 0.714286
Epoch: 200 train_loss: 0.004213 val_loss: 0.435566 val_acc: 0.600000 test_loss: 0.438213 test_acc: 0.771429
Epoch: 210 train_loss: 0.004063 val_loss: 0.484810 val_acc: 0.657143 test_loss: 0.457236 test_acc: 0.771429
Epoch: 220 train_loss: 0.004057 val_loss: 0.460932 val_acc: 0.657143 test_loss: 0.448525 test_acc: 0.742857
Epoch: 230 train_loss: 0.003969 val_loss: 0.484529 val_acc: 0.600000 test_loss: 0.464920 test_acc: 0.742857
Epoch: 240 train_loss: 0.004015 val_loss: 0.438574 val_acc: 0.657143 test_loss: 0.463409 test_acc: 0.742857
Epoch: 250 train_loss: 0.004010 val_loss: 0.489122 val_acc: 0.571429 test_loss: 0.452756 test_acc: 0.771429
Epoch: 260 train_loss: 0.003813 val_loss: 0.438561 val_acc: 0.685714 test_loss: 0.484775 test_acc: 0.771429
Epoch: 270 train_loss: 0.003962 val_loss: 0.488079 val_acc: 0.571429 test_loss: 0.465560 test_acc: 0.771429
Epoch: 280 train_loss: 0.003683 val_loss: 0.499858 val_acc: 0.628571 test_loss: 0.500798 test_acc: 0.742857
Epoch: 290 train_loss: 0.004139 val_loss: 0.494198 val_acc: 0.657143 test_loss: 0.496950 test_acc: 0.714286
Epoch: 300 train_loss: 0.003897 val_loss: 0.457549 val_acc: 0.685714 test_loss: 0.502410 test_acc: 0.771429
Epoch: 310 train_loss: 0.003835 val_loss: 0.489470 val_acc: 0.628571 test_loss: 0.498462 test_acc: 0.800000
Epoch: 320 train_loss: 0.003901 val_loss: 0.455314 val_acc: 0.685714 test_loss: 0.524353 test_acc: 0.771429
Epoch: 330 train_loss: 0.003917 val_loss: 0.482266 val_acc: 0.657143 test_loss: 0.533120 test_acc: 0.714286
Epoch: 340 train_loss: 0.003958 val_loss: 0.481159 val_acc: 0.657143 test_loss: 0.514343 test_acc: 0.714286
Epoch: 350 train_loss: 0.003736 val_loss: 0.461182 val_acc: 0.657143 test_loss: 0.515186 test_acc: 0.714286
Epoch: 360 train_loss: 0.003525 val_loss: 0.520425 val_acc: 0.600000 test_loss: 0.526506 test_acc: 0.685714
Epoch: 370 train_loss: 0.003650 val_loss: 0.493229 val_acc: 0.685714 test_loss: 0.521586 test_acc: 0.742857
Epoch: 380 train_loss: 0.003613 val_loss: 0.488924 val_acc: 0.657143 test_loss: 0.525047 test_acc: 0.714286
Epoch: 390 train_loss: 0.003527 val_loss: 0.502577 val_acc: 0.657143 test_loss: 0.563949 test_acc: 0.628571
Epoch: 400 train_loss: 0.003478 val_loss: 0.502253 val_acc: 0.685714 test_loss: 0.523441 test_acc: 0.714286
Epoch: 410 train_loss: 0.003819 val_loss: 0.519942 val_acc: 0.657143 test_loss: 0.586826 test_acc: 0.657143
Epoch: 420 train_loss: 0.003630 val_loss: 0.515054 val_acc: 0.657143 test_loss: 0.579454 test_acc: 0.657143
Epoch: 430 train_loss: 0.003683 val_loss: 0.459820 val_acc: 0.657143 test_loss: 0.541515 test_acc: 0.771429
Epoch: 440 train_loss: 0.003538 val_loss: 0.498960 val_acc: 0.685714 test_loss: 0.581131 test_acc: 0.714286
Epoch: 450 train_loss: 0.003616 val_loss: 0.508016 val_acc: 0.714286 test_loss: 0.575302 test_acc: 0.685714
Epoch: 460 train_loss: 0.003710 val_loss: 0.509851 val_acc: 0.685714 test_loss: 0.582678 test_acc: 0.657143
Epoch: 470 train_loss: 0.003619 val_loss: 0.484075 val_acc: 0.685714 test_loss: 0.612339 test_acc: 0.685714
Epoch: 480 train_loss: 0.003749 val_loss: 0.476570 val_acc: 0.657143 test_loss: 0.543420 test_acc: 0.657143
Epoch: 490 train_loss: 0.003685 val_loss: 0.463929 val_acc: 0.685714 test_loss: 0.585136 test_acc: 0.714286
Epoch: 500 train_loss: 0.003619 val_loss: 0.477760 val_acc: 0.714286 test_loss: 0.577107 test_acc: 0.685714
Epoch: 510 train_loss: 0.003844 val_loss: 0.483248 val_acc: 0.714286 test_loss: 0.573291 test_acc: 0.657143
Epoch: 520 train_loss: 0.003376 val_loss: 0.472885 val_acc: 0.714286 test_loss: 0.564246 test_acc: 0.714286
Epoch: 530 train_loss: 0.003650 val_loss: 0.483063 val_acc: 0.685714 test_loss: 0.615762 test_acc: 0.685714
Epoch: 540 train_loss: 0.003701 val_loss: 0.482094 val_acc: 0.685714 test_loss: 0.562712 test_acc: 0.685714
Epoch: 550 train_loss: 0.003452 val_loss: 0.484418 val_acc: 0.714286 test_loss: 0.576613 test_acc: 0.685714
Epoch: 560 train_loss: 0.003485 val_loss: 0.498996 val_acc: 0.657143 test_loss: 0.604830 test_acc: 0.714286
Epoch: 570 train_loss: 0.003554 val_loss: 0.482116 val_acc: 0.685714 test_loss: 0.601724 test_acc: 0.657143
Epoch: 580 train_loss: 0.003645 val_loss: 0.499611 val_acc: 0.714286 test_loss: 0.587210 test_acc: 0.657143
Epoch: 590 train_loss: 0.003665 val_loss: 0.501228 val_acc: 0.685714 test_loss: 0.573412 test_acc: 0.685714
Epoch: 600 train_loss: 0.003509 val_loss: 0.491760 val_acc: 0.714286 test_loss: 0.590745 test_acc: 0.657143
Epoch: 610 train_loss: 0.003646 val_loss: 0.478724 val_acc: 0.714286 test_loss: 0.597724 test_acc: 0.685714
Epoch: 620 train_loss: 0.003742 val_loss: 0.491328 val_acc: 0.714286 test_loss: 0.581703 test_acc: 0.685714
Epoch: 630 train_loss: 0.003520 val_loss: 0.497539 val_acc: 0.714286 test_loss: 0.592216 test_acc: 0.685714
Epoch: 640 train_loss: 0.003498 val_loss: 0.500388 val_acc: 0.714286 test_loss: 0.609577 test_acc: 0.628571
Epoch: 650 train_loss: 0.003633 val_loss: 0.489543 val_acc: 0.714286 test_loss: 0.604590 test_acc: 0.628571
Epoch: 660 train_loss: 0.003410 val_loss: 0.513018 val_acc: 0.714286 test_loss: 0.632717 test_acc: 0.657143
Epoch: 670 train_loss: 0.003539 val_loss: 0.521128 val_acc: 0.657143 test_loss: 0.630119 test_acc: 0.657143
Epoch: 680 train_loss: 0.003417 val_loss: 0.485377 val_acc: 0.714286 test_loss: 0.607332 test_acc: 0.657143
Epoch: 690 train_loss: 0.003560 val_loss: 0.486288 val_acc: 0.714286 test_loss: 0.615455 test_acc: 0.714286
Epoch: 700 train_loss: 0.003445 val_loss: 0.508208 val_acc: 0.685714 test_loss: 0.628971 test_acc: 0.657143
Epoch: 710 train_loss: 0.003507 val_loss: 0.489866 val_acc: 0.714286 test_loss: 0.602844 test_acc: 0.714286
Epoch: 720 train_loss: 0.003375 val_loss: 0.498133 val_acc: 0.714286 test_loss: 0.610206 test_acc: 0.685714
Epoch: 730 train_loss: 0.003497 val_loss: 0.502684 val_acc: 0.685714 test_loss: 0.623672 test_acc: 0.657143
Epoch: 740 train_loss: 0.003335 val_loss: 0.508212 val_acc: 0.685714 test_loss: 0.625412 test_acc: 0.657143
Epoch: 750 train_loss: 0.003503 val_loss: 0.511812 val_acc: 0.685714 test_loss: 0.619075 test_acc: 0.657143
Epoch: 760 train_loss: 0.003595 val_loss: 0.482390 val_acc: 0.714286 test_loss: 0.620904 test_acc: 0.685714
Epoch: 770 train_loss: 0.003651 val_loss: 0.504495 val_acc: 0.714286 test_loss: 0.629626 test_acc: 0.657143
Epoch: 780 train_loss: 0.003411 val_loss: 0.485731 val_acc: 0.714286 test_loss: 0.625634 test_acc: 0.657143
Epoch: 790 train_loss: 0.003633 val_loss: 0.495210 val_acc: 0.714286 test_loss: 0.629095 test_acc: 0.657143
------------- 4 val_acc: 0.7429 test_acc: 0.6857 best_test: 0.8286 -----------------
Fold: 5
Epoch: 000 train_loss: 0.005483 val_loss: 0.480122 val_acc: 0.685714 test_loss: 0.480146 test_acc: 0.714286
Epoch: 010 train_loss: 0.004934 val_loss: 0.459903 val_acc: 0.685714 test_loss: 0.459076 test_acc: 0.657143
Epoch: 020 train_loss: 0.004814 val_loss: 0.455077 val_acc: 0.657143 test_loss: 0.461535 test_acc: 0.628571
Epoch: 030 train_loss: 0.004930 val_loss: 0.444455 val_acc: 0.685714 test_loss: 0.443641 test_acc: 0.657143
Epoch: 040 train_loss: 0.004949 val_loss: 0.439094 val_acc: 0.685714 test_loss: 0.461304 test_acc: 0.657143
Epoch: 050 train_loss: 0.004709 val_loss: 0.430010 val_acc: 0.685714 test_loss: 0.448292 test_acc: 0.657143
Epoch: 060 train_loss: 0.004781 val_loss: 0.427868 val_acc: 0.714286 test_loss: 0.454399 test_acc: 0.657143
Epoch: 070 train_loss: 0.004737 val_loss: 0.430607 val_acc: 0.714286 test_loss: 0.436832 test_acc: 0.657143
Epoch: 080 train_loss: 0.004717 val_loss: 0.421118 val_acc: 0.742857 test_loss: 0.465700 test_acc: 0.600000
Epoch: 090 train_loss: 0.004575 val_loss: 0.415556 val_acc: 0.742857 test_loss: 0.463046 test_acc: 0.685714
Epoch: 100 train_loss: 0.004805 val_loss: 0.428396 val_acc: 0.742857 test_loss: 0.440205 test_acc: 0.657143
Epoch: 110 train_loss: 0.004621 val_loss: 0.433513 val_acc: 0.742857 test_loss: 0.417764 test_acc: 0.685714
Epoch: 120 train_loss: 0.004676 val_loss: 0.416195 val_acc: 0.742857 test_loss: 0.417532 test_acc: 0.685714
Epoch: 130 train_loss: 0.004590 val_loss: 0.416104 val_acc: 0.742857 test_loss: 0.452286 test_acc: 0.714286
Epoch: 140 train_loss: 0.004675 val_loss: 0.403031 val_acc: 0.771429 test_loss: 0.458041 test_acc: 0.685714
Epoch: 150 train_loss: 0.004703 val_loss: 0.401960 val_acc: 0.771429 test_loss: 0.462766 test_acc: 0.685714
Epoch: 160 train_loss: 0.004628 val_loss: 0.398802 val_acc: 0.800000 test_loss: 0.451245 test_acc: 0.685714
Epoch: 170 train_loss: 0.004214 val_loss: 0.416726 val_acc: 0.742857 test_loss: 0.465810 test_acc: 0.685714
Epoch: 180 train_loss: 0.004657 val_loss: 0.396419 val_acc: 0.857143 test_loss: 0.450495 test_acc: 0.685714
Epoch: 190 train_loss: 0.004393 val_loss: 0.413113 val_acc: 0.771429 test_loss: 0.464705 test_acc: 0.685714
Epoch: 200 train_loss: 0.004278 val_loss: 0.415207 val_acc: 0.742857 test_loss: 0.458997 test_acc: 0.657143
Epoch: 210 train_loss: 0.004358 val_loss: 0.402382 val_acc: 0.742857 test_loss: 0.460776 test_acc: 0.657143
Epoch: 220 train_loss: 0.004346 val_loss: 0.410058 val_acc: 0.742857 test_loss: 0.443759 test_acc: 0.685714
Epoch: 230 train_loss: 0.004442 val_loss: 0.416036 val_acc: 0.771429 test_loss: 0.472615 test_acc: 0.685714
Epoch: 240 train_loss: 0.004055 val_loss: 0.447959 val_acc: 0.742857 test_loss: 0.470321 test_acc: 0.685714
Epoch: 250 train_loss: 0.004349 val_loss: 0.409336 val_acc: 0.685714 test_loss: 0.456119 test_acc: 0.657143
Epoch: 260 train_loss: 0.004140 val_loss: 0.428762 val_acc: 0.714286 test_loss: 0.460536 test_acc: 0.628571
Epoch: 270 train_loss: 0.004197 val_loss: 0.447150 val_acc: 0.800000 test_loss: 0.461869 test_acc: 0.657143
Epoch: 280 train_loss: 0.004267 val_loss: 0.419455 val_acc: 0.714286 test_loss: 0.467980 test_acc: 0.657143
Epoch: 290 train_loss: 0.004091 val_loss: 0.444420 val_acc: 0.742857 test_loss: 0.459107 test_acc: 0.657143
Epoch: 300 train_loss: 0.004321 val_loss: 0.439212 val_acc: 0.714286 test_loss: 0.469593 test_acc: 0.628571
Epoch: 310 train_loss: 0.004062 val_loss: 0.417970 val_acc: 0.800000 test_loss: 0.451437 test_acc: 0.685714
Epoch: 320 train_loss: 0.004070 val_loss: 0.414221 val_acc: 0.771429 test_loss: 0.468640 test_acc: 0.628571
Epoch: 330 train_loss: 0.003898 val_loss: 0.407141 val_acc: 0.800000 test_loss: 0.457851 test_acc: 0.714286
Epoch: 340 train_loss: 0.003998 val_loss: 0.402142 val_acc: 0.771429 test_loss: 0.448264 test_acc: 0.742857
Epoch: 350 train_loss: 0.004042 val_loss: 0.410803 val_acc: 0.800000 test_loss: 0.452030 test_acc: 0.657143
Epoch: 360 train_loss: 0.004105 val_loss: 0.418880 val_acc: 0.771429 test_loss: 0.469302 test_acc: 0.600000
Epoch: 370 train_loss: 0.004000 val_loss: 0.419742 val_acc: 0.828571 test_loss: 0.459775 test_acc: 0.714286
Epoch: 380 train_loss: 0.003873 val_loss: 0.403700 val_acc: 0.828571 test_loss: 0.463409 test_acc: 0.685714
Epoch: 390 train_loss: 0.003842 val_loss: 0.408602 val_acc: 0.771429 test_loss: 0.465542 test_acc: 0.657143
Epoch: 400 train_loss: 0.003891 val_loss: 0.411140 val_acc: 0.800000 test_loss: 0.438037 test_acc: 0.771429
Epoch: 410 train_loss: 0.004029 val_loss: 0.413799 val_acc: 0.771429 test_loss: 0.459068 test_acc: 0.685714
Epoch: 420 train_loss: 0.003847 val_loss: 0.411676 val_acc: 0.771429 test_loss: 0.490151 test_acc: 0.628571
Epoch: 430 train_loss: 0.003741 val_loss: 0.420508 val_acc: 0.800000 test_loss: 0.471673 test_acc: 0.657143
Epoch: 440 train_loss: 0.003943 val_loss: 0.409840 val_acc: 0.742857 test_loss: 0.467279 test_acc: 0.657143
Epoch: 450 train_loss: 0.003940 val_loss: 0.423112 val_acc: 0.800000 test_loss: 0.465911 test_acc: 0.628571
Epoch: 460 train_loss: 0.003925 val_loss: 0.415332 val_acc: 0.771429 test_loss: 0.488070 test_acc: 0.600000
Epoch: 470 train_loss: 0.003986 val_loss: 0.412793 val_acc: 0.771429 test_loss: 0.486322 test_acc: 0.600000
Epoch: 480 train_loss: 0.003816 val_loss: 0.422660 val_acc: 0.771429 test_loss: 0.487861 test_acc: 0.628571
Epoch: 490 train_loss: 0.003926 val_loss: 0.407533 val_acc: 0.771429 test_loss: 0.466316 test_acc: 0.628571
Epoch: 500 train_loss: 0.003781 val_loss: 0.426010 val_acc: 0.742857 test_loss: 0.485204 test_acc: 0.600000
Epoch: 510 train_loss: 0.003946 val_loss: 0.415956 val_acc: 0.800000 test_loss: 0.477993 test_acc: 0.628571
Epoch: 520 train_loss: 0.003702 val_loss: 0.418397 val_acc: 0.800000 test_loss: 0.492741 test_acc: 0.628571
Epoch: 530 train_loss: 0.003767 val_loss: 0.398725 val_acc: 0.800000 test_loss: 0.505847 test_acc: 0.571429
Epoch: 540 train_loss: 0.003926 val_loss: 0.409865 val_acc: 0.800000 test_loss: 0.500841 test_acc: 0.600000
Epoch: 550 train_loss: 0.003713 val_loss: 0.421157 val_acc: 0.742857 test_loss: 0.496649 test_acc: 0.600000
Epoch: 560 train_loss: 0.003815 val_loss: 0.407790 val_acc: 0.742857 test_loss: 0.499154 test_acc: 0.628571
Epoch: 570 train_loss: 0.003833 val_loss: 0.410422 val_acc: 0.771429 test_loss: 0.510801 test_acc: 0.657143
Epoch: 580 train_loss: 0.003687 val_loss: 0.413478 val_acc: 0.714286 test_loss: 0.507338 test_acc: 0.600000
Epoch: 590 train_loss: 0.003987 val_loss: 0.414830 val_acc: 0.800000 test_loss: 0.495163 test_acc: 0.600000
Epoch: 600 train_loss: 0.003912 val_loss: 0.405551 val_acc: 0.714286 test_loss: 0.503250 test_acc: 0.600000
Epoch: 610 train_loss: 0.003862 val_loss: 0.412109 val_acc: 0.771429 test_loss: 0.502193 test_acc: 0.600000
Epoch: 620 train_loss: 0.003627 val_loss: 0.398539 val_acc: 0.771429 test_loss: 0.505248 test_acc: 0.600000
Epoch: 630 train_loss: 0.003948 val_loss: 0.407682 val_acc: 0.714286 test_loss: 0.513442 test_acc: 0.571429
Epoch: 640 train_loss: 0.003890 val_loss: 0.402795 val_acc: 0.771429 test_loss: 0.500616 test_acc: 0.600000
Epoch: 650 train_loss: 0.003848 val_loss: 0.411386 val_acc: 0.771429 test_loss: 0.508676 test_acc: 0.628571
Epoch: 660 train_loss: 0.003853 val_loss: 0.414242 val_acc: 0.771429 test_loss: 0.488888 test_acc: 0.628571
Epoch: 670 train_loss: 0.003878 val_loss: 0.409860 val_acc: 0.800000 test_loss: 0.490499 test_acc: 0.628571
Epoch: 680 train_loss: 0.003564 val_loss: 0.411492 val_acc: 0.771429 test_loss: 0.500270 test_acc: 0.628571
Epoch: 690 train_loss: 0.003554 val_loss: 0.412385 val_acc: 0.771429 test_loss: 0.499444 test_acc: 0.628571
Epoch: 700 train_loss: 0.003707 val_loss: 0.415900 val_acc: 0.771429 test_loss: 0.500530 test_acc: 0.628571
Epoch: 710 train_loss: 0.003713 val_loss: 0.415459 val_acc: 0.771429 test_loss: 0.499207 test_acc: 0.600000
Epoch: 720 train_loss: 0.003684 val_loss: 0.410893 val_acc: 0.714286 test_loss: 0.516172 test_acc: 0.571429
Epoch: 730 train_loss: 0.003602 val_loss: 0.406742 val_acc: 0.742857 test_loss: 0.497662 test_acc: 0.600000
Epoch: 740 train_loss: 0.003936 val_loss: 0.417890 val_acc: 0.771429 test_loss: 0.504350 test_acc: 0.600000
Epoch: 750 train_loss: 0.003700 val_loss: 0.412108 val_acc: 0.771429 test_loss: 0.498056 test_acc: 0.628571
Epoch: 760 train_loss: 0.003619 val_loss: 0.411119 val_acc: 0.742857 test_loss: 0.502933 test_acc: 0.600000
Epoch: 770 train_loss: 0.003828 val_loss: 0.408979 val_acc: 0.742857 test_loss: 0.507256 test_acc: 0.600000
Epoch: 780 train_loss: 0.003785 val_loss: 0.418467 val_acc: 0.742857 test_loss: 0.498888 test_acc: 0.600000
Epoch: 790 train_loss: 0.003661 val_loss: 0.421456 val_acc: 0.714286 test_loss: 0.500318 test_acc: 0.600000
------------- 5 val_acc: 0.8571 test_acc: 0.6857 best_test: 0.7714 -----------------
Fold: 6
Epoch: 000 train_loss: 0.005270 val_loss: 0.449555 val_acc: 0.628571 test_loss: 0.480642 test_acc: 0.800000
Epoch: 010 train_loss: 0.004809 val_loss: 0.443433 val_acc: 0.628571 test_loss: 0.448393 test_acc: 0.800000
Epoch: 020 train_loss: 0.004934 val_loss: 0.447590 val_acc: 0.628571 test_loss: 0.440401 test_acc: 0.800000
Epoch: 030 train_loss: 0.004944 val_loss: 0.451614 val_acc: 0.657143 test_loss: 0.439251 test_acc: 0.800000
Epoch: 040 train_loss: 0.004805 val_loss: 0.444362 val_acc: 0.657143 test_loss: 0.443897 test_acc: 0.800000
Epoch: 050 train_loss: 0.004780 val_loss: 0.431750 val_acc: 0.657143 test_loss: 0.437263 test_acc: 0.800000
Epoch: 060 train_loss: 0.004749 val_loss: 0.421767 val_acc: 0.685714 test_loss: 0.433889 test_acc: 0.800000
Epoch: 070 train_loss: 0.004782 val_loss: 0.426634 val_acc: 0.657143 test_loss: 0.464954 test_acc: 0.771429
Epoch: 080 train_loss: 0.004561 val_loss: 0.435192 val_acc: 0.657143 test_loss: 0.412166 test_acc: 0.771429
Epoch: 090 train_loss: 0.004571 val_loss: 0.438594 val_acc: 0.657143 test_loss: 0.492186 test_acc: 0.714286
Epoch: 100 train_loss: 0.004571 val_loss: 0.428647 val_acc: 0.657143 test_loss: 0.482258 test_acc: 0.771429
Epoch: 110 train_loss: 0.004307 val_loss: 0.436480 val_acc: 0.714286 test_loss: 0.475648 test_acc: 0.742857
Epoch: 120 train_loss: 0.004581 val_loss: 0.415926 val_acc: 0.742857 test_loss: 0.433491 test_acc: 0.800000
Epoch: 130 train_loss: 0.004316 val_loss: 0.426625 val_acc: 0.685714 test_loss: 0.523386 test_acc: 0.685714
Epoch: 140 train_loss: 0.004459 val_loss: 0.429293 val_acc: 0.657143 test_loss: 0.428131 test_acc: 0.714286
Epoch: 150 train_loss: 0.004290 val_loss: 0.430925 val_acc: 0.771429 test_loss: 0.465267 test_acc: 0.714286
Epoch: 160 train_loss: 0.004669 val_loss: 0.415846 val_acc: 0.714286 test_loss: 0.436526 test_acc: 0.714286
Epoch: 170 train_loss: 0.004213 val_loss: 0.402665 val_acc: 0.742857 test_loss: 0.453546 test_acc: 0.771429
Epoch: 180 train_loss: 0.004354 val_loss: 0.422251 val_acc: 0.771429 test_loss: 0.483715 test_acc: 0.771429
Epoch: 190 train_loss: 0.004238 val_loss: 0.394028 val_acc: 0.714286 test_loss: 0.508584 test_acc: 0.742857
Epoch: 200 train_loss: 0.004186 val_loss: 0.415751 val_acc: 0.742857 test_loss: 0.521750 test_acc: 0.714286
Epoch: 210 train_loss: 0.004147 val_loss: 0.396147 val_acc: 0.771429 test_loss: 0.505975 test_acc: 0.714286
Epoch: 220 train_loss: 0.004165 val_loss: 0.409938 val_acc: 0.742857 test_loss: 0.516993 test_acc: 0.714286
Epoch: 230 train_loss: 0.004035 val_loss: 0.414099 val_acc: 0.714286 test_loss: 0.513689 test_acc: 0.714286
Epoch: 240 train_loss: 0.004550 val_loss: 0.428535 val_acc: 0.628571 test_loss: 0.549817 test_acc: 0.600000
Epoch: 250 train_loss: 0.004018 val_loss: 0.409143 val_acc: 0.742857 test_loss: 0.529981 test_acc: 0.714286
Epoch: 260 train_loss: 0.004410 val_loss: 0.417505 val_acc: 0.714286 test_loss: 0.523786 test_acc: 0.714286
Epoch: 270 train_loss: 0.003975 val_loss: 0.406751 val_acc: 0.714286 test_loss: 0.526161 test_acc: 0.742857
Epoch: 280 train_loss: 0.003911 val_loss: 0.396535 val_acc: 0.742857 test_loss: 0.517076 test_acc: 0.685714
Epoch: 290 train_loss: 0.004018 val_loss: 0.423086 val_acc: 0.685714 test_loss: 0.536177 test_acc: 0.657143
Epoch: 300 train_loss: 0.004110 val_loss: 0.412719 val_acc: 0.657143 test_loss: 0.544088 test_acc: 0.628571
Epoch: 310 train_loss: 0.003943 val_loss: 0.423984 val_acc: 0.685714 test_loss: 0.532777 test_acc: 0.600000
Epoch: 320 train_loss: 0.003927 val_loss: 0.422812 val_acc: 0.685714 test_loss: 0.527784 test_acc: 0.685714
Epoch: 330 train_loss: 0.003926 val_loss: 0.424940 val_acc: 0.657143 test_loss: 0.507349 test_acc: 0.657143
Epoch: 340 train_loss: 0.003929 val_loss: 0.419505 val_acc: 0.685714 test_loss: 0.512771 test_acc: 0.714286
Epoch: 350 train_loss: 0.003863 val_loss: 0.428241 val_acc: 0.657143 test_loss: 0.531852 test_acc: 0.657143
Epoch: 360 train_loss: 0.003867 val_loss: 0.426242 val_acc: 0.628571 test_loss: 0.527153 test_acc: 0.657143
Epoch: 370 train_loss: 0.004043 val_loss: 0.440402 val_acc: 0.685714 test_loss: 0.537690 test_acc: 0.657143
Epoch: 380 train_loss: 0.003830 val_loss: 0.428307 val_acc: 0.685714 test_loss: 0.521997 test_acc: 0.628571
Epoch: 390 train_loss: 0.003735 val_loss: 0.452823 val_acc: 0.628571 test_loss: 0.545759 test_acc: 0.657143
Epoch: 400 train_loss: 0.003962 val_loss: 0.435968 val_acc: 0.657143 test_loss: 0.559885 test_acc: 0.628571
Epoch: 410 train_loss: 0.004073 val_loss: 0.436822 val_acc: 0.657143 test_loss: 0.573450 test_acc: 0.600000
Epoch: 420 train_loss: 0.003710 val_loss: 0.431378 val_acc: 0.657143 test_loss: 0.544155 test_acc: 0.657143
Epoch: 430 train_loss: 0.003684 val_loss: 0.432728 val_acc: 0.685714 test_loss: 0.517848 test_acc: 0.657143
Epoch: 440 train_loss: 0.004040 val_loss: 0.442368 val_acc: 0.600000 test_loss: 0.514422 test_acc: 0.657143
Epoch: 450 train_loss: 0.004037 val_loss: 0.446867 val_acc: 0.628571 test_loss: 0.523031 test_acc: 0.657143
Epoch: 460 train_loss: 0.003928 val_loss: 0.452808 val_acc: 0.628571 test_loss: 0.540827 test_acc: 0.628571
Epoch: 470 train_loss: 0.003923 val_loss: 0.451402 val_acc: 0.657143 test_loss: 0.540218 test_acc: 0.657143
Epoch: 480 train_loss: 0.003978 val_loss: 0.459433 val_acc: 0.600000 test_loss: 0.533124 test_acc: 0.628571
Epoch: 490 train_loss: 0.003670 val_loss: 0.452381 val_acc: 0.628571 test_loss: 0.540834 test_acc: 0.628571
Epoch: 500 train_loss: 0.003812 val_loss: 0.460007 val_acc: 0.600000 test_loss: 0.523199 test_acc: 0.657143
Epoch: 510 train_loss: 0.003664 val_loss: 0.461676 val_acc: 0.657143 test_loss: 0.548170 test_acc: 0.657143
Epoch: 520 train_loss: 0.003898 val_loss: 0.465156 val_acc: 0.628571 test_loss: 0.528179 test_acc: 0.628571
Epoch: 530 train_loss: 0.003672 val_loss: 0.465995 val_acc: 0.628571 test_loss: 0.527576 test_acc: 0.657143
Epoch: 540 train_loss: 0.003786 val_loss: 0.467388 val_acc: 0.600000 test_loss: 0.540280 test_acc: 0.628571
Epoch: 550 train_loss: 0.003968 val_loss: 0.474997 val_acc: 0.600000 test_loss: 0.531560 test_acc: 0.628571
Epoch: 560 train_loss: 0.003681 val_loss: 0.473601 val_acc: 0.628571 test_loss: 0.546289 test_acc: 0.628571
Epoch: 570 train_loss: 0.003823 val_loss: 0.467730 val_acc: 0.600000 test_loss: 0.534541 test_acc: 0.628571
Epoch: 580 train_loss: 0.003747 val_loss: 0.476328 val_acc: 0.628571 test_loss: 0.531340 test_acc: 0.657143
Epoch: 590 train_loss: 0.003529 val_loss: 0.469887 val_acc: 0.628571 test_loss: 0.524693 test_acc: 0.657143
Epoch: 600 train_loss: 0.003712 val_loss: 0.475733 val_acc: 0.628571 test_loss: 0.536943 test_acc: 0.657143
Epoch: 610 train_loss: 0.003749 val_loss: 0.479500 val_acc: 0.628571 test_loss: 0.528638 test_acc: 0.657143
Epoch: 620 train_loss: 0.003499 val_loss: 0.477655 val_acc: 0.628571 test_loss: 0.540964 test_acc: 0.628571
Epoch: 630 train_loss: 0.003846 val_loss: 0.484254 val_acc: 0.628571 test_loss: 0.549906 test_acc: 0.628571
Epoch: 640 train_loss: 0.003706 val_loss: 0.488995 val_acc: 0.628571 test_loss: 0.525334 test_acc: 0.657143
Epoch: 650 train_loss: 0.003689 val_loss: 0.489637 val_acc: 0.628571 test_loss: 0.537494 test_acc: 0.657143
Epoch: 660 train_loss: 0.003660 val_loss: 0.492425 val_acc: 0.628571 test_loss: 0.535521 test_acc: 0.657143
Epoch: 670 train_loss: 0.003906 val_loss: 0.487736 val_acc: 0.628571 test_loss: 0.536329 test_acc: 0.657143
Epoch: 680 train_loss: 0.003734 val_loss: 0.490516 val_acc: 0.600000 test_loss: 0.527792 test_acc: 0.657143
Epoch: 690 train_loss: 0.003643 val_loss: 0.489849 val_acc: 0.600000 test_loss: 0.535532 test_acc: 0.628571
Epoch: 700 train_loss: 0.003782 val_loss: 0.489880 val_acc: 0.600000 test_loss: 0.531386 test_acc: 0.657143
Epoch: 710 train_loss: 0.003699 val_loss: 0.492866 val_acc: 0.600000 test_loss: 0.531007 test_acc: 0.657143
Epoch: 720 train_loss: 0.003692 val_loss: 0.493948 val_acc: 0.628571 test_loss: 0.535438 test_acc: 0.657143
Epoch: 730 train_loss: 0.003694 val_loss: 0.497341 val_acc: 0.600000 test_loss: 0.541673 test_acc: 0.628571
Epoch: 740 train_loss: 0.003656 val_loss: 0.496338 val_acc: 0.628571 test_loss: 0.530764 test_acc: 0.657143
Epoch: 750 train_loss: 0.003793 val_loss: 0.494003 val_acc: 0.600000 test_loss: 0.547807 test_acc: 0.628571
Epoch: 760 train_loss: 0.003610 val_loss: 0.497650 val_acc: 0.600000 test_loss: 0.549759 test_acc: 0.628571
Epoch: 770 train_loss: 0.003607 val_loss: 0.492683 val_acc: 0.628571 test_loss: 0.536608 test_acc: 0.628571
Epoch: 780 train_loss: 0.003677 val_loss: 0.496817 val_acc: 0.600000 test_loss: 0.537915 test_acc: 0.628571
Epoch: 790 train_loss: 0.003792 val_loss: 0.495467 val_acc: 0.600000 test_loss: 0.533746 test_acc: 0.657143
------------- 6 val_acc: 0.7714 test_acc: 0.7143 best_test: 0.8286 -----------------
Fold: 7
Epoch: 000 train_loss: 0.005235 val_loss: 0.472526 val_acc: 0.685714 test_loss: 0.489294 test_acc: 0.628571
Epoch: 010 train_loss: 0.004815 val_loss: 0.445330 val_acc: 0.800000 test_loss: 0.500406 test_acc: 0.657143
Epoch: 020 train_loss: 0.004652 val_loss: 0.453333 val_acc: 0.800000 test_loss: 0.518310 test_acc: 0.657143
Epoch: 030 train_loss: 0.004950 val_loss: 0.440601 val_acc: 0.771429 test_loss: 0.512825 test_acc: 0.628571
Epoch: 040 train_loss: 0.004780 val_loss: 0.442554 val_acc: 0.771429 test_loss: 0.508086 test_acc: 0.542857
Epoch: 050 train_loss: 0.004827 val_loss: 0.429873 val_acc: 0.771429 test_loss: 0.517687 test_acc: 0.628571
Epoch: 060 train_loss: 0.004694 val_loss: 0.454290 val_acc: 0.628571 test_loss: 0.522986 test_acc: 0.400000
Epoch: 070 train_loss: 0.004584 val_loss: 0.440499 val_acc: 0.771429 test_loss: 0.526768 test_acc: 0.571429
Epoch: 080 train_loss: 0.004906 val_loss: 0.440820 val_acc: 0.742857 test_loss: 0.513831 test_acc: 0.542857
Epoch: 090 train_loss: 0.004710 val_loss: 0.457449 val_acc: 0.714286 test_loss: 0.518417 test_acc: 0.514286
Epoch: 100 train_loss: 0.004538 val_loss: 0.433287 val_acc: 0.771429 test_loss: 0.532550 test_acc: 0.657143
Epoch: 110 train_loss: 0.004614 val_loss: 0.438932 val_acc: 0.742857 test_loss: 0.550165 test_acc: 0.514286
Epoch: 120 train_loss: 0.004483 val_loss: 0.459257 val_acc: 0.628571 test_loss: 0.557383 test_acc: 0.457143
Epoch: 130 train_loss: 0.004367 val_loss: 0.444554 val_acc: 0.714286 test_loss: 0.562650 test_acc: 0.600000
Epoch: 140 train_loss: 0.004909 val_loss: 0.512090 val_acc: 0.428571 test_loss: 0.568364 test_acc: 0.371429
Epoch: 150 train_loss: 0.004236 val_loss: 0.445514 val_acc: 0.685714 test_loss: 0.550740 test_acc: 0.542857
Epoch: 160 train_loss: 0.004504 val_loss: 0.450278 val_acc: 0.714286 test_loss: 0.571453 test_acc: 0.542857
Epoch: 170 train_loss: 0.004301 val_loss: 0.467057 val_acc: 0.628571 test_loss: 0.592729 test_acc: 0.428571
Epoch: 180 train_loss: 0.004426 val_loss: 0.462815 val_acc: 0.742857 test_loss: 0.586929 test_acc: 0.542857
Epoch: 190 train_loss: 0.004185 val_loss: 0.486357 val_acc: 0.771429 test_loss: 0.593663 test_acc: 0.571429
Epoch: 200 train_loss: 0.004227 val_loss: 0.493573 val_acc: 0.571429 test_loss: 0.596387 test_acc: 0.428571
Epoch: 210 train_loss: 0.004333 val_loss: 0.480337 val_acc: 0.685714 test_loss: 0.595246 test_acc: 0.428571
Epoch: 220 train_loss: 0.004201 val_loss: 0.494551 val_acc: 0.685714 test_loss: 0.623388 test_acc: 0.428571
Epoch: 230 train_loss: 0.004253 val_loss: 0.532313 val_acc: 0.628571 test_loss: 0.625118 test_acc: 0.428571
Epoch: 240 train_loss: 0.004296 val_loss: 0.523452 val_acc: 0.714286 test_loss: 0.601316 test_acc: 0.428571
Epoch: 250 train_loss: 0.003965 val_loss: 0.498698 val_acc: 0.657143 test_loss: 0.648400 test_acc: 0.428571
Epoch: 260 train_loss: 0.004391 val_loss: 0.474057 val_acc: 0.657143 test_loss: 0.619450 test_acc: 0.457143
Epoch: 270 train_loss: 0.004198 val_loss: 0.534862 val_acc: 0.657143 test_loss: 0.643875 test_acc: 0.428571
Epoch: 280 train_loss: 0.004256 val_loss: 0.535181 val_acc: 0.571429 test_loss: 0.644820 test_acc: 0.428571
Epoch: 290 train_loss: 0.004058 val_loss: 0.527167 val_acc: 0.685714 test_loss: 0.624650 test_acc: 0.428571
Epoch: 300 train_loss: 0.004062 val_loss: 0.550535 val_acc: 0.685714 test_loss: 0.609962 test_acc: 0.514286
Epoch: 310 train_loss: 0.003989 val_loss: 0.586291 val_acc: 0.657143 test_loss: 0.631154 test_acc: 0.428571
Epoch: 320 train_loss: 0.004186 val_loss: 0.561414 val_acc: 0.600000 test_loss: 0.649074 test_acc: 0.428571
Epoch: 330 train_loss: 0.004397 val_loss: 0.530795 val_acc: 0.600000 test_loss: 0.655891 test_acc: 0.428571
Epoch: 340 train_loss: 0.004068 val_loss: 0.576076 val_acc: 0.628571 test_loss: 0.649361 test_acc: 0.428571
Epoch: 350 train_loss: 0.004000 val_loss: 0.503180 val_acc: 0.628571 test_loss: 0.667450 test_acc: 0.428571
Epoch: 360 train_loss: 0.004017 val_loss: 0.534437 val_acc: 0.657143 test_loss: 0.642378 test_acc: 0.428571
Epoch: 370 train_loss: 0.003957 val_loss: 0.554248 val_acc: 0.657143 test_loss: 0.672716 test_acc: 0.428571
Epoch: 380 train_loss: 0.004036 val_loss: 0.558741 val_acc: 0.657143 test_loss: 0.674185 test_acc: 0.428571
Epoch: 390 train_loss: 0.004004 val_loss: 0.594977 val_acc: 0.600000 test_loss: 0.671946 test_acc: 0.428571
Epoch: 400 train_loss: 0.003838 val_loss: 0.580321 val_acc: 0.657143 test_loss: 0.663676 test_acc: 0.428571
Epoch: 410 train_loss: 0.003879 val_loss: 0.602279 val_acc: 0.685714 test_loss: 0.654939 test_acc: 0.428571
Epoch: 420 train_loss: 0.004047 val_loss: 0.561962 val_acc: 0.600000 test_loss: 0.671216 test_acc: 0.428571
Epoch: 430 train_loss: 0.003823 val_loss: 0.552938 val_acc: 0.628571 test_loss: 0.659673 test_acc: 0.428571
Epoch: 440 train_loss: 0.004164 val_loss: 0.585333 val_acc: 0.657143 test_loss: 0.658709 test_acc: 0.428571
Epoch: 450 train_loss: 0.003968 val_loss: 0.595763 val_acc: 0.628571 test_loss: 0.661149 test_acc: 0.428571
Epoch: 460 train_loss: 0.003924 val_loss: 0.623955 val_acc: 0.600000 test_loss: 0.685800 test_acc: 0.428571
Epoch: 470 train_loss: 0.003952 val_loss: 0.589921 val_acc: 0.600000 test_loss: 0.681245 test_acc: 0.428571
Epoch: 480 train_loss: 0.003875 val_loss: 0.592327 val_acc: 0.628571 test_loss: 0.660935 test_acc: 0.428571
Epoch: 490 train_loss: 0.003875 val_loss: 0.599867 val_acc: 0.628571 test_loss: 0.673886 test_acc: 0.457143
Epoch: 500 train_loss: 0.004017 val_loss: 0.588085 val_acc: 0.628571 test_loss: 0.683375 test_acc: 0.428571
Epoch: 510 train_loss: 0.004010 val_loss: 0.610637 val_acc: 0.628571 test_loss: 0.691422 test_acc: 0.428571
Epoch: 520 train_loss: 0.003841 val_loss: 0.625904 val_acc: 0.628571 test_loss: 0.671225 test_acc: 0.428571
Epoch: 530 train_loss: 0.004145 val_loss: 0.620507 val_acc: 0.657143 test_loss: 0.675547 test_acc: 0.457143
Epoch: 540 train_loss: 0.004077 val_loss: 0.597747 val_acc: 0.628571 test_loss: 0.702406 test_acc: 0.428571
Epoch: 550 train_loss: 0.004042 val_loss: 0.622697 val_acc: 0.600000 test_loss: 0.684326 test_acc: 0.428571
Epoch: 560 train_loss: 0.004281 val_loss: 0.594901 val_acc: 0.685714 test_loss: 0.646303 test_acc: 0.428571
Epoch: 570 train_loss: 0.004031 val_loss: 0.615098 val_acc: 0.600000 test_loss: 0.698328 test_acc: 0.428571
Epoch: 580 train_loss: 0.004105 val_loss: 0.602599 val_acc: 0.657143 test_loss: 0.689184 test_acc: 0.457143
Epoch: 590 train_loss: 0.004080 val_loss: 0.620580 val_acc: 0.657143 test_loss: 0.691611 test_acc: 0.457143
Epoch: 600 train_loss: 0.003943 val_loss: 0.542708 val_acc: 0.628571 test_loss: 0.703381 test_acc: 0.457143
Epoch: 610 train_loss: 0.003897 val_loss: 0.618391 val_acc: 0.628571 test_loss: 0.698635 test_acc: 0.428571
Epoch: 620 train_loss: 0.003780 val_loss: 0.606833 val_acc: 0.628571 test_loss: 0.704386 test_acc: 0.457143
Epoch: 630 train_loss: 0.003898 val_loss: 0.601857 val_acc: 0.685714 test_loss: 0.714841 test_acc: 0.457143
Epoch: 640 train_loss: 0.003919 val_loss: 0.601885 val_acc: 0.628571 test_loss: 0.720114 test_acc: 0.428571
Epoch: 650 train_loss: 0.003887 val_loss: 0.615947 val_acc: 0.628571 test_loss: 0.717257 test_acc: 0.428571
Epoch: 660 train_loss: 0.003847 val_loss: 0.615016 val_acc: 0.685714 test_loss: 0.701783 test_acc: 0.457143
Epoch: 670 train_loss: 0.003776 val_loss: 0.606891 val_acc: 0.657143 test_loss: 0.711038 test_acc: 0.457143
Epoch: 680 train_loss: 0.003877 val_loss: 0.627069 val_acc: 0.657143 test_loss: 0.690523 test_acc: 0.457143
Epoch: 690 train_loss: 0.004050 val_loss: 0.616789 val_acc: 0.657143 test_loss: 0.686508 test_acc: 0.457143
Epoch: 700 train_loss: 0.003698 val_loss: 0.627007 val_acc: 0.628571 test_loss: 0.709440 test_acc: 0.457143
Epoch: 710 train_loss: 0.003836 val_loss: 0.632840 val_acc: 0.628571 test_loss: 0.691523 test_acc: 0.457143
Epoch: 720 train_loss: 0.003866 val_loss: 0.622829 val_acc: 0.657143 test_loss: 0.702473 test_acc: 0.428571
Epoch: 730 train_loss: 0.004298 val_loss: 0.624091 val_acc: 0.628571 test_loss: 0.697434 test_acc: 0.428571
Epoch: 740 train_loss: 0.003920 val_loss: 0.612904 val_acc: 0.657143 test_loss: 0.676400 test_acc: 0.457143
Epoch: 750 train_loss: 0.003883 val_loss: 0.641411 val_acc: 0.657143 test_loss: 0.685822 test_acc: 0.457143
Epoch: 760 train_loss: 0.003878 val_loss: 0.624306 val_acc: 0.657143 test_loss: 0.707703 test_acc: 0.457143
Epoch: 770 train_loss: 0.003770 val_loss: 0.632077 val_acc: 0.657143 test_loss: 0.704076 test_acc: 0.457143
Epoch: 780 train_loss: 0.003764 val_loss: 0.628068 val_acc: 0.628571 test_loss: 0.710061 test_acc: 0.428571
Epoch: 790 train_loss: 0.003970 val_loss: 0.636319 val_acc: 0.657143 test_loss: 0.699224 test_acc: 0.457143
------------- 7 val_acc: 0.8000 test_acc: 0.6571 best_test: 0.6571 -----------------
Fold: 8
Epoch: 000 train_loss: 0.006359 val_loss: 0.519758 val_acc: 0.457143 test_loss: 0.532497 test_acc: 0.485714
Epoch: 010 train_loss: 0.005011 val_loss: 0.508402 val_acc: 0.657143 test_loss: 0.472076 test_acc: 0.600000
Epoch: 020 train_loss: 0.004732 val_loss: 0.515170 val_acc: 0.657143 test_loss: 0.469538 test_acc: 0.600000
Epoch: 030 train_loss: 0.004659 val_loss: 0.553305 val_acc: 0.657143 test_loss: 0.475662 test_acc: 0.600000
Epoch: 040 train_loss: 0.004883 val_loss: 0.547695 val_acc: 0.628571 test_loss: 0.509204 test_acc: 0.600000
Epoch: 050 train_loss: 0.004535 val_loss: 0.559389 val_acc: 0.485714 test_loss: 0.465895 test_acc: 0.628571
Epoch: 060 train_loss: 0.004460 val_loss: 0.569250 val_acc: 0.542857 test_loss: 0.470346 test_acc: 0.657143
Epoch: 070 train_loss: 0.004500 val_loss: 0.531951 val_acc: 0.600000 test_loss: 0.460822 test_acc: 0.600000
Epoch: 080 train_loss: 0.004508 val_loss: 0.606207 val_acc: 0.628571 test_loss: 0.492752 test_acc: 0.600000
Epoch: 090 train_loss: 0.004359 val_loss: 0.595225 val_acc: 0.542857 test_loss: 0.489009 test_acc: 0.600000
Epoch: 100 train_loss: 0.004344 val_loss: 0.570450 val_acc: 0.571429 test_loss: 0.476425 test_acc: 0.600000
Epoch: 110 train_loss: 0.004194 val_loss: 0.590247 val_acc: 0.542857 test_loss: 0.483735 test_acc: 0.657143
Epoch: 120 train_loss: 0.003820 val_loss: 0.619491 val_acc: 0.571429 test_loss: 0.504581 test_acc: 0.628571
Epoch: 130 train_loss: 0.004105 val_loss: 0.598031 val_acc: 0.628571 test_loss: 0.498444 test_acc: 0.657143
Epoch: 140 train_loss: 0.004108 val_loss: 0.582392 val_acc: 0.657143 test_loss: 0.528826 test_acc: 0.600000
Epoch: 150 train_loss: 0.004140 val_loss: 0.604624 val_acc: 0.571429 test_loss: 0.486643 test_acc: 0.685714
Epoch: 160 train_loss: 0.003752 val_loss: 0.640847 val_acc: 0.600000 test_loss: 0.501537 test_acc: 0.657143
Epoch: 170 train_loss: 0.004087 val_loss: 0.656221 val_acc: 0.600000 test_loss: 0.550923 test_acc: 0.628571
Epoch: 180 train_loss: 0.004054 val_loss: 0.600116 val_acc: 0.600000 test_loss: 0.528885 test_acc: 0.657143
Epoch: 190 train_loss: 0.003606 val_loss: 0.643666 val_acc: 0.600000 test_loss: 0.518978 test_acc: 0.685714
Epoch: 200 train_loss: 0.003720 val_loss: 0.677089 val_acc: 0.600000 test_loss: 0.494726 test_acc: 0.685714
Epoch: 210 train_loss: 0.004271 val_loss: 0.668157 val_acc: 0.600000 test_loss: 0.535337 test_acc: 0.657143
Epoch: 220 train_loss: 0.003662 val_loss: 0.615679 val_acc: 0.571429 test_loss: 0.531056 test_acc: 0.685714
Epoch: 230 train_loss: 0.003450 val_loss: 0.705876 val_acc: 0.571429 test_loss: 0.539551 test_acc: 0.685714
Epoch: 240 train_loss: 0.003453 val_loss: 0.681010 val_acc: 0.571429 test_loss: 0.545352 test_acc: 0.685714
Epoch: 250 train_loss: 0.003559 val_loss: 0.730509 val_acc: 0.600000 test_loss: 0.559163 test_acc: 0.685714
Epoch: 260 train_loss: 0.003647 val_loss: 0.744425 val_acc: 0.628571 test_loss: 0.491647 test_acc: 0.685714
Epoch: 270 train_loss: 0.003531 val_loss: 0.723967 val_acc: 0.571429 test_loss: 0.567048 test_acc: 0.657143
Epoch: 280 train_loss: 0.003282 val_loss: 0.711933 val_acc: 0.542857 test_loss: 0.531770 test_acc: 0.657143
Epoch: 290 train_loss: 0.003440 val_loss: 0.692309 val_acc: 0.571429 test_loss: 0.555956 test_acc: 0.685714
Epoch: 300 train_loss: 0.003384 val_loss: 0.754555 val_acc: 0.571429 test_loss: 0.555392 test_acc: 0.685714
Epoch: 310 train_loss: 0.003308 val_loss: 0.744738 val_acc: 0.571429 test_loss: 0.585723 test_acc: 0.685714
Epoch: 320 train_loss: 0.003548 val_loss: 0.752784 val_acc: 0.542857 test_loss: 0.588844 test_acc: 0.685714
Epoch: 330 train_loss: 0.003318 val_loss: 0.779283 val_acc: 0.571429 test_loss: 0.583352 test_acc: 0.685714
Epoch: 340 train_loss: 0.003276 val_loss: 0.767644 val_acc: 0.514286 test_loss: 0.554583 test_acc: 0.657143
Epoch: 350 train_loss: 0.003122 val_loss: 0.775268 val_acc: 0.514286 test_loss: 0.581895 test_acc: 0.685714
Epoch: 360 train_loss: 0.003363 val_loss: 0.793538 val_acc: 0.514286 test_loss: 0.574604 test_acc: 0.714286
Epoch: 370 train_loss: 0.003342 val_loss: 0.803433 val_acc: 0.514286 test_loss: 0.558063 test_acc: 0.685714
Epoch: 380 train_loss: 0.003329 val_loss: 0.806737 val_acc: 0.514286 test_loss: 0.570258 test_acc: 0.714286
Epoch: 390 train_loss: 0.003269 val_loss: 0.790506 val_acc: 0.600000 test_loss: 0.606440 test_acc: 0.628571
Epoch: 400 train_loss: 0.003314 val_loss: 0.803730 val_acc: 0.514286 test_loss: 0.567732 test_acc: 0.714286
Epoch: 410 train_loss: 0.003268 val_loss: 0.801890 val_acc: 0.514286 test_loss: 0.587854 test_acc: 0.657143
Epoch: 420 train_loss: 0.003465 val_loss: 0.807351 val_acc: 0.514286 test_loss: 0.574191 test_acc: 0.685714
Epoch: 430 train_loss: 0.003267 val_loss: 0.803493 val_acc: 0.514286 test_loss: 0.586954 test_acc: 0.657143
Epoch: 440 train_loss: 0.003385 val_loss: 0.797850 val_acc: 0.542857 test_loss: 0.590332 test_acc: 0.714286
Epoch: 450 train_loss: 0.003199 val_loss: 0.791392 val_acc: 0.514286 test_loss: 0.601103 test_acc: 0.685714
Epoch: 460 train_loss: 0.003190 val_loss: 0.820278 val_acc: 0.514286 test_loss: 0.585562 test_acc: 0.714286
Epoch: 470 train_loss: 0.003187 val_loss: 0.761836 val_acc: 0.542857 test_loss: 0.612804 test_acc: 0.685714
Epoch: 480 train_loss: 0.003470 val_loss: 0.797315 val_acc: 0.542857 test_loss: 0.595236 test_acc: 0.685714
Epoch: 490 train_loss: 0.003251 val_loss: 0.828376 val_acc: 0.514286 test_loss: 0.592366 test_acc: 0.657143
Epoch: 500 train_loss: 0.003424 val_loss: 0.800919 val_acc: 0.514286 test_loss: 0.583025 test_acc: 0.685714
Epoch: 510 train_loss: 0.003264 val_loss: 0.792200 val_acc: 0.542857 test_loss: 0.600768 test_acc: 0.685714
Epoch: 520 train_loss: 0.003372 val_loss: 0.792755 val_acc: 0.542857 test_loss: 0.601384 test_acc: 0.685714
Epoch: 530 train_loss: 0.003132 val_loss: 0.835375 val_acc: 0.514286 test_loss: 0.574951 test_acc: 0.714286
Epoch: 540 train_loss: 0.003353 val_loss: 0.855604 val_acc: 0.514286 test_loss: 0.596743 test_acc: 0.714286
Epoch: 550 train_loss: 0.003362 val_loss: 0.849985 val_acc: 0.514286 test_loss: 0.580876 test_acc: 0.714286
Epoch: 560 train_loss: 0.003316 val_loss: 0.842502 val_acc: 0.514286 test_loss: 0.589226 test_acc: 0.685714
Epoch: 570 train_loss: 0.003088 val_loss: 0.844276 val_acc: 0.514286 test_loss: 0.605929 test_acc: 0.685714
Epoch: 580 train_loss: 0.003176 val_loss: 0.830383 val_acc: 0.514286 test_loss: 0.596611 test_acc: 0.657143
Epoch: 590 train_loss: 0.003240 val_loss: 0.838957 val_acc: 0.514286 test_loss: 0.590244 test_acc: 0.714286
Epoch: 600 train_loss: 0.003377 val_loss: 0.835206 val_acc: 0.514286 test_loss: 0.578186 test_acc: 0.714286
Epoch: 610 train_loss: 0.003232 val_loss: 0.832731 val_acc: 0.514286 test_loss: 0.592436 test_acc: 0.714286
Epoch: 620 train_loss: 0.003155 val_loss: 0.816115 val_acc: 0.514286 test_loss: 0.589429 test_acc: 0.685714
Epoch: 630 train_loss: 0.003123 val_loss: 0.828241 val_acc: 0.514286 test_loss: 0.597442 test_acc: 0.685714
Epoch: 640 train_loss: 0.003372 val_loss: 0.816328 val_acc: 0.542857 test_loss: 0.599064 test_acc: 0.685714
Epoch: 650 train_loss: 0.003546 val_loss: 0.834585 val_acc: 0.514286 test_loss: 0.583981 test_acc: 0.714286
Epoch: 660 train_loss: 0.003149 val_loss: 0.830466 val_acc: 0.514286 test_loss: 0.586791 test_acc: 0.742857
Epoch: 670 train_loss: 0.003102 val_loss: 0.827231 val_acc: 0.514286 test_loss: 0.601663 test_acc: 0.657143
Epoch: 680 train_loss: 0.003118 val_loss: 0.834692 val_acc: 0.514286 test_loss: 0.598519 test_acc: 0.685714
Epoch: 690 train_loss: 0.003152 val_loss: 0.846324 val_acc: 0.514286 test_loss: 0.586085 test_acc: 0.657143
Epoch: 700 train_loss: 0.003290 val_loss: 0.833850 val_acc: 0.514286 test_loss: 0.590379 test_acc: 0.685714
Epoch: 710 train_loss: 0.003276 val_loss: 0.822737 val_acc: 0.514286 test_loss: 0.606513 test_acc: 0.685714
Epoch: 720 train_loss: 0.003069 val_loss: 0.828441 val_acc: 0.514286 test_loss: 0.596225 test_acc: 0.685714
Epoch: 730 train_loss: 0.003418 val_loss: 0.819611 val_acc: 0.514286 test_loss: 0.592345 test_acc: 0.685714
Epoch: 740 train_loss: 0.003094 val_loss: 0.823398 val_acc: 0.485714 test_loss: 0.605801 test_acc: 0.714286
Epoch: 750 train_loss: 0.003184 val_loss: 0.817773 val_acc: 0.485714 test_loss: 0.603485 test_acc: 0.685714
Epoch: 760 train_loss: 0.003123 val_loss: 0.817790 val_acc: 0.514286 test_loss: 0.607984 test_acc: 0.685714
Epoch: 770 train_loss: 0.003112 val_loss: 0.828505 val_acc: 0.514286 test_loss: 0.583767 test_acc: 0.685714
Epoch: 780 train_loss: 0.003284 val_loss: 0.837170 val_acc: 0.514286 test_loss: 0.601870 test_acc: 0.685714
Epoch: 790 train_loss: 0.003177 val_loss: 0.822632 val_acc: 0.485714 test_loss: 0.598778 test_acc: 0.714286
------------- 8 val_acc: 0.6857 test_acc: 0.6000 best_test: 0.7429 -----------------
Fold: 9
Epoch: 000 train_loss: 0.007021 val_loss: 0.519735 val_acc: 0.400000 test_loss: 0.497117 test_acc: 0.542857
Epoch: 010 train_loss: 0.004908 val_loss: 0.476686 val_acc: 0.628571 test_loss: 0.523726 test_acc: 0.485714
Epoch: 020 train_loss: 0.004712 val_loss: 0.471584 val_acc: 0.600000 test_loss: 0.524280 test_acc: 0.485714
Epoch: 030 train_loss: 0.004734 val_loss: 0.466524 val_acc: 0.600000 test_loss: 0.534347 test_acc: 0.485714
Epoch: 040 train_loss: 0.004587 val_loss: 0.468614 val_acc: 0.600000 test_loss: 0.541818 test_acc: 0.485714
Epoch: 050 train_loss: 0.004460 val_loss: 0.457090 val_acc: 0.600000 test_loss: 0.531205 test_acc: 0.485714
Epoch: 060 train_loss: 0.004600 val_loss: 0.451371 val_acc: 0.600000 test_loss: 0.533894 test_acc: 0.485714
Epoch: 070 train_loss: 0.004736 val_loss: 0.454828 val_acc: 0.600000 test_loss: 0.531086 test_acc: 0.485714
Epoch: 080 train_loss: 0.004369 val_loss: 0.443967 val_acc: 0.600000 test_loss: 0.539757 test_acc: 0.485714
Epoch: 090 train_loss: 0.004469 val_loss: 0.444113 val_acc: 0.628571 test_loss: 0.561868 test_acc: 0.485714
Epoch: 100 train_loss: 0.004241 val_loss: 0.434604 val_acc: 0.628571 test_loss: 0.593512 test_acc: 0.485714
Epoch: 110 train_loss: 0.004455 val_loss: 0.438226 val_acc: 0.600000 test_loss: 0.617430 test_acc: 0.485714
Epoch: 120 train_loss: 0.004245 val_loss: 0.438666 val_acc: 0.628571 test_loss: 0.620627 test_acc: 0.457143
Epoch: 130 train_loss: 0.004434 val_loss: 0.434578 val_acc: 0.628571 test_loss: 0.571427 test_acc: 0.514286
Epoch: 140 train_loss: 0.004468 val_loss: 0.434744 val_acc: 0.628571 test_loss: 0.605626 test_acc: 0.514286
Epoch: 150 train_loss: 0.004318 val_loss: 0.438028 val_acc: 0.628571 test_loss: 0.644446 test_acc: 0.485714
Epoch: 160 train_loss: 0.004157 val_loss: 0.453035 val_acc: 0.657143 test_loss: 0.603188 test_acc: 0.542857
Epoch: 170 train_loss: 0.004286 val_loss: 0.423118 val_acc: 0.685714 test_loss: 0.617738 test_acc: 0.514286
Epoch: 180 train_loss: 0.004102 val_loss: 0.465676 val_acc: 0.628571 test_loss: 0.635607 test_acc: 0.514286
Epoch: 190 train_loss: 0.004139 val_loss: 0.455506 val_acc: 0.600000 test_loss: 0.638581 test_acc: 0.485714
Epoch: 200 train_loss: 0.004217 val_loss: 0.435389 val_acc: 0.628571 test_loss: 0.668387 test_acc: 0.485714
Epoch: 210 train_loss: 0.004020 val_loss: 0.454513 val_acc: 0.628571 test_loss: 0.681663 test_acc: 0.514286
Epoch: 220 train_loss: 0.003973 val_loss: 0.437318 val_acc: 0.714286 test_loss: 0.637215 test_acc: 0.571429
Epoch: 230 train_loss: 0.003851 val_loss: 0.417917 val_acc: 0.685714 test_loss: 0.681394 test_acc: 0.571429
Epoch: 240 train_loss: 0.004030 val_loss: 0.438496 val_acc: 0.657143 test_loss: 0.682408 test_acc: 0.571429
Epoch: 250 train_loss: 0.004079 val_loss: 0.431817 val_acc: 0.742857 test_loss: 0.656160 test_acc: 0.600000
Epoch: 260 train_loss: 0.003910 val_loss: 0.434483 val_acc: 0.657143 test_loss: 0.682370 test_acc: 0.571429
Epoch: 270 train_loss: 0.004146 val_loss: 0.451295 val_acc: 0.628571 test_loss: 0.693850 test_acc: 0.514286
Epoch: 280 train_loss: 0.004008 val_loss: 0.416407 val_acc: 0.742857 test_loss: 0.690194 test_acc: 0.571429
Epoch: 290 train_loss: 0.003886 val_loss: 0.412901 val_acc: 0.771429 test_loss: 0.677466 test_acc: 0.571429
Epoch: 300 train_loss: 0.003785 val_loss: 0.415863 val_acc: 0.742857 test_loss: 0.686151 test_acc: 0.628571
Epoch: 310 train_loss: 0.003853 val_loss: 0.415957 val_acc: 0.714286 test_loss: 0.676166 test_acc: 0.571429
Epoch: 320 train_loss: 0.003913 val_loss: 0.452088 val_acc: 0.628571 test_loss: 0.706809 test_acc: 0.600000
Epoch: 330 train_loss: 0.003843 val_loss: 0.446950 val_acc: 0.628571 test_loss: 0.718503 test_acc: 0.628571
Epoch: 340 train_loss: 0.003836 val_loss: 0.416221 val_acc: 0.714286 test_loss: 0.708091 test_acc: 0.571429
Epoch: 350 train_loss: 0.004153 val_loss: 0.441479 val_acc: 0.600000 test_loss: 0.721717 test_acc: 0.600000
Epoch: 360 train_loss: 0.003737 val_loss: 0.417149 val_acc: 0.714286 test_loss: 0.710754 test_acc: 0.571429
Epoch: 370 train_loss: 0.004143 val_loss: 0.431212 val_acc: 0.714286 test_loss: 0.706448 test_acc: 0.571429
Epoch: 380 train_loss: 0.003990 val_loss: 0.420519 val_acc: 0.742857 test_loss: 0.716048 test_acc: 0.571429
Epoch: 390 train_loss: 0.003843 val_loss: 0.414220 val_acc: 0.714286 test_loss: 0.686795 test_acc: 0.542857
Epoch: 400 train_loss: 0.003891 val_loss: 0.419577 val_acc: 0.685714 test_loss: 0.701410 test_acc: 0.571429
Epoch: 410 train_loss: 0.003922 val_loss: 0.419418 val_acc: 0.742857 test_loss: 0.715772 test_acc: 0.542857
Epoch: 420 train_loss: 0.003842 val_loss: 0.416522 val_acc: 0.714286 test_loss: 0.694022 test_acc: 0.542857
Epoch: 430 train_loss: 0.003997 val_loss: 0.405973 val_acc: 0.742857 test_loss: 0.709402 test_acc: 0.571429
Epoch: 440 train_loss: 0.003716 val_loss: 0.418309 val_acc: 0.771429 test_loss: 0.715072 test_acc: 0.600000
Epoch: 450 train_loss: 0.003842 val_loss: 0.409741 val_acc: 0.742857 test_loss: 0.708409 test_acc: 0.600000
Epoch: 460 train_loss: 0.003592 val_loss: 0.413345 val_acc: 0.714286 test_loss: 0.710992 test_acc: 0.571429
Epoch: 470 train_loss: 0.003985 val_loss: 0.417588 val_acc: 0.742857 test_loss: 0.700051 test_acc: 0.571429
Epoch: 480 train_loss: 0.003904 val_loss: 0.421287 val_acc: 0.742857 test_loss: 0.728917 test_acc: 0.571429
Epoch: 490 train_loss: 0.003624 val_loss: 0.421387 val_acc: 0.742857 test_loss: 0.718421 test_acc: 0.542857
Epoch: 500 train_loss: 0.004019 val_loss: 0.419219 val_acc: 0.742857 test_loss: 0.721226 test_acc: 0.542857
Epoch: 510 train_loss: 0.003821 val_loss: 0.422688 val_acc: 0.742857 test_loss: 0.709633 test_acc: 0.542857
Epoch: 520 train_loss: 0.003929 val_loss: 0.423731 val_acc: 0.714286 test_loss: 0.714847 test_acc: 0.600000
Epoch: 530 train_loss: 0.003609 val_loss: 0.421232 val_acc: 0.714286 test_loss: 0.727175 test_acc: 0.542857
Epoch: 540 train_loss: 0.004034 val_loss: 0.418811 val_acc: 0.714286 test_loss: 0.721784 test_acc: 0.542857
Epoch: 550 train_loss: 0.004013 val_loss: 0.422278 val_acc: 0.714286 test_loss: 0.727882 test_acc: 0.542857
Epoch: 560 train_loss: 0.003737 val_loss: 0.421468 val_acc: 0.714286 test_loss: 0.717633 test_acc: 0.571429
Epoch: 570 train_loss: 0.003837 val_loss: 0.418672 val_acc: 0.714286 test_loss: 0.718889 test_acc: 0.542857
Epoch: 580 train_loss: 0.003782 val_loss: 0.420324 val_acc: 0.714286 test_loss: 0.724428 test_acc: 0.542857
Epoch: 590 train_loss: 0.003548 val_loss: 0.422080 val_acc: 0.742857 test_loss: 0.738888 test_acc: 0.542857
Epoch: 600 train_loss: 0.003639 val_loss: 0.421629 val_acc: 0.742857 test_loss: 0.714035 test_acc: 0.542857
Epoch: 610 train_loss: 0.003697 val_loss: 0.422718 val_acc: 0.714286 test_loss: 0.722934 test_acc: 0.542857
Epoch: 620 train_loss: 0.004049 val_loss: 0.418778 val_acc: 0.742857 test_loss: 0.727774 test_acc: 0.542857
Epoch: 630 train_loss: 0.003761 val_loss: 0.419828 val_acc: 0.714286 test_loss: 0.709489 test_acc: 0.571429
Epoch: 640 train_loss: 0.003733 val_loss: 0.424049 val_acc: 0.714286 test_loss: 0.722965 test_acc: 0.542857
Epoch: 650 train_loss: 0.003780 val_loss: 0.423676 val_acc: 0.714286 test_loss: 0.723068 test_acc: 0.542857
Epoch: 660 train_loss: 0.003517 val_loss: 0.426140 val_acc: 0.714286 test_loss: 0.728586 test_acc: 0.542857
Epoch: 670 train_loss: 0.003638 val_loss: 0.419623 val_acc: 0.714286 test_loss: 0.719412 test_acc: 0.571429
Epoch: 680 train_loss: 0.003835 val_loss: 0.421264 val_acc: 0.714286 test_loss: 0.724643 test_acc: 0.542857
Epoch: 690 train_loss: 0.003694 val_loss: 0.420606 val_acc: 0.714286 test_loss: 0.718987 test_acc: 0.571429
Epoch: 700 train_loss: 0.003633 val_loss: 0.421903 val_acc: 0.714286 test_loss: 0.731843 test_acc: 0.542857
Epoch: 710 train_loss: 0.003593 val_loss: 0.422592 val_acc: 0.714286 test_loss: 0.723755 test_acc: 0.542857
Epoch: 720 train_loss: 0.003902 val_loss: 0.421103 val_acc: 0.714286 test_loss: 0.727379 test_acc: 0.542857
Epoch: 730 train_loss: 0.003667 val_loss: 0.425659 val_acc: 0.714286 test_loss: 0.725317 test_acc: 0.542857
Epoch: 740 train_loss: 0.003620 val_loss: 0.424240 val_acc: 0.714286 test_loss: 0.730239 test_acc: 0.542857
Epoch: 750 train_loss: 0.003672 val_loss: 0.421924 val_acc: 0.714286 test_loss: 0.720635 test_acc: 0.571429
Epoch: 760 train_loss: 0.003819 val_loss: 0.423110 val_acc: 0.742857 test_loss: 0.724823 test_acc: 0.542857
Epoch: 770 train_loss: 0.003839 val_loss: 0.423209 val_acc: 0.714286 test_loss: 0.722086 test_acc: 0.571429
Epoch: 780 train_loss: 0.003584 val_loss: 0.422734 val_acc: 0.714286 test_loss: 0.719523 test_acc: 0.542857
Epoch: 790 train_loss: 0.003615 val_loss: 0.420891 val_acc: 0.742857 test_loss: 0.716797 test_acc: 0.542857
------------- 9 val_acc: 0.7714 test_acc: 0.5714 best_test: 0.6286 -----------------
[0.5555555555555556, 0.6857142857142857, 0.6857142857142857, 0.7428571428571429, 0.6857142857142857, 0.6857142857142857, 0.7142857142857143, 0.6571428571428571, 0.6, 0.5714285714285714]
[0.7777777777777778, 0.7428571428571429, 0.7714285714285715, 0.7428571428571429, 0.8285714285714286, 0.7714285714285715, 0.8285714285714286, 0.6571428571428571, 0.7428571428571429, 0.6285714285714286]
[10 Fold results] data_val:76.91  5.22 data_test:65.84  5.90 best_test:74.92  6.13
